-3.83155e-05 31.8414 5.0001
-4.11186e-05 60.7428 5.00037
-2.92333e-05 64.108 5.00041
-1.91233e-05 80.3321 5.00065
5.58451e-06 103.852 5.00108
1.64908e-05 116.093 5.00135
-1.51653e-05 125.478 5.00158
-1.04533e-05 146.353 5.00214
-2.43567e-05 156.524 5.00245
8.53363e-06 179.183 5.00321
6.98373e-06 214.588 5.00461
5.05274e-06 245.699 5.00604
-5.4986e-06 250.745 5.00629
-4.17227e-05 266.081 5.00708
1.95663e-05 285.714 5.00816
5.56636e-06 333.572 5.01113
1.43721e-05 347.985 5.01211
-2.68328e-05 364.486 5.01329
-1.40223e-05 380.008 5.01444
-7.44396e-06 445.777 5.01987
-2.10491e-05 449.711 5.02022
-1.27183e-05 484.091 5.02344
-1.53186e-05 498.428 5.02484
2.45e-06 529.528 5.02804
1.80601e-05 543.448 5.02953
-2.6457e-05 615.213 5.03785
-1.03068e-06 631.873 5.03993
-1.6028e-05 639.452 5.04089
-7.65423e-06 641.13 5.04111
1.56686e-05 720.839 5.05196
9.22697e-06 747.822 5.05592
1.087e-05 757.605 5.0574
-1.22602e-05 766.095 5.05869
-1.44128e-05 831.438 5.06913
-2.97098e-06 868.374 5.07541
2.03816e-06 893.297 5.0798
7.75938e-06 896.553 5.08038
1.22175e-05 967.931 5.09369
-6.11096e-06 995.761 5.09915
-5.88004e-06 1020.78 5.1042
1.30803e-06 1027.03 5.10548
6.55468e-06 1095.42 5.11999
5.74549e-06 1118.32 5.12506
-4.8942e-06 1145.14 5.13114
7.19586e-06 1161.61 5.13493
-8.3997e-06 1243.08 5.15452
-2.47348e-06 1257.88 5.15823
-2.78291e-06 1273.98 5.1623
4.43703e-06 1298.29 5.16856
-3.59526e-06 1324.09 5.17532
4.37368e-06 1415.92 5.20048
3.46249e-07 1420.06 5.20166
1.5877e-06 1434.86 5.20588
3.66231e-06 1518.5 5.23058
1.47154e-06 1570.54 5.24666
-3.42499e-06 1571.97 5.24711
1.35441e-07 1572.74 5.24735
-3.09561e-06 1711.24 5.29283
-3.36735e-06 1712.68 5.29333
-5.86022e-08 1720.18 5.2959
1.8427e-06 1731.96 5.29997
1.07072e-08 1845.03 5.34041
-7.81923e-06 1852.15 5.34305
-4.22032e-06 1892.28 5.35807
1.23658e-06 1897.39 5.36001
-2.52567e-06 1970.28 5.3882
1.11166e-05 1986.89 5.39477
-4.99372e-06 2054.02 5.4219
2.19198e-06 2066.78 5.42716
1.21216e-05 2122.11 5.45033
4.77057e-06 2153.31 5.46368
-8.76815e-06 2220.8 5.4932
-6.93899e-07 2233.03 5.49864
1.26165e-05 2255.15 5.50857
-9.15818e-06 2279.25 5.5195
-9.29878e-06 2372 5.56264
-5.21785e-06 2381.85 5.56732
1.89199e-05 2385.06 5.56885
2.2128e-06 2443.51 5.59708
1.05111e-05 2483.4 5.61673
-9.43914e-06 2484.1 5.61708
2.18293e-05 2504.92 5.62746
-1.86786e-06 2592.95 5.67234
2.23167e-05 2620.81 5.68686
2.29741e-05 2718.27 5.7389
-6.46438e-06 2770.83 5.76775
2.38202e-05 2796.78 5.7822
7.19222e-07 2817.13 5.79362
4.55944e-07 2820.96 5.79578
-4.1366e-07 2834.54 5.80346
1.55585e-06 2835.44 5.80397
-2.74889e-07 2853.18 5.81406
5.34667e-06 2856.38 5.81589
-1.67245e-05 2857.74 5.81667
-1.53617e-06 2884.41 5.83198
4.61658e-06 2888.01 5.83406
5.68958e-06 2892.07 5.83641
6.8669e-06 2926.33 5.85634
-4.09816e-06 2927.16 5.85683
-1.36479e-06 2928.95 5.85788
-9.17867e-05 2967.31 5.88049
9.78911e-06 2972.97 5.88386
9.19002e-07 2978.65 5.88723
-5.20066e-07 3034.06 5.92055
-7.39087e-06 3036.69 5.92215
-5.10294e-06 3077.38 5.94703
-7.70662e-07 3098.68 5.96018
8.378e-06 3100.87 5.96154
8.35466e-06 3169.52 6.00459
4.5901e-06 3172.07 6.00621
-4.11187e-06 3215.58 6.034
-9.24525e-06 3240.61 6.05016
-4.3193e-06 3244.79 6.05286
3.49159e-06 3321.48 6.10322
-2.85697e-06 3325.47 6.10587
9.99057e-06 3326.01 6.10624
2.64125e-06 3354.43 6.12522
3.82039e-06 3356.59 6.12667
-5.41802e-06 3427.72 6.17493
-6.95936e-06 3430.28 6.17669
7.97769e-06 3473.91 6.2068
-2.9201e-06 3474.76 6.2074
1.89042e-06 3561.52 6.26844
5.77354e-06 3562.03 6.26881
6.23643e-06 3593.69 6.29146
-8.39428e-06 3594.34 6.29193
3.87572e-06 3710.63 6.37688
-9.25636e-06 3710.72 6.37694
-2.00312e-06 3719.95 6.3838
4.21128e-06 3720.69 6.38436
-4.6871e-05 3747.22 6.40416
2.17319e-07 3810.42 6.45193
7.97118e-06 3833.78 6.46979
-7.03179e-06 3834.29 6.47018
8.04211e-07 3874.11 6.50088
-6.91036e-06 3874.72 6.50135
2.75822e-05 3921.8 6.53806
1.89228e-07 3924.08 6.53984
2.28291e-05 3926.02 6.54136
3.96065e-07 3928.04 6.54295
-2.31046e-05 3932.88 6.54675
-2.19467e-06 3936.76 6.54981
1.33937e-05 3941.14 6.55326
-1.27039e-05 3945.1 6.55638
1.31951e-05 3951.24 6.56123
-7.97333e-06 3961.08 6.56902
3.04014e-06 3961.47 6.56932
2.06247e-05 3964.53 6.57175
-6.38806e-05 3971.69 6.57743
-3.86878e-06 3979.3 6.58348
-9.29369e-06 3980.42 6.58438
1.53932e-05 3984.01 6.58724
2.08308e-05 3984.25 6.58743
1.23157e-05 3987.25 6.58982
1.52451e-05 3992.61 6.5941
-2.22592e-05 3998.32 6.59865
1.6588e-05 4005.1 6.60409
2.72761e-06 4006.21 6.60497
1.54587e-05 4006.42 6.60514
-1.92263e-05 4007.62 6.6061
-1.49905e-05 4014.33 6.61148
1.86293e-05 4022.2 6.61781
1.75784e-05 4033.85 6.6272
2.20127e-05 4035.64 6.62864
-1.88763e-05 4044.95 6.63616
1.93636e-05 4056.73 6.64571
2.59491e-05 4060.91 6.6491
2.38974e-05 4066.41 6.65357
1.68213e-05 4069.34 6.65595
-5.57846e-06 4082.06 6.66632
-8.16703e-06 4082.19 6.66643
1.70865e-05 4082.43 6.66662
-1.3576e-05 4094.93 6.67684
-2.55537e-05 4099.02 6.6802
9.74081e-06 4099.46 6.68056
1.92409e-06 4105.95 6.68588
1.15025e-05 4106.37 6.68623
1.59932e-05 4109.45 6.68876
8.70442e-07 4116.3 6.69439
-1.3826e-05 4122.3 6.69933
2.39591e-05 4134.67 6.70955
-1.18782e-05 4135.37 6.71013
6.32627e-06 4139.01 6.71314
1.28122e-05 4147.32 6.72003
-9.30554e-06 4151.25 6.72329
1.01659e-05 4151.54 6.72353
-1.12379e-05 4157.97 6.72887
9.16231e-06 4167.12 6.73649
-1.33683e-05 4171.43 6.74009
-1.78791e-05 4173.23 6.74159
-6.96774e-06 4173.93 6.74217
-3.4035e-06 4178.21 6.74575
2.09171e-05 4209.75 6.7722
-1.76458e-05 4210.08 6.77248
4.71584e-05 4210.14 6.77253
-8.16438e-06 4214.77 6.77643
1.91358e-05 4248.6 6.80506
-8.93064e-06 4260.11 6.81485
3.55011e-05 4260.18 6.81492
-5.83357e-06 4263.25 6.81753
-5.62569e-09 4272.29 6.82524
-1.90748e-05 4286.26 6.83721
4.0212e-06 4310.35 6.85791
1.85947e-05 4327.19 6.87246
-1.20001e-05 4341.86 6.88517
1.13741e-05 4342.42 6.88566
8.36033e-06 4364.02 6.90447
-1.51929e-06 4376.44 6.91532
-1.71859e-05 4384.82 6.92267
-1.70001e-05 4448.44 6.97886
-1.33422e-05 4481.3 7.0082
1.83385e-06 4504.61 7.02916
-1.40199e-06 4504.62 7.02916
1.25628e-05 4509.47 7.03353
-1.06179e-06 4509.64 7.03369
-1.82176e-05 4516.65 7.04001
-9.12483e-06 4519.15 7.04227
1.56486e-05 4519.19 7.04231
1.4517e-05 4533.14 7.05493
1.78972e-05 4533.25 7.05504
-2.1982e-05 4552.56 7.07258
1.37205e-05 4552.6 7.07262
-1.29667e-05 4574.17 7.0923
2.12325e-05 4574.27 7.09239
4.5604e-06 4579.41 7.0971
7.8529e-06 4579.53 7.09721
-1.92987e-05 4588.15 7.10511
1.10819e-05 4590.61 7.10738
-3.46334e-06 4590.81 7.10756
4.61277e-06 4604.95 7.12056
-2.71367e-05 4605.15 7.12074
1.21892e-05 4619.65 7.13411
-1.94718e-05 4637.99 7.15109
2.15781e-05 4638.11 7.15121
-1.22082e-06 4650.54 7.16275
-2.67107e-06 4650.6 7.16281
-2.12712e-05 4661.65 7.1731
-2.16391e-05 4665.6 7.17679
-7.35589e-07 4665.72 7.17689
-1.47012e-05 4679.85 7.1901
1.81548e-05 4679.88 7.19013
-2.62585e-05 4708.98 7.21745
-3.45941e-06 4709.18 7.21764
-4.72688e-06 4724.98 7.23255
1.41095e-05 4725.07 7.23263
2.31568e-05 4736.26 7.24321
2.09896e-05 4744.29 7.25083
1.0489e-05 4744.63 7.25115
-1.13892e-05 4749.82 7.25608
-1.51435e-05 4752.2 7.25834
1.37013e-05 4752.24 7.25838
-9.2037e-06 4780.11 7.28495
-2.81002e-05 4780.12 7.28496
1.15087e-06 4782.01 7.28676
-8.62065e-07 4782.18 7.28693
6.16813e-06 4804.04 7.30788
-1.67834e-05 4804.18 7.30802
-1.95056e-05 4807.9 7.31159
1.48818e-05 4807.92 7.31162
2.43092e-05 4811.09 7.31466
2.46537e-06 4815.13 7.31855
9.91918e-07 4815.27 7.31868
3.46637e-05 4823.97 7.32707
1.75059e-05 4824.01 7.32711
8.22235e-06 4868.55 7.37028
2.44785e-05 4885.25 7.38657
1.19307e-06 4899.07 7.40009
1.00765e-07 4899.08 7.4001
-9.98339e-05 4913.69 7.41443
4.17738e-05 4913.76 7.4145
2.40957e-05 4958.05 7.45823
-5.44524e-06 4972.15 7.47223
2.27676e-05 5028.49 7.52857
2.38581e-06 5057.27 7.5576
-2.04462e-05 5095.58 7.59649
-1.00814e-06 5123.13 7.62465
-1.75132e-05 5158.09 7.66059
-4.33525e-06 5170.58 7.67349
-7.67649e-06 5202.93 7.70704
1.44067e-05 5214.71 7.71932
-9.92283e-06 5223.95 7.72896
1.07786e-05 5237.16 7.74278
1.00883e-05 5245.37 7.75139
-8.5126e-06 5250.54 7.75682
-6.64971e-06 5253.85 7.76029
5.65687e-06 5256.3 7.76287
-4.73228e-06 5258.33 7.765
-4.11522e-06 5260.21 7.76699
-3.46043e-06 5262.13 7.769
2.20183e-06 5263.81 7.77077
1.14708e-05 5264.18 7.77116
-1.87009e-06 5265.24 7.77228
9.41899e-07 5266.12 7.7732
8.57787e-06 5305.38 7.81471
-5.99574e-06 5337.72 7.84912
-7.75834e-08 5354.27 7.86682
3.84607e-06 5360.88 7.87391
-1.87111e-06 5374.83 7.88888
-9.79525e-05 5390.56 7.90582
1.20761e-08 5420.29 7.93795
-4.74453e-05 5589.08 8.12378
2.85633e-08 5911.42 8.49449
-2.4946e-09 5911.43 8.4945
4.3463e-06 5917.21 8.50134
-0.000177444 5917.21 8.50134
3.47231e-07 6112.79 8.73662
6.57236e-07 6118.87 8.74406
-9.59864e-07 6130.95 8.75886
-1.16123e-06 6151.66 8.7843
1.26556e-06 6184.18 8.82441
-1.2639e-06 6231.38 8.88301
1.25473e-06 6294.6 8.96221
9.38337e-07 6310.71 8.98251
1.88996e-07 6310.71 8.98251
1.22294e-06 6325.5 9.0012
-6.88273e-07 6325.5 9.0012
2.28385e-07 6347.74 9.02938
1.30133e-06 6347.74 9.02939
-1.30976e-06 6372.41 9.06076
-1.76037e-06 6376.55 9.06605
7.24e-07 6376.56 9.06605
-1.86041e-06 6413.89 9.1138
-3.59659e-06 6413.89 9.1138
-1.56403e-06 6460.07 9.17325
6.63652e-06 6464.43 9.17888
-2.89311e-06 6464.43 9.17889
-8.0131e-06 6533.81 9.26907
-7.52297e-06 6533.81 9.26907
2.14722e-06 6550.23 9.29055
-1.13742e-05 6626.06 9.39046
9.75641e-06 6626.06 9.39047
-3.2707e-06 6633.77 9.40069
-5.16919e-06 6697.03 9.48503
1.62028e-06 6705.12 9.49587
1.52465e-07 6721.09 9.51731
-4.44404e-06 6727.03 9.52529
1.75824e-05 6741.4 9.54465
6.95447e-06 6741.4 9.54465
-3.11087e-06 6756.11 9.56451
3.59017e-06 6759.21 9.5687
-1.15601e-06 6792.96 9.61443
-3.54582e-06 6795.55 9.61795
-2.40997e-06 6826.85 9.66059
1.05853e-06 6827.2 9.66107
1.29447e-06 6849.28 9.69127
4.89101e-07 6849.67 9.69181
-2.25137e-05 6875.44 9.72717
-1.36527e-06 6875.44 9.72718
9.53775e-06 7020.17 9.92827
-2.40214e-05 7020.17 9.92828
2.55191e-05 7165.95 10.1351
-1.29958e-05 7165.95 10.1351
-9.37169e-10 7269.06 10.2839
-2.85786e-05 7303.57 10.3342
1.14649e-05 7303.57 10.3342
-2.60138e-05 7402.62 10.4799
1.76019e-05 7425.86 10.5143
2.69453e-05 7425.86 10.5143
2.76303e-05 7528.75 10.6682
-1.75734e-05 7528.75 10.6682
1.54846e-07 7606.31 10.7856
3.1428e-07 7608.46 10.7889
1.01264e-05 7611.48 10.7935
-3.09296e-05 7611.48 10.7935
4.73801e-07 7612.08 10.7944
6.33886e-07 7617.21 10.8022
-7.9983e-07 7623.92 10.8124
-9.64954e-07 7632.3 10.8252
-1.13769e-06 7642.44 10.8407
-1.30917e-06 7654.48 10.8591
-1.48557e-06 7668.55 10.8807
-1.09288e-05 7675.8 10.8918
-2.97751e-05 7675.8 10.8918
1.66467e-06 7684.8 10.9056
1.84241e-06 7703.41 10.9343
2.01105e-06 7724.53 10.9668
-1.13097e-05 7724.66 10.967
-2.82172e-05 7724.66 10.967
2.17836e-06 7748.31 11.0036
-9.73436e-06 7761.13 11.0235
-2.69259e-05 7761.13 11.0235
-2.32976e-06 7774.87 11.0449
-9.30986e-06 7787.88 11.0651
-2.46033e-05 7787.88 11.0651
2.45769e-06 7804.26 11.0907
-7.7862e-06 7806.96 11.0949
-2.17086e-05 7806.96 11.0949
5.91548e-06 7819.82 11.115
1.71648e-05 7819.82 11.115
-3.69127e-06 7827.33 11.1267
9.82813e-06 7827.33 11.1267
2.54983e-06 7836.42 11.141
2.9708e-05 7849.16 11.1609
8.89244e-05 7849.17 11.1609
2.59156e-06 7871.12 11.1955
2.57213e-06 7907.86 11.2534
-2.46713e-06 7945.78 11.3135
2.25747e-06 7983.51 11.3736
-1.78096e-06 7990.77 11.3852
-1.81741e-06 7990.78 11.3853
-3.98896e-06 7996.11 11.3938
-3.93017e-06 7996.12 11.3938
-6.76691e-06 8007.36 11.4118
-6.18185e-06 8007.36 11.4118
-1.9303e-06 8019.08 11.4306
-9.83653e-06 8026.34 11.4422
-8.41257e-06 8026.35 11.4422
-1.4721e-06 8049.83 11.48
1.30688e-05 8053.9 11.4865
-1.03046e-05 8053.9 11.4865
-8.7133e-07 8072.56 11.5166
1.62091e-05 8089.71 11.5443
-1.18564e-05 8089.71 11.5443
7.9831e-08 8090.94 11.5463
1.92022e-05 8132.68 11.6141
1.30081e-05 8132.68 11.6141
2.1857e-05 8181.53 11.6937
1.39831e-05 8181.53 11.6937
5.06492e-06 8190.5 11.7084
2.40658e-05 8235.36 11.7821
1.47721e-05 8235.36 11.7821
1.00253e-05 8239.82 11.7895
2.54106e-05 8294.08 11.8792
-1.54632e-05 8294.08 11.8792
1.47904e-05 8319.2 11.9209
-2.51982e-05 8358.49 11.9864
1.59684e-05 8358.5 11.9864
-1.92961e-05 8424.84 12.0978
2.23945e-05 8430.1 12.1067
-1.6072e-05 8430.1 12.1067
1.52271e-05 8510.25 12.2424
1.48472e-05 8510.25 12.2424
1.16004e-06 8544.89 12.3015
2.35033e-05 8552.22 12.314
-2.38839e-06 8556.37 12.3211
-1.07272e-06 8565.03 12.336
-5.43528e-06 8565.03 12.336
-3.73677e-06 8575.8 12.3544
-5.68284e-06 8577.06 12.3566
-1.40068e-05 8577.06 12.3566
9.8082e-07 8592.61 12.3833
1.47629e-05 8592.61 12.3833
5.23424e-06 8603.42 12.4019
1.33389e-05 8605.55 12.4056
-1.36335e-05 8605.55 12.4056
1.46333e-05 8630.05 12.4478
-3.40805e-05 8630.05 12.4478
-6.87889e-06 8639.29 12.4637
1.19077e-05 8664.71 12.5077
4.17236e-05 8664.71 12.5077
-8.63378e-06 8683.18 12.5398
-2.73976e-05 8696.5 12.5629
7.45958e-06 8702.42 12.5732
-1.16535e-05 8702.42 12.5732
-2.3624e-05 8714.12 12.5936
5.65674e-05 8714.12 12.5936
-1.04643e-05 8734.42 12.629
-7.57366e-06 8734.88 12.6298
7.84486e-11 8740.36 12.6394
-2.11686e-05 8762.37 12.6779
-7.16258e-05 8762.37 12.6779
-1.22922e-05 8792.02 12.73
2.22435e-05 8803.66 12.7505
-4.61601e-06 8803.66 12.7505
-2.92134e-05 8823.46 12.7853
8.06164e-05 8823.46 12.7853
3.09702e-05 8852.94 12.8375
-1.40579e-05 8854.71 12.8406
-1.14528e-05 8872.4 12.872
-6.28495e-05 8872.41 12.872
-5.77513e-05 8915.86 12.9493
-2.57355e-05 8915.86 12.9493
1.56814e-05 8921.03 12.9585
-1.21232e-06 8941.83 12.9956
-4.12221e-05 8941.83 12.9956
-1.71162e-05 8989.48 13.0811
-5.27946e-05 8998.04 13.0965
1.75054e-05 8998.04 13.0965
3.42383e-05 9017.13 13.1309
-7.20485e-06 9031.77 13.1573
-1.10638e-05 9031.77 13.1573
-1.83028e-05 9058.57 13.2058
-3.99872e-05 9073.47 13.2328
1.19373e-05 9073.47 13.2328
-8.08539e-06 9094.52 13.271
1.61953e-06 9125.48 13.3274
1.19946e-05 9125.48 13.3274
-1.91912e-05 9126.92 13.3301
2.99051e-05 9149.55 13.3714
9.17375e-06 9149.55 13.3714
-3.72025e-05 9185.13 13.4367
-1.97377e-05 9193.27 13.4516
2.80111e-06 9210.1 13.4826
-1.03077e-05 9210.11 13.4826
2.19627e-05 9224.78 13.5097
8.46753e-06 9224.78 13.5097
1.99015e-05 9256.51 13.5683
-5.92724e-06 9282.09 13.6157
-6.88466e-06 9282.1 13.6157
-1.46168e-05 9295.97 13.6415
9.52073e-06 9295.98 13.6415
1.96439e-05 9315.66 13.6782
-7.19784e-06 9338.18 13.7202
-2.32959e-06 9338.18 13.7202
-3.98721e-05 9353.5 13.7488
6.88546e-06 9357.06 13.7555
9.13838e-06 9357.06 13.7555
1.8927e-05 9369.9 13.7795
6.67297e-06 9374.46 13.7881
3.51663e-06 9374.47 13.7881
5.1921e-06 9411.01 13.8567
9.95045e-06 9411.01 13.8567
1.77156e-05 9418.51 13.8708
1.59795e-05 9460.87 13.9508
1.55139e-06 9461.67 13.9523
-1.20198e-05 9461.67 13.9523
1.12112e-07 9478.08 13.9834
1.37009e-05 9496.44 14.0182
4.22502e-05 9519.34 14.0618
-1.89638e-07 9519.61 14.0623
-1.86129e-06 9520.94 14.0648
1.22288e-05 9520.94 14.0648
-1.08865e-05 9524.73 14.0721
-1.19767e-07 9531.63 14.0852
7.58363e-06 9545.31 14.1113
2.17359e-07 9549.15 14.1186
3.89835e-06 9557.83 14.1352
-2.7057e-07 9577.47 14.1728
-3.774e-06 9580.9 14.1794
-1.12113e-05 9580.9 14.1794
-1.94067e-07 9585.05 14.1873
2.58304e-07 9615.29 14.2454
4.43245e-06 9637.2 14.2876
-9.74033e-06 9637.2 14.2876
1.64625e-07 9660.88 14.3333
-8.49172e-08 9670.01 14.3509
-4.4338e-05 9680.22 14.3707
-4.31084e-06 9687.31 14.3844
8.11726e-06 9687.31 14.3844
1.59778e-08 9711.88 14.4321
-4.25945e-11 9727.84 14.4631
-3.73727e-06 9729.49 14.4663
-6.45277e-06 9729.49 14.4663
-4.79071e-06 9762.68 14.531
-2.91898e-06 9762.68 14.531
2.12965e-07 9764.29 14.5341
1.73817e-07 9770.05 14.5454
4.29231e-07 9779.34 14.5636
1.83584e-07 9779.59 14.564
-3.15411e-06 9786.35 14.5773
-1.98449e-06 9786.35 14.5773
-1.5626e-06 9800.44 14.6049
-9.96303e-07 9800.44 14.6049
1.23677e-07 9803.85 14.6116
7.33584e-07 9810.98 14.6255
6.7628e-07 9819.92 14.6431
-4.61344e-05 9834.15 14.6711
-1.40009e-07 9837.14 14.6769
1.55288e-06 9852.82 14.7078
-6.06671e-07 9881.12 14.7636
-2.41618e-06 9889.4 14.78
-0.000206683 9917.42 14.8355
2.5821e-06 9936.68 14.8738
4.76419e-05 9979.51 14.9591
2.04847e-06 9986.92 14.9739
-1.22455e-06 9999.67 14.9994
-1.25932e-06 10044 15.0882
2.30049e-07 10068.3 15.137
1.61385e-06 10073.7 15.148
-1.2425e-06 10103.7 15.2085
4.88565e-05 10115 15.2314
2.02412e-06 10122.7 15.2469
-5.5679e-07 10125.5 15.2526
-1.02288e-10 10134.1 15.27
-8.93585e-12 10134.1 15.27
-3.23125e-06 10136.8 15.2754
7.5767e-07 10160.8 15.3242
-1.61946e-06 10197.2 15.3983
-1.11503e-05 10200.2 15.4044
-2.99164e-05 10200.2 15.4044
3.89285e-06 10203.1 15.4103
4.93522e-07 10223 15.4509
-4.97836e-05 10239.7 15.4851
2.99032e-06 10247.7 15.5015
4.70411e-06 10260.4 15.5276
-1.78976e-07 10267.4 15.5419
-3.69477e-07 10280.8 15.5696
2.64015e-05 10302.5 15.6142
-3.42987e-05 10302.5 15.6142
-4.76944e-06 10312 15.6338
-2.45466e-06 10319.3 15.6488
1.46518e-06 10326.9 15.6646
-5.04242e-05 10352.7 15.7178
4.08957e-06 10363.1 15.7393
-4.09528e-06 10372.4 15.7586
9.15842e-07 10375.9 15.766
2.42856e-06 10412.6 15.8422
1.07691e-06 10427.8 15.8739
-2.29879e-06 10450.8 15.9219
-5.07702e-05 10453.4 15.9274
1.87261e-06 10476.7 15.9761
1.48265e-06 10486.9 15.9975
5.30339e-06 10494.9 16.0143
1.9903e-06 10502.5 16.0303
-1.39646e-06 10519.1 16.0651
-3.94914e-07 10525.8 16.0793
1.24317e-06 10530.5 16.0891
-8.63059e-07 10532.5 16.0934
-5.07861e-05 10541.4 16.1121
-5.45925e-07 10542.8 16.1151
-8.01925e-07 10558.1 16.1475
-6.57205e-06 10613.8 16.2652
5.03581e-05 10616.2 16.2703
-4.91433e-05 10677.5 16.4009
-5.9086e-05 10723.7 16.4998
4.59747e-05 10724.8 16.5022
7.85202e-06 10727.6 16.5081
-3.58049e-05 10757.1 16.5716
0.00012676 10792.9 16.6488
-5.34133e-07 10811.3 16.6885
9.10274e-06 10835.3 16.7403
-1.02695e-05 10935.9 16.9594
1.1307e-05 11028.7 17.1631
1.21662e-05 11112.9 17.3498
1.27896e-05 11188.2 17.5176
-1.30993e-05 11254.1 17.6654
-1.29724e-05 11310 17.7917
1.21942e-05 11355.8 17.8955
1.03747e-05 11391 17.9755
6.80053e-06 11414.8 18.0298
-5.66329e-07 11434.8 18.0755
6.16943e-05 11492.5 18.2078
1.80441e-07 12032.6 19.4784
1.9268e-07 12032.6 19.4784
3.7377e-07 12034.7 19.4835
4.58902e-07 12034.7 19.4835
-5.52362e-07 12039.6 19.4952
8.29624e-07 12039.6 19.4952
-6.63694e-07 12048.8 19.5174
-1.30432e-06 12048.8 19.5175
6.55166e-07 12064.2 19.5544
1.86564e-06 12064.2 19.5544
4.85871e-07 12087.1 19.6097
-2.4845e-06 12087.1 19.6097
1.3221e-07 12118.7 19.6864
-3.12418e-06 12118.7 19.6864
4.10211e-07 12159.8 19.786
-3.74452e-06 12159.8 19.7861
-1.12776e-06 12210.4 19.9094
4.30617e-06 12210.4 19.9094
-1.99161e-06 12270.3 20.056
4.77378e-06 12270.3 20.056
2.96102e-06 12338.7 20.2243
5.11851e-06 12338.7 20.2243
-3.98659e-06 12414.5 20.412
-5.31955e-06 12414.5 20.412
4.85529e-14 12463.3 20.5335
5.013e-06 12496.3 20.6157
5.36517e-06 12496.3 20.6157
5.98119e-06 12582.4 20.8317
5.25318e-06 12582.4 20.8317
6.82997e-06 12670.9 21.0553
-4.991e-06 12670.9 21.0553
-7.49692e-06 12759.8 21.2812
4.5952e-06 12759.8 21.2812
-7.91876e-06 12846.7 21.5038
4.09038e-06 12846.7 21.5038
-8.0315e-06 12929.3 21.7166
-3.50732e-06 12929.3 21.7166
1.38352e-05 12969.9 21.8218
7.77157e-06 13005 21.9131
2.88039e-06 13005 21.9131
7.08075e-06 13071.5 22.0865
2.24382e-06 13071.5 22.0865
-5.91867e-06 13126.4 22.2303
1.62694e-06 13126.4 22.2304
-4.28673e-06 13167.5 22.3384
1.04838e-06 13167.5 22.3384
-2.25899e-06 13193 22.4055
5.10943e-07 13193 22.4055
8.86791e-05 13658.7 23.6561
7.3611e-06 13658.7 23.6561
2.05095e-12 13682.3 23.7206
7.23538e-13 13682.3 23.7206
