Determining if the pthread_create exist failed with the following output:
Change Dir: /home/jxt/ModalSoundGen/ModalSound/CMakeFiles/CMakeTmp

Run Build Command:"/usr/bin/make" "cmTC_e8e4d/fast"
/usr/bin/make -f CMakeFiles/cmTC_e8e4d.dir/build.make CMakeFiles/cmTC_e8e4d.dir/build
make[1]: Entering directory '/home/jxt/ModalSoundGen/ModalSound/CMakeFiles/CMakeTmp'
Building C object CMakeFiles/cmTC_e8e4d.dir/CheckSymbolExists.c.o
/usr/bin/gcc-6    -o CMakeFiles/cmTC_e8e4d.dir/CheckSymbolExists.c.o   -c /home/jxt/ModalSoundGen/ModalSound/CMakeFiles/CMakeTmp/CheckSymbolExists.c
Linking C executable cmTC_e8e4d
/usr/local/bin/cmake -E cmake_link_script CMakeFiles/cmTC_e8e4d.dir/link.txt --verbose=1
/usr/bin/gcc-6      -rdynamic CMakeFiles/cmTC_e8e4d.dir/CheckSymbolExists.c.o  -o cmTC_e8e4d 
CMakeFiles/cmTC_e8e4d.dir/CheckSymbolExists.c.o: In function `main':
CheckSymbolExists.c:(.text+0x16): undefined reference to `pthread_create'
collect2: error: ld returned 1 exit status
CMakeFiles/cmTC_e8e4d.dir/build.make:97: recipe for target 'cmTC_e8e4d' failed
make[1]: *** [cmTC_e8e4d] Error 1
make[1]: Leaving directory '/home/jxt/ModalSoundGen/ModalSound/CMakeFiles/CMakeTmp'
Makefile:126: recipe for target 'cmTC_e8e4d/fast' failed
make: *** [cmTC_e8e4d/fast] Error 2

File /home/jxt/ModalSoundGen/ModalSound/CMakeFiles/CMakeTmp/CheckSymbolExists.c:
/* */
#include <pthread.h>

int main(int argc, char** argv)
{
  (void)argv;
#ifndef pthread_create
  return ((int*)(&pthread_create))[argc];
#else
  (void)argc;
  return 0;
#endif
}

Determining if the function pthread_create exists in the pthreads failed with the following output:
Change Dir: /home/jxt/ModalSoundGen/ModalSound/CMakeFiles/CMakeTmp

Run Build Command:"/usr/bin/make" "cmTC_6701d/fast"
/usr/bin/make -f CMakeFiles/cmTC_6701d.dir/build.make CMakeFiles/cmTC_6701d.dir/build
make[1]: Entering directory '/home/jxt/ModalSoundGen/ModalSound/CMakeFiles/CMakeTmp'
Building C object CMakeFiles/cmTC_6701d.dir/CheckFunctionExists.c.o
/usr/bin/gcc-6   -DCHECK_FUNCTION_EXISTS=pthread_create   -o CMakeFiles/cmTC_6701d.dir/CheckFunctionExists.c.o   -c /usr/local/share/cmake-3.9/Modules/CheckFunctionExists.c
Linking C executable cmTC_6701d
/usr/local/bin/cmake -E cmake_link_script CMakeFiles/cmTC_6701d.dir/link.txt --verbose=1
/usr/bin/gcc-6  -DCHECK_FUNCTION_EXISTS=pthread_create    -rdynamic CMakeFiles/cmTC_6701d.dir/CheckFunctionExists.c.o  -o cmTC_6701d -lpthreads 
/usr/bin/x86_64-linux-gnu-ld: cannot find -lpthreads
collect2: error: ld returned 1 exit status
CMakeFiles/cmTC_6701d.dir/build.make:97: recipe for target 'cmTC_6701d' failed
make[1]: *** [cmTC_6701d] Error 1
make[1]: Leaving directory '/home/jxt/ModalSoundGen/ModalSound/CMakeFiles/CMakeTmp'
Makefile:126: recipe for target 'cmTC_6701d/fast' failed
make: *** [cmTC_6701d/fast] Error 2


