-3.86959e-05 31.8414 5.0001
-4.19744e-05 60.7428 5.00037
-2.90106e-05 64.108 5.00041
-2.0977e-05 80.3321 5.00065
4.14669e-06 103.852 5.00108
1.15739e-05 116.093 5.00135
-2.71375e-05 125.478 5.00158
-8.79406e-06 146.353 5.00214
-2.37462e-05 156.524 5.00245
9.53404e-06 179.183 5.00321
7.44304e-06 214.588 5.00461
1.18337e-05 245.699 5.00604
5.01794e-06 250.745 5.00629
-4.49441e-05 266.081 5.00708
2.05473e-05 285.714 5.00816
6.55048e-06 333.572 5.01113
1.39073e-05 347.985 5.01211
-2.74082e-05 364.486 5.01329
-2.72377e-05 380.008 5.01444
-4.91583e-06 445.777 5.01987
-2.10132e-05 449.711 5.02022
-2.20465e-05 484.091 5.02344
-2.55501e-05 498.428 5.02484
-6.68193e-07 529.528 5.02804
1.85652e-05 543.448 5.02953
-3.41489e-05 615.213 5.03785
-1.30612e-05 631.873 5.03993
-1.53691e-05 639.452 5.04089
-1.49589e-05 641.13 5.04111
1.62081e-05 720.839 5.05196
9.97479e-06 747.822 5.05592
1.08526e-05 757.605 5.0574
-2.79253e-05 766.095 5.05869
-1.6604e-05 831.438 5.06913
-3.21271e-06 868.374 5.07541
9.99807e-06 893.297 5.0798
2.1562e-05 896.553 5.08038
1.64948e-05 967.931 5.09369
-6.22629e-06 995.761 5.09915
-2.08143e-05 1020.78 5.1042
7.57751e-06 1027.03 5.10548
1.22893e-05 1095.42 5.11999
7.07287e-06 1118.32 5.12506
-2.8608e-06 1145.14 5.13114
2.56583e-05 1161.61 5.13493
-9.28392e-06 1243.08 5.15452
-1.62352e-06 1257.88 5.15823
-2.50244e-06 1273.98 5.1623
2.39044e-05 1298.29 5.16856
-2.05217e-06 1324.09 5.17532
4.20963e-06 1415.92 5.20048
-6.39839e-07 1420.06 5.20166
2.18181e-05 1434.86 5.20588
3.94927e-06 1518.5 5.23058
3.14087e-06 1570.54 5.24666
1.8988e-06 1571.97 5.24711
2.09594e-05 1572.74 5.24735
1.99019e-05 1711.24 5.29283
-2.17736e-06 1712.68 5.29333
-4.3471e-06 1720.18 5.2959
6.88989e-07 1731.96 5.29997
1.95451e-05 1845.03 5.34041
7.13012e-06 1852.15 5.34305
-4.22891e-06 1892.28 5.35807
2.0962e-06 1897.39 5.36001
1.50552e-05 1970.28 5.3882
-8.05818e-06 1986.89 5.39477
-8.10124e-06 2054.02 5.4219
1.4919e-06 2066.78 5.42716
-1.53634e-05 2122.11 5.45033
5.39152e-06 2153.31 5.46368
-2.8014e-06 2220.8 5.4932
-5.90322e-07 2233.03 5.49864
-1.46153e-05 2255.15 5.50857
-7.41852e-06 2279.25 5.5195
-1.58131e-06 2372 5.56264
-1.14108e-05 2381.85 5.56732
-7.83783e-06 2385.06 5.56885
9.66289e-06 2443.51 5.59708
1.31571e-05 2483.4 5.61673
-5.95127e-06 2484.1 5.61708
-7.13724e-06 2504.92 5.62746
-1.14626e-05 2592.95 5.67234
-6.88672e-06 2620.81 5.68686
-6.07679e-06 2718.27 5.7389
-8.41162e-06 2770.83 5.76775
-4.12853e-06 2796.78 5.7822
-7.2444e-07 2817.13 5.79362
-4.02119e-07 2820.96 5.79578
2.32889e-07 2834.54 5.80346
1.63226e-06 2835.44 5.80397
2.62914e-06 2853.18 5.81406
-1.89771e-06 2856.38 5.81589
2.7524e-06 2857.74 5.81667
-2.23111e-06 2884.41 5.83198
4.88539e-06 2888.01 5.83406
-4.83543e-07 2892.07 5.83641
1.00876e-05 2926.33 5.85634
-3.9123e-06 2927.16 5.85683
5.87923e-07 2928.95 5.85788
9.34644e-06 2967.31 5.88049
-9.51882e-06 2972.97 5.88386
4.48785e-06 2978.65 5.88723
3.16602e-06 3034.06 5.92055
-8.62309e-06 3036.69 5.92215
-7.91363e-06 3077.38 5.94703
2.19767e-06 3098.68 5.96018
9.94873e-06 3100.87 5.96154
1.13678e-05 3169.52 6.00459
1.52944e-06 3172.07 6.00621
-6.55178e-06 3215.58 6.034
-1.09588e-05 3240.61 6.05016
5.33358e-08 3244.79 6.05286
3.62907e-06 3321.48 6.10322
2.74125e-06 3325.47 6.10587
1.07887e-05 3326.01 6.10624
-1.74511e-06 3354.43 6.12522
4.17364e-06 3356.59 6.12667
-8.01672e-06 3427.72 6.17493
-2.18475e-06 3430.28 6.17669
5.30579e-06 3473.91 6.2068
4.41692e-06 3474.76 6.2074
5.13232e-06 3561.52 6.26844
4.58595e-06 3562.03 6.26881
-3.74319e-06 3593.69 6.29146
-6.62325e-06 3594.34 6.29193
-5.14346e-06 3710.63 6.37688
-6.45826e-06 3710.72 6.37694
-3.22476e-06 3719.95 6.3838
-4.18361e-06 3720.69 6.38436
7.28035e-05 3747.22 6.40416
2.51956e-07 3810.42 6.45193
-3.4281e-06 3833.78 6.46979
-6.9173e-06 3834.29 6.47018
-6.63551e-06 3874.11 6.50088
3.79192e-06 3874.72 6.50135
2.94768e-05 3921.8 6.53806
-3.63891e-06 3924.08 6.53984
2.36175e-05 3926.02 6.54136
5.81396e-06 3928.04 6.54295
-2.46571e-05 3932.88 6.54675
5.37648e-06 3936.76 6.54981
1.75068e-05 3941.14 6.55326
-3.62907e-06 3945.1 6.55638
7.26245e-06 3951.24 6.56123
2.46157e-07 3961.08 6.56902
5.1905e-06 3961.47 6.56932
1.08569e-05 3964.53 6.57175
-9.11725e-05 3971.69 6.57743
-5.71098e-06 3979.3 6.58348
-1.46445e-05 3980.42 6.58438
1.91863e-05 3984.01 6.58724
9.03884e-06 3984.25 6.58743
1.7832e-05 3987.25 6.58982
2.09915e-05 3992.61 6.5941
-2.73724e-05 3998.32 6.59865
-1.58547e-07 4005.1 6.60409
-6.5121e-06 4006.21 6.60497
2.47984e-05 4006.42 6.60514
-1.13795e-05 4007.62 6.6061
-2.32287e-05 4014.33 6.61148
2.5041e-05 4022.2 6.61781
2.3817e-05 4033.85 6.6272
9.42424e-06 4035.64 6.62864
-2.68206e-05 4044.95 6.63616
2.75745e-05 4056.73 6.64571
4.13989e-05 4060.91 6.6491
1.2148e-05 4066.41 6.65357
2.37336e-05 4069.34 6.65595
-5.35753e-06 4082.06 6.66632
-9.62525e-07 4082.19 6.66643
2.52772e-05 4082.43 6.66662
-2.04422e-05 4094.93 6.67684
-2.36551e-05 4099.02 6.6802
-5.40893e-07 4099.46 6.68056
-7.55e-06 4105.95 6.68588
-4.30585e-06 4106.37 6.68623
2.28956e-05 4109.45 6.68876
5.84726e-06 4116.3 6.69439
-2.02395e-05 4122.3 6.69933
1.82506e-05 4134.67 6.70955
-1.86198e-05 4135.37 6.71013
-5.84094e-06 4139.01 6.71314
1.79918e-05 4147.32 6.72003
-8.17789e-06 4151.25 6.72329
-6.98997e-06 4151.54 6.72353
-1.62329e-05 4157.97 6.72887
1.30829e-05 4167.12 6.73649
-1.7312e-05 4171.43 6.74009
-1.11385e-06 4173.23 6.74159
-9.44005e-06 4173.93 6.74217
-5.07411e-06 4178.21 6.74575
2.03296e-05 4209.75 6.7722
-1.46184e-05 4210.08 6.77248
7.00158e-05 4210.14 6.77253
1.12403e-05 4214.77 6.77643
1.06512e-05 4248.6 6.80506
-8.33902e-06 4260.11 6.81485
-3.5538e-05 4260.18 6.81492
1.38525e-05 4263.25 6.81753
-4.82156e-08 4272.29 6.82524
-5.78681e-06 4286.26 6.83721
1.38612e-05 4310.35 6.85791
-5.67707e-06 4327.19 6.87246
-1.96816e-05 4341.86 6.88517
1.05642e-05 4342.42 6.88566
3.68302e-06 4364.02 6.90447
5.60749e-06 4376.44 6.91532
1.16464e-05 4384.82 6.92267
1.47722e-05 4448.44 6.97886
-2.00262e-05 4481.3 7.0082
-6.5903e-07 4504.61 7.02916
-4.24757e-06 4504.62 7.02916
1.0675e-05 4509.47 7.03353
1.89227e-05 4509.64 7.03369
1.5721e-05 4516.65 7.04001
1.99128e-05 4519.15 7.04227
2.71198e-05 4519.19 7.04231
3.99776e-05 4533.14 7.05493
-1.33666e-05 4533.25 7.05504
1.16616e-05 4552.56 7.07258
4.56454e-05 4552.6 7.07262
-4.14268e-05 4574.17 7.0923
-1.9161e-05 4574.27 7.09239
7.69156e-06 4579.41 7.0971
-8.72204e-06 4579.53 7.09721
1.64497e-05 4588.15 7.10511
1.03928e-05 4590.61 7.10738
-3.14928e-06 4590.81 7.10756
5.03369e-05 4604.95 7.12056
-1.44562e-06 4605.15 7.12074
1.81506e-05 4619.65 7.13411
-4.09259e-05 4637.99 7.15109
-3.11829e-05 4638.11 7.15121
-9.93668e-07 4650.54 7.16275
-2.77315e-06 4650.6 7.16281
1.60865e-05 4661.65 7.1731
1.7861e-05 4665.6 7.17679
-1.95255e-05 4665.72 7.17689
1.50478e-05 4679.85 7.1901
3.91082e-05 4679.88 7.19013
1.06628e-05 4708.98 7.21745
-4.41518e-05 4709.18 7.21764
2.01257e-05 4724.98 7.23255
3.93473e-06 4725.07 7.23263
-1.61921e-05 4736.26 7.24321
-2.64302e-05 4744.29 7.25083
1.39316e-05 4744.63 7.25115
-1.49285e-05 4749.82 7.25608
-3.58693e-05 4752.2 7.25834
-6.80031e-06 4752.24 7.25838
4.49399e-05 4780.11 7.28495
-3.58629e-06 4780.12 7.28496
1.31931e-06 4782.01 7.28676
2.05417e-07 4782.18 7.28693
3.13025e-05 4804.04 7.30788
-6.56057e-06 4804.18 7.30802
2.90575e-05 4807.9 7.31159
1.93039e-05 4807.92 7.31162
-1.50619e-05 4811.09 7.31466
-6.63291e-07 4815.13 7.31855
-7.35808e-08 4815.27 7.31868
2.57e-05 4823.97 7.32707
-5.70022e-05 4824.01 7.32711
1.06874e-05 4868.55 7.37028
-1.34012e-05 4885.25 7.38657
-6.39311e-07 4899.07 7.40009
-8.87307e-09 4899.08 7.4001
4.89632e-05 4913.69 7.41443
-1.6136e-05 4913.76 7.4145
-1.1765e-05 4958.05 7.45823
-6.6419e-06 4972.15 7.47223
-9.72752e-06 5028.49 7.52857
2.17455e-06 5057.27 7.5576
7.64275e-06 5095.58 7.59649
-2.21147e-06 5123.13 7.62465
5.74227e-06 5158.09 7.66059
-6.34306e-06 5170.58 7.67349
-1.03407e-05 5202.93 7.70704
-4.07566e-06 5214.71 7.71932
-1.29453e-05 5223.95 7.72896
1.38414e-05 5237.16 7.74278
1.28647e-05 5245.37 7.75139
-1.0793e-05 5250.54 7.75682
-8.45612e-06 5253.85 7.76029
7.16543e-06 5256.3 7.76287
-5.99502e-06 5258.33 7.765
-5.15616e-06 5260.21 7.76699
-4.40552e-06 5262.13 7.769
3.65576e-06 5263.81 7.77077
-2.5005e-06 5264.18 7.77116
-2.38264e-06 5265.24 7.77228
1.34407e-06 5266.12 7.7732
-1.62068e-06 5305.38 7.81471
9.92202e-07 5337.72 7.84912
-5.29498e-08 5354.27 7.86682
-5.01572e-07 5360.88 7.87391
2.24697e-07 5374.83 7.88888
-0.000113392 5390.56 7.90582
2.52065e-08 5420.29 7.93795
3.87437e-06 5589.08 8.12378
2.76005e-08 5911.42 8.49449
3.32341e-09 5911.43 8.4945
-3.16012e-05 5917.21 8.50134
5.44084e-05 5917.21 8.50134
6.95583e-07 6112.79 8.73662
1.39621e-06 6118.87 8.74406
-2.13035e-06 6130.95 8.75886
-2.83124e-06 6151.66 8.7843
3.47942e-06 6184.18 8.82441
-4.04362e-06 6231.38 8.88301
4.61672e-06 6294.6 8.96221
-2.20519e-06 6310.71 8.98251
2.0004e-07 6310.71 8.98251
-3.88075e-06 6325.5 9.0012
1.58531e-06 6325.5 9.0012
-3.18148e-06 6347.74 9.02938
-4.98716e-06 6347.74 9.02939
-5.21422e-06 6372.41 9.06076
-1.32459e-06 6376.55 9.06605
-7.52662e-06 6376.56 9.06605
7.40826e-06 6413.89 9.1138
-6.12068e-06 6413.89 9.1138
-5.96956e-06 6460.07 9.17325
7.92552e-06 6464.43 9.17888
8.75428e-06 6464.43 9.17889
5.78686e-06 6533.81 9.26907
-1.26263e-05 6533.81 9.26907
7.00954e-06 6550.23 9.29055
6.46001e-06 6626.06 9.39046
1.4106e-05 6626.06 9.39047
-8.59231e-06 6633.77 9.40069
-1.05395e-05 6697.03 9.48503
2.4935e-06 6705.12 9.49587
1.58698e-06 6721.09 9.51731
-7.42928e-06 6727.03 9.52529
-2.67646e-06 6741.4 9.54465
1.62163e-05 6741.4 9.54465
-4.18229e-06 6756.11 9.56451
7.09218e-06 6759.21 9.5687
-4.93329e-07 6792.96 9.61443
-6.20486e-06 6795.55 9.61795
-3.44721e-06 6826.85 9.66059
2.71401e-06 6827.2 9.66107
1.84332e-06 6849.28 9.69127
1.31414e-06 6849.67 9.69181
-3.30248e-06 6875.44 9.72717
1.63607e-05 6875.44 9.72718
-1.48907e-05 7020.17 9.92827
-7.11017e-06 7020.17 9.92828
-7.26639e-06 7165.95 10.1351
-1.43285e-05 7165.95 10.1351
-1.07004e-09 7269.06 10.2839
6.58499e-06 7303.57 10.3342
1.40938e-05 7303.57 10.3342
-2.25805e-05 7402.62 10.4799
-1.33445e-05 7425.86 10.5143
6.87868e-06 7425.86 10.5143
5.98819e-06 7528.75 10.6682
1.31485e-05 7528.75 10.6682
3.84408e-07 7606.31 10.7856
7.7489e-07 7608.46 10.7889
1.22702e-05 7611.48 10.7935
6.39619e-06 7611.48 10.7935
1.17007e-06 7612.08 10.7944
1.56897e-06 7617.21 10.8022
-1.98136e-06 7623.92 10.8124
-2.40053e-06 7632.3 10.8252
-2.83655e-06 7642.44 10.8407
-3.28135e-06 7654.48 10.8591
-3.74162e-06 7668.55 10.8807
-1.13676e-05 7675.8 10.8918
6.6703e-06 7675.8 10.8918
4.2145e-06 7684.8 10.9056
4.69462e-06 7703.41 10.9343
5.17502e-06 7724.53 10.9668
-1.05055e-05 7724.66 10.967
6.68764e-06 7724.66 10.967
5.6457e-06 7748.31 11.0036
-1.00112e-05 7761.13 11.0235
5.91955e-06 7761.13 11.0235
-6.09536e-06 7774.87 11.0449
-9.08447e-06 7787.88 11.0651
5.52983e-06 7787.88 11.0651
6.49988e-06 7804.26 11.0907
-8.04082e-06 7806.96 11.0949
4.66914e-06 7806.96 11.0949
6.37802e-06 7819.82 11.115
-3.56944e-06 7819.82 11.115
-3.63329e-06 7827.33 11.1267
-2.15665e-06 7827.33 11.1267
6.82709e-06 7836.42 11.141
3.32532e-05 7849.16 11.1609
-1.76704e-05 7849.17 11.1609
7.03721e-06 7871.12 11.1955
7.08515e-06 7907.86 11.2534
-6.90256e-06 7945.78 11.3135
6.42029e-06 7983.51 11.3736
6.4967e-07 7990.77 11.3852
-2.1043e-07 7990.78 11.3853
1.50467e-06 7996.11 11.3938
-3.4119e-07 7996.12 11.3938
2.60561e-06 8007.36 11.4118
-3.38613e-07 8007.36 11.4118
-5.5749e-06 8019.08 11.4306
3.90114e-06 8026.34 11.4422
-1.07301e-07 8026.35 11.4422
-4.31036e-06 8049.83 11.48
-5.29597e-06 8053.9 11.4865
3.2313e-07 8053.9 11.4865
-2.5783e-06 8072.56 11.5166
-6.70228e-06 8089.71 11.5443
9.79677e-07 8089.71 11.5443
2.37936e-07 8090.94 11.5463
-8.05849e-06 8132.68 11.6141
-1.79416e-06 8132.68 11.6141
-9.30442e-06 8181.53 11.6937
-2.76887e-06 8181.53 11.6937
1.53155e-07 8190.5 11.7084
-1.03958e-05 8235.36 11.7821
-3.79091e-06 8235.36 11.7821
2.50601e-07 8239.82 11.7895
-1.12154e-05 8294.08 11.8792
4.77788e-06 8294.08 11.8792
2.40811e-07 8319.2 11.9209
1.15399e-05 8358.49 11.9864
-5.57594e-06 8358.5 11.9864
-8.30762e-08 8424.84 12.0978
-1.10105e-05 8430.1 12.1067
5.99361e-06 8430.1 12.1067
-9.04533e-06 8510.25 12.2424
-5.58859e-06 8510.25 12.2424
5.0938e-07 8544.89 12.3015
-2.53109e-07 8552.22 12.314
-1.00829e-06 8556.37 12.3211
2.40905e-07 8565.03 12.336
1.08875e-06 8565.03 12.336
-1.47942e-06 8575.8 12.3544
1.83362e-06 8577.06 12.3566
4.17162e-06 8577.06 12.3566
-1.3616e-07 8592.61 12.3833
-1.42083e-06 8592.61 12.3833
1.90268e-06 8603.42 12.4019
-4.4365e-06 8605.55 12.4056
7.37094e-06 8605.55 12.4056
-5.96295e-06 8630.05 12.4478
1.0597e-05 8630.05 12.4478
-2.25387e-06 8639.29 12.4637
-6.71269e-06 8664.71 12.5077
-1.06017e-05 8664.71 12.5077
-2.50778e-06 8683.18 12.5398
7.86462e-07 8696.5 12.5629
-2.43101e-07 8702.42 12.5732
-9.7384e-07 8702.42 12.5732
1.25871e-05 8714.12 12.5936
-1.68083e-05 8714.12 12.5936
-2.64142e-06 8734.42 12.629
-3.39515e-05 8734.88 12.6298
7.1803e-11 8740.36 12.6394
1.61285e-05 8762.37 12.6779
1.74935e-05 8762.37 12.6779
-2.64312e-06 8792.02 12.73
-1.23228e-06 8803.66 12.7505
-3.19962e-06 8803.66 12.7505
2.20618e-05 8823.46 12.7853
-2.01578e-05 8823.46 12.7853
-1.52722e-06 8852.94 12.8375
-2.50789e-06 8854.71 12.8406
1.67833e-05 8872.4 12.872
1.05537e-05 8872.41 12.872
1.26794e-05 8915.86 12.9493
2.01056e-05 8915.86 12.9493
2.24276e-06 8921.03 12.9585
1.13998e-05 8941.83 12.9956
3.90846e-06 8941.83 12.9956
-1.86245e-06 8989.48 13.0811
6.35792e-06 8998.04 13.0965
-1.99358e-05 8998.04 13.0965
-2.47198e-06 9017.13 13.1309
-2.36223e-06 9031.77 13.1573
4.25848e-07 9031.77 13.1573
-1.39025e-06 9058.57 13.2058
1.21188e-06 9073.47 13.2328
-1.69364e-05 9073.47 13.2328
-5.3207e-05 9094.52 13.271
1.88888e-06 9125.48 13.3274
-2.86866e-06 9125.48 13.3274
-8.54725e-07 9126.92 13.3301
2.44974e-06 9149.55 13.3714
-1.45704e-05 9149.55 13.3714
3.61216e-06 9185.13 13.4367
-2.89948e-07 9193.27 13.4516
1.08225e-06 9210.1 13.4826
2.28685e-06 9210.11 13.4826
5.08805e-06 9224.78 13.5097
-1.28477e-05 9224.78 13.5097
-2.66421e-07 9256.51 13.5683
-1.67087e-06 9282.09 13.6157
-2.40472e-07 9282.1 13.6157
-6.70028e-06 9295.97 13.6415
-1.13172e-05 9295.98 13.6415
-7.75531e-07 9315.66 13.6782
-3.23822e-06 9338.18 13.7202
-2.93972e-06 9338.18 13.7202
4.92876e-06 9353.5 13.7488
6.0313e-06 9357.06 13.7555
-8.13221e-06 9357.06 13.7555
-1.20026e-06 9369.9 13.7795
5.14843e-06 9374.46 13.7881
-5.61226e-06 9374.47 13.7881
7.76752e-06 9411.01 13.8567
-8.41169e-06 9411.01 13.8567
-1.50452e-06 9418.51 13.8708
-1.658e-06 9460.87 13.9508
8.28808e-06 9461.67 13.9523
7.99591e-06 9461.67 13.9523
1.86584e-06 9478.08 13.9834
-1.63967e-06 9496.44 14.0182
-6.39639e-06 9519.34 14.0618
-3.82413e-06 9519.61 14.0623
7.63199e-06 9520.94 14.0648
-6.5505e-06 9520.94 14.0648
1.44158e-06 9524.73 14.0721
-1.89378e-06 9531.63 14.0852
-1.0745e-06 9545.31 14.1113
3.80719e-06 9549.15 14.1186
-5.74487e-07 9557.83 14.1352
-5.74966e-06 9577.47 14.1728
6.48761e-06 9580.9 14.1794
5.03878e-06 9580.9 14.1794
-5.91088e-06 9585.05 14.1873
7.69809e-06 9615.29 14.2454
-5.33516e-06 9637.2 14.2876
3.83489e-06 9637.2 14.2876
9.62237e-06 9660.88 14.3333
-8.10982e-06 9670.01 14.3509
7.98143e-06 9680.22 14.3707
4.27811e-06 9687.31 14.3844
-2.90794e-06 9687.31 14.3844
-1.14498e-05 9711.88 14.4321
1.69849e-10 9727.84 14.4631
3.3078e-06 9729.49 14.4663
2.16868e-06 9729.49 14.4663
1.54416e-06 9762.68 14.531
2.40533e-06 9762.68 14.531
-1.27057e-05 9764.29 14.5341
-1.03505e-05 9770.05 14.5454
-4.56628e-06 9779.34 14.5636
-6.91129e-07 9779.59 14.564
9.89571e-07 9786.35 14.5773
1.56129e-06 9786.35 14.5773
4.83439e-07 9800.44 14.6049
7.6473e-07 9800.44 14.6049
7.38222e-06 9803.85 14.6116
-7.91677e-06 9810.98 14.6255
-9.72441e-06 9819.92 14.6431
9.6446e-06 9834.15 14.6711
7.53497e-06 9837.14 14.6769
-1.48509e-05 9852.82 14.7078
1.25608e-05 9881.12 14.7636
1.82629e-05 9889.4 14.78
6.6246e-05 9917.42 14.8355
-1.55509e-05 9936.68 14.8738
-1.1342e-05 9979.51 14.9591
-1.07585e-05 9986.92 14.9739
1.46734e-05 9999.67 14.9994
6.66027e-06 10044 15.0882
-5.44498e-06 10068.3 15.137
-5.8914e-06 10073.7 15.148
1.04115e-05 10103.7 15.2085
-1.3025e-05 10115 15.2314
-1.6634e-05 10122.7 15.2469
-1.87832e-06 10125.5 15.2526
-1.19317e-10 10134.1 15.27
-9.66296e-12 10134.1 15.27
1.35303e-05 10136.8 15.2754
-8.59104e-06 10160.8 15.3242
2.54341e-06 10197.2 15.3983
0.000195928 10200.2 15.4044
3.95042e-05 10200.2 15.4044
-1.76095e-05 10203.1 15.4103
2.24678e-06 10223 15.4509
1.4646e-05 10239.7 15.4851
-1.84015e-05 10247.7 15.5015
-1.70427e-05 10260.4 15.5276
6.00752e-06 10267.4 15.5419
-3.29404e-07 10280.8 15.5696
2.37636e-05 10302.5 15.6142
9.21793e-06 10302.5 15.6142
1.68001e-05 10312 15.6338
7.85506e-06 10319.3 15.6488
9.10893e-08 10326.9 15.6646
1.61557e-05 10352.7 15.7178
-1.51574e-05 10363.1 15.7393
1.99435e-05 10372.4 15.7586
-1.44505e-07 10375.9 15.766
-1.03922e-05 10412.6 15.8422
-4.21702e-06 10427.8 15.8739
8.61406e-06 10450.8 15.9219
1.75036e-05 10453.4 15.9274
-7.59292e-06 10476.7 15.9761
-3.72773e-06 10486.9 15.9975
-2.12408e-05 10494.9 16.0143
-7.04095e-06 10502.5 16.0303
5.18423e-06 10519.1 16.0651
-3.64053e-07 10525.8 16.0793
-3.37903e-06 10530.5 16.0891
3.11674e-06 10532.5 16.0934
1.86312e-05 10541.4 16.1121
1.1896e-06 10542.8 16.1151
1.58475e-06 10558.1 16.1475
2.22822e-05 10613.8 16.2652
-1.94523e-05 10616.2 16.2703
1.97871e-05 10677.5 16.4009
0.000116034 10723.7 16.4998
-1.91055e-05 10724.8 16.5022
-2.30601e-05 10727.6 16.5081
1.52004e-05 10757.1 16.5716
-5.50915e-05 10792.9 16.6488
2.34961e-07 10811.3 16.6885
-2.35919e-05 10835.3 16.7403
2.387e-05 10935.9 16.9594
-2.39041e-05 11028.7 17.1631
-2.36902e-05 11112.9 17.3498
-2.32045e-05 11188.2 17.5176
2.23838e-05 11254.1 17.6654
2.10912e-05 11310 17.7917
-1.90502e-05 11355.8 17.8955
-1.57256e-05 11391 17.9755
-1.01017e-05 11414.8 18.0298
8.27123e-07 11434.8 18.0755
-8.5875e-05 11492.5 18.2078
4.90639e-07 12032.6 19.4784
2.53891e-08 12032.6 19.4784
1.03654e-06 12034.7 19.4835
7.69977e-08 12034.7 19.4835
-1.58105e-06 12039.6 19.4952
1.76213e-07 12039.6 19.4952
-1.99525e-06 12048.8 19.5174
-3.39811e-07 12048.8 19.5175
2.1427e-06 12064.2 19.5544
5.7851e-07 12064.2 19.5544
1.91258e-06 12087.1 19.6097
-8.94798e-07 12087.1 19.6097
1.23891e-06 12118.7 19.6864
-1.28187e-06 12118.7 19.6864
-1.09358e-07 12159.8 19.786
-1.72388e-06 12159.8 19.7861
-1.43649e-06 12210.4 19.9094
2.19787e-06 12210.4 19.9094
-3.31653e-06 12270.3 20.056
2.67626e-06 12270.3 20.056
5.41929e-06 12338.7 20.2243
3.12993e-06 12338.7 20.2243
-7.61709e-06 12414.5 20.412
-3.53079e-06 12414.5 20.412
1.16761e-13 12463.3 20.5335
9.77705e-06 12496.3 20.6157
3.85395e-06 12496.3 20.6157
1.17686e-05 12582.4 20.8317
4.07927e-06 12582.4 20.8317
1.34676e-05 12670.9 21.0553
-4.19209e-06 12670.9 21.0553
-1.47575e-05 12759.8 21.2812
4.18352e-06 12759.8 21.2812
-1.55281e-05 12846.7 21.5038
4.04982e-06 12846.7 21.5038
-1.56728e-05 12929.3 21.7166
-3.79139e-06 12929.3 21.7166
-1.28059e-05 12969.9 21.8218
1.50884e-05 13005 21.9131
3.41145e-06 13005 21.9131
1.36813e-05 13071.5 22.0865
2.91495e-06 13071.5 22.0865
-1.13891e-05 13126.4 22.2303
2.30896e-06 13126.4 22.2304
-8.22307e-06 13167.5 22.3384
1.60509e-06 13167.5 22.3384
-4.32487e-06 13193 22.4055
8.24259e-07 13193 22.4055
0.000163924 13658.7 23.6561
-1.77066e-05 13658.7 23.6561
1.90993e-12 13682.3 23.7206
6.55149e-13 13682.3 23.7206
