-8.61352e-06 31.8414 5.0001
-4.59199e-06 60.7428 5.00037
4.90904e-06 64.108 5.00041
5.49705e-07 80.3321 5.00065
1.53802e-07 103.852 5.00108
5.19017e-06 116.093 5.00135
1.27972e-05 125.478 5.00158
1.89871e-06 146.353 5.00214
-7.61768e-06 156.524 5.00245
-5.8137e-06 179.183 5.00321
-1.64043e-05 214.588 5.00461
-2.92573e-06 245.699 5.00604
-8.02585e-06 250.745 5.00629
-1.99504e-06 266.081 5.00708
-1.60957e-05 285.714 5.00816
-1.5678e-05 333.572 5.01113
1.27472e-05 347.985 5.01211
2.63686e-06 364.486 5.01329
1.93093e-06 380.008 5.01444
-1.09808e-05 445.777 5.01987
7.58575e-06 449.711 5.02022
-6.83797e-06 484.091 5.02344
-5.82709e-06 498.428 5.02484
-6.77171e-06 529.528 5.02804
6.15484e-06 543.448 5.02953
-1.20695e-06 615.213 5.03785
-9.64309e-06 631.873 5.03993
1.88368e-06 639.452 5.04089
-1.18773e-05 641.13 5.04111
-3.86379e-07 720.839 5.05196
1.16292e-07 747.822 5.05592
6.80624e-07 757.605 5.0574
-2.395e-05 766.095 5.05869
-1.0799e-06 831.438 5.06913
-1.00871e-05 868.374 5.07541
1.69287e-05 893.297 5.0798
2.66e-05 896.553 5.08038
1.85909e-07 967.931 5.09369
-1.12087e-05 995.761 5.09915
-2.98817e-05 1020.78 5.1042
1.38217e-05 1027.03 5.10548
2.53317e-05 1095.42 5.11999
2.01257e-06 1118.32 5.12506
6.30488e-06 1145.14 5.13114
3.53903e-05 1161.61 5.13493
8.09529e-06 1243.08 5.15452
-1.0925e-05 1257.88 5.15823
-8.45795e-06 1273.98 5.1623
3.66749e-05 1298.29 5.16856
5.60987e-06 1324.09 5.17532
7.26871e-06 1415.92 5.20048
-1.05479e-05 1420.06 5.20166
3.10005e-05 1434.86 5.20588
-1.14844e-05 1518.5 5.23058
-3.581e-06 1570.54 5.24666
2.24033e-06 1571.97 5.24711
2.01513e-05 1572.74 5.24735
1.07781e-05 1711.24 5.29283
1.03674e-06 1712.68 5.29333
-1.87446e-06 1720.18 5.2959
1.90664e-06 1731.96 5.29997
-2.52594e-06 1845.03 5.34041
-1.22007e-07 1852.15 5.34305
7.98473e-06 1892.28 5.35807
4.243e-06 1897.39 5.36001
-5.05508e-06 1970.28 5.3882
9.55464e-06 1986.89 5.39477
1.57848e-05 2054.02 5.4219
1.21023e-05 2066.78 5.42716
2.14781e-05 2122.11 5.45033
3.18395e-06 2153.31 5.46368
3.38253e-06 2220.8 5.4932
2.54266e-05 2233.03 5.49864
3.10573e-05 2255.15 5.50857
-5.38448e-06 2279.25 5.5195
2.16191e-05 2372 5.56264
5.79714e-06 2381.85 5.56732
3.85785e-05 2385.06 5.56885
-3.44965e-06 2443.51 5.59708
-3.86294e-05 2483.4 5.61673
-3.66932e-05 2484.1 5.61708
2.94251e-05 2504.92 5.62746
2.25573e-06 2592.95 5.67234
3.21284e-05 2620.81 5.68686
2.61255e-05 2718.27 5.7389
-8.57723e-06 2770.83 5.76775
1.88054e-05 2796.78 5.7822
2.24524e-06 2817.13 5.79362
3.65799e-07 2820.96 5.79578
1.63362e-06 2834.54 5.80346
-4.20178e-07 2835.44 5.80397
-2.39774e-06 2853.18 5.81406
1.11164e-06 2856.38 5.81589
-1.1719e-05 2857.74 5.81667
-2.86679e-06 2884.41 5.83198
-3.11641e-06 2888.01 5.83406
1.77721e-06 2892.07 5.83641
3.92572e-06 2926.33 5.85634
-4.43568e-06 2927.16 5.85683
9.53373e-06 2928.95 5.85788
-1.98648e-05 2967.31 5.88049
1.07139e-05 2972.97 5.88386
4.49969e-06 2978.65 5.88723
7.59056e-06 3034.06 5.92055
6.12591e-06 3036.69 5.92215
-7.96859e-06 3077.38 5.94703
1.11894e-05 3098.68 5.96018
-5.42355e-06 3100.87 5.96154
-2.23824e-06 3169.52 6.00459
-1.23235e-05 3172.07 6.00621
-8.06488e-06 3215.58 6.034
6.48317e-07 3240.61 6.05016
1.18903e-05 3244.79 6.05286
6.33521e-07 3321.48 6.10322
1.3058e-05 3325.47 6.10587
-1.05616e-06 3326.01 6.10624
9.44539e-07 3354.43 6.12522
3.40759e-06 3356.59 6.12667
-3.01014e-06 3427.72 6.17493
1.23424e-05 3430.28 6.17669
5.36272e-06 3473.91 6.2068
5.92056e-06 3474.76 6.2074
2.28044e-06 3561.52 6.26844
-9.78921e-06 3562.03 6.26881
-9.47287e-06 3593.69 6.29146
-6.71865e-06 3594.34 6.29193
-1.05534e-05 3710.63 6.37688
2.10362e-06 3710.72 6.37694
-1.00546e-05 3719.95 6.3838
2.81125e-06 3720.69 6.38436
-1.48292e-05 3747.22 6.40416
7.33096e-08 3810.42 6.45193
-9.11118e-06 3833.78 6.46979
-2.92942e-06 3834.29 6.47018
-1.22977e-05 3874.11 6.50088
-3.18221e-06 3874.72 6.50135
7.05755e-07 3921.8 6.53806
-8.30719e-06 3924.08 6.53984
-3.02082e-06 3926.02 6.54136
1.08492e-05 3928.04 6.54295
3.47066e-06 3932.88 6.54675
1.55644e-05 3936.76 6.54981
1.57358e-06 3941.14 6.55326
2.21121e-05 3945.1 6.55638
-1.79566e-05 3951.24 6.56123
3.09275e-06 3961.08 6.56902
-1.28232e-07 3961.47 6.56932
-3.12895e-05 3964.53 6.57175
5.73663e-05 3971.69 6.57743
1.53657e-06 3979.3 6.58348
2.01475e-06 3980.42 6.58438
-8.45977e-06 3984.01 6.58724
-3.72029e-05 3984.25 6.58743
-1.60104e-06 3987.25 6.58982
-1.06675e-06 3992.61 6.5941
1.70295e-06 3998.32 6.59865
-1.27869e-05 4005.1 6.60409
-1.12993e-05 4006.21 6.60497
7.11948e-06 4006.42 6.60514
4.01714e-05 4007.62 6.6061
-6.90453e-06 4014.33 6.61148
6.72444e-06 4022.2 6.61781
3.66251e-06 4033.85 6.6272
-4.23538e-05 4035.64 6.62864
-3.30352e-06 4044.95 6.63616
-7.69182e-08 4056.73 6.64571
-9.32e-07 4060.91 6.6491
-4.02417e-05 4066.41 6.65357
-4.40201e-06 4069.34 6.65595
-2.39924e-06 4082.06 6.66632
2.14061e-06 4082.19 6.66643
-1.10324e-05 4082.43 6.66662
9.18793e-06 4094.93 6.67684
2.77324e-05 4099.02 6.6802
-2.28992e-05 4099.46 6.68056
-9.83005e-06 4105.95 6.68588
-4.27461e-06 4106.37 6.68623
-1.69702e-05 4109.45 6.68876
2.01891e-06 4116.3 6.69439
1.79582e-05 4122.3 6.69933
-2.74603e-05 4134.67 6.70955
1.77385e-05 4135.37 6.71013
-1.17932e-05 4139.01 6.71314
-1.90066e-05 4147.32 6.72003
8.88869e-06 4151.25 6.72329
-3.96303e-07 4151.54 6.72353
1.61727e-05 4157.97 6.72887
-1.21739e-05 4167.12 6.73649
7.63295e-06 4171.43 6.74009
1.83975e-05 4173.23 6.74159
8.26517e-06 4173.93 6.74217
3.61638e-06 4178.21 6.74575
-1.28479e-05 4209.75 6.7722
-1.05871e-05 4210.08 6.77248
4.19654e-05 4210.14 6.77253
8.55544e-06 4214.77 6.77643
5.97396e-07 4248.6 6.80506
-2.89826e-05 4260.11 6.81485
-2.85022e-05 4260.18 6.81492
6.38954e-06 4263.25 6.81753
-5.17838e-08 4272.29 6.82524
-7.56505e-06 4286.26 6.83721
1.12585e-05 4310.35 6.85791
8.25275e-06 4327.19 6.87246
1.4268e-05 4341.86 6.88517
1.31667e-05 4342.42 6.88566
1.32451e-05 4364.02 6.90447
4.55667e-06 4376.44 6.91532
-9.99055e-06 4384.82 6.92267
-7.28912e-06 4448.44 6.97886
1.68993e-05 4481.3 7.0082
-2.63411e-07 4504.61 7.02916
5.16813e-06 4504.62 7.02916
-1.3807e-05 4509.47 7.03353
-1.72242e-05 4509.64 7.03369
-5.65472e-06 4516.65 7.04001
-1.60648e-05 4519.15 7.04227
-2.61854e-05 4519.19 7.04231
-2.89007e-05 4533.14 7.05493
1.19091e-05 4533.25 7.05504
-1.55542e-05 4552.56 7.07258
-2.30671e-05 4552.6 7.07262
2.48149e-06 4574.17 7.0923
2.09864e-05 4574.27 7.09239
-2.92429e-06 4579.41 7.0971
1.75835e-06 4579.53 7.09721
-2.95698e-06 4588.15 7.10511
-1.81753e-05 4590.61 7.10738
-1.89183e-06 4590.81 7.10756
-8.19089e-06 4604.95 7.12056
-2.67504e-05 4605.15 7.12074
-1.88031e-05 4619.65 7.13411
-2.09876e-05 4637.99 7.15109
2.44719e-05 4638.11 7.15121
1.33176e-05 4650.54 7.16275
-1.19139e-05 4650.6 7.16281
2.13005e-06 4661.65 7.1731
-4.91028e-06 4665.6 7.17679
-2.2593e-05 4665.72 7.17689
-2.99508e-05 4679.85 7.1901
1.38325e-05 4679.88 7.19013
-3.43141e-05 4708.98 7.21745
-2.69656e-05 4709.18 7.21764
-5.14193e-06 4724.98 7.23255
4.56409e-07 4725.07 7.23263
-7.15358e-06 4736.26 7.24321
-2.73454e-06 4744.29 7.25083
2.74872e-05 4744.63 7.25115
1.65489e-05 4749.82 7.25608
-1.99412e-05 4752.2 7.25834
3.23478e-05 4752.24 7.25838
1.27975e-05 4780.11 7.28495
-2.96946e-05 4780.12 7.28496
-1.25621e-05 4782.01 7.28676
1.16092e-05 4782.18 7.28693
4.7991e-06 4804.04 7.30788
-2.85234e-05 4804.18 7.30802
-1.16832e-07 4807.9 7.31159
2.36398e-05 4807.92 7.31162
-1.19217e-05 4811.09 7.31466
2.92087e-06 4815.13 7.31855
-9.30449e-06 4815.27 7.31868
3.9912e-05 4823.97 7.32707
-1.23129e-06 4824.01 7.32711
-1.24674e-05 4868.55 7.37028
-1.50404e-05 4885.25 7.38657
-3.53219e-07 4899.07 7.40009
3.92249e-07 4899.08 7.4001
2.04733e-06 4913.69 7.41443
-5.88695e-05 4913.76 7.4145
-1.59179e-05 4958.05 7.45823
6.49685e-06 4972.15 7.47223
-1.40645e-05 5028.49 7.52857
-1.42456e-06 5057.27 7.5576
9.89811e-06 5095.58 7.59649
1.43007e-06 5123.13 7.62465
4.41595e-06 5158.09 7.66059
1.42149e-06 5170.58 7.67349
-1.51355e-06 5202.93 7.70704
1.1505e-06 5214.71 7.71932
-6.50069e-06 5223.95 7.72896
1.21074e-05 5237.16 7.74278
1.646e-05 5245.37 7.75139
-1.86878e-05 5250.54 7.75682
-1.87905e-05 5253.85 7.76029
1.96987e-05 5256.3 7.76287
-1.95397e-05 5258.33 7.765
-1.91084e-05 5260.21 7.76699
-1.81497e-05 5262.13 7.769
1.54288e-05 5263.81 7.77077
6.37683e-06 5264.18 7.77116
-1.11877e-05 5265.24 7.77228
6.44367e-06 5266.12 7.7732
8.44171e-06 5305.38 7.81471
-9.15629e-06 5337.72 7.84912
2.40588e-08 5354.27 7.86682
7.64241e-06 5360.88 7.87391
-4.3926e-06 5374.83 7.88888
-3.67126e-05 5390.56 7.90582
-2.30081e-09 5420.29 7.93795
-1.8729e-05 5589.08 8.12378
-1.84746e-08 5911.42 8.49449
-1.06315e-08 5911.43 8.4945
5.57906e-05 5917.21 8.50134
-7.63045e-06 5917.21 8.50134
5.7554e-06 6112.79 8.73662
1.13262e-05 6118.87 8.74406
-1.62261e-05 6130.95 8.75886
-1.98086e-05 6151.66 8.7843
2.14558e-05 6184.18 8.82441
-2.09056e-05 6231.38 8.88301
1.83514e-05 6294.6 8.96221
4.43726e-06 6310.71 8.98251
-5.59293e-06 6310.71 8.98251
1.22539e-05 6325.5 9.0012
5.70311e-06 6325.5 9.0012
-5.28711e-06 6347.74 9.02938
1.79042e-05 6347.74 9.02939
-1.44479e-05 6372.41 9.06076
-1.5169e-05 6376.55 9.06605
1.65842e-05 6376.56 9.06605
-2.33804e-05 6413.89 9.1138
-8.01948e-06 6413.89 9.1138
-1.00152e-05 6460.07 9.17325
1.09961e-05 6464.43 9.17888
-2.22586e-05 6464.43 9.17889
-2.15481e-05 6533.81 9.26907
-7.24692e-06 6533.81 9.26907
5.76472e-06 6550.23 9.29055
-1.46278e-05 6626.06 9.39046
1.3233e-05 6626.06 9.39047
-2.12775e-06 6633.77 9.40069
3.61611e-07 6697.03 9.48503
1.57833e-07 6705.12 9.49587
-8.25485e-07 6721.09 9.51731
5.97933e-07 6727.03 9.52529
9.35497e-06 6741.4 9.54465
1.51014e-05 6741.4 9.54465
2.15512e-07 6756.11 9.56451
-2.22955e-06 6759.21 9.5687
-8.25515e-07 6792.96 9.61443
2.44011e-06 6795.55 9.61795
1.22115e-06 6826.85 9.66059
-2.01144e-06 6827.2 9.66107
-7.83796e-07 6849.28 9.69127
-1.12576e-06 6849.67 9.69181
-5.57166e-06 6875.44 9.72717
1.68793e-05 6875.44 9.72718
-1.97382e-05 7020.17 9.92827
2.46392e-08 7020.17 9.92828
-2.30917e-05 7165.95 10.1351
-4.45797e-06 7165.95 10.1351
2.16557e-10 7269.06 10.2839
2.79206e-05 7303.57 10.3342
-2.89016e-06 7303.57 10.3342
1.71732e-05 7402.62 10.4799
-1.80178e-05 7425.86 10.5143
-2.59089e-05 7425.86 10.5143
-2.92083e-05 7528.75 10.6682
1.42071e-05 7528.75 10.6682
-4.01774e-07 7606.31 10.7856
-7.53385e-07 7608.46 10.7889
-1.41617e-05 7611.48 10.7935
2.69015e-05 7611.48 10.7935
-1.00817e-06 7612.08 10.7944
-1.13306e-06 7617.21 10.8022
1.11337e-06 7623.92 10.8124
9.51449e-07 7632.3 10.8252
6.7714e-07 7642.44 10.8407
3.37593e-07 7654.48 10.8591
5.45284e-09 7668.55 10.8807
1.21319e-05 7675.8 10.8918
2.2929e-05 7675.8 10.8918
2.33615e-07 7684.8 10.9056
2.87143e-07 7703.41 10.9343
6.8262e-08 7724.53 10.9668
7.44099e-06 7724.66 10.967
1.90318e-05 7724.66 10.967
-5.02012e-07 7748.31 11.0036
6.28359e-07 7761.13 11.0235
1.56383e-05 7761.13 11.0235
1.45532e-06 7774.87 11.0449
-4.96339e-06 7787.88 11.0651
1.23013e-05 7787.88 11.0651
-2.77925e-06 7804.26 11.0907
-9.30269e-06 7806.96 11.0949
9.05538e-06 7806.96 11.0949
1.05127e-05 7819.82 11.115
-5.96591e-06 7819.82 11.115
-7.19647e-06 7827.33 11.1267
-3.24165e-06 7827.33 11.1267
-4.39373e-06 7836.42 11.141
0.000103981 7849.16 11.1609
-1.33648e-05 7849.17 11.1609
-6.14069e-06 7871.12 11.1955
-7.78815e-06 7907.86 11.2534
9.04007e-06 7945.78 11.3135
-9.57978e-06 7983.51 11.3736
2.73839e-06 7990.77 11.3852
6.34876e-06 7990.78 11.3853
5.10241e-06 7996.11 11.3938
1.25282e-05 7996.12 11.3938
6.76442e-06 8007.36 11.4118
1.72848e-05 8007.36 11.4118
9.12859e-06 8019.08 11.4306
6.97791e-06 8026.34 11.4422
1.92999e-05 8026.35 11.4422
7.51154e-06 8049.83 11.48
-5.96918e-06 8053.9 11.4865
1.7593e-05 8053.9 11.4865
4.66206e-06 8072.56 11.5166
-3.97057e-06 8089.71 11.5443
1.2028e-05 8089.71 11.5443
-4.40846e-07 8090.94 11.5463
-1.65877e-06 8132.68 11.6141
-2.95746e-06 8132.68 11.6141
4.72437e-07 8181.53 11.6937
8.78654e-06 8181.53 11.6937
-1.33016e-05 8190.5 11.7084
2.13039e-06 8235.36 11.7821
2.20218e-05 8235.36 11.7821
-2.498e-05 8239.82 11.7895
3.30872e-06 8294.08 11.8792
-3.51062e-05 8294.08 11.8792
-3.36611e-05 8319.2 11.9209
-4.14064e-06 8358.49 11.9864
4.59106e-05 8358.5 11.9864
3.84078e-05 8424.84 12.0978
4.57437e-06 8430.1 12.1067
-5.24156e-05 8430.1 12.1067
4.74935e-06 8510.25 12.2424
5.49717e-05 8510.25 12.2424
1.02655e-05 8544.89 12.3015
-3.88096e-05 8552.22 12.314
-1.99207e-05 8556.37 12.3211
1.68496e-05 8565.03 12.336
8.52513e-07 8565.03 12.336
-2.82924e-05 8575.8 12.3544
2.17749e-05 8577.06 12.3566
4.07275e-07 8577.06 12.3566
5.82152e-05 8592.61 12.3833
-2.33007e-06 8592.61 12.3833
3.46532e-05 8603.42 12.4019
2.0518e-05 8605.55 12.4056
-2.80908e-06 8605.55 12.4056
-3.31114e-05 8630.05 12.4478
-2.45473e-06 8630.05 12.4478
-3.83177e-05 8639.29 12.4637
-4.87455e-05 8664.71 12.5077
3.318e-06 8664.71 12.5077
-3.87904e-05 8683.18 12.5398
3.49735e-05 8696.5 12.5629
3.1534e-05 8702.42 12.5732
1.03715e-06 8702.42 12.5732
2.83193e-05 8714.12 12.5936
7.9781e-06 8714.12 12.5936
-3.58499e-05 8734.42 12.629
-1.5005e-05 8734.88 12.6298
-3.80066e-11 8740.36 12.6394
2.74035e-05 8762.37 12.6779
-8.65376e-06 8762.37 12.6779
-2.96901e-05 8792.02 12.73
-3.72414e-07 8803.66 12.7505
-8.16934e-06 8803.66 12.7505
1.24459e-06 8823.46 12.7853
9.66237e-06 8823.46 12.7853
-2.7502e-05 8852.94 12.8375
-2.08335e-05 8854.71 12.8406
-1.4589e-05 8872.4 12.872
-2.05913e-06 8872.41 12.872
-4.15927e-06 8915.86 12.9493
-1.78267e-05 8915.86 12.9493
1.01074e-05 8921.03 12.9585
-2.73275e-05 8941.83 12.9956
2.85203e-06 8941.83 12.9956
1.51913e-06 8989.48 13.0811
2.9707e-06 8998.04 13.0965
3.39942e-05 8998.04 13.0965
-1.72879e-05 9017.13 13.1309
4.7562e-06 9031.77 13.1573
1.98388e-05 9031.77 13.1573
1.30212e-05 9058.57 13.2058
6.29517e-06 9073.47 13.2328
3.48668e-05 9073.47 13.2328
9.09479e-07 9094.52 13.271
-3.55626e-06 9125.48 13.3274
-1.80816e-05 9125.48 13.3274
2.34575e-05 9126.92 13.3301
-7.19989e-06 9149.55 13.3714
2.9715e-05 9149.55 13.3714
5.49635e-06 9185.13 13.4367
3.20594e-05 9193.27 13.4516
-3.01392e-06 9210.1 13.4826
1.91814e-05 9210.11 13.4826
-6.29208e-06 9224.78 13.5097
2.04634e-05 9224.78 13.5097
-3.82909e-05 9256.51 13.5683
3.14593e-06 9282.09 13.6157
1.94714e-05 9282.1 13.6157
3.93e-06 9295.97 13.6415
6.98533e-06 9295.98 13.6415
-4.18723e-05 9315.66 13.6782
2.65194e-06 9338.18 13.7202
1.40455e-05 9338.18 13.7202
-6.63347e-06 9353.5 13.7488
-1.13733e-06 9357.06 13.7555
-5.21092e-06 9357.06 13.7555
-4.27707e-05 9369.9 13.7795
-1.54449e-06 9374.46 13.7881
3.24806e-06 9374.47 13.7881
-6.42706e-08 9411.01 13.8567
-1.04819e-05 9411.01 13.8567
-4.11623e-05 9418.51 13.8708
-3.73746e-05 9460.87 13.9508
1.53535e-06 9461.67 13.9523
2.00257e-05 9461.67 13.9523
-3.2774e-06 9478.08 13.9834
-3.18188e-05 9496.44 14.0182
1.78926e-05 9519.34 14.0618
5.86315e-06 9519.61 14.0623
2.426e-06 9520.94 14.0648
-2.51703e-05 9520.94 14.0648
2.49261e-05 9524.73 14.0721
-2.11294e-06 9531.63 14.0852
-1.70994e-05 9545.31 14.1113
3.81358e-06 9549.15 14.1186
-8.68918e-06 9557.83 14.1352
-4.77457e-06 9577.47 14.1728
2.3509e-06 9580.9 14.1794
2.51127e-05 9580.9 14.1794
7.25112e-06 9585.05 14.1873
4.8443e-06 9615.29 14.2454
-1.74822e-06 9637.2 14.2876
2.21489e-05 9637.2 14.2876
4.04762e-06 9660.88 14.3333
7.22143e-06 9670.01 14.3509
-2.72182e-05 9680.22 14.3707
1.02513e-06 9687.31 14.3844
-1.80186e-05 9687.31 14.3844
-2.60992e-06 9711.88 14.4321
-1.34273e-10 9727.84 14.4631
4.15679e-07 9729.49 14.4663
1.37022e-05 9729.49 14.4663
9.67407e-06 9762.68 14.531
3.08463e-08 9762.68 14.531
-8.0693e-07 9764.29 14.5341
5.89064e-06 9770.05 14.5454
-6.53031e-07 9779.34 14.5636
-5.33129e-07 9779.59 14.564
6.09581e-06 9786.35 14.5773
-1.17408e-07 9786.35 14.5773
2.92771e-06 9800.44 14.6049
-1.06204e-07 9800.44 14.6049
-1.0404e-06 9803.85 14.6116
-6.72638e-07 9810.98 14.6255
-2.42939e-07 9819.92 14.6431
-3.37902e-05 9834.15 14.6711
-1.04871e-06 9837.14 14.6769
-7.54043e-07 9852.82 14.7078
-3.64112e-06 9881.12 14.7636
8.62591e-07 9889.4 14.78
-3.22567e-05 9917.42 14.8355
-5.28085e-07 9936.68 14.8738
3.70981e-05 9979.51 14.9591
6.21801e-07 9986.92 14.9739
-1.02989e-06 9999.67 14.9994
-2.05648e-06 10044 15.0882
2.0192e-06 10068.3 15.137
-2.53837e-06 10073.7 15.148
-3.63903e-06 10103.7 15.2085
3.69741e-05 10115 15.2314
-1.33822e-06 10122.7 15.2469
9.91903e-07 10125.5 15.2526
2.20357e-11 10134.1 15.27
2.55332e-12 10134.1 15.27
2.06335e-06 10136.8 15.2754
3.4745e-06 10160.8 15.3242
1.13477e-06 10197.2 15.3983
-3.7969e-06 10200.2 15.4044
2.3209e-05 10200.2 15.4044
-1.2452e-06 10203.1 15.4103
-2.26323e-06 10223 15.4509
-3.35915e-05 10239.7 15.4851
-2.93829e-06 10247.7 15.5015
-2.28892e-06 10260.4 15.5276
9.1743e-08 10267.4 15.5419
2.07806e-07 10280.8 15.5696
-1.32299e-05 10302.5 15.6142
2.24013e-06 10302.5 15.6142
2.59715e-06 10312 15.6338
1.38359e-06 10319.3 15.6488
2.12479e-06 10326.9 15.6646
-2.74253e-05 10352.7 15.7178
-3.05213e-06 10363.1 15.7393
3.4248e-06 10372.4 15.7586
5.35441e-06 10375.9 15.766
-8.10809e-06 10412.6 15.8422
2.52007e-06 10427.8 15.8739
1.05279e-05 10450.8 15.9219
-1.91886e-05 10453.4 15.9274
-7.86788e-06 10476.7 15.9761
-7.36034e-06 10486.9 15.9975
-2.69644e-06 10494.9 16.0143
-1.09891e-05 10502.5 16.0303
1.02932e-05 10519.1 16.0651
-2.66263e-06 10525.8 16.0793
-7.08048e-06 10530.5 16.0891
9.06181e-06 10532.5 16.0934
-9.75703e-06 10541.4 16.1121
2.23473e-06 10542.8 16.1151
2.3397e-06 10558.1 16.1475
9.04413e-07 10613.8 16.2652
1.07273e-07 10616.2 16.2703
8.67927e-06 10677.5 16.4009
-2.41339e-05 10723.7 16.4998
-1.51479e-05 10724.8 16.5022
1.58692e-06 10727.6 16.5081
1.58081e-05 10757.1 16.5716
-7.26373e-05 10792.9 16.6488
3.43832e-07 10811.3 16.6885
4.28695e-06 10835.3 16.7403
-6.6721e-06 10935.9 16.9594
8.29766e-06 11028.7 17.1631
8.8743e-06 11112.9 17.3498
8.3171e-06 11188.2 17.5176
-6.7575e-06 11254.1 17.6654
-4.52559e-06 11310 17.7917
2.11499e-06 11355.8 17.8955
1.40563e-07 11391 17.9755
-7.31174e-07 11414.8 18.0298
1.23339e-07 11434.8 18.0755
-3.5824e-05 11492.5 18.2078
-1.05155e-06 12032.6 19.4784
3.56282e-06 12032.6 19.4784
-2.23702e-06 12034.7 19.4835
7.90796e-06 12034.7 19.4835
3.44809e-06 12039.6 19.4952
1.29963e-05 12039.6 19.4952
4.41808e-06 12048.8 19.5174
-1.82077e-05 12048.8 19.5175
-4.86392e-06 12064.2 19.5544
2.2729e-05 12064.2 19.5544
-4.56768e-06 12087.1 19.6097
-2.57535e-05 12087.1 19.6097
-3.43401e-06 12118.7 19.6864
-2.66334e-05 12118.7 19.6864
1.52166e-06 12159.8 19.786
-2.49985e-05 12159.8 19.7861
9.58494e-07 12210.4 19.9094
2.08232e-05 12210.4 19.9094
3.68001e-06 12270.3 20.056
1.44317e-05 12270.3 20.056
-6.2631e-06 12338.7 20.2243
6.44463e-06 12338.7 20.2243
8.34775e-06 12414.5 20.412
2.3175e-06 12414.5 20.412
4.46575e-14 12463.3 20.5335
-9.6617e-06 12496.3 20.6157
-1.09553e-05 12496.3 20.6157
-1.00686e-05 12582.4 20.8317
-1.86163e-05 12582.4 20.8317
-9.5874e-06 12670.9 21.0553
2.46062e-05 12670.9 21.0553
8.37892e-06 12759.8 21.2812
-2.8468e-05 12759.8 21.2812
6.70476e-06 12846.7 21.5038
-3.002e-05 12846.7 21.5038
4.86792e-06 12929.3 21.7166
2.93465e-05 12929.3 21.7166
-1.46855e-06 12969.9 21.8218
-3.14954e-06 13005 21.9131
-2.67493e-05 13005 21.9131
-1.75659e-06 13071.5 22.0865
-2.26671e-05 13071.5 22.0865
7.91602e-07 13126.4 22.2303
-1.75809e-05 13126.4 22.2304
2.49291e-07 13167.5 22.3384
-1.19218e-05 13167.5 22.3384
3.58304e-08 13193 22.4055
-6.00272e-06 13193 22.4055
-3.19592e-06 13658.7 23.6561
-1.84836e-05 13658.7 23.6561
-6.81648e-13 13682.3 23.7206
-3.56102e-13 13682.3 23.7206
