5.45987e-06 31.8414 5.0001
-3.02746e-06 60.7428 5.00037
-3.32518e-06 64.108 5.00041
-4.1669e-06 80.3321 5.00065
-2.01239e-06 103.852 5.00108
1.7156e-05 116.093 5.00135
-1.59834e-05 125.478 5.00158
-1.76772e-05 146.353 5.00214
-5.68031e-06 156.524 5.00245
-2.10755e-05 179.183 5.00321
3.25825e-07 214.588 5.00461
2.65508e-05 245.699 5.00604
-1.15767e-05 250.745 5.00629
1.71901e-05 266.081 5.00708
-1.0247e-06 285.714 5.00816
-2.05498e-05 333.572 5.01113
-1.57617e-05 347.985 5.01211
-4.60406e-06 364.486 5.01329
8.8627e-06 380.008 5.01444
3.49776e-06 445.777 5.01987
-8.61927e-07 449.711 5.02022
-6.75003e-06 484.091 5.02344
1.26774e-05 498.428 5.02484
-7.27782e-06 529.528 5.02804
-1.93779e-06 543.448 5.02953
-4.28104e-07 615.213 5.03785
-6.82261e-06 631.873 5.03993
-7.79934e-06 639.452 5.04089
5.42287e-06 641.13 5.04111
-2.37952e-06 720.839 5.05196
7.23541e-06 747.822 5.05592
-1.5832e-06 757.605 5.0574
1.89596e-07 766.095 5.05869
-2.16067e-07 831.438 5.06913
-5.26097e-06 868.374 5.07541
5.30021e-06 893.297 5.0798
-3.72404e-06 896.553 5.08038
-2.42969e-07 967.931 5.09369
-5.02714e-06 995.761 5.09915
-6.73724e-06 1020.78 5.1042
-1.34785e-05 1027.03 5.10548
2.64965e-06 1095.42 5.11999
9.6969e-06 1118.32 5.12506
2.08023e-05 1145.14 5.13114
-3.66921e-06 1161.61 5.13493
1.11697e-05 1243.08 5.15452
3.68921e-06 1257.88 5.15823
-1.53512e-05 1273.98 5.1623
2.4873e-06 1298.29 5.16856
-1.26279e-05 1324.09 5.17532
1.37489e-06 1415.92 5.20048
-1.9358e-05 1420.06 5.20166
-5.88505e-06 1434.86 5.20588
3.572e-05 1518.5 5.23058
1.73383e-07 1570.54 5.24666
-2.6622e-05 1571.97 5.24711
1.21636e-05 1572.74 5.24735
4.52349e-06 1711.24 5.29283
-3.41569e-05 1712.68 5.29333
-3.49592e-06 1720.18 5.2959
-2.12828e-06 1731.96 5.29997
2.14712e-05 1845.03 5.34041
-2.28611e-05 1852.15 5.34305
6.17009e-06 1892.28 5.35807
2.87329e-06 1897.39 5.36001
2.01473e-05 1970.28 5.3882
1.30149e-05 1986.89 5.39477
8.4997e-06 2054.02 5.4219
2.58723e-06 2066.78 5.42716
-1.54759e-06 2122.11 5.45033
1.94271e-05 2153.31 5.46368
3.10133e-06 2220.8 5.4932
6.96198e-06 2233.03 5.49864
-1.55271e-07 2255.15 5.50857
-8.266e-06 2279.25 5.5195
7.72897e-06 2372 5.56264
5.23736e-07 2381.85 5.56732
3.20498e-06 2385.06 5.56885
5.11231e-06 2443.51 5.59708
-7.05756e-06 2483.4 5.61673
-6.61364e-06 2484.1 5.61708
-1.82041e-06 2504.92 5.62746
4.86732e-06 2592.95 5.67234
-5.18322e-07 2620.81 5.68686
-1.9625e-07 2718.27 5.7389
1.13414e-05 2770.83 5.76775
1.33979e-07 2796.78 5.7822
-6.10711e-07 2817.13 5.79362
7.25508e-07 2820.96 5.79578
-5.58774e-06 2834.54 5.80346
2.74947e-06 2835.44 5.80397
6.15757e-06 2853.18 5.81406
9.53806e-06 2856.38 5.81589
3.02349e-06 2857.74 5.81667
1.11432e-05 2884.41 5.83198
8.83418e-06 2888.01 5.83406
1.74133e-06 2892.07 5.83641
-7.95834e-06 2926.33 5.85634
5.28768e-06 2927.16 5.85683
-2.12606e-05 2928.95 5.85788
-1.64261e-06 2967.31 5.88049
-1.01553e-05 2972.97 5.88386
-1.16172e-05 2978.65 5.88723
-1.31375e-05 3034.06 5.92055
-6.06887e-06 3036.69 5.92215
1.79049e-05 3077.38 5.94703
-9.90661e-06 3098.68 5.96018
2.58741e-06 3100.87 5.96154
1.47362e-07 3169.52 6.00459
2.23387e-06 3172.07 6.00621
1.75088e-05 3215.58 6.034
1.87126e-06 3240.61 6.05016
6.11805e-06 3244.79 6.05286
-1.46516e-05 3321.48 6.10322
7.45189e-06 3325.47 6.10587
-8.12155e-07 3326.01 6.10624
-1.18434e-05 3354.43 6.12522
5.30004e-06 3356.59 6.12667
-3.72107e-06 3427.72 6.17493
1.1684e-05 3430.28 6.17669
-1.71523e-07 3473.91 6.2068
1.88877e-05 3474.76 6.2074
3.71678e-06 3561.52 6.26844
-5.5263e-06 3562.03 6.26881
-1.97828e-05 3593.69 6.29146
-2.42406e-06 3594.34 6.29193
-1.53406e-05 3710.63 6.37688
3.53176e-06 3710.72 6.37694
-6.8531e-06 3719.95 6.3838
-6.20742e-06 3720.69 6.38436
3.51969e-05 3747.22 6.40416
2.64291e-07 3810.42 6.45193
-1.1961e-05 3833.78 6.46979
-2.74091e-06 3834.29 6.47018
-7.16593e-06 3874.11 6.50088
3.40973e-06 3874.72 6.50135
1.12898e-05 3921.8 6.53806
4.09482e-06 3924.08 6.53984
9.99073e-06 3926.02 6.54136
-6.51796e-06 3928.04 6.54295
-7.63168e-06 3932.88 6.54675
-9.80769e-06 3936.76 6.54981
-4.12416e-07 3941.14 6.55326
-1.39967e-05 3945.1 6.55638
1.00553e-05 3951.24 6.56123
5.40413e-06 3961.08 6.56902
1.51236e-06 3961.47 6.56932
1.57802e-05 3964.53 6.57175
-4.21807e-06 3971.69 6.57743
-5.34228e-07 3979.3 6.58348
-2.0207e-06 3980.42 6.58438
4.64961e-06 3984.01 6.58724
1.56978e-05 3984.25 6.58743
4.45801e-06 3987.25 6.58982
5.31019e-06 3992.61 6.5941
-5.61399e-06 3998.32 6.59865
1.17053e-06 4005.1 6.60409
-4.70085e-06 4006.21 6.60497
4.85683e-06 4006.42 6.60514
-1.54884e-05 4007.62 6.6061
-3.2325e-06 4014.33 6.61148
5.28754e-06 4022.2 6.61781
2.73422e-06 4033.85 6.6272
1.32888e-05 4035.64 6.62864
1.12514e-06 4044.95 6.63616
-5.4986e-06 4056.73 6.64571
-5.65365e-05 4060.91 6.6491
1.03031e-05 4066.41 6.65357
-4.50544e-06 4069.34 6.65595
3.59178e-06 4082.06 6.66632
-1.01453e-06 4082.19 6.66643
-9.24974e-06 4082.43 6.66662
1.12822e-05 4094.93 6.67684
1.12522e-05 4099.02 6.6802
1.61205e-05 4099.46 6.68056
6.51084e-07 4105.95 6.68588
-5.25487e-07 4106.37 6.68623
-1.41916e-05 4109.45 6.68876
-1.30672e-05 4116.3 6.69439
1.41814e-05 4122.3 6.69933
-8.22996e-06 4134.67 6.70955
1.54764e-05 4135.37 6.71013
2.49754e-05 4139.01 6.71314
-1.38581e-05 4147.32 6.72003
2.85444e-06 4151.25 6.72329
6.22481e-06 4151.54 6.72353
1.29748e-05 4157.97 6.72887
-9.51268e-06 4167.12 6.73649
2.67121e-05 4171.43 6.74009
-2.44466e-05 4173.23 6.74159
5.6875e-06 4173.93 6.74217
3.34743e-06 4178.21 6.74575
-1.87365e-05 4209.75 6.7722
-7.09786e-06 4210.08 6.77248
1.11037e-05 4210.14 6.77253
-4.38878e-05 4214.77 6.77643
-2.77729e-06 4248.6 6.80506
1.82132e-06 4260.11 6.81485
3.08163e-06 4260.18 6.81492
-4.93118e-05 4263.25 6.81753
6.76027e-08 4272.29 6.82524
-1.00178e-05 4286.26 6.83721
-3.55912e-05 4310.35 6.85791
4.2407e-05 4327.19 6.87246
5.57191e-06 4341.86 6.88517
-1.10826e-05 4342.42 6.88566
-1.2059e-07 4364.02 6.90447
-1.84939e-05 4376.44 6.91532
-5.46378e-05 4384.82 6.92267
-5.91337e-05 4448.44 6.97886
-6.28814e-06 4481.3 7.0082
1.71854e-07 4504.61 7.02916
4.48827e-07 4504.62 7.02916
8.10074e-07 4509.47 7.03353
-9.9119e-07 4509.64 7.03369
-5.57547e-05 4516.65 7.04001
-1.31895e-06 4519.15 7.04227
-1.92625e-06 4519.19 7.04231
-1.8633e-07 4533.14 7.05493
4.73728e-07 4533.25 7.05504
3.00765e-08 4552.56 7.07258
-3.83463e-07 4552.6 7.07262
-1.52267e-06 4574.17 7.0923
-1.24796e-06 4574.27 7.09239
-3.29011e-06 4579.41 7.0971
6.58904e-06 4579.53 7.09721
-4.82771e-05 4588.15 7.10511
1.18495e-06 4590.61 7.10738
-2.93668e-07 4590.81 7.10756
2.78064e-06 4604.95 7.12056
5.81218e-07 4605.15 7.12074
1.81313e-05 4619.65 7.13411
-8.19814e-07 4637.99 7.15109
-9.4283e-07 4638.11 7.15121
-4.74725e-06 4650.54 7.16275
-1.26316e-05 4650.6 7.16281
-3.61639e-05 4661.65 7.1731
-8.11614e-07 4665.6 7.17679
5.77059e-07 4665.72 7.17689
1.97685e-06 4679.85 7.1901
2.52472e-06 4679.88 7.19013
2.57149e-06 4708.98 7.21745
-5.68828e-06 4709.18 7.21764
-1.32065e-05 4724.98 7.23255
7.37391e-07 4725.07 7.23263
2.01382e-05 4736.26 7.24321
-1.59864e-06 4744.29 7.25083
4.14136e-07 4744.63 7.25115
-2.7333e-05 4749.82 7.25608
-3.83294e-06 4752.2 7.25834
-2.46188e-06 4752.24 7.25838
-2.97752e-06 4780.11 7.28495
-3.96904e-07 4780.12 7.28496
1.9718e-06 4782.01 7.28676
1.13183e-05 4782.18 7.28693
5.02659e-07 4804.04 7.30788
1.7778e-08 4804.18 7.30802
-2.32407e-06 4807.9 7.31159
-1.03329e-06 4807.92 7.31162
1.5034e-06 4811.09 7.31466
6.63787e-06 4815.13 7.31855
-4.32154e-07 4815.27 7.31868
-1.02747e-06 4823.97 7.32707
7.28606e-06 4824.01 7.32711
3.20044e-05 4868.55 7.37028
-1.78904e-05 4885.25 7.38657
1.63691e-07 4899.07 7.40009
5.23174e-08 4899.08 7.4001
-2.02239e-05 4913.69 7.41443
1.21836e-06 4913.76 7.4145
-3.61537e-05 4958.05 7.45823
-3.21885e-05 4972.15 7.47223
-5.05168e-05 5028.49 7.52857
2.97025e-05 5057.27 7.5576
5.93439e-05 5095.58 7.59649
2.55953e-05 5123.13 7.62465
6.22083e-05 5158.09 7.66059
2.08797e-05 5170.58 7.67349
1.56889e-05 5202.93 7.70704
-5.96558e-05 5214.71 7.71932
1.02436e-05 5223.95 7.72896
-4.78108e-06 5237.16 7.74278
-3.50346e-08 5245.37 7.75139
-2.99834e-06 5250.54 7.75682
-4.91341e-06 5253.85 7.76029
5.86311e-06 5256.3 7.76287
-6.54009e-06 5258.33 7.765
-6.46456e-06 5260.21 7.76699
-6.57553e-06 5262.13 7.769
8.68601e-06 5263.81 7.77077
-5.28104e-05 5264.18 7.77116
-4.32939e-06 5265.24 7.77228
2.78707e-06 5266.12 7.7732
-4.40227e-05 5305.38 7.81471
3.36562e-05 5337.72 7.84912
3.70391e-08 5354.27 7.86682
-2.27037e-05 5360.88 7.87391
1.14898e-05 5374.83 7.88888
-2.02314e-06 5390.56 7.90582
1.58072e-08 5420.29 7.93795
6.94063e-05 5589.08 8.12378
-4.03861e-09 5911.42 8.49449
-1.68924e-09 5911.43 8.4945
3.4993e-07 5917.21 8.50134
2.00842e-05 5917.21 8.50134
1.20979e-06 6112.79 8.73662
2.48709e-06 6118.87 8.74406
-3.83777e-06 6130.95 8.75886
-5.34925e-06 6151.66 8.7843
7.13492e-06 6184.18 8.82441
-9.43151e-06 6231.38 8.88301
1.25496e-05 6294.6 8.96221
4.16357e-06 6310.71 8.98251
3.33923e-06 6310.71 8.98251
3.99787e-06 6325.5 9.0012
-8.95818e-06 6325.5 9.0012
1.24938e-05 6347.74 9.02938
3.1632e-06 6347.74 9.02939
-1.67584e-05 6372.41 9.06076
1.14992e-05 6376.55 9.06605
8.81105e-06 6376.56 9.06605
-2.23863e-06 6413.89 9.1138
1.44165e-05 6413.89 9.1138
-2.2416e-05 6460.07 9.17325
-1.2959e-05 6464.43 9.17888
-1.64444e-06 6464.43 9.17889
2.62384e-06 6533.81 9.26907
9.65699e-06 6533.81 9.26907
3.01612e-05 6550.23 9.29055
1.53475e-06 6626.06 9.39046
-5.95856e-06 6626.06 9.39047
-4.1951e-05 6633.77 9.40069
-6.02088e-05 6697.03 9.48503
1.87425e-05 6705.12 9.49587
1.38266e-06 6721.09 9.51731
-4.93777e-05 6727.03 9.52529
-1.26639e-06 6741.4 9.54465
-2.30068e-06 6741.4 9.54465
-3.32533e-05 6756.11 9.56451
3.72946e-05 6759.21 9.5687
-1.21598e-05 6792.96 9.61443
-3.44433e-05 6795.55 9.61795
-2.25291e-05 6826.85 9.66059
8.84928e-06 6827.2 9.66107
1.15189e-05 6849.28 9.69127
3.6788e-06 6849.67 9.69181
2.49843e-07 6875.44 9.72717
-2.17289e-07 6875.44 9.72718
-2.26378e-07 7020.17 9.92827
-4.25952e-07 7020.17 9.92828
2.65233e-08 7165.95 10.1351
-1.77667e-07 7165.95 10.1351
-7.11472e-12 7269.06 10.2839
9.44382e-08 7303.57 10.3342
-5.40736e-07 7303.57 10.3342
4.5694e-05 7402.62 10.4799
5.08869e-07 7425.86 10.5143
-9.38035e-07 7425.86 10.5143
-9.12458e-07 7528.75 10.6682
-5.6677e-07 7528.75 10.6682
-1.09662e-05 7606.31 10.7856
-2.13184e-05 7608.46 10.7889
-6.25978e-07 7611.48 10.7935
6.21844e-08 7611.48 10.7935
-3.04726e-05 7612.08 10.7944
-3.79075e-05 7617.21 10.8022
4.31917e-05 7623.92 10.8124
4.60052e-05 7632.3 10.8252
4.61634e-05 7642.44 10.8407
4.36244e-05 7654.48 10.8591
3.8503e-05 7668.55 10.8807
-1.39378e-08 7675.8 10.8918
-1.08398e-09 7675.8 10.8918
-3.1067e-05 7684.8 10.9056
-2.17297e-05 7703.41 10.9343
-1.10359e-05 7724.53 10.9668
-6.1836e-07 7724.66 10.967
7.62223e-09 7724.66 10.967
3.61977e-07 7748.31 11.0036
-1.04504e-06 7761.13 11.0235
-1.334e-08 7761.13 11.0235
-1.17368e-05 7774.87 11.0449
-1.25019e-06 7787.88 11.0651
1.27991e-08 7787.88 11.0651
2.23276e-05 7804.26 11.0907
-1.2419e-06 7806.96 11.0949
-2.99197e-09 7806.96 11.0949
1.03013e-06 7819.82 11.115
1.16415e-08 7819.82 11.115
-6.05168e-07 7827.33 11.1267
-1.0714e-08 7827.33 11.1267
3.13848e-05 7836.42 11.141
5.19807e-06 7849.16 11.1609
7.9088e-08 7849.17 11.1609
3.82282e-05 7871.12 11.1955
4.23017e-05 7907.86 11.2534
-4.3231e-05 7945.78 11.3135
4.08696e-05 7983.51 11.3736
-2.43703e-08 7990.77 11.3852
-9.01895e-06 7990.78 11.3853
1.00696e-07 7996.11 11.3938
-1.94954e-05 7996.12 11.3938
1.30551e-09 8007.36 11.4118
-3.10167e-05 8007.36 11.4118
-3.53186e-05 8019.08 11.4306
1.27893e-07 8026.34 11.4422
-4.20104e-05 8026.35 11.4422
-2.68863e-05 8049.83 11.48
-8.65954e-10 8053.9 11.4865
-5.08395e-05 8053.9 11.4865
-1.5811e-05 8072.56 11.5166
-2.97648e-08 8089.71 11.5443
-5.6287e-05 8089.71 11.5443
1.43389e-06 8090.94 11.5463
7.97912e-08 8132.68 11.6141
5.77229e-05 8132.68 11.6141
-3.64571e-08 8181.53 11.6937
5.50231e-05 8181.53 11.6937
-1.21609e-10 8190.5 11.7084
-9.03584e-09 8235.36 11.7821
4.8321e-05 8235.36 11.7821
-2.87841e-10 8239.82 11.7895
3.49533e-08 8294.08 11.8792
-3.77789e-05 8294.08 11.8792
-6.19606e-11 8319.2 11.9209
-5.73169e-08 8358.49 11.9864
2.36677e-05 8358.5 11.9864
4.00913e-10 8424.84 12.0978
4.56783e-09 8430.1 12.1067
-6.80185e-06 8430.1 12.1067
4.5528e-09 8510.25 12.2424
-1.14798e-05 8510.25 12.2424
5.12821e-06 8544.89 12.3015
-5.78275e-10 8552.22 12.314
-9.94753e-06 8556.37 12.3211
-8.1951e-06 8565.03 12.336
1.83109e-09 8565.03 12.336
-1.41521e-05 8575.8 12.3544
-1.12782e-05 8577.06 12.3566
3.94466e-09 8577.06 12.3566
-2.74349e-05 8592.61 12.3833
-3.27352e-08 8592.61 12.3833
1.7463e-05 8603.42 12.4019
-1.10694e-05 8605.55 12.4056
2.14479e-09 8605.55 12.4056
1.06812e-05 8630.05 12.4478
-2.71325e-09 8630.05 12.4478
-1.96718e-05 8639.29 12.4637
1.50514e-05 8664.71 12.5077
-4.46313e-10 8664.71 12.5077
-2.06806e-05 8683.18 12.5398
-4.11468e-09 8696.5 12.5629
-2.22569e-05 8702.42 12.5732
-2.15086e-09 8702.42 12.5732
1.28383e-05 8714.12 12.5936
5.57906e-09 8714.12 12.5936
-2.05194e-05 8734.42 12.629
9.17568e-06 8734.88 12.6298
-3.18309e-11 8740.36 12.6394
1.83265e-05 8762.37 12.6779
8.70099e-10 8762.37 12.6779
-1.9333e-05 8792.02 12.73
-3.48702e-07 8803.66 12.7505
1.36639e-05 8803.66 12.7505
5.26983e-05 8823.46 12.7853
-4.12228e-07 8823.46 12.7853
-2.29259e-09 8852.94 12.8375
-1.73462e-05 8854.71 12.8406
2.36995e-05 8872.4 12.872
-6.45628e-11 8872.41 12.872
2.10542e-08 8915.86 12.9493
5.71658e-05 8915.86 12.9493
1.4823e-05 8921.03 12.9585
2.24361e-06 8941.83 12.9956
3.46088e-08 8941.83 12.9956
-1.20285e-05 8989.48 13.0811
-3.10685e-08 8998.04 13.0965
-3.03951e-05 8998.04 13.0965
2.2314e-10 9017.13 13.1309
-7.09485e-09 9031.77 13.1573
3.05737e-05 9031.77 13.1573
-9.20061e-06 9058.57 13.2058
-4.22028e-11 9073.47 13.2328
-1.00272e-06 9073.47 13.2328
-1.35452e-05 9094.52 13.271
1.56878e-09 9125.48 13.3274
-3.18487e-05 9125.48 13.3274
-6.53335e-06 9126.92 13.3301
1.25292e-09 9149.55 13.3714
2.525e-05 9149.55 13.3714
-1.46387e-10 9185.13 13.4367
-4.1692e-06 9193.27 13.4516
1.22988e-09 9210.1 13.4826
2.95349e-05 9210.11 13.4826
8.65399e-10 9224.78 13.5097
4.59217e-05 9224.78 13.5097
2.19831e-06 9256.51 13.5683
5.96445e-10 9282.09 13.6157
3.56967e-05 9282.1 13.6157
4.40415e-09 9295.97 13.6415
5.45703e-05 9295.98 13.6415
6.63008e-07 9315.66 13.6782
-1.83994e-09 9338.18 13.7202
4.44601e-05 9338.18 13.7202
-6.76208e-11 9353.5 13.7488
-1.47082e-09 9357.06 13.7555
4.16773e-05 9357.06 13.7555
-4.3495e-07 9369.9 13.7795
-7.85513e-09 9374.46 13.7881
4.81868e-05 9374.47 13.7881
-1.73534e-09 9411.01 13.8567
5.33414e-05 9411.01 13.8567
-1.12515e-06 9418.51 13.8708
-1.45867e-06 9460.87 13.9508
-2.50036e-08 9461.67 13.9523
-4.4495e-05 9461.67 13.9523
2.0236e-06 9478.08 13.9834
-1.4984e-06 9496.44 14.0182
1.66121e-11 9519.34 14.0618
-3.44808e-06 9519.61 14.0623
-9.99559e-10 9520.94 14.0648
2.68858e-05 9520.94 14.0648
1.31101e-06 9524.73 14.0721
-3.67402e-06 9531.63 14.0852
-9.60418e-07 9545.31 14.1113
7.00233e-06 9549.15 14.1186
-5.05563e-07 9557.83 14.1352
-9.67105e-06 9577.47 14.1728
3.17489e-10 9580.9 14.1794
-9.75521e-06 9580.9 14.1794
-3.88507e-06 9585.05 14.1873
1.14186e-05 9615.29 14.2454
-5.10736e-10 9637.2 14.2876
2.62954e-06 9637.2 14.2876
1.21023e-05 9660.88 14.3333
-3.2796e-06 9670.01 14.3509
-2.80505e-11 9680.22 14.3707
5.16481e-09 9687.31 14.3844
-9.84742e-06 9687.31 14.3844
-1.17597e-05 9711.88 14.4321
1.3941e-11 9727.84 14.4631
4.73169e-09 9729.49 14.4663
1.26529e-05 9729.49 14.4663
1.20867e-05 9762.68 14.531
1.3038e-09 9762.68 14.531
-1.17875e-05 9764.29 14.5341
-1.82277e-06 9770.05 14.5454
8.08001e-06 9779.34 14.5636
3.77175e-06 9779.59 14.564
9.19364e-06 9786.35 14.5773
9.61158e-09 9786.35 14.5773
4.90897e-06 9800.44 14.6049
1.6776e-10 9800.44 14.6049
1.70179e-05 9803.85 14.6116
1.16065e-05 9810.98 14.6255
2.54059e-06 9819.92 14.6431
2.76781e-11 9834.15 14.6711
1.07951e-05 9837.14 14.6769
1.90029e-05 9852.82 14.7078
-1.1692e-07 9881.12 14.7636
-3.14325e-05 9889.4 14.78
-3.65557e-06 9917.42 14.8355
3.58559e-05 9936.68 14.8738
2.885e-11 9979.51 14.9591
2.83726e-05 9986.92 14.9739
-2.13054e-06 9999.67 14.9994
-1.5764e-05 10044 15.0882
-1.89925e-05 10068.3 15.137
2.13684e-05 10073.7 15.148
8.67609e-06 10103.7 15.2085
1.79707e-12 10115 15.2314
3.85853e-06 10122.7 15.2469
-3.31134e-05 10125.5 15.2526
-1.25876e-11 10134.1 15.27
5.0369e-13 10134.1 15.27
-2.43794e-05 10136.8 15.2754
-1.83334e-05 10160.8 15.3242
-4.02997e-05 10197.2 15.3983
1.9219e-11 10200.2 15.4044
1.13486e-05 10200.2 15.4044
6.32811e-06 10203.1 15.4103
1.65994e-05 10223 15.4509
-8.33997e-12 10239.7 15.4851
5.05644e-06 10247.7 15.5015
2.29105e-05 10260.4 15.5276
3.65822e-05 10267.4 15.5419
2.88473e-06 10280.8 15.5696
-2.46384e-11 10302.5 15.6142
-2.72014e-06 10302.5 15.6142
-4.51385e-06 10312 15.6338
-1.51864e-05 10319.3 15.6488
2.36924e-05 10326.9 15.6646
5.37964e-12 10352.7 15.7178
-1.85067e-05 10363.1 15.7393
-5.59005e-06 10372.4 15.7586
-9.89869e-06 10375.9 15.766
-5.51523e-06 10412.6 15.8422
-3.72488e-05 10427.8 15.8739
-1.22834e-05 10450.8 15.9219
4.47446e-12 10453.4 15.9274
-1.48289e-05 10476.7 15.9761
3.50214e-05 10486.9 15.9975
5.46091e-06 10494.9 16.0143
5.66956e-06 10502.5 16.0303
-4.37465e-06 10519.1 16.0651
-1.83262e-05 10525.8 16.0793
1.93303e-05 10530.5 16.0891
-1.17688e-05 10532.5 16.0934
4.44347e-12 10541.4 16.1121
-1.07808e-05 10542.8 16.1151
-1.50611e-05 10558.1 16.1475
-4.77135e-06 10613.8 16.2652
-7.08086e-12 10616.2 16.2703
-3.80278e-12 10677.5 16.4009
4.84614e-06 10723.7 16.4998
-5.02294e-12 10724.8 16.5022
3.68962e-06 10727.6 16.5081
-6.46031e-12 10757.1 16.5716
4.92341e-12 10792.9 16.6488
4.2161e-12 10811.3 16.6885
2.4132e-06 10835.3 16.7403
-1.1348e-06 10935.9 16.9594
1.2442e-08 11028.7 17.1631
-8.4672e-07 11112.9 17.3498
-1.39263e-06 11188.2 17.5176
1.62817e-06 11254.1 17.6654
1.59744e-06 11310 17.7917
-1.36877e-06 11355.8 17.8955
-1.01357e-06 11391 17.9755
-5.76477e-07 11414.8 18.0298
4.0738e-08 11434.8 18.0755
-1.52946e-06 11492.5 18.2078
1.32946e-12 12032.6 19.4784
2.4826e-08 12032.6 19.4784
-1.08735e-12 12034.7 19.4835
1.6716e-08 12034.7 19.4835
2.03901e-14 12039.6 19.4952
-4.54384e-08 12039.6 19.4952
7.98482e-13 12048.8 19.5174
1.54352e-07 12048.8 19.5175
-1.52627e-12 12064.2 19.5544
-2.65816e-07 12064.2 19.5544
2.32561e-13 12087.1 19.6097
3.13504e-07 12087.1 19.6097
8.2307e-13 12118.7 19.6864
2.39308e-07 12118.7 19.6864
6.56248e-13 12159.8 19.786
2.28105e-08 12159.8 19.7861
-7.62518e-13 12210.4 19.9094
3.05829e-07 12210.4 19.9094
3.17098e-13 12270.3 20.056
6.75152e-07 12270.3 20.056
8.39055e-13 12338.7 20.2243
9.97549e-07 12338.7 20.2243
3.8252e-13 12414.5 20.412
-1.19797e-06 12414.5 20.412
1.46717e-13 12463.3 20.5335
-8.39347e-13 12496.3 20.6157
1.23495e-06 12496.3 20.6157
3.9738e-13 12582.4 20.8317
1.10829e-06 12582.4 20.8317
8.54552e-13 12670.9 21.0553
-8.53815e-07 12670.9 21.0553
1.78162e-12 12759.8 21.2812
5.29564e-07 12759.8 21.2812
5.63531e-13 12846.7 21.5038
1.99124e-07 12846.7 21.5038
1.09257e-14 12929.3 21.7166
8.28583e-08 12929.3 21.7166
6.30899e-08 12969.9 21.8218
-4.3266e-13 13005 21.9131
-2.79882e-07 13005 21.9131
-4.3163e-13 13071.5 22.0865
-3.76624e-07 13071.5 22.0865
5.48531e-13 13126.4 22.2303
-3.76674e-07 13126.4 22.2304
-1.102e-12 13167.5 22.3384
-2.97122e-07 13167.5 22.3384
8.034e-15 13193 22.4055
-1.62466e-07 13193 22.4055
2.45743e-13 13658.7 23.6561
9.22095e-07 13658.7 23.6561
-9.7795e-14 13682.3 23.7206
-4.51757e-14 13682.3 23.7206
