6.5692e-06 31.8414 5.0001
-2.10404e-06 60.7428 5.00037
-1.55361e-06 64.108 5.00041
-3.71814e-06 80.3321 5.00065
1.13394e-07 103.852 5.00108
1.58528e-05 116.093 5.00135
-1.55084e-05 125.478 5.00158
-1.95975e-05 146.353 5.00214
-3.85809e-06 156.524 5.00245
-2.00722e-05 179.183 5.00321
4.55502e-06 214.588 5.00461
2.32015e-05 245.699 5.00604
-1.12062e-05 250.745 5.00629
1.40706e-05 266.081 5.00708
4.73959e-06 285.714 5.00816
-1.55268e-05 333.572 5.01113
-1.36437e-05 347.985 5.01211
-8.13102e-06 364.486 5.01329
7.02461e-06 380.008 5.01444
1.58656e-06 445.777 5.01987
-4.51784e-06 449.711 5.02022
-1.85032e-06 484.091 5.02344
7.32399e-06 498.428 5.02484
-3.76759e-06 529.528 5.02804
5.12569e-07 543.448 5.02953
-2.35625e-06 615.213 5.03785
-2.27591e-06 631.873 5.03993
-6.4519e-07 639.452 5.04089
8.57218e-07 641.13 5.04111
-6.70929e-06 720.839 5.05196
-5.21018e-06 747.822 5.05592
1.9023e-06 757.605 5.0574
-2.4477e-07 766.095 5.05869
8.74785e-08 831.438 5.06913
6.26892e-06 868.374 5.07541
1.11484e-05 893.297 5.0798
-6.25564e-06 896.553 5.08038
-3.85767e-07 967.931 5.09369
7.6331e-06 995.761 5.09915
-8.77197e-06 1020.78 5.1042
-1.35038e-05 1027.03 5.10548
-6.71979e-06 1095.42 5.11999
2.42706e-06 1118.32 5.12506
1.73834e-05 1145.14 5.13114
-1.32869e-06 1161.61 5.13493
6.75963e-06 1243.08 5.15452
4.43038e-06 1257.88 5.15823
-2.94093e-06 1273.98 5.1623
1.29243e-06 1298.29 5.16856
-8.28041e-06 1324.09 5.17532
-1.68062e-07 1415.92 5.20048
-7.8748e-06 1420.06 5.20166
-2.49101e-06 1434.86 5.20588
1.27261e-05 1518.5 5.23058
2.19649e-06 1570.54 5.24666
-1.20191e-05 1571.97 5.24711
4.03747e-06 1572.74 5.24735
2.33926e-06 1711.24 5.29283
-1.30495e-05 1712.68 5.29333
5.79623e-06 1720.18 5.2959
-1.24757e-06 1731.96 5.29997
1.37507e-05 1845.03 5.34041
-1.28792e-05 1852.15 5.34305
-6.68658e-06 1892.28 5.35807
-8.33169e-06 1897.39 5.36001
1.50963e-05 1970.28 5.3882
1.02493e-05 1986.89 5.39477
-3.13631e-07 2054.02 5.4219
-9.74937e-06 2066.78 5.42716
-7.43603e-07 2122.11 5.45033
2.03857e-05 2153.31 5.46368
7.40509e-06 2220.8 5.4932
-4.30527e-06 2233.03 5.49864
-2.45903e-06 2255.15 5.50857
-2.0003e-05 2279.25 5.5195
6.58512e-08 2372 5.56264
4.14597e-07 2381.85 5.56732
4.58916e-06 2385.06 5.56885
2.43468e-05 2443.51 5.59708
-5.01791e-06 2483.4 5.61673
-1.06802e-05 2484.1 5.61708
1.53367e-06 2504.92 5.62746
-2.11317e-05 2592.95 5.67234
2.73827e-06 2620.81 5.68686
6.70466e-07 2718.27 5.7389
-1.49913e-05 2770.83 5.76775
-1.16005e-06 2796.78 5.7822
5.36132e-07 2817.13 5.79362
7.16274e-07 2820.96 5.79578
-3.98867e-06 2834.54 5.80346
1.67863e-05 2835.44 5.80397
2.61564e-05 2853.18 5.81406
8.63642e-06 2856.38 5.81589
1.08293e-06 2857.74 5.81667
3.11032e-06 2884.41 5.83198
3.03576e-05 2888.01 5.83406
1.50334e-07 2892.07 5.83641
1.9753e-05 2926.33 5.85634
-2.5971e-06 2927.16 5.85683
-1.67262e-05 2928.95 5.85788
-2.5295e-06 2967.31 5.88049
-1.3522e-05 2972.97 5.88386
7.42446e-08 2978.65 5.88723
-1.37334e-06 3034.06 5.92055
6.11974e-07 3036.69 5.92215
2.95953e-06 3077.38 5.94703
7.39345e-06 3098.68 5.96018
-1.35473e-05 3100.87 5.96154
-1.69247e-05 3169.52 6.00459
-1.92034e-05 3172.07 6.00621
7.44275e-06 3215.58 6.034
1.79407e-05 3240.61 6.05016
1.83192e-05 3244.79 6.05286
-1.01991e-05 3321.48 6.10322
9.91297e-06 3325.47 6.10587
-1.55845e-05 3326.01 6.10624
1.15585e-05 3354.43 6.12522
5.87783e-06 3356.59 6.12667
7.63781e-06 3427.72 6.17493
1.49206e-05 3430.28 6.17669
1.4766e-05 3473.91 6.2068
-1.52938e-05 3474.76 6.2074
-2.34265e-06 3561.52 6.26844
-1.70348e-05 3562.03 6.26881
2.1041e-05 3593.69 6.29146
-1.64771e-05 3594.34 6.29193
8.98433e-06 3710.63 6.37688
-1.37915e-05 3710.72 6.37694
1.39749e-06 3719.95 6.3838
2.99433e-05 3720.69 6.38436
3.50816e-05 3747.22 6.40416
-3.64831e-08 3810.42 6.45193
1.66093e-05 3833.78 6.46979
-1.04837e-05 3834.29 6.47018
6.06631e-06 3874.11 6.50088
-1.95865e-05 3874.72 6.50135
-3.73691e-06 3921.8 6.53806
4.90037e-06 3924.08 6.53984
1.08011e-07 3926.02 6.54136
-4.38552e-06 3928.04 6.54295
-3.68441e-06 3932.88 6.54675
-7.23486e-06 3936.76 6.54981
3.2028e-06 3941.14 6.55326
-1.4357e-05 3945.1 6.55638
1.33859e-05 3951.24 6.56123
-1.06908e-05 3961.08 6.56902
3.74038e-06 3961.47 6.56932
2.24152e-05 3964.53 6.57175
7.66161e-07 3971.69 6.57743
3.89454e-07 3979.3 6.58348
7.72538e-07 3980.42 6.58438
3.15183e-06 3984.01 6.58724
2.61138e-05 3984.25 6.58743
8.31385e-07 3987.25 6.58982
1.69694e-06 3992.61 6.5941
-2.54073e-06 3998.32 6.59865
1.58236e-05 4005.1 6.60409
1.22492e-06 4006.21 6.60497
-1.95575e-06 4006.42 6.60514
-2.40909e-05 4007.62 6.6061
2.43252e-06 4014.33 6.61148
3.11194e-06 4022.2 6.61781
1.9434e-06 4033.85 6.6272
2.52858e-05 4035.64 6.62864
1.08232e-06 4044.95 6.63616
-3.44824e-06 4056.73 6.64571
-8.4313e-05 4060.91 6.6491
2.04553e-05 4066.41 6.65357
2.4427e-06 4069.34 6.65595
1.4624e-06 4082.06 6.66632
-5.49836e-06 4082.19 6.66643
9.10728e-08 4082.43 6.66662
3.48268e-07 4094.93 6.67684
9.63049e-06 4099.02 6.6802
2.88868e-05 4099.46 6.68056
1.03866e-06 4105.95 6.68588
-9.44171e-07 4106.37 6.68623
2.90461e-08 4109.45 6.68876
-9.34704e-07 4116.3 6.69439
-8.42297e-07 4122.3 6.69933
7.63433e-07 4134.67 6.70955
1.19761e-07 4135.37 6.71013
4.76707e-06 4139.01 6.71314
1.50191e-07 4147.32 6.72003
5.11631e-07 4151.25 6.72329
-5.04423e-07 4151.54 6.72353
3.35778e-07 4157.97 6.72887
-4.57005e-08 4167.12 6.73649
1.21144e-05 4171.43 6.74009
-3.20621e-06 4173.23 6.74159
-1.18575e-07 4173.93 6.74217
3.20387e-08 4178.21 6.74575
-2.78519e-05 4209.75 6.7722
-4.59477e-06 4210.08 6.77248
-2.9577e-06 4210.14 6.77253
-1.89014e-05 4214.77 6.77643
-1.53937e-05 4248.6 6.80506
1.74909e-05 4260.11 6.81485
-4.56932e-05 4260.18 6.81492
-3.21687e-05 4263.25 6.81753
5.74126e-08 4272.29 6.82524
6.12605e-06 4286.26 6.83721
-3.5811e-05 4310.35 6.85791
2.91127e-05 4327.19 6.87246
3.21607e-06 4341.86 6.88517
-1.69735e-05 4342.42 6.88566
-4.20688e-06 4364.02 6.90447
-1.98804e-05 4376.44 6.91532
-5.55688e-05 4384.82 6.92267
-7.46802e-05 4448.44 6.97886
-1.69107e-05 4481.3 7.0082
1.63416e-07 4504.61 7.02916
1.7025e-07 4504.62 7.02916
2.13357e-06 4509.47 7.03353
-1.11534e-06 4509.64 7.03369
-8.10235e-05 4516.65 7.04001
-2.61607e-06 4519.15 7.04227
-1.2729e-06 4519.19 7.04231
-1.15529e-07 4533.14 7.05493
3.59521e-06 4533.25 7.05504
-3.28203e-06 4552.56 7.07258
-1.13582e-06 4552.6 7.07262
1.29653e-06 4574.17 7.0923
4.1017e-06 4574.27 7.09239
-2.86807e-06 4579.41 7.0971
-1.42965e-05 4579.53 7.09721
-7.67422e-05 4588.15 7.10511
-2.09798e-06 4590.61 7.10738
-8.39848e-06 4590.81 7.10756
-4.59325e-06 4604.95 7.12056
-5.9718e-06 4605.15 7.12074
3.41821e-05 4619.65 7.13411
2.72553e-07 4637.99 7.15109
2.07524e-06 4638.11 7.15121
1.96742e-05 4650.54 7.16275
8.99542e-06 4650.6 7.16281
-5.97542e-05 4661.65 7.1731
1.00556e-05 4665.6 7.17679
-3.96488e-08 4665.72 7.17689
-9.42764e-06 4679.85 7.1901
-1.24401e-06 4679.88 7.19013
-4.84763e-06 4708.98 7.21745
1.94168e-06 4709.18 7.21764
1.46495e-05 4724.98 7.23255
-1.58827e-05 4725.07 7.23263
3.15559e-05 4736.26 7.24321
-4.16527e-06 4744.29 7.25083
-1.57125e-06 4744.63 7.25115
-4.26828e-05 4749.82 7.25608
3.29784e-06 4752.2 7.25834
8.50246e-06 4752.24 7.25838
4.93577e-06 4780.11 7.28495
6.35727e-06 4780.12 7.28496
-1.33014e-05 4782.01 7.28676
-9.20359e-06 4782.18 7.28693
1.04204e-06 4804.04 7.30788
1.1809e-06 4804.18 7.30802
5.27461e-06 4807.9 7.31159
-2.20372e-06 4807.92 7.31162
-3.03529e-06 4811.09 7.31466
-7.11244e-06 4815.13 7.31855
-6.11924e-06 4815.27 7.31868
-7.8124e-06 4823.97 7.32707
-1.09893e-05 4824.01 7.32711
4.14101e-05 4868.55 7.37028
-3.79921e-05 4885.25 7.38657
-3.02777e-09 4899.07 7.40009
-8.95381e-08 4899.08 7.4001
-1.76443e-05 4913.69 7.41443
2.0013e-05 4913.76 7.4145
-6.61328e-05 4958.05 7.45823
-3.23826e-05 4972.15 7.47223
-8.11548e-05 5028.49 7.52857
2.17665e-05 5057.27 7.5576
8.11997e-05 5095.58 7.59649
1.27974e-05 5123.13 7.62465
6.86223e-05 5158.09 7.66059
7.25534e-06 5170.58 7.67349
4.77726e-06 5202.93 7.70704
-4.86864e-05 5214.71 7.71932
4.30452e-06 5223.95 7.72896
-4.36371e-06 5237.16 7.74278
-3.90268e-06 5245.37 7.75139
2.87752e-06 5250.54 7.75682
1.15234e-06 5253.85 7.76029
5.06186e-07 5256.3 7.76287
-2.44486e-06 5258.33 7.765
-3.90906e-06 5260.21 7.76699
-5.25246e-06 5262.13 7.769
7.10073e-06 5263.81 7.77077
-2.72402e-05 5264.18 7.77116
-4.63385e-06 5265.24 7.77228
2.94234e-06 5266.12 7.7732
-9.89003e-06 5305.38 7.81471
-1.52244e-06 5337.72 7.84912
1.09737e-08 5354.27 7.86682
6.04786e-06 5360.88 7.87391
-4.76534e-06 5374.83 7.88888
-8.73229e-07 5390.56 7.90582
-8.2699e-09 5420.29 7.93795
6.43028e-05 5589.08 8.12378
-5.31535e-09 5911.42 8.49449
7.20802e-10 5911.43 8.4945
3.43313e-06 5917.21 8.50134
3.31832e-06 5917.21 8.50134
-2.85823e-06 6112.79 8.73662
-5.12035e-06 6118.87 8.74406
6.07412e-06 6130.95 8.75886
5.02673e-06 6151.66 8.7843
-1.6077e-06 6184.18 8.82441
-3.91924e-06 6231.38 8.88301
1.05144e-05 6294.6 8.96221
-3.24285e-07 6310.71 8.98251
-2.97373e-06 6310.71 8.98251
1.61502e-06 6325.5 9.0012
4.21044e-06 6325.5 9.0012
-3.38482e-06 6347.74 9.02938
2.0167e-06 6347.74 9.02939
-1.6762e-05 6372.41 9.06076
-1.66283e-06 6376.55 9.06605
2.19927e-07 6376.56 9.06605
7.57797e-07 6413.89 9.1138
1.03629e-06 6413.89 9.1138
-2.1658e-05 6460.07 9.17325
-2.97827e-06 6464.43 9.17888
2.31175e-06 6464.43 9.17889
4.16927e-06 6533.81 9.26907
2.38488e-06 6533.81 9.26907
2.58011e-05 6550.23 9.29055
3.58352e-06 6626.06 9.39046
-2.11468e-06 6626.06 9.39047
-3.30646e-05 6633.77 9.40069
-5.56259e-05 6697.03 9.48503
2.68714e-05 6705.12 9.49587
-1.61759e-05 6721.09 9.51731
-5.71383e-05 6727.03 9.52529
-2.43576e-06 6741.4 9.54465
-7.06336e-07 6741.4 9.54465
-4.71776e-05 6756.11 9.56451
2.03863e-05 6759.21 9.5687
-3.09564e-05 6792.96 9.61443
-2.07245e-05 6795.55 9.61795
-2.07367e-05 6826.85 9.66059
-1.10786e-05 6827.2 9.66107
9.16081e-06 6849.28 9.69127
-7.43048e-06 6849.67 9.69181
1.01579e-06 6875.44 9.72717
6.75843e-08 6875.44 9.72718
-8.67838e-08 7020.17 9.92827
2.84054e-07 7020.17 9.92828
-2.92491e-07 7165.95 10.1351
2.14051e-07 7165.95 10.1351
1.30731e-10 7269.06 10.2839
6.09911e-07 7303.57 10.3342
-4.29786e-07 7303.57 10.3342
4.0057e-05 7402.62 10.4799
-2.7783e-07 7425.86 10.5143
-9.37281e-07 7425.86 10.5143
-8.58096e-07 7528.75 10.6682
2.00764e-07 7528.75 10.6682
2.02817e-10 7606.31 10.7856
-1.13964e-11 7608.46 10.7889
-3.58486e-07 7611.48 10.7935
4.36728e-07 7611.48 10.7935
-2.41642e-10 7612.08 10.7944
-1.29506e-10 7617.21 10.8022
3.75817e-10 7623.92 10.8124
1.5928e-10 7632.3 10.8252
2.13889e-10 7642.44 10.8407
-5.05166e-11 7654.48 10.8591
-6.95686e-11 7668.55 10.8807
1.48094e-07 7675.8 10.8918
1.59663e-07 7675.8 10.8918
2.10998e-12 7684.8 10.9056
-4.67567e-11 7703.41 10.9343
4.4653e-11 7724.53 10.9668
-2.77739e-08 7724.66 10.967
-2.72124e-08 7724.66 10.967
1.22778e-10 7748.31 11.0036
-1.21825e-07 7761.13 11.0235
-1.24743e-07 7761.13 11.0235
-7.94845e-11 7774.87 11.0449
-1.52383e-07 7787.88 11.0651
-1.49474e-07 7787.88 11.0651
-1.50375e-10 7804.26 11.0907
-1.36493e-07 7806.96 11.0949
-1.37053e-07 7806.96 11.0949
1.00058e-07 7819.82 11.115
1.02722e-07 7819.82 11.115
-5.54855e-08 7827.33 11.1267
5.39557e-08 7827.33 11.1267
3.2256e-11 7836.42 11.141
2.97592e-07 7849.16 11.1609
3.0693e-07 7849.17 11.1609
2.6598e-10 7871.12 11.1955
-9.56698e-11 7907.86 11.2534
1.86823e-10 7945.78 11.3135
2.69056e-11 7983.51 11.3736
-1.03435e-06 7990.77 11.3852
1.04e-06 7990.78 11.3853
-1.61247e-06 7996.11 11.3938
1.59594e-06 7996.12 11.3938
-1.20444e-06 8007.36 11.4118
1.20433e-06 8007.36 11.4118
4.55443e-11 8019.08 11.4306
3.96091e-07 8026.34 11.4422
-3.93783e-07 8026.35 11.4422
-4.23785e-11 8049.83 11.48
-2.88995e-06 8053.9 11.4865
-2.88992e-06 8053.9 11.4865
5.70653e-11 8072.56 11.5166
-5.50878e-06 8089.71 11.5443
-5.50293e-06 8089.71 11.5443
-9.6099e-12 8090.94 11.5463
-7.30277e-06 8132.68 11.6141
7.32286e-06 8132.68 11.6141
-7.58971e-06 8181.53 11.6937
7.5796e-06 8181.53 11.6937
1.53378e-11 8190.5 11.7084
-6.01048e-06 8235.36 11.7821
6.00813e-06 8235.36 11.7821
2.85452e-11 8239.82 11.7895
-2.72832e-06 8294.08 11.8792
-2.7333e-06 8294.08 11.8792
-7.20782e-11 8319.2 11.9209
-1.65103e-06 8358.49 11.9864
-1.65909e-06 8358.5 11.9864
8.72417e-11 8424.84 12.0978
6.11778e-06 8430.1 12.1067
6.12589e-06 8430.1 12.1067
9.53609e-06 8510.25 12.2424
-9.52849e-06 8510.25 12.2424
-8.87622e-07 8544.89 12.3015
-3.59033e-10 8552.22 12.314
7.35128e-07 8556.37 12.3211
-2.93175e-06 8565.03 12.336
2.93308e-06 8565.03 12.336
-1.15947e-06 8575.8 12.3544
-3.48299e-06 8577.06 12.3566
3.48572e-06 8577.06 12.3566
-1.01412e-05 8592.61 12.3833
-1.01659e-05 8592.61 12.3833
4.91791e-06 8603.42 12.4019
-4.58163e-06 8605.55 12.4056
-4.57828e-06 8605.55 12.4056
3.77051e-06 8630.05 12.4478
3.76891e-06 8630.05 12.4478
-1.0023e-05 8639.29 12.4637
4.97491e-06 8664.71 12.5077
-4.97531e-06 8664.71 12.5077
-1.54754e-05 8683.18 12.5398
-2.97988e-09 8696.5 12.5629
-3.48171e-06 8702.42 12.5732
3.48123e-06 8702.42 12.5732
1.3281e-06 8714.12 12.5936
1.32881e-06 8714.12 12.5936
-2.01081e-05 8734.42 12.629
-3.90667e-11 8734.88 12.6298
-2.35605e-12 8740.36 12.6394
5.1433e-06 8762.37 12.6779
-5.14267e-06 8762.37 12.6779
-2.29372e-05 8792.02 12.73
3.98943e-06 8803.66 12.7505
-3.79151e-06 8803.66 12.7505
8.45353e-06 8823.46 12.7853
8.32253e-06 8823.46 12.7853
-3.21789e-09 8852.94 12.8375
-2.34219e-05 8854.71 12.8406
9.39132e-06 8872.4 12.872
-9.39129e-06 8872.41 12.872
-2.58394e-07 8915.86 12.9493
2.58622e-07 8915.86 12.9493
2.15634e-05 8921.03 12.9585
6.86637e-06 8941.83 12.9956
-6.65749e-06 8941.83 12.9956
-1.78405e-05 8989.48 13.0811
5.42897e-06 8998.04 13.0965
5.41765e-06 8998.04 13.0965
2.62446e-10 9017.13 13.1309
-8.87701e-06 9031.77 13.1573
-8.88137e-06 9031.77 13.1573
-1.30355e-05 9058.57 13.2058
1.09182e-05 9073.47 13.2328
1.09186e-05 9073.47 13.2328
8.91667e-06 9094.52 13.271
1.21529e-05 9125.48 13.3274
1.21543e-05 9125.48 13.3274
-8.01535e-06 9126.92 13.3301
-1.32783e-05 9149.55 13.3714
1.32795e-05 9149.55 13.3714
-2.06409e-10 9185.13 13.4367
-3.53459e-06 9193.27 13.4516
1.23392e-05 9210.1 13.4826
-1.23404e-05 9210.11 13.4826
-1.1687e-05 9224.78 13.5097
1.16871e-05 9224.78 13.5097
1.01841e-07 9256.51 13.5683
-9.87994e-06 9282.09 13.6157
-9.87966e-06 9282.1 13.6157
7.19069e-06 9295.97 13.6415
7.1893e-06 9295.98 13.6415
-2.07267e-06 9315.66 13.6782
-8.12089e-06 9338.18 13.7202
-8.1216e-06 9338.18 13.7202
-1.0529e-10 9353.5 13.7488
-1.89305e-06 9357.06 13.7555
1.89242e-06 9357.06 13.7555
-3.05321e-06 9369.9 13.7795
6.0322e-06 9374.46 13.7881
-6.0304e-06 9374.47 13.7881
6.53281e-06 9411.01 13.8567
-6.53254e-06 9411.01 13.8567
-3.10053e-06 9418.51 13.8708
-2.56851e-06 9460.87 13.9508
1.04256e-05 9461.67 13.9523
1.0414e-05 9461.67 13.9523
1.90496e-10 9478.08 13.9834
-1.80498e-06 9496.44 14.0182
6.68757e-11 9519.34 14.0618
-7.05794e-10 9519.61 14.0623
1.21697e-05 9520.94 14.0648
-1.21689e-05 9520.94 14.0648
1.07766e-06 9524.73 14.0721
-3.19056e-06 9531.63 14.0852
-5.3502e-07 9545.31 14.1113
6.0469e-06 9549.15 14.1186
-2.01223e-07 9557.83 14.1352
-8.27138e-06 9577.47 14.1728
1.05947e-05 9580.9 14.1794
1.05954e-05 9580.9 14.1794
3.66455e-09 9585.05 14.1873
9.63796e-06 9615.29 14.2454
-6.97226e-06 9637.2 14.2876
6.96973e-06 9637.2 14.2876
1.00138e-05 9660.88 14.3333
5.13234e-10 9670.01 14.3509
-1.20792e-11 9680.22 14.3707
2.91343e-06 9687.31 14.3844
-2.91039e-06 9687.31 14.3844
-9.32275e-06 9711.88 14.4321
-1.76028e-11 9727.84 14.4631
-3.58279e-07 9729.49 14.4663
-3.58037e-07 9729.49 14.4663
-2.18832e-06 9762.68 14.531
-2.18878e-06 9762.68 14.531
-6.8924e-06 9764.29 14.5341
1.97107e-10 9770.05 14.5454
8.84389e-08 9779.34 14.5636
-4.52417e-06 9779.59 14.564
-2.47909e-06 9786.35 14.5773
-2.48424e-06 9786.35 14.5773
-1.56366e-06 9800.44 14.6049
-1.56378e-06 9800.44 14.6049
-1.14822e-06 9803.85 14.6116
2.66523e-06 9810.98 14.6255
-7.26377e-06 9819.92 14.6431
-1.03482e-11 9834.15 14.6711
-2.57777e-06 9837.14 14.6769
-1.4472e-06 9852.82 14.7078
-1.12147e-10 9881.12 14.7636
1.27558e-05 9889.4 14.78
-3.62824e-06 9917.42 14.8355
-2.06895e-05 9936.68 14.8738
1.82763e-11 9979.51 14.9591
-2.41454e-05 9986.92 14.9739
-8.4346e-10 9999.67 14.9994
2.1416e-05 10044 15.0882
6.44009e-06 10068.3 15.137
-3.33246e-06 10073.7 15.148
8.03317e-06 10103.7 15.2085
-1.45199e-12 10115 15.2314
1.90504e-09 10122.7 15.2469
1.82952e-05 10125.5 15.2526
1.45353e-11 10134.1 15.27
8.11078e-13 10134.1 15.27
1.28855e-05 10136.8 15.2754
-1.18466e-06 10160.8 15.3242
2.17903e-05 10197.2 15.3983
-6.76959e-07 10200.2 15.4044
-6.76964e-07 10200.2 15.4044
-1.35578e-05 10203.1 15.4103
-5.98156e-06 10223 15.4509
1.21518e-11 10239.7 15.4851
2.36678e-10 10247.7 15.5015
-2.62683e-05 10260.4 15.5276
-1.35642e-05 10267.4 15.5419
3.84883e-06 10280.8 15.5696
5.73792e-07 10302.5 15.6142
-5.73812e-07 10302.5 15.6142
2.50652e-05 10312 15.6338
1.50979e-05 10319.3 15.6488
-2.4276e-05 10326.9 15.6646
1.00809e-11 10352.7 15.7178
-1.89328e-05 10363.1 15.7393
-7.82394e-11 10372.4 15.7586
-2.23134e-05 10375.9 15.766
2.81145e-06 10412.6 15.8422
-1.52578e-05 10427.8 15.8739
-7.97439e-06 10450.8 15.9219
2.83851e-12 10453.4 15.9274
1.05954e-06 10476.7 15.9761
1.01045e-05 10486.9 15.9975
2.02842e-11 10494.9 16.0143
8.69571e-06 10502.5 16.0303
-1.0616e-05 10519.1 16.0651
2.58048e-06 10525.8 16.0793
9.63619e-06 10530.5 16.0891
-1.3424e-05 10532.5 16.0934
5.18022e-12 10541.4 16.1121
-3.60996e-06 10542.8 16.1151
-4.1436e-06 10558.1 16.1475
-1.37812e-11 10613.8 16.2652
4.12853e-12 10616.2 16.2703
8.81967e-13 10677.5 16.4009
-2.15604e-05 10723.7 16.4998
4.40995e-12 10724.8 16.5022
-8.7755e-10 10727.6 16.5081
2.39635e-12 10757.1 16.5716
1.60614e-12 10792.9 16.6488
-2.59614e-12 10811.3 16.6885
-2.90802e-11 10835.3 16.7403
2.20426e-11 10935.9 16.9594
-1.53457e-11 11028.7 17.1631
-1.7582e-11 11112.9 17.3498
-1.94651e-11 11188.2 17.5176
1.88828e-11 11254.1 17.6654
2.09283e-11 11310 17.7917
-2.00429e-11 11355.8 17.8955
-1.5271e-11 11391 17.9755
-9.73076e-12 11414.8 18.0298
2.51849e-12 11434.8 18.0755
-3.36842e-11 11492.5 18.2078
-6.07395e-08 12032.6 19.4784
6.07404e-08 12032.6 19.4784
-1.10757e-07 12034.7 19.4835
1.10759e-07 12034.7 19.4835
1.16527e-07 12039.6 19.4952
1.16526e-07 12039.6 19.4952
3.322e-08 12048.8 19.5174
-3.32186e-08 12048.8 19.5175
1.62484e-07 12064.2 19.5544
-1.62486e-07 12064.2 19.5544
4.39879e-07 12087.1 19.6097
4.39882e-07 12087.1 19.6097
7.03628e-07 12118.7 19.6864
7.03631e-07 12118.7 19.6864
-8.21365e-07 12159.8 19.786
8.21366e-07 12159.8 19.7861
6.82452e-07 12210.4 19.9094
-6.82453e-07 12210.4 19.9094
2.58396e-07 12270.3 20.056
-2.58395e-07 12270.3 20.056
3.68162e-07 12338.7 20.2243
3.68164e-07 12338.7 20.2243
-1.0223e-06 12414.5 20.412
-1.02231e-06 12414.5 20.412
-4.12401e-14 12463.3 20.5335
1.49568e-06 12496.3 20.6157
1.49568e-06 12496.3 20.6157
1.61979e-06 12582.4 20.8317
1.61979e-06 12582.4 20.8317
1.3244e-06 12670.9 21.0553
-1.3244e-06 12670.9 21.0553
-6.60356e-07 12759.8 21.2812
6.60355e-07 12759.8 21.2812
2.18041e-07 12846.7 21.5038
-2.18043e-07 12846.7 21.5038
1.10156e-06 12929.3 21.7166
1.10156e-06 12929.3 21.7166
-6.34415e-06 12969.9 21.8218
-1.7863e-06 13005 21.9131
-1.7863e-06 13005 21.9131
-2.12557e-06 13071.5 22.0865
-2.12557e-06 13071.5 22.0865
2.05874e-06 13126.4 22.2303
-2.05874e-06 13126.4 22.2304
1.6126e-06 13167.5 22.3384
-1.6126e-06 13167.5 22.3384
8.81604e-07 13193 22.4055
-8.81604e-07 13193 22.4055
2.97141e-07 13658.7 23.6561
-2.97142e-07 13658.7 23.6561
-2.34157e-13 13682.3 23.7206
-7.94082e-14 13682.3 23.7206
