-1.75431e-06 31.8414 5.0001
-4.45471e-06 60.7428 5.00037
1.15937e-05 64.108 5.00041
7.71809e-06 80.3321 5.00065
2.54496e-05 103.852 5.00108
-1.29014e-05 116.093 5.00135
-2.46965e-05 125.478 5.00158
-1.21614e-05 146.353 5.00214
2.42189e-05 156.524 5.00245
1.51687e-05 179.183 5.00321
3.36219e-05 214.588 5.00461
5.50486e-06 245.699 5.00604
1.76508e-05 250.745 5.00629
2.07578e-06 266.081 5.00708
2.43033e-05 285.714 5.00816
1.801e-05 333.572 5.01113
-9.0855e-06 347.985 5.01211
-2.54338e-06 364.486 5.01329
-1.03912e-05 380.008 5.01444
2.38372e-06 445.777 5.01987
-4.1064e-07 449.711 5.02022
1.60425e-06 484.091 5.02344
-5.05325e-06 498.428 5.02484
-9.71579e-06 529.528 5.02804
7.07271e-06 543.448 5.02953
1.09071e-05 615.213 5.03785
2.08308e-05 631.873 5.03993
-3.18451e-06 639.452 5.04089
-1.54921e-05 641.13 5.04111
1.11464e-05 720.839 5.05196
-2.30704e-05 747.822 5.05592
-2.83767e-06 757.605 5.0574
1.91339e-05 766.095 5.05869
-1.3258e-06 831.438 5.06913
3.67136e-05 868.374 5.07541
-1.37404e-05 893.297 5.0798
-2.38296e-05 896.553 5.08038
7.88702e-06 967.931 5.09369
2.70185e-05 995.761 5.09915
2.21129e-05 1020.78 5.1042
-1.29828e-05 1027.03 5.10548
-2.74132e-05 1095.42 5.11999
-3.93927e-06 1118.32 5.12506
-2.80587e-06 1145.14 5.13114
-2.2803e-05 1161.61 5.13493
-6.19194e-06 1243.08 5.15452
5.41932e-06 1257.88 5.15823
6.48212e-06 1273.98 5.1623
-1.93214e-05 1298.29 5.16856
-4.0747e-06 1324.09 5.17532
2.68916e-06 1415.92 5.20048
-3.67774e-06 1420.06 5.20166
-9.57102e-06 1434.86 5.20588
-1.02635e-05 1518.5 5.23058
-4.76704e-06 1570.54 5.24666
-8.3216e-06 1571.97 5.24711
2.67105e-07 1572.74 5.24735
1.21316e-05 1711.24 5.29283
2.32351e-06 1712.68 5.29333
1.2763e-05 1720.18 5.2959
1.5191e-05 1731.96 5.29997
2.12944e-05 1845.03 5.34041
9.81116e-06 1852.15 5.34305
-2.88554e-05 1892.28 5.35807
-7.64603e-06 1897.39 5.36001
1.01037e-05 1970.28 5.3882
-1.74632e-05 1986.89 5.39477
-2.43164e-05 2054.02 5.4219
-1.59775e-05 2066.78 5.42716
-2.40355e-05 2122.11 5.45033
-3.84544e-06 2153.31 5.46368
8.34213e-07 2220.8 5.4932
-1.47105e-05 2233.03 5.49864
-2.19506e-05 2255.15 5.50857
3.14884e-06 2279.25 5.5195
4.75302e-06 2372 5.56264
-2.17388e-06 2381.85 5.56732
-1.86816e-05 2385.06 5.56885
-1.70731e-06 2443.51 5.59708
-1.17549e-05 2483.4 5.61673
-5.81725e-06 2484.1 5.61708
-1.426e-05 2504.92 5.62746
-1.78138e-06 2592.95 5.67234
-5.99153e-06 2620.81 5.68686
-1.09683e-06 2718.27 5.7389
-2.76279e-06 2770.83 5.76775
2.67958e-06 2796.78 5.7822
-1.46129e-07 2817.13 5.79362
-4.41612e-07 2820.96 5.79578
4.24034e-07 2834.54 5.80346
1.68453e-07 2835.44 5.80397
-5.55243e-07 2853.18 5.81406
-1.21293e-07 2856.38 5.81589
-3.14095e-06 2857.74 5.81667
-4.80628e-07 2884.41 5.83198
1.48116e-06 2888.01 5.83406
1.57859e-06 2892.07 5.83641
3.5426e-06 2926.33 5.85634
-4.38713e-06 2927.16 5.85683
-9.72408e-07 2928.95 5.85788
-2.49884e-05 2967.31 5.88049
1.95751e-07 2972.97 5.88386
-3.48404e-06 2978.65 5.88723
-5.94299e-06 3034.06 5.92055
-3.64247e-06 3036.69 5.92215
-6.83298e-06 3077.38 5.94703
-8.9444e-06 3098.68 5.96018
2.96112e-06 3100.87 5.96154
-1.75623e-07 3169.52 6.00459
9.77467e-06 3172.07 6.00621
-5.62522e-06 3215.58 6.034
-1.67962e-06 3240.61 6.05016
-1.07873e-05 3244.79 6.05286
6.31419e-06 3321.48 6.10322
-5.91909e-06 3325.47 6.10587
1.87517e-06 3326.01 6.10624
1.35723e-05 3354.43 6.12522
-3.01026e-06 3356.59 6.12667
-1.37026e-06 3427.72 6.17493
2.6526e-06 3430.28 6.17669
4.52428e-06 3473.91 6.2068
-1.29423e-05 3474.76 6.2074
8.67386e-06 3561.52 6.26844
-1.39657e-05 3562.03 6.26881
6.2606e-06 3593.69 6.29146
-4.80277e-06 3594.34 6.29193
-1.30647e-05 3710.63 6.37688
-2.69084e-07 3710.72 6.37694
7.86721e-06 3719.95 6.3838
1.69258e-05 3720.69 6.38436
6.28891e-06 3747.22 6.40416
1.00693e-07 3810.42 6.45193
-1.31467e-05 3833.78 6.46979
-4.91623e-06 3834.29 6.47018
9.08369e-06 3874.11 6.50088
-1.25399e-05 3874.72 6.50135
-1.4976e-05 3921.8 6.53806
1.23121e-05 3924.08 6.53984
-7.90669e-06 3926.02 6.54136
-1.78007e-05 3928.04 6.54295
9.17497e-06 3932.88 6.54675
-2.23991e-05 3936.76 6.54981
-1.32862e-05 3941.14 6.55326
-2.32708e-05 3945.1 6.55638
1.40864e-05 3951.24 6.56123
1.92152e-05 3961.08 6.56902
5.18974e-06 3961.47 6.56932
2.41138e-05 3964.53 6.57175
6.64349e-06 3971.69 6.57743
1.15383e-06 3979.3 6.58348
1.99452e-06 3980.42 6.58438
1.75303e-06 3984.01 6.58724
2.66704e-05 3984.25 6.58743
-7.63358e-07 3987.25 6.58982
1.2092e-06 3992.61 6.5941
-3.6566e-06 3998.32 6.59865
1.36561e-05 4005.1 6.60409
9.5807e-07 4006.21 6.60497
1.58915e-06 4006.42 6.60514
-2.26617e-05 4007.62 6.6061
-3.64261e-06 4014.33 6.61148
9.91271e-06 4022.2 6.61781
1.10233e-05 4033.85 6.6272
1.93346e-05 4035.64 6.62864
-1.21446e-05 4044.95 6.63616
1.1924e-05 4056.73 6.64571
6.79144e-06 4060.91 6.6491
1.28802e-05 4066.41 6.65357
9.19359e-06 4069.34 6.65595
9.21864e-07 4082.06 6.66632
1.59153e-05 4082.19 6.66643
6.96898e-06 4082.43 6.66662
1.29471e-07 4094.93 6.67684
-3.28958e-06 4099.02 6.6802
1.55473e-06 4099.46 6.68056
-3.87897e-07 4105.95 6.68588
2.75376e-06 4106.37 6.68623
-5.80783e-06 4109.45 6.68876
-5.52697e-06 4116.3 6.69439
1.16692e-05 4122.3 6.69933
-7.34638e-06 4134.67 6.70955
1.57135e-05 4135.37 6.71013
7.6648e-06 4139.01 6.71314
-1.84855e-05 4147.32 6.72003
6.8912e-06 4151.25 6.72329
-1.26245e-05 4151.54 6.72353
1.8633e-05 4157.97 6.72887
-1.5988e-05 4167.12 6.73649
1.32463e-05 4171.43 6.74009
1.07829e-06 4173.23 6.74159
1.15681e-05 4173.93 6.74217
6.09302e-06 4178.21 6.74575
-1.31896e-05 4209.75 6.7722
6.84578e-06 4210.08 6.77248
9.95843e-06 4210.14 6.77253
-3.81433e-06 4214.77 6.77643
-1.74092e-05 4248.6 6.80506
-3.58599e-06 4260.11 6.81485
1.77235e-05 4260.18 6.81492
-3.6523e-06 4263.25 6.81753
-1.18804e-07 4272.29 6.82524
1.79915e-05 4286.26 6.83721
-1.03546e-05 4310.35 6.85791
-1.36607e-05 4327.19 6.87246
6.11892e-06 4341.86 6.88517
-1.35877e-05 4342.42 6.88566
-9.98121e-06 4364.02 6.90447
-9.7274e-07 4376.44 6.91532
1.15356e-05 4384.82 6.92267
9.21355e-06 4448.44 6.97886
1.17917e-05 4481.3 7.0082
-5.57733e-06 4504.61 7.02916
-1.73266e-06 4504.62 7.02916
-1.41448e-05 4509.47 7.03353
2.18507e-05 4509.64 7.03369
7.33625e-06 4516.65 7.04001
3.41443e-05 4519.15 7.04227
-6.27328e-06 4519.19 7.04231
3.37415e-06 4533.14 7.05493
-3.29253e-05 4533.25 7.05504
2.40821e-05 4552.56 7.07258
2.47715e-06 4552.6 7.07262
-9.14977e-07 4574.17 7.0923
-7.47462e-06 4574.27 7.09239
-7.62904e-06 4579.41 7.0971
2.55556e-06 4579.53 7.09721
6.37276e-06 4588.15 7.10511
1.46624e-06 4590.61 7.10738
1.29344e-05 4590.81 7.10756
-1.73682e-06 4604.95 7.12056
-5.9675e-07 4605.15 7.12074
-1.18143e-05 4619.65 7.13411
-6.0616e-07 4637.99 7.15109
1.25843e-05 4638.11 7.15121
9.93214e-06 4650.54 7.16275
-1.15121e-05 4650.6 7.16281
4.86816e-06 4661.65 7.1731
-1.49103e-05 4665.6 7.17679
-4.40568e-06 4665.72 7.17689
-1.34293e-05 4679.85 7.1901
-2.01984e-06 4679.88 7.19013
-2.56171e-05 4708.98 7.21745
-2.08923e-06 4709.18 7.21764
-1.36389e-05 4724.98 7.23255
-6.30945e-06 4725.07 7.23263
-3.61098e-06 4736.26 7.24321
1.0342e-05 4744.29 7.25083
1.41739e-05 4744.63 7.25115
7.1099e-06 4749.82 7.25608
-4.50103e-07 4752.2 7.25834
1.93695e-05 4752.24 7.25838
-8.21366e-06 4780.11 7.28495
-1.66404e-05 4780.12 7.28496
-1.25198e-05 4782.01 7.28676
1.05027e-05 4782.18 7.28693
-8.16795e-06 4804.04 7.30788
-1.29203e-05 4804.18 7.30802
-8.78802e-06 4807.9 7.31159
8.67898e-06 4807.92 7.31162
-3.07152e-06 4811.09 7.31466
3.04554e-06 4815.13 7.31855
-8.2658e-06 4815.27 7.31868
1.2522e-05 4823.97 7.32707
1.62627e-05 4824.01 7.32711
5.40395e-08 4868.55 7.37028
-2.72395e-06 4885.25 7.38657
-4.28872e-07 4899.07 7.40009
2.08622e-07 4899.08 7.4001
2.66797e-05 4913.69 7.41443
-3.39902e-05 4913.76 7.4145
-2.15702e-06 4958.05 7.45823
-8.2417e-06 4972.15 7.47223
-7.9683e-07 5028.49 7.52857
1.40535e-05 5057.27 7.5576
-1.57674e-06 5095.58 7.59649
1.64001e-05 5123.13 7.62465
-4.70125e-06 5158.09 7.66059
1.50686e-05 5170.58 7.67349
1.03059e-05 5202.93 7.70704
8.0706e-06 5214.71 7.71932
3.6585e-06 5223.95 7.72896
3.24967e-06 5237.16 7.74278
8.38628e-06 5245.37 7.75139
-1.10941e-05 5250.54 7.75682
-1.1335e-05 5253.85 7.76029
1.15547e-05 5256.3 7.76287
-1.08144e-05 5258.33 7.765
-9.94129e-06 5260.21 7.76699
-8.73475e-06 5262.13 7.769
6.5687e-06 5263.81 7.77077
1.11794e-05 5264.18 7.77116
-4.83277e-06 5265.24 7.77228
2.61349e-06 5266.12 7.7732
1.23407e-05 5305.38 7.81471
-1.18916e-05 5337.72 7.84912
-3.78959e-08 5354.27 7.86682
9.52085e-06 5360.88 7.87391
-5.3206e-06 5374.83 7.88888
1.47311e-06 5390.56 7.90582
5.6376e-09 5420.29 7.93795
-9.38679e-06 5589.08 8.12378
2.01386e-08 5911.42 8.49449
-9.35809e-10 5911.43 8.4945
-5.89612e-06 5917.21 8.50134
-3.5968e-06 5917.21 8.50134
5.95364e-06 6112.79 8.73662
1.11933e-05 6118.87 8.74406
-1.48594e-05 6130.95 8.75886
-1.60323e-05 6151.66 8.7843
1.42591e-05 6184.18 8.82441
-9.81855e-06 6231.38 8.88301
3.88046e-06 6294.6 8.96221
1.02642e-05 6310.71 8.98251
-1.37026e-06 6310.71 8.98251
1.84415e-05 6325.5 9.0012
-5.86517e-06 6325.5 9.0012
1.06138e-05 6347.74 9.02938
2.38859e-05 6347.74 9.02939
1.92305e-06 6372.41 9.06076
-2.61762e-06 6376.55 9.06605
3.03639e-05 6376.56 9.06605
-3.12157e-05 6413.89 9.1138
8.44451e-06 6413.89 9.1138
5.95965e-06 6460.07 9.17325
-2.0131e-06 6464.43 9.17888
-3.15521e-05 6464.43 9.17889
-2.90194e-05 6533.81 9.26907
3.5071e-06 6533.81 9.26907
-7.25464e-06 6550.23 9.29055
-2.60493e-05 6626.06 9.39046
8.77216e-06 6626.06 9.39047
5.49888e-06 6633.77 9.40069
7.74404e-07 6697.03 9.48503
5.70275e-07 6705.12 9.49587
-8.55478e-07 6721.09 9.51731
-2.57059e-06 6727.03 9.52529
2.38936e-05 6741.4 9.54465
1.30149e-05 6741.4 9.54465
-3.68763e-06 6756.11 9.56451
3.10616e-06 6759.21 9.5687
-2.34251e-06 6792.96 9.61443
-5.29265e-06 6795.55 9.61795
-4.79186e-06 6826.85 9.66059
1.77718e-06 6827.2 9.66107
2.88108e-06 6849.28 9.69127
9.8383e-07 6849.67 9.69181
-2.29863e-05 6875.44 9.72717
1.26532e-05 6875.44 9.72718
-1.28884e-05 7020.17 9.92827
-1.90243e-05 7020.17 9.92828
-6.03249e-06 7165.95 10.1351
-1.74299e-05 7165.95 10.1351
-8.23992e-10 7269.06 10.2839
1.08572e-05 7303.57 10.3342
1.08138e-05 7303.57 10.3342
2.44029e-06 7402.62 10.4799
-1.39013e-05 7425.86 10.5143
-4.4534e-06 7425.86 10.5143
-8.24782e-06 7528.75 10.6682
1.17797e-05 7528.75 10.6682
4.18754e-07 7606.31 10.7856
6.4393e-07 7608.46 10.7889
-6.74715e-07 7611.48 10.7935
1.31762e-05 7611.48 10.7935
5.23647e-07 7612.08 10.7944
-5.90465e-09 7617.21 10.8022
8.92375e-07 7623.92 10.8124
1.98478e-06 7632.3 10.8252
3.0319e-06 7642.44 10.8407
3.75262e-06 7654.48 10.8591
3.87059e-06 7668.55 10.8807
1.29204e-06 7675.8 10.8918
1.09464e-05 7675.8 10.8918
-3.19906e-06 7684.8 10.9056
-1.69591e-06 7703.41 10.9343
4.96069e-07 7724.53 10.9668
1.07086e-06 7724.66 10.967
8.28873e-06 7724.66 10.967
3.03804e-06 7748.31 11.0036
3.68331e-07 7761.13 11.0235
5.62615e-06 7761.13 11.0235
-5.43341e-06 7774.87 11.0449
2.93631e-07 7787.88 11.0651
3.14644e-06 7787.88 11.0651
7.09859e-06 7804.26 11.0907
3.81249e-07 7806.96 11.0949
1.14492e-06 7806.96 11.0949
-5.49223e-07 7819.82 11.115
1.30685e-07 7819.82 11.115
4.43827e-07 7827.33 11.1267
4.83949e-07 7827.33 11.1267
7.4963e-06 7836.42 11.141
-1.08671e-05 7849.16 11.1609
1.69056e-05 7849.17 11.1609
6.29171e-06 7871.12 11.1955
3.51029e-06 7907.86 11.2534
3.71613e-07 7945.78 11.3135
-4.41576e-06 7983.51 11.3736
3.74605e-06 7990.77 11.3852
3.28057e-06 7990.78 11.3853
7.26804e-06 7996.11 11.3938
5.51749e-06 7996.12 11.3938
1.00254e-05 8007.36 11.4118
5.47216e-06 8007.36 11.4118
7.39253e-06 8019.08 11.4306
1.12808e-05 8026.34 11.4422
2.75443e-06 8026.35 11.4422
8.13742e-06 8049.83 11.48
-1.09605e-05 8053.9 11.4865
-2.41249e-06 8053.9 11.4865
5.92896e-06 8072.56 11.5166
-9.41748e-06 8089.71 11.5443
-8.886e-06 8089.71 11.5443
-6.24347e-07 8090.94 11.5463
-7.24893e-06 8132.68 11.6141
1.54119e-05 8132.68 11.6141
-5.13833e-06 8181.53 11.6937
2.06178e-05 8181.53 11.6937
-1.78467e-05 8190.5 11.7084
-3.35881e-06 8235.36 11.7821
2.33144e-05 8235.36 11.7821
-3.28432e-05 8239.82 11.7895
-2.05146e-06 8294.08 11.8792
-2.24171e-05 8294.08 11.8792
-4.25969e-05 8319.2 11.9209
1.14106e-06 8358.49 11.9864
1.73281e-05 8358.5 11.9864
4.55524e-05 8424.84 12.0978
-4.98474e-07 8430.1 12.1067
-8.71959e-06 8430.1 12.1067
1.42549e-07 8510.25 12.2424
-4.22516e-08 8510.25 12.2424
1.49834e-05 8544.89 12.3015
-4.12459e-05 8552.22 12.314
-2.8336e-05 8556.37 12.3211
7.26636e-06 8565.03 12.336
1.26994e-06 8565.03 12.336
-3.84265e-05 8575.8 12.3544
1.61687e-05 8577.06 12.3566
2.33131e-06 8577.06 12.3566
1.32008e-05 8592.61 12.3833
-1.9536e-06 8592.61 12.3833
4.37629e-05 8603.42 12.4019
-1.85271e-05 8605.55 12.4056
1.65053e-06 8605.55 12.4056
-3.01398e-05 8630.05 12.4478
1.8825e-06 8630.05 12.4478
-4.32773e-05 8639.29 12.4637
-2.09577e-05 8664.71 12.5077
7.20158e-07 8664.71 12.5077
-3.66641e-05 8683.18 12.5398
3.0383e-05 8696.5 12.5629
-1.82671e-05 8702.42 12.5732
-2.57595e-06 8702.42 12.5732
3.03273e-05 8714.12 12.5936
2.47009e-06 8714.12 12.5936
-2.45755e-05 8734.42 12.629
4.54383e-06 8734.88 12.6298
5.56065e-11 8740.36 12.6394
6.78527e-06 8762.37 12.6779
-6.13384e-06 8762.37 12.6779
-8.71455e-06 8792.02 12.73
2.85123e-06 8803.66 12.7505
2.91438e-05 8803.66 12.7505
7.92669e-06 8823.46 12.7853
5.79799e-06 8823.46 12.7853
-1.47902e-05 8852.94 12.8375
8.46259e-06 8854.71 12.8406
-2.88464e-05 8872.4 12.872
-4.72463e-06 8872.41 12.872
-1.32716e-06 8915.86 12.9493
4.52344e-06 8915.86 12.9493
-2.41316e-05 8921.03 12.9585
-3.37952e-05 8941.83 12.9956
-2.05347e-06 8941.83 12.9956
3.56593e-05 8989.48 13.0811
1.70988e-06 8998.04 13.0965
1.25872e-05 8998.04 13.0965
2.92039e-06 9017.13 13.1309
-5.63077e-07 9031.77 13.1573
2.45334e-05 9031.77 13.1573
4.10932e-05 9058.57 13.2058
3.79714e-06 9073.47 13.2328
9.01834e-06 9073.47 13.2328
3.24407e-06 9094.52 13.271
1.00671e-06 9125.48 13.3274
-1.46596e-05 9125.48 13.3274
3.95521e-05 9126.92 13.3301
-4.5041e-06 9149.55 13.3714
-2.76469e-07 9149.55 13.3714
-1.97067e-05 9185.13 13.4367
3.1386e-05 9193.27 13.4516
9.95932e-07 9210.1 13.4826
6.72893e-06 9210.11 13.4826
-4.10299e-06 9224.78 13.5097
-1.05926e-05 9224.78 13.5097
-1.80951e-05 9256.51 13.5683
-4.17016e-07 9282.09 13.6157
-2.45738e-06 9282.1 13.6157
3.0291e-06 9295.97 13.6415
-1.73712e-05 9295.98 13.6415
-2.02302e-06 9315.66 13.6782
1.86528e-08 9338.18 13.7202
-1.074e-05 9338.18 13.7202
-3.26334e-05 9353.5 13.7488
-1.64006e-06 9357.06 13.7555
-1.40137e-05 9357.06 13.7555
1.4098e-05 9369.9 13.7795
-4.92894e-07 9374.46 13.7881
-1.45765e-05 9374.47 13.7881
-8.33064e-07 9411.01 13.8567
-1.56748e-05 9411.01 13.8567
2.76484e-05 9418.51 13.8708
3.65574e-05 9460.87 13.9508
-4.80227e-07 9461.67 13.9523
8.84258e-06 9461.67 13.9523
-1.97636e-05 9478.08 13.9834
3.95933e-05 9496.44 14.0182
3.94061e-05 9519.34 14.0618
3.6148e-05 9519.61 14.0623
-4.14119e-07 9520.94 14.0648
3.04294e-06 9520.94 14.0648
-3.64757e-05 9524.73 14.0721
-1.96797e-05 9531.63 14.0852
2.78272e-05 9545.31 14.1113
3.5944e-05 9549.15 14.1186
1.5026e-05 9557.83 14.1352
-4.58934e-05 9577.47 14.1728
-7.34322e-07 9580.9 14.1794
-1.41371e-05 9580.9 14.1794
4.62432e-05 9585.05 14.1873
4.77581e-05 9615.29 14.2454
1.21252e-06 9637.2 14.2876
-2.14254e-05 9637.2 14.2876
4.10132e-05 9660.88 14.3333
4.79734e-05 9670.01 14.3509
-3.88275e-05 9680.22 14.3707
-1.60163e-06 9687.31 14.3844
2.43419e-05 9687.31 14.3844
-2.66835e-05 9711.88 14.4321
-3.25959e-11 9727.84 14.4631
-1.74038e-06 9729.49 14.4663
-2.34002e-05 9729.49 14.4663
-1.95507e-05 9762.68 14.531
-1.59555e-06 9762.68 14.531
-6.10589e-06 9764.29 14.5341
4.07846e-05 9770.05 14.5454
6.72939e-07 9779.34 14.5636
-9.9837e-06 9779.59 14.564
-1.38241e-05 9786.35 14.5773
-1.221e-06 9786.35 14.5773
-7.10563e-06 9800.44 14.6049
-6.46025e-07 9800.44 14.6049
-1.51387e-05 9803.85 14.6116
9.44523e-06 9810.98 14.6255
-6.44163e-07 9819.92 14.6431
-3.10639e-05 9834.15 14.6711
-1.8756e-05 9837.14 14.6769
1.51925e-05 9852.82 14.7078
-2.56913e-05 9881.12 14.7636
-1.12076e-05 9889.4 14.78
2.04087e-06 9917.42 14.8355
7.9725e-06 9936.68 14.8738
1.76553e-05 9979.51 14.9591
9.99546e-06 9986.92 14.9739
-5.27991e-06 9999.67 14.9994
-1.9885e-05 10044 15.0882
2.92992e-05 10068.3 15.137
-8.48268e-06 10073.7 15.148
-5.18231e-05 10103.7 15.2085
1.22919e-06 10115 15.2314
-1.67332e-05 10122.7 15.2469
1.50804e-05 10125.5 15.2526
-8.96516e-11 10134.1 15.27
-7.28207e-12 10134.1 15.27
-6.79437e-06 10136.8 15.2754
5.60409e-05 10160.8 15.3242
5.83744e-06 10197.2 15.3983
9.97221e-07 10200.2 15.4044
-2.0914e-06 10200.2 15.4044
2.25692e-05 10203.1 15.4103
-4.43212e-05 10223 15.4509
1.50269e-05 10239.7 15.4851
-3.62073e-05 10247.7 15.5015
8.9662e-06 10260.4 15.5276
-2.18705e-05 10267.4 15.5419
2.75481e-05 10280.8 15.5696
-6.89745e-07 10302.5 15.6142
-1.12158e-06 10302.5 15.6142
7.89765e-06 10312 15.6338
-3.21776e-06 10319.3 15.6488
-2.48255e-05 10326.9 15.6646
2.80303e-05 10352.7 15.7178
-1.9827e-05 10363.1 15.7393
4.93779e-05 10372.4 15.7586
-1.66954e-05 10375.9 15.766
-2.25038e-05 10412.6 15.8422
-1.93237e-05 10427.8 15.8739
3.29648e-05 10450.8 15.9219
3.54526e-05 10453.4 15.9274
-4.69646e-05 10476.7 15.9761
-1.3331e-05 10486.9 15.9975
-5.36374e-05 10494.9 16.0143
-5.43718e-05 10502.5 16.0303
5.4199e-05 10519.1 16.0651
-2.61013e-05 10525.8 16.0793
-2.80993e-05 10530.5 16.0891
4.35596e-05 10532.5 16.0934
3.6203e-05 10541.4 16.1121
6.33913e-06 10542.8 16.1151
4.91816e-06 10558.1 16.1475
4.80671e-05 10613.8 16.2652
-3.0646e-05 10616.2 16.2703
2.05306e-05 10677.5 16.4009
-5.49783e-06 10723.7 16.4998
-8.76059e-06 10724.8 16.5022
-3.36287e-05 10727.6 16.5081
-3.94408e-07 10757.1 16.5716
3.59745e-05 10792.9 16.6488
-2.38227e-07 10811.3 16.6885
-1.2944e-05 10835.3 16.7403
-1.02705e-05 10935.9 16.9594
3.19892e-05 11028.7 17.1631
4.86893e-05 11112.9 17.3498
5.80127e-05 11188.2 17.5176
-5.91505e-05 11254.1 17.6654
-5.28942e-05 11310 17.7917
4.13641e-05 11355.8 17.8955
2.74417e-05 11391 17.9755
1.37571e-05 11414.8 18.0298
-8.05377e-07 11434.8 18.0755
-4.53641e-05 11492.5 18.2078
-1.1606e-06 12032.6 19.4784
-2.38318e-05 12032.6 19.4784
-2.50499e-06 12034.7 19.4835
-4.91101e-05 12034.7 19.4835
3.951e-06 12039.6 19.4952
-7.23182e-05 12039.6 19.4952
5.24015e-06 12048.8 19.5174
8.74543e-05 12048.8 19.5175
-6.08596e-06 12064.2 19.5544
-8.97153e-05 12064.2 19.5544
-6.25732e-06 12087.1 19.6097
7.71769e-05 12087.1 19.6097
-5.63701e-06 12118.7 19.6864
5.13083e-05 12118.7 19.6864
4.25587e-06 12159.8 19.786
1.65824e-05 12159.8 19.7861
-2.29352e-06 12210.4 19.9094
2.05875e-05 12210.4 19.9094
-4.50005e-08 12270.3 20.056
5.32674e-05 12270.3 20.056
-2.13886e-06 12338.7 20.2243
7.544e-05 12338.7 20.2243
3.92258e-06 12414.5 20.412
-8.3172e-05 12414.5 20.412
8.34569e-14 12463.3 20.5335
-5.05212e-06 12496.3 20.6157
7.53103e-05 12496.3 20.6157
-5.40241e-06 12582.4 20.8317
5.36032e-05 12582.4 20.8317
-4.99586e-06 12670.9 21.0553
-2.22486e-05 12670.9 21.0553
3.98955e-06 12759.8 21.2812
-1.30177e-05 12759.8 21.2812
2.63466e-06 12846.7 21.5038
-4.60877e-05 12846.7 21.5038
1.21855e-06 12929.3 21.7166
7.16406e-05 12929.3 21.7166
-1.83593e-07 12969.9 21.8218
-3.62322e-09 13005 21.9131
-8.60417e-05 13005 21.9131
8.22807e-07 13071.5 22.0865
-8.77969e-05 13071.5 22.0865
-1.17635e-06 13126.4 22.2303
-7.74948e-05 13126.4 22.2304
-1.07745e-06 13167.5 22.3384
-5.73199e-05 13167.5 22.3384
-6.31772e-07 13193 22.4055
-3.03591e-05 13193 22.4055
1.97684e-06 13658.7 23.6561
-1.66429e-05 13658.7 23.6561
2.00032e-12 13682.3 23.7206
-1.12108e-13 13682.3 23.7206
