7.34043e-07 31.8414 5.0001
-1.6229e-06 60.7428 5.00037
8.66159e-06 64.108 5.00041
9.78106e-06 80.3321 5.00065
2.51574e-05 103.852 5.00108
-2.58286e-06 116.093 5.00135
-9.32063e-09 125.478 5.00158
-1.49282e-05 146.353 5.00214
2.16125e-05 156.524 5.00245
1.17381e-05 179.183 5.00321
3.41474e-05 214.588 5.00461
-4.58898e-06 245.699 5.00604
1.23606e-06 250.745 5.00629
7.362e-06 266.081 5.00708
2.5863e-05 285.714 5.00816
2.00504e-05 333.572 5.01113
-1.56568e-05 347.985 5.01211
-3.62505e-06 364.486 5.01329
6.4788e-07 380.008 5.01444
7.26749e-06 445.777 5.01987
-5.41503e-06 449.711 5.02022
3.1495e-06 484.091 5.02344
1.57669e-07 498.428 5.02484
-2.10942e-06 529.528 5.02804
1.7507e-06 543.448 5.02953
4.26746e-06 615.213 5.03785
5.94426e-06 631.873 5.03993
-1.64921e-06 639.452 5.04089
-1.28882e-05 641.13 5.04111
7.0105e-06 720.839 5.05196
-1.88165e-05 747.822 5.05592
-2.57587e-06 757.605 5.0574
-1.64641e-06 766.095 5.05869
3.03254e-07 831.438 5.06913
3.38848e-05 868.374 5.07541
-1.55733e-06 893.297 5.0798
-2.37527e-07 896.553 5.08038
1.75891e-05 967.931 5.09369
3.04882e-05 995.761 5.09915
-2.97928e-06 1020.78 5.1042
-9.44834e-07 1027.03 5.10548
-2.59478e-05 1095.42 5.11999
-1.00063e-06 1118.32 5.12506
2.76902e-06 1145.14 5.13114
5.21029e-06 1161.61 5.13493
-7.49262e-06 1243.08 5.15452
1.89249e-05 1257.88 5.15823
1.45639e-05 1273.98 5.1623
-6.10544e-08 1298.29 5.16856
-1.75838e-06 1324.09 5.17532
-1.05466e-05 1415.92 5.20048
4.2328e-06 1420.06 5.20166
-8.19969e-07 1434.86 5.20588
6.40101e-06 1518.5 5.23058
-1.25821e-06 1570.54 5.24666
-6.413e-07 1571.97 5.24711
7.55599e-07 1572.74 5.24735
5.02188e-07 1711.24 5.29283
-1.21175e-06 1712.68 5.29333
5.36221e-06 1720.18 5.2959
6.68054e-06 1731.96 5.29997
5.27065e-06 1845.03 5.34041
-3.05799e-06 1852.15 5.34305
-1.86244e-05 1892.28 5.35807
-6.44238e-06 1897.39 5.36001
-2.25742e-06 1970.28 5.3882
1.55261e-06 1986.89 5.39477
-1.75473e-05 2054.02 5.4219
-1.63496e-05 2066.78 5.42716
1.73335e-06 2122.11 5.45033
-1.35569e-06 2153.31 5.46368
-3.53551e-06 2220.8 5.4932
-2.36908e-05 2233.03 5.49864
-7.66848e-07 2255.15 5.50857
6.06954e-07 2279.25 5.5195
-1.63643e-05 2372 5.56264
6.42225e-06 2381.85 5.56732
-5.71293e-06 2385.06 5.56885
-3.88339e-06 2443.51 5.59708
5.96021e-06 2483.4 5.61673
1.68691e-05 2484.1 5.61708
1.02499e-06 2504.92 5.62746
2.16141e-06 2592.95 5.67234
-4.56234e-07 2620.81 5.68686
-1.75738e-07 2718.27 5.7389
1.99581e-06 2770.83 5.76775
5.00008e-07 2796.78 5.7822
-2.56419e-07 2817.13 5.79362
-3.64856e-07 2820.96 5.79578
3.42175e-07 2834.54 5.80346
8.21328e-07 2835.44 5.80397
1.24206e-06 2853.18 5.81406
-2.82699e-07 2856.38 5.81589
-4.0906e-08 2857.74 5.81667
6.78459e-07 2884.41 5.83198
3.23181e-06 2888.01 5.83406
4.75352e-07 2892.07 5.83641
1.31878e-06 2926.33 5.85634
-6.61316e-07 2927.16 5.85683
-5.97895e-06 2928.95 5.85788
-1.27976e-06 2967.31 5.88049
-7.29362e-06 2972.97 5.88386
-5.96282e-06 2978.65 5.88723
-1.10542e-05 3034.06 5.92055
-6.56439e-06 3036.69 5.92215
-1.32572e-06 3077.38 5.94703
-1.61898e-05 3098.68 5.96018
5.20288e-06 3100.87 5.96154
-1.70009e-07 3169.52 6.00459
1.76891e-05 3172.07 6.00621
8.2596e-08 3215.58 6.034
-2.25493e-06 3240.61 6.05016
-1.81051e-05 3244.79 6.05286
5.18397e-06 3321.48 6.10322
-1.36069e-05 3325.47 6.10587
3.68714e-06 3326.01 6.10624
1.33868e-05 3354.43 6.12522
-2.49858e-07 3356.59 6.12667
-4.31249e-07 3427.72 6.17493
-4.68061e-06 3430.28 6.17669
9.25387e-06 3473.91 6.2068
-1.39136e-05 3474.76 6.2074
4.97437e-06 3561.52 6.26844
-1.07338e-05 3562.03 6.26881
9.5091e-06 3593.69 6.29146
-9.93485e-06 3594.34 6.29193
-1.15251e-05 3710.63 6.37688
-2.75225e-06 3710.72 6.37694
4.84901e-06 3719.95 6.3838
2.33981e-05 3720.69 6.38436
-1.12766e-07 3747.22 6.40416
4.10094e-08 3810.42 6.45193
-1.3991e-05 3833.78 6.46979
-6.94289e-06 3834.29 6.47018
1.13826e-05 3874.11 6.50088
-2.1647e-05 3874.72 6.50135
-8.55042e-07 3921.8 6.53806
-7.4559e-08 3924.08 6.53984
6.84156e-09 3926.02 6.54136
-9.1191e-07 3928.04 6.54295
-5.20608e-07 3932.88 6.54675
-4.71982e-08 3936.76 6.54981
1.3263e-07 3941.14 6.55326
6.59362e-07 3945.1 6.55638
-1.60789e-06 3951.24 6.56123
2.50938e-05 3961.08 6.56902
6.26924e-06 3961.47 6.56932
-6.23203e-07 3964.53 6.57175
-1.10128e-05 3971.69 6.57743
1.29177e-06 3979.3 6.58348
4.01092e-06 3980.42 6.58438
-5.50896e-06 3984.01 6.58724
9.95749e-07 3984.25 6.58743
-8.14654e-06 3987.25 6.58982
-9.8166e-06 3992.61 6.5941
1.09289e-05 3998.32 6.59865
1.35203e-05 4005.1 6.60409
2.75873e-06 4006.21 6.60497
-1.29868e-05 4006.42 6.60514
3.71443e-06 4007.62 6.6061
1.05198e-05 4014.33 6.61148
-7.91741e-06 4022.2 6.61781
-3.97838e-06 4033.85 6.6272
2.84078e-07 4035.64 6.62864
5.15225e-07 4044.95 6.63616
3.56102e-06 4056.73 6.64571
5.58492e-06 4060.91 6.6491
-1.40691e-07 4066.41 6.65357
6.12197e-06 4069.34 6.65595
1.95321e-06 4082.06 6.66632
2.99818e-05 4082.19 6.66643
1.0443e-05 4082.43 6.66662
-8.14944e-06 4094.93 6.67684
-1.92712e-06 4099.02 6.6802
-8.11368e-07 4099.46 6.68056
-4.10879e-07 4105.95 6.68588
5.21633e-06 4106.37 6.68623
7.14534e-06 4109.45 6.68876
-1.91196e-07 4116.3 6.69439
-4.55368e-06 4122.3 6.69933
6.23569e-07 4134.67 6.70955
-2.41235e-06 4135.37 6.71013
-2.62403e-08 4139.01 6.71314
3.85737e-07 4147.32 6.72003
1.05033e-05 4151.25 6.72329
-2.8703e-05 4151.54 6.72353
1.59514e-06 4157.97 6.72887
-2.59287e-06 4167.12 6.73649
-1.09709e-07 4171.43 6.74009
2.85688e-07 4173.23 6.74159
2.34885e-06 4173.93 6.74217
1.44784e-06 4178.21 6.74575
4.71017e-07 4209.75 6.7722
7.89213e-07 4210.08 6.77248
-1.42288e-06 4210.14 6.77253
1.23696e-07 4214.77 6.77643
-9.71921e-08 4248.6 6.80506
-3.06887e-06 4260.11 6.81485
4.57233e-05 4260.18 6.81492
-5.50789e-08 4263.25 6.81753
-3.59044e-08 4272.29 6.82524
5.7316e-08 4286.26 6.83721
-1.53784e-07 4310.35 6.85791
4.20415e-08 4327.19 6.87246
1.33281e-06 4341.86 6.88517
-1.88334e-07 4342.42 6.88566
-1.63373e-07 4364.02 6.90447
-1.06749e-07 4376.44 6.91532
2.0042e-07 4384.82 6.92267
-1.04479e-08 4448.44 6.97886
2.89247e-06 4481.3 7.0082
-9.38895e-06 4504.61 7.02916
1.02086e-06 4504.62 7.02916
-3.49775e-05 4509.47 7.03353
2.2829e-05 4509.64 7.03369
-6.12486e-07 4516.65 7.04001
4.79151e-05 4519.15 7.04227
-3.0671e-05 4519.19 7.04231
-1.30024e-05 4533.14 7.05493
-5.41647e-05 4533.25 7.05504
4.33392e-05 4552.56 7.07258
-5.5012e-06 4552.6 7.07262
-1.40062e-06 4574.17 7.0923
-1.48275e-05 4574.27 7.09239
-9.13043e-06 4579.41 7.0971
-5.00543e-06 4579.53 7.09721
1.80656e-08 4588.15 7.10511
4.4441e-07 4590.61 7.10738
2.52229e-05 4590.81 7.10756
6.88771e-06 4604.95 7.12056
6.11746e-07 4605.15 7.12074
-3.91239e-06 4619.65 7.13411
-1.44071e-05 4637.99 7.15109
9.62754e-06 4638.11 7.15121
2.40993e-05 4650.54 7.16275
-1.24904e-05 4650.6 7.16281
1.11909e-07 4661.65 7.1731
-2.06192e-05 4665.6 7.17679
-1.80973e-05 4665.72 7.17689
-1.61912e-05 4679.85 7.1901
9.66018e-06 4679.88 7.19013
-4.52854e-05 4708.98 7.21745
-1.64791e-05 4709.18 7.21764
-7.79404e-06 4724.98 7.23255
-1.3569e-05 4725.07 7.23263
2.05452e-07 4736.26 7.24321
1.54267e-05 4744.29 7.25083
3.04736e-05 4744.63 7.25115
2.65653e-06 4749.82 7.25608
-8.14946e-06 4752.2 7.25834
3.45028e-05 4752.24 7.25838
-8.05243e-06 4780.11 7.28495
-3.22084e-05 4780.12 7.28496
-2.70904e-05 4782.01 7.28676
1.03503e-05 4782.18 7.28693
-1.3309e-05 4804.04 7.30788
-2.54139e-05 4804.18 7.30802
-1.69128e-05 4807.9 7.31159
1.76417e-05 4807.92 7.31162
1.81071e-07 4811.09 7.31466
5.0523e-07 4815.13 7.31855
-1.61157e-05 4815.27 7.31868
2.51365e-05 4823.97 7.32707
3.16387e-05 4824.01 7.32711
-1.758e-06 4868.55 7.37028
1.05013e-07 4885.25 7.38657
-6.84651e-07 4899.07 7.40009
4.06374e-07 4899.08 7.4001
3.442e-05 4913.69 7.41443
-6.68384e-05 4913.76 7.4145
3.30989e-08 4958.05 7.45823
-2.14576e-07 4972.15 7.47223
1.64022e-08 5028.49 7.52857
1.04588e-06 5057.27 7.5576
-1.11596e-08 5095.58 7.59649
7.76961e-07 5123.13 7.62465
1.92656e-08 5158.09 7.66059
-3.61519e-07 5170.58 7.67349
-1.90927e-06 5202.93 7.70704
-2.21219e-08 5214.71 7.71932
-2.86323e-06 5223.95 7.72896
2.77615e-06 5237.16 7.74278
1.60266e-06 5245.37 7.75139
1.52866e-07 5250.54 7.75682
1.85681e-06 5253.85 7.76029
-3.60524e-06 5256.3 7.76287
5.02307e-06 5258.33 7.765
6.0453e-06 5260.21 7.76699
6.6649e-06 5262.13 7.769
-6.42409e-06 5263.81 7.77077
-2.66222e-07 5264.18 7.77116
4.89788e-06 5265.24 7.77228
-2.90725e-06 5266.12 7.7732
3.6395e-08 5305.38 7.81471
2.38413e-08 5337.72 7.84912
-3.20172e-08 5354.27 7.86682
4.07287e-09 5360.88 7.87391
1.29619e-08 5374.83 7.88888
-3.94916e-07 5390.56 7.90582
6.33569e-09 5420.29 7.93795
1.35744e-09 5589.08 8.12378
1.55769e-08 5911.42 8.49449
1.40232e-09 5911.43 8.4945
-1.17405e-05 5917.21 8.50134
-4.2401e-06 5917.21 8.50134
1.15415e-06 6112.79 8.73662
1.85554e-06 6118.87 8.74406
-1.71727e-06 6130.95 8.75886
-4.47092e-07 6151.66 8.7843
-1.89165e-06 6184.18 8.82441
4.85399e-06 6231.38 8.88301
-7.5976e-06 6294.6 8.96221
1.52138e-05 6310.71 8.98251
-7.01576e-06 6310.71 8.98251
3.20384e-05 6325.5 9.0012
-8.49485e-07 6325.5 9.0012
7.8312e-06 6347.74 9.02938
4.438e-05 6347.74 9.02939
9.18949e-06 6372.41 9.06076
-1.42893e-05 6376.55 9.06605
5.37961e-05 6376.56 9.06605
-6.18629e-05 6413.89 9.1138
1.31635e-05 6413.89 9.1138
8.85334e-06 6460.07 9.17325
-1.29122e-05 6464.43 9.17888
-6.42286e-05 6464.43 9.17889
-5.17346e-05 6533.81 9.26907
3.01775e-05 6533.81 9.26907
-6.27724e-06 6550.23 9.29055
-4.30848e-05 6626.06 9.39046
-1.74934e-05 6626.06 9.39047
1.54227e-06 6633.77 9.40069
-4.08093e-06 6697.03 9.48503
6.49207e-07 6705.12 9.49587
1.88359e-06 6721.09 9.51731
-4.58924e-06 6727.03 9.52529
2.84054e-05 6741.4 9.54465
-9.18599e-06 6741.4 9.54465
-3.44845e-06 6756.11 9.56451
7.85843e-06 6759.21 9.5687
5.30405e-08 6792.96 9.61443
-9.02661e-06 6795.55 9.61795
-5.86686e-06 6826.85 9.66059
5.22977e-06 6827.2 9.66107
3.56261e-06 6849.28 9.69127
2.82955e-06 6849.67 9.69181
-2.03844e-05 6875.44 9.72717
2.89126e-06 6875.44 9.72718
-1.63048e-05 7020.17 9.92827
-2.02504e-05 7020.17 9.92828
-1.27153e-05 7165.95 10.1351
-3.06302e-05 7165.95 10.1351
-5.38708e-10 7269.06 10.2839
2.04171e-05 7303.57 10.3342
2.90851e-05 7303.57 10.3342
3.20531e-06 7402.62 10.4799
-3.34539e-05 7425.86 10.5143
1.50277e-06 7425.86 10.5143
-9.0159e-06 7528.75 10.6682
2.82002e-05 7528.75 10.6682
6.15941e-07 7606.31 10.7856
9.85043e-07 7608.46 10.7889
2.29555e-07 7611.48 10.7935
2.61989e-05 7611.48 10.7935
9.1112e-07 7612.08 10.7944
2.96171e-07 7617.21 10.8022
8.24829e-07 7623.92 10.8124
2.29519e-06 7632.3 10.8252
3.83823e-06 7642.44 10.8407
5.1206e-06 7654.48 10.8591
5.79572e-06 7668.55 10.8807
8.5754e-06 7675.8 10.8918
2.21159e-05 7675.8 10.8918
-5.58864e-06 7684.8 10.9056
-4.36035e-06 7703.41 10.9343
-2.15839e-06 7724.53 10.9668
1.33646e-05 7724.66 10.967
1.64695e-05 7724.66 10.967
7.53663e-07 7748.31 11.0036
1.37799e-05 7761.13 11.0235
1.14191e-05 7761.13 11.0235
-3.92806e-06 7774.87 11.0449
1.23584e-05 7787.88 11.0651
6.1763e-06 7787.88 11.0651
6.77852e-06 7804.26 11.0907
9.2984e-06 7806.96 11.0949
2.31046e-06 7806.96 11.0949
-5.89244e-06 7819.82 11.115
2.05116e-07 7819.82 11.115
2.71744e-06 7827.33 11.1267
1.0024e-06 7827.33 11.1267
8.70305e-06 7836.42 11.141
2.57869e-06 7849.16 11.1609
3.41822e-05 7849.17 11.1609
9.22651e-06 7871.12 11.1955
8.15796e-06 7907.86 11.2534
-5.70059e-06 7945.78 11.3135
2.49249e-06 7983.51 11.3736
7.4655e-06 7990.77 11.3852
-3.52379e-06 7990.78 11.3853
1.46243e-05 7996.11 11.3938
-6.21666e-06 7996.12 11.3938
2.00514e-05 8007.36 11.4118
-7.30834e-06 8007.36 11.4118
5.07559e-07 8019.08 11.4306
2.25958e-05 8026.34 11.4422
-5.609e-06 8026.35 11.4422
2.30739e-06 8049.83 11.48
-2.19212e-05 8053.9 11.4865
-1.28782e-06 8053.9 11.4865
2.24823e-06 8072.56 11.5166
-1.88232e-05 8089.71 11.5443
5.0828e-06 8089.71 11.5443
-2.72204e-07 8090.94 11.5463
-1.45565e-05 8132.68 11.6141
-1.18423e-05 8132.68 11.6141
-1.02379e-05 8181.53 11.6937
-1.71284e-05 8181.53 11.6937
2.93754e-11 8190.5 11.7084
-6.70577e-06 8235.36 11.7821
-1.8925e-05 8235.36 11.7821
2.06369e-10 8239.82 11.7895
-4.15972e-06 8294.08 11.8792
1.58828e-05 8294.08 11.8792
-2.67042e-11 8319.2 11.9209
2.38503e-06 8358.49 11.9864
-7.85759e-06 8358.5 11.9864
-3.49018e-11 8424.84 12.0978
-1.0064e-06 8430.1 12.1067
-3.22294e-06 8430.1 12.1067
2.80186e-07 8510.25 12.2424
1.26605e-05 8510.25 12.2424
8.17805e-12 8544.89 12.3015
5.00693e-11 8552.22 12.314
-3.61194e-10 8556.37 12.3211
-4.89143e-06 8565.03 12.336
2.54399e-06 8565.03 12.336
-1.13139e-10 8575.8 12.3544
-1.40916e-05 8577.06 12.3566
4.67902e-06 8577.06 12.3566
-3.69955e-06 8592.61 12.3833
-3.94276e-06 8592.61 12.3833
-2.29189e-10 8603.42 12.4019
2.45628e-05 8605.55 12.4056
3.28894e-06 8605.55 12.4056
2.7136e-05 8630.05 12.4478
3.74292e-06 8630.05 12.4478
2.08319e-10 8639.29 12.4637
1.3858e-05 8664.71 12.5077
1.43882e-06 8664.71 12.5077
-1.52348e-10 8683.18 12.5398
-1.8264e-12 8696.5 12.5629
2.41089e-05 8702.42 12.5732
-5.14603e-06 8702.42 12.5732
-2.53968e-05 8714.12 12.5936
4.902e-06 8714.12 12.5936
-3.779e-11 8734.42 12.629
7.45129e-06 8734.88 12.6298
4.59399e-11 8740.36 12.6394
-1.70533e-07 8762.37 12.6779
-1.2268e-05 8762.37 12.6779
-1.55635e-10 8792.02 12.73
7.92302e-06 8803.66 12.7505
-2.86978e-05 8803.66 12.7505
-3.30627e-06 8823.46 12.7853
1.17463e-05 8823.46 12.7853
7.11602e-11 8852.94 12.8375
-4.60827e-11 8854.71 12.8406
2.49186e-05 8872.4 12.872
-9.44926e-06 8872.41 12.872
-2.6592e-06 8915.86 12.9493
-3.22453e-06 8915.86 12.9493
-6.41988e-11 8921.03 12.9585
2.2411e-05 8941.83 12.9956
-2.717e-06 8941.83 12.9956
6.12671e-11 8989.48 13.0811
3.38911e-06 8998.04 13.0965
-4.62303e-06 8998.04 13.0965
2.98595e-12 9017.13 13.1309
-1.1123e-06 9031.77 13.1573
-1.00531e-05 9031.77 13.1573
-1.04965e-10 9058.57 13.2058
7.59479e-06 9073.47 13.2328
1.9417e-06 9073.47 13.2328
2.21705e-06 9094.52 13.271
2.01191e-06 9125.48 13.3274
-7.26429e-07 9125.48 13.3274
-9.85453e-11 9126.92 13.3301
-9.00756e-06 9149.55 13.3714
9.96864e-06 9149.55 13.3714
6.81325e-11 9185.13 13.4367
6.52299e-11 9193.27 13.4516
1.99167e-06 9210.1 13.4826
9.30154e-06 9210.11 13.4826
-8.2052e-06 9224.78 13.5097
1.52576e-05 9224.78 13.5097
-1.37708e-10 9256.51 13.5683
-8.33619e-07 9282.09 13.6157
1.70099e-05 9282.1 13.6157
6.06214e-06 9295.97 13.6415
1.33965e-05 9295.98 13.6415
2.36775e-11 9315.66 13.6782
3.5507e-08 9338.18 13.7202
1.93191e-05 9338.18 13.7202
-5.08452e-11 9353.5 13.7488
-3.28124e-06 9357.06 13.7555
3.51742e-06 9357.06 13.7555
-1.35728e-11 9369.9 13.7795
-9.92438e-07 9374.46 13.7881
1.2907e-05 9374.47 13.7881
-1.66743e-06 9411.01 13.8567
1.39723e-06 9411.01 13.8567
-1.32851e-11 9418.51 13.8708
4.69552e-11 9460.87 13.9508
-9.63754e-07 9461.67 13.9523
1.21409e-05 9461.67 13.9523
-1.80373e-05 9478.08 13.9834
2.42771e-12 9496.44 14.0182
3.91528e-11 9519.34 14.0618
3.32805e-05 9519.61 14.0623
-8.2706e-07 9520.94 14.0648
-2.67705e-05 9520.94 14.0648
3.39318e-11 9524.73 14.0721
-1.84976e-05 9531.63 14.0852
9.74368e-11 9545.31 14.1113
3.39481e-05 9549.15 14.1186
5.56525e-11 9557.83 14.1352
-4.37339e-05 9577.47 14.1728
-1.47066e-06 9580.9 14.1794
3.70839e-05 9580.9 14.1794
4.32421e-05 9585.05 14.1873
4.62017e-05 9615.29 14.2454
2.4093e-06 9637.2 14.2876
4.21283e-05 9637.2 14.2876
4.07569e-05 9660.88 14.3333
4.60056e-05 9670.01 14.3509
-2.92356e-11 9680.22 14.3707
-3.15559e-06 9687.31 14.3844
-4.23669e-05 9687.31 14.3844
-2.81555e-05 9711.88 14.4321
6.10681e-11 9727.84 14.4631
-3.44865e-06 9729.49 14.4663
3.85371e-05 9729.49 14.4663
3.14777e-05 9762.68 14.531
-3.18352e-06 9762.68 14.531
-9.31368e-06 9764.29 14.5341
4.0871e-05 9770.05 14.5454
9.39726e-07 9779.34 14.5636
-1.00028e-05 9779.59 14.564
2.21135e-05 9786.35 14.5773
-2.38969e-06 9786.35 14.5773
1.13579e-05 9800.44 14.6049
-1.29118e-06 9800.44 14.6049
-1.18702e-05 9803.85 14.6116
9.77031e-06 9810.98 14.6255
-3.03393e-06 9819.92 14.6431
4.9186e-11 9834.15 14.6711
-1.60245e-05 9837.14 14.6769
1.44725e-05 9852.82 14.7078
-2.84554e-05 9881.12 14.7636
-9.54554e-06 9889.4 14.78
-1.66013e-11 9917.42 14.8355
5.95257e-06 9936.68 14.8738
-4.19814e-11 9979.51 14.9591
6.49944e-06 9986.92 14.9739
-1.07879e-05 9999.67 14.9994
-1.44773e-05 10044 15.0882
2.59192e-05 10068.3 15.137
-3.99788e-06 10073.7 15.148
-4.41568e-05 10103.7 15.2085
-2.21736e-11 10115 15.2314
-9.00929e-06 10122.7 15.2469
1.42132e-05 10125.5 15.2526
-5.19804e-11 10134.1 15.27
-4.6877e-12 10134.1 15.27
-1.00844e-05 10136.8 15.2754
4.81451e-05 10160.8 15.3242
4.42796e-06 10197.2 15.3983
1.99442e-06 10200.2 15.4044
-8.614e-06 10200.2 15.4044
2.37852e-05 10203.1 15.4103
-3.75061e-05 10223 15.4509
3.84572e-12 10239.7 15.4851
-2.72987e-05 10247.7 15.5015
1.18265e-05 10260.4 15.5276
-1.96284e-05 10267.4 15.5419
2.38733e-05 10280.8 15.5696
-1.37969e-06 10302.5 15.6142
-1.18265e-05 10302.5 15.6142
3.53949e-06 10312 15.6338
-4.67889e-06 10319.3 15.6488
-2.17324e-05 10326.9 15.6646
-6.93954e-12 10352.7 15.7178
-1.54163e-05 10363.1 15.7393
4.06317e-05 10372.4 15.7586
-1.64327e-05 10375.9 15.766
-1.71593e-05 10412.6 15.8422
-1.89751e-05 10427.8 15.8739
2.56039e-05 10450.8 15.9219
1.79967e-11 10453.4 15.9274
-4.0318e-05 10476.7 15.9761
-8.21892e-06 10486.9 15.9975
-4.64637e-05 10494.9 16.0143
-4.54854e-05 10502.5 16.0303
4.58089e-05 10519.1 16.0651
-2.38397e-05 10525.8 16.0793
-2.24266e-05 10530.5 16.0891
3.63284e-05 10532.5 16.0934
-8.10511e-12 10541.4 16.1121
4.54016e-06 10542.8 16.1151
2.96862e-06 10558.1 16.1475
4.36806e-05 10613.8 16.2652
-2.01987e-11 10616.2 16.2703
1.72252e-12 10677.5 16.4009
-3.53744e-06 10723.7 16.4998
-9.41695e-12 10724.8 16.5022
-3.28317e-05 10727.6 16.5081
-8.49175e-12 10757.1 16.5716
1.1771e-11 10792.9 16.6488
6.5753e-12 10811.3 16.6885
-1.59952e-05 10835.3 16.7403
-3.68324e-06 10935.9 16.9594
2.26717e-05 11028.7 17.1631
3.77821e-05 11112.9 17.3498
4.67859e-05 11188.2 17.5176
-4.87915e-05 11254.1 17.6654
-4.43234e-05 11310 17.7917
3.51041e-05 11355.8 17.8955
2.3563e-05 11391 17.9755
1.19479e-05 11414.8 18.0298
-7.11022e-07 11434.8 18.0755
-3.50877e-05 11492.5 18.2078
-2.32118e-06 12032.6 19.4784
-1.28338e-05 12032.6 19.4784
-5.00995e-06 12034.7 19.4835
-2.67593e-05 12034.7 19.4835
7.90199e-06 12039.6 19.4952
-4.00457e-05 12039.6 19.4952
1.04803e-05 12048.8 19.5174
4.93483e-05 12048.8 19.5175
-1.21719e-05 12064.2 19.5544
-5.16435e-05 12064.2 19.5544
-1.25146e-05 12087.1 19.6097
4.52722e-05 12087.1 19.6097
-1.1274e-05 12118.7 19.6864
3.04887e-05 12118.7 19.6864
8.51173e-06 12159.8 19.786
9.52494e-06 12159.8 19.7861
-4.58704e-06 12210.4 19.9094
1.38473e-05 12210.4 19.9094
-9.00054e-08 12270.3 20.056
3.51469e-05 12270.3 20.056
-4.27774e-06 12338.7 20.2243
5.01905e-05 12338.7 20.2243
7.84515e-06 12414.5 20.412
-5.60165e-05 12414.5 20.412
9.27251e-15 12463.3 20.5335
-1.01042e-05 12496.3 20.6157
5.15097e-05 12496.3 20.6157
-1.08048e-05 12582.4 20.8317
3.75913e-05 12582.4 20.8317
-9.99171e-06 12670.9 21.0553
-1.69557e-05 12670.9 21.0553
7.9791e-06 12759.8 21.2812
-6.55919e-06 12759.8 21.2812
5.26932e-06 12846.7 21.5038
-2.88014e-05 12846.7 21.5038
2.43712e-06 12929.3 21.7166
4.61301e-05 12929.3 21.7166
-9.33424e-08 12969.9 21.8218
-7.2445e-09 13005 21.9131
-5.60497e-05 13005 21.9131
1.64561e-06 13071.5 22.0865
-5.75246e-05 13071.5 22.0865
-2.35269e-06 13126.4 22.2303
-5.09349e-05 13126.4 22.2304
-2.1549e-06 13167.5 22.3384
-3.77401e-05 13167.5 22.3384
-1.26354e-06 13193 22.4055
-2.00063e-05 13193 22.4055
3.95367e-06 13658.7 23.6561
-9.53935e-06 13658.7 23.6561
1.29721e-12 13682.3 23.7206
-7.40882e-14 13682.3 23.7206
