0 31.8414 5.0001
0 60.7428 5.00037
0 64.108 5.00041
0 80.3321 5.00065
0 103.852 5.00108
0 116.093 5.00135
0 125.478 5.00158
0 146.353 5.00214
0 156.524 5.00245
0 179.183 5.00321
0 214.588 5.00461
0 245.699 5.00604
0 250.745 5.00629
0 266.081 5.00708
0 285.714 5.00816
0 333.572 5.01113
0 347.985 5.01211
0 364.486 5.01329
0 380.008 5.01444
0 445.777 5.01987
0 449.711 5.02022
0 484.091 5.02344
0 498.428 5.02484
0 529.528 5.02804
0 543.448 5.02953
0 615.213 5.03785
0 631.873 5.03993
0 639.452 5.04089
0 641.13 5.04111
0 720.839 5.05196
0 747.822 5.05592
0 757.605 5.0574
0 766.095 5.05869
0 831.438 5.06913
0 868.374 5.07541
0 893.297 5.0798
0 896.553 5.08038
0 967.931 5.09369
0 995.761 5.09915
0 1020.78 5.1042
0 1027.03 5.10548
0 1095.42 5.11999
0 1118.32 5.12506
0 1145.14 5.13114
0 1161.61 5.13493
0 1243.08 5.15452
0 1257.88 5.15823
0 1273.98 5.1623
0 1298.29 5.16856
0 1324.09 5.17532
0 1415.92 5.20048
0 1420.06 5.20166
0 1434.86 5.20588
0 1518.5 5.23058
0 1570.54 5.24666
0 1571.97 5.24711
0 1572.74 5.24735
0 1711.24 5.29283
0 1712.68 5.29333
0 1720.18 5.2959
0 1731.96 5.29997
0 1845.03 5.34041
0 1852.15 5.34305
0 1892.28 5.35807
0 1897.39 5.36001
0 1970.28 5.3882
0 1986.89 5.39477
0 2054.02 5.4219
0 2066.78 5.42716
0 2122.11 5.45033
0 2153.31 5.46368
0 2220.8 5.4932
0 2233.03 5.49864
0 2255.15 5.50857
0 2279.25 5.5195
0 2372 5.56264
0 2381.85 5.56732
0 2385.06 5.56885
0 2443.51 5.59708
0 2483.4 5.61673
0 2484.1 5.61708
0 2504.92 5.62746
0 2592.95 5.67234
0 2620.81 5.68686
0 2718.27 5.7389
0 2770.83 5.76775
0 2796.78 5.7822
0 2817.13 5.79362
0 2820.96 5.79578
0 2834.54 5.80346
0 2835.44 5.80397
0 2853.18 5.81406
0 2856.38 5.81589
0 2857.74 5.81667
0 2884.41 5.83198
0 2888.01 5.83406
0 2892.07 5.83641
0 2926.33 5.85634
0 2927.16 5.85683
0 2928.95 5.85788
0 2967.31 5.88049
0 2972.97 5.88386
0 2978.65 5.88723
0 3034.06 5.92055
0 3036.69 5.92215
0 3077.38 5.94703
0 3098.68 5.96018
0 3100.87 5.96154
0 3169.52 6.00459
0 3172.07 6.00621
0 3215.58 6.034
0 3240.61 6.05016
0 3244.79 6.05286
0 3321.48 6.10322
0 3325.47 6.10587
0 3326.01 6.10624
0 3354.43 6.12522
0 3356.59 6.12667
0 3427.72 6.17493
0 3430.28 6.17669
0 3473.91 6.2068
0 3474.76 6.2074
0 3561.52 6.26844
0 3562.03 6.26881
0 3593.69 6.29146
0 3594.34 6.29193
0 3710.63 6.37688
0 3710.72 6.37694
0 3719.95 6.3838
0 3720.69 6.38436
0 3747.22 6.40416
0 3810.42 6.45193
0 3833.78 6.46979
0 3834.29 6.47018
0 3874.11 6.50088
0 3874.72 6.50135
0 3921.8 6.53806
0 3924.08 6.53984
0 3926.02 6.54136
0 3928.04 6.54295
0 3932.88 6.54675
0 3936.76 6.54981
0 3941.14 6.55326
0 3945.1 6.55638
0 3951.24 6.56123
0 3961.08 6.56902
0 3961.47 6.56932
0 3964.53 6.57175
0 3971.69 6.57743
0 3979.3 6.58348
0 3980.42 6.58438
0 3984.01 6.58724
0 3984.25 6.58743
0 3987.25 6.58982
0 3992.61 6.5941
0 3998.32 6.59865
0 4005.1 6.60409
0 4006.21 6.60497
0 4006.42 6.60514
0 4007.62 6.6061
0 4014.33 6.61148
0 4022.2 6.61781
0 4033.85 6.6272
0 4035.64 6.62864
0 4044.95 6.63616
0 4056.73 6.64571
0 4060.91 6.6491
0 4066.41 6.65357
0 4069.34 6.65595
0 4082.06 6.66632
0 4082.19 6.66643
0 4082.43 6.66662
0 4094.93 6.67684
0 4099.02 6.6802
0 4099.46 6.68056
0 4105.95 6.68588
0 4106.37 6.68623
0 4109.45 6.68876
0 4116.3 6.69439
0 4122.3 6.69933
0 4134.67 6.70955
0 4135.37 6.71013
0 4139.01 6.71314
0 4147.32 6.72003
0 4151.25 6.72329
0 4151.54 6.72353
0 4157.97 6.72887
0 4167.12 6.73649
0 4171.43 6.74009
0 4173.23 6.74159
0 4173.93 6.74217
0 4178.21 6.74575
0 4209.75 6.7722
0 4210.08 6.77248
0 4210.14 6.77253
0 4214.77 6.77643
0 4248.6 6.80506
0 4260.11 6.81485
0 4260.18 6.81492
0 4263.25 6.81753
0 4272.29 6.82524
0 4286.26 6.83721
0 4310.35 6.85791
0 4327.19 6.87246
0 4341.86 6.88517
0 4342.42 6.88566
0 4364.02 6.90447
0 4376.44 6.91532
0 4384.82 6.92267
0 4448.44 6.97886
0 4481.3 7.0082
0 4504.61 7.02916
0 4504.62 7.02916
0 4509.47 7.03353
0 4509.64 7.03369
0 4516.65 7.04001
0 4519.15 7.04227
0 4519.19 7.04231
0 4533.14 7.05493
0 4533.25 7.05504
0 4552.56 7.07258
0 4552.6 7.07262
0 4574.17 7.0923
0 4574.27 7.09239
0 4579.41 7.0971
0 4579.53 7.09721
0 4588.15 7.10511
0 4590.61 7.10738
0 4590.81 7.10756
0 4604.95 7.12056
0 4605.15 7.12074
0 4619.65 7.13411
0 4637.99 7.15109
0 4638.11 7.15121
0 4650.54 7.16275
0 4650.6 7.16281
0 4661.65 7.1731
0 4665.6 7.17679
0 4665.72 7.17689
0 4679.85 7.1901
0 4679.88 7.19013
0 4708.98 7.21745
0 4709.18 7.21764
0 4724.98 7.23255
0 4725.07 7.23263
0 4736.26 7.24321
0 4744.29 7.25083
0 4744.63 7.25115
0 4749.82 7.25608
0 4752.2 7.25834
0 4752.24 7.25838
0 4780.11 7.28495
0 4780.12 7.28496
0 4782.01 7.28676
0 4782.18 7.28693
0 4804.04 7.30788
0 4804.18 7.30802
0 4807.9 7.31159
0 4807.92 7.31162
0 4811.09 7.31466
0 4815.13 7.31855
0 4815.27 7.31868
0 4823.97 7.32707
0 4824.01 7.32711
0 4868.55 7.37028
0 4885.25 7.38657
0 4899.07 7.40009
0 4899.08 7.4001
0 4913.69 7.41443
0 4913.76 7.4145
0 4958.05 7.45823
0 4972.15 7.47223
0 5028.49 7.52857
0 5057.27 7.5576
0 5095.58 7.59649
0 5123.13 7.62465
0 5158.09 7.66059
0 5170.58 7.67349
0 5202.93 7.70704
0 5214.71 7.71932
0 5223.95 7.72896
0 5237.16 7.74278
0 5245.37 7.75139
0 5250.54 7.75682
0 5253.85 7.76029
0 5256.3 7.76287
0 5258.33 7.765
0 5260.21 7.76699
0 5262.13 7.769
0 5263.81 7.77077
0 5264.18 7.77116
0 5265.24 7.77228
0 5266.12 7.7732
0 5305.38 7.81471
0 5337.72 7.84912
0 5354.27 7.86682
0 5360.88 7.87391
0 5374.83 7.88888
0 5390.56 7.90582
0 5420.29 7.93795
0 5589.08 8.12378
0 5911.42 8.49449
0 5911.43 8.4945
0 5917.21 8.50134
0 5917.21 8.50134
0 6112.79 8.73662
0 6118.87 8.74406
0 6130.95 8.75886
0 6151.66 8.7843
0 6184.18 8.82441
0 6231.38 8.88301
0 6294.6 8.96221
0 6310.71 8.98251
0 6310.71 8.98251
0 6325.5 9.0012
0 6325.5 9.0012
0 6347.74 9.02938
0 6347.74 9.02939
0 6372.41 9.06076
0 6376.55 9.06605
0 6376.56 9.06605
0 6413.89 9.1138
0 6413.89 9.1138
0 6460.07 9.17325
0 6464.43 9.17888
0 6464.43 9.17889
0 6533.81 9.26907
0 6533.81 9.26907
0 6550.23 9.29055
0 6626.06 9.39046
0 6626.06 9.39047
0 6633.77 9.40069
0 6697.03 9.48503
0 6705.12 9.49587
0 6721.09 9.51731
0 6727.03 9.52529
0 6741.4 9.54465
0 6741.4 9.54465
0 6756.11 9.56451
0 6759.21 9.5687
0 6792.96 9.61443
0 6795.55 9.61795
0 6826.85 9.66059
0 6827.2 9.66107
0 6849.28 9.69127
0 6849.67 9.69181
0 6875.44 9.72717
0 6875.44 9.72718
0 7020.17 9.92827
0 7020.17 9.92828
0 7165.95 10.1351
0 7165.95 10.1351
0 7269.06 10.2839
0 7303.57 10.3342
0 7303.57 10.3342
0 7402.62 10.4799
0 7425.86 10.5143
0 7425.86 10.5143
0 7528.75 10.6682
0 7528.75 10.6682
0 7606.31 10.7856
0 7608.46 10.7889
0 7611.48 10.7935
0 7611.48 10.7935
0 7612.08 10.7944
0 7617.21 10.8022
0 7623.92 10.8124
0 7632.3 10.8252
0 7642.44 10.8407
0 7654.48 10.8591
0 7668.55 10.8807
0 7675.8 10.8918
0 7675.8 10.8918
0 7684.8 10.9056
0 7703.41 10.9343
0 7724.53 10.9668
0 7724.66 10.967
0 7724.66 10.967
0 7748.31 11.0036
0 7761.13 11.0235
0 7761.13 11.0235
0 7774.87 11.0449
0 7787.88 11.0651
0 7787.88 11.0651
0 7804.26 11.0907
0 7806.96 11.0949
0 7806.96 11.0949
0 7819.82 11.115
0 7819.82 11.115
0 7827.33 11.1267
0 7827.33 11.1267
0 7836.42 11.141
0 7849.16 11.1609
0 7849.17 11.1609
0 7871.12 11.1955
0 7907.86 11.2534
0 7945.78 11.3135
0 7983.51 11.3736
0 7990.77 11.3852
0 7990.78 11.3853
0 7996.11 11.3938
0 7996.12 11.3938
0 8007.36 11.4118
0 8007.36 11.4118
0 8019.08 11.4306
0 8026.34 11.4422
0 8026.35 11.4422
0 8049.83 11.48
0 8053.9 11.4865
0 8053.9 11.4865
0 8072.56 11.5166
0 8089.71 11.5443
0 8089.71 11.5443
0 8090.94 11.5463
0 8132.68 11.6141
0 8132.68 11.6141
0 8181.53 11.6937
0 8181.53 11.6937
0 8190.5 11.7084
0 8235.36 11.7821
0 8235.36 11.7821
0 8239.82 11.7895
0 8294.08 11.8792
0 8294.08 11.8792
0 8319.2 11.9209
0 8358.49 11.9864
0 8358.5 11.9864
0 8424.84 12.0978
0 8430.1 12.1067
0 8430.1 12.1067
0 8510.25 12.2424
0 8510.25 12.2424
0 8544.89 12.3015
0 8552.22 12.314
0 8556.37 12.3211
0 8565.03 12.336
0 8565.03 12.336
0 8575.8 12.3544
0 8577.06 12.3566
0 8577.06 12.3566
0 8592.61 12.3833
0 8592.61 12.3833
0 8603.42 12.4019
0 8605.55 12.4056
0 8605.55 12.4056
0 8630.05 12.4478
0 8630.05 12.4478
0 8639.29 12.4637
0 8664.71 12.5077
0 8664.71 12.5077
0 8683.18 12.5398
0 8696.5 12.5629
0 8702.42 12.5732
0 8702.42 12.5732
0 8714.12 12.5936
0 8714.12 12.5936
0 8734.42 12.629
0 8734.88 12.6298
0 8740.36 12.6394
0 8762.37 12.6779
0 8762.37 12.6779
0 8792.02 12.73
0 8803.66 12.7505
0 8803.66 12.7505
0 8823.46 12.7853
0 8823.46 12.7853
0 8852.94 12.8375
0 8854.71 12.8406
0 8872.4 12.872
0 8872.41 12.872
0 8915.86 12.9493
0 8915.86 12.9493
0 8921.03 12.9585
0 8941.83 12.9956
0 8941.83 12.9956
0 8989.48 13.0811
0 8998.04 13.0965
0 8998.04 13.0965
0 9017.13 13.1309
0 9031.77 13.1573
0 9031.77 13.1573
0 9058.57 13.2058
0 9073.47 13.2328
0 9073.47 13.2328
0 9094.52 13.271
0 9125.48 13.3274
0 9125.48 13.3274
0 9126.92 13.3301
0 9149.55 13.3714
0 9149.55 13.3714
0 9185.13 13.4367
0 9193.27 13.4516
0 9210.1 13.4826
0 9210.11 13.4826
0 9224.78 13.5097
0 9224.78 13.5097
0 9256.51 13.5683
0 9282.09 13.6157
0 9282.1 13.6157
0 9295.97 13.6415
0 9295.98 13.6415
0 9315.66 13.6782
0 9338.18 13.7202
0 9338.18 13.7202
0 9353.5 13.7488
0 9357.06 13.7555
0 9357.06 13.7555
0 9369.9 13.7795
0 9374.46 13.7881
0 9374.47 13.7881
0 9411.01 13.8567
0 9411.01 13.8567
0 9418.51 13.8708
0 9460.87 13.9508
0 9461.67 13.9523
0 9461.67 13.9523
0 9478.08 13.9834
0 9496.44 14.0182
0 9519.34 14.0618
0 9519.61 14.0623
0 9520.94 14.0648
0 9520.94 14.0648
0 9524.73 14.0721
0 9531.63 14.0852
0 9545.31 14.1113
0 9549.15 14.1186
0 9557.83 14.1352
0 9577.47 14.1728
0 9580.9 14.1794
0 9580.9 14.1794
0 9585.05 14.1873
0 9615.29 14.2454
0 9637.2 14.2876
0 9637.2 14.2876
0 9660.88 14.3333
0 9670.01 14.3509
0 9680.22 14.3707
0 9687.31 14.3844
0 9687.31 14.3844
0 9711.88 14.4321
0 9727.84 14.4631
0 9729.49 14.4663
0 9729.49 14.4663
0 9762.68 14.531
0 9762.68 14.531
0 9764.29 14.5341
0 9770.05 14.5454
0 9779.34 14.5636
0 9779.59 14.564
0 9786.35 14.5773
0 9786.35 14.5773
0 9800.44 14.6049
0 9800.44 14.6049
0 9803.85 14.6116
0 9810.98 14.6255
0 9819.92 14.6431
0 9834.15 14.6711
0 9837.14 14.6769
0 9852.82 14.7078
0 9881.12 14.7636
0 9889.4 14.78
0 9917.42 14.8355
0 9936.68 14.8738
0 9979.51 14.9591
0 9986.92 14.9739
0 9999.67 14.9994
0 10044 15.0882
0 10068.3 15.137
0 10073.7 15.148
0 10103.7 15.2085
0 10115 15.2314
0 10122.7 15.2469
0 10125.5 15.2526
0 10134.1 15.27
0 10134.1 15.27
0 10136.8 15.2754
0 10160.8 15.3242
0 10197.2 15.3983
0 10200.2 15.4044
0 10200.2 15.4044
0 10203.1 15.4103
0 10223 15.4509
0 10239.7 15.4851
0 10247.7 15.5015
0 10260.4 15.5276
0 10267.4 15.5419
0 10280.8 15.5696
0 10302.5 15.6142
0 10302.5 15.6142
0 10312 15.6338
0 10319.3 15.6488
0 10326.9 15.6646
0 10352.7 15.7178
0 10363.1 15.7393
0 10372.4 15.7586
0 10375.9 15.766
0 10412.6 15.8422
0 10427.8 15.8739
0 10450.8 15.9219
0 10453.4 15.9274
0 10476.7 15.9761
0 10486.9 15.9975
0 10494.9 16.0143
0 10502.5 16.0303
0 10519.1 16.0651
0 10525.8 16.0793
0 10530.5 16.0891
0 10532.5 16.0934
0 10541.4 16.1121
0 10542.8 16.1151
0 10558.1 16.1475
0 10613.8 16.2652
0 10616.2 16.2703
0 10677.5 16.4009
0 10723.7 16.4998
0 10724.8 16.5022
0 10727.6 16.5081
0 10757.1 16.5716
0 10792.9 16.6488
0 10811.3 16.6885
0 10835.3 16.7403
0 10935.9 16.9594
0 11028.7 17.1631
0 11112.9 17.3498
0 11188.2 17.5176
0 11254.1 17.6654
0 11310 17.7917
0 11355.8 17.8955
0 11391 17.9755
0 11414.8 18.0298
0 11434.8 18.0755
0 11492.5 18.2078
0 12032.6 19.4784
0 12032.6 19.4784
0 12034.7 19.4835
0 12034.7 19.4835
0 12039.6 19.4952
0 12039.6 19.4952
0 12048.8 19.5174
0 12048.8 19.5175
0 12064.2 19.5544
0 12064.2 19.5544
0 12087.1 19.6097
0 12087.1 19.6097
0 12118.7 19.6864
0 12118.7 19.6864
0 12159.8 19.786
0 12159.8 19.7861
0 12210.4 19.9094
0 12210.4 19.9094
0 12270.3 20.056
0 12270.3 20.056
0 12338.7 20.2243
0 12338.7 20.2243
0 12414.5 20.412
0 12414.5 20.412
0 12463.3 20.5335
0 12496.3 20.6157
0 12496.3 20.6157
0 12582.4 20.8317
0 12582.4 20.8317
0 12670.9 21.0553
0 12670.9 21.0553
0 12759.8 21.2812
0 12759.8 21.2812
0 12846.7 21.5038
0 12846.7 21.5038
0 12929.3 21.7166
0 12929.3 21.7166
0 12969.9 21.8218
0 13005 21.9131
0 13005 21.9131
0 13071.5 22.0865
0 13071.5 22.0865
0 13126.4 22.2303
0 13126.4 22.2304
0 13167.5 22.3384
0 13167.5 22.3384
0 13193 22.4055
0 13193 22.4055
0 13658.7 23.6561
0 13658.7 23.6561
0 13682.3 23.7206
0 13682.3 23.7206
