-9.37474e-06 31.8414 5.0001
-3.07196e-05 60.7428 5.00037
-2.28081e-05 64.108 5.00041
-1.60693e-05 80.3321 5.00065
8.83728e-06 103.852 5.00108
2.77011e-05 116.093 5.00135
2.12419e-05 125.478 5.00158
-1.03018e-05 146.353 5.00214
-1.74765e-05 156.524 5.00245
7.79865e-06 179.183 5.00321
1.49375e-06 214.588 5.00461
-6.3448e-06 245.699 5.00604
-1.11833e-05 250.745 5.00629
5.11298e-06 266.081 5.00708
-6.97797e-06 285.714 5.00816
1.05847e-05 333.572 5.01113
-7.24737e-06 347.985 5.01211
2.90851e-05 364.486 5.01329
-4.66113e-06 380.008 5.01444
2.30245e-05 445.777 5.01987
3.06758e-05 449.711 5.02022
-1.11624e-05 484.091 5.02344
-1.42543e-05 498.428 5.02484
-1.74466e-05 529.528 5.02804
-2.47212e-05 543.448 5.02953
1.55418e-06 615.213 5.03785
-2.71162e-05 631.873 5.03993
1.29887e-05 639.452 5.04089
-1.48372e-05 641.13 5.04111
6.79402e-06 720.839 5.05196
3.93464e-06 747.822 5.05592
2.56254e-06 757.605 5.0574
-2.81115e-05 766.095 5.05869
-1.67887e-05 831.438 5.06913
-4.39059e-06 868.374 5.07541
2.70683e-06 893.297 5.0798
1.24352e-05 896.553 5.08038
3.70931e-05 967.931 5.09369
-1.42771e-05 995.761 5.09915
5.43101e-06 1020.78 5.1042
-4.42827e-06 1027.03 5.10548
4.83965e-06 1095.42 5.11999
2.76789e-05 1118.32 5.12506
-1.69551e-05 1145.14 5.13114
-1.45522e-05 1161.61 5.13493
-2.20581e-05 1243.08 5.15452
2.13755e-07 1257.88 5.15823
-9.38382e-06 1273.98 5.1623
-2.80593e-05 1298.29 5.16856
-1.10164e-05 1324.09 5.17532
1.97767e-06 1415.92 5.20048
4.00233e-06 1420.06 5.20166
-2.83941e-05 1434.86 5.20588
6.05281e-06 1518.5 5.23058
-1.94771e-05 1570.54 5.24666
-1.48445e-06 1571.97 5.24711
-1.85465e-05 1572.74 5.24735
-6.19634e-06 1711.24 5.29283
2.05929e-06 1712.68 5.29333
-1.8139e-05 1720.18 5.2959
2.90053e-05 1731.96 5.29997
4.8791e-06 1845.03 5.34041
1.14607e-05 1852.15 5.34305
-1.18228e-05 1892.28 5.35807
3.76227e-05 1897.39 5.36001
9.87253e-06 1970.28 5.3882
-1.94994e-05 1986.89 5.39477
-2.1773e-05 2054.02 5.4219
2.25227e-05 2066.78 5.42716
-2.69927e-05 2122.11 5.45033
-1.00495e-06 2153.31 5.46368
-7.12848e-06 2220.8 5.4932
3.53036e-06 2233.03 5.49864
-2.1476e-05 2255.15 5.50857
6.1119e-07 2279.25 5.5195
6.69246e-06 2372 5.56264
1.30335e-05 2381.85 5.56732
-9.19778e-06 2385.06 5.56885
-7.39069e-07 2443.51 5.59708
-3.33616e-05 2483.4 5.61673
2.92658e-05 2484.1 5.61708
7.72874e-06 2504.92 5.62746
2.51747e-06 2592.95 5.67234
2.29821e-05 2620.81 5.68686
2.67127e-05 2718.27 5.7389
-4.13489e-06 2770.83 5.76775
2.17625e-05 2796.78 5.7822
2.04712e-06 2817.13 5.79362
7.90367e-07 2820.96 5.79578
6.3568e-07 2834.54 5.80346
2.74793e-07 2835.44 5.80397
2.52317e-07 2853.18 5.81406
3.77231e-06 2856.38 5.81589
-1.30406e-05 2857.74 5.81667
-1.45895e-06 2884.41 5.83198
2.3873e-06 2888.01 5.83406
1.48177e-06 2892.07 5.83641
4.31228e-06 2926.33 5.85634
3.85594e-06 2927.16 5.85683
-8.663e-07 2928.95 5.85788
1.12889e-05 2967.31 5.88049
-6.54838e-06 2972.97 5.88386
4.86086e-06 2978.65 5.88723
2.18563e-06 3034.06 5.92055
-6.52712e-06 3036.69 5.92215
5.40888e-06 3077.38 5.94703
2.56186e-06 3098.68 5.96018
4.23391e-06 3100.87 5.96154
2.1509e-06 3169.52 6.00459
-2.05544e-06 3172.07 6.00621
6.931e-06 3215.58 6.034
3.05287e-06 3240.61 6.05016
3.49317e-06 3244.79 6.05286
-6.22065e-06 3321.48 6.10322
1.4523e-06 3325.47 6.10587
-3.30344e-06 3326.01 6.10624
-5.39525e-06 3354.43 6.12522
-4.01216e-06 3356.59 6.12667
-2.28968e-06 3427.72 6.17493
5.30115e-07 3430.28 6.17669
1.29755e-06 3473.91 6.2068
4.23206e-06 3474.76 6.2074
-1.35218e-06 3561.52 6.26844
3.8282e-06 3562.03 6.26881
-9.67952e-07 3593.69 6.29146
-1.07145e-05 3594.34 6.29193
3.07513e-06 3710.63 6.37688
-9.31401e-06 3710.72 6.37694
-1.50093e-05 3719.95 6.3838
6.53504e-06 3720.69 6.38436
7.29058e-07 3747.22 6.40416
8.88174e-08 3810.42 6.45193
7.31589e-06 3833.78 6.46979
-7.75102e-06 3834.29 6.47018
-1.40454e-05 3874.11 6.50088
-1.37086e-05 3874.72 6.50135
1.92998e-05 3921.8 6.53806
1.5009e-05 3924.08 6.53984
1.38886e-05 3926.02 6.54136
-2.51556e-05 3928.04 6.54295
2.22075e-06 3932.88 6.54675
-2.98897e-05 3936.76 6.54981
-2.15187e-05 3941.14 6.55326
-2.23448e-05 3945.1 6.55638
7.33091e-06 3951.24 6.56123
-5.30586e-06 3961.08 6.56902
-3.70145e-06 3961.47 6.56932
7.88992e-07 3964.53 6.57175
1.32535e-05 3971.69 6.57743
-6.93541e-06 3979.3 6.58348
-1.88727e-05 3980.42 6.58438
2.1056e-05 3984.01 6.58724
-1.60116e-05 3984.25 6.58743
2.54556e-05 3987.25 6.58982
2.26721e-05 3992.61 6.5941
-2.24786e-05 3998.32 6.59865
2.82757e-06 4005.1 6.60409
-6.61578e-06 4006.21 6.60497
8.76788e-06 4006.42 6.60514
2.71669e-05 4007.62 6.6061
3.75478e-06 4014.33 6.61148
-2.01871e-05 4022.2 6.61781
-2.53432e-05 4033.85 6.6272
-2.35803e-05 4035.64 6.62864
2.5694e-05 4044.95 6.63616
-1.78253e-05 4056.73 6.64571
-5.77652e-06 4060.91 6.6491
-1.84246e-05 4066.41 6.65357
-4.75173e-06 4069.34 6.65595
-1.41507e-05 4082.06 6.66632
2.47093e-06 4082.19 6.66643
3.57157e-06 4082.43 6.66662
-1.89256e-05 4094.93 6.67684
-1.68473e-07 4099.02 6.6802
-1.2949e-06 4099.46 6.68056
-3.08181e-06 4105.95 6.68588
1.27867e-06 4106.37 6.68623
2.33797e-05 4109.45 6.68876
-3.70314e-07 4116.3 6.69439
-1.93196e-05 4122.3 6.69933
1.28602e-05 4134.67 6.70955
-7.92813e-06 4135.37 6.71013
-4.06058e-08 4139.01 6.71314
-3.83296e-06 4147.32 6.72003
1.54086e-05 4151.25 6.72329
-1.15459e-06 4151.54 6.72353
1.58743e-05 4157.97 6.72887
-2.11043e-05 4167.12 6.73649
-2.08898e-05 4171.43 6.74009
-1.18679e-05 4173.23 6.74159
1.88493e-05 4173.93 6.74217
1.12974e-05 4178.21 6.74575
2.1667e-05 4209.75 6.7722
-1.55949e-05 4210.08 6.77248
-5.72355e-07 4210.14 6.77253
2.76801e-06 4214.77 6.77643
1.83296e-05 4248.6 6.80506
5.3968e-06 4260.11 6.81485
2.39867e-06 4260.18 6.81492
2.60828e-06 4263.25 6.81753
9.40429e-08 4272.29 6.82524
-4.10573e-06 4286.26 6.83721
-8.79203e-06 4310.35 6.85791
-6.23596e-06 4327.19 6.87246
-1.28164e-05 4341.86 6.88517
-2.06511e-05 4342.42 6.88566
-2.42656e-05 4364.02 6.90447
-1.30597e-05 4376.44 6.91532
9.71713e-06 4384.82 6.92267
-9.33965e-07 4448.44 6.97886
-9.10001e-06 4481.3 7.0082
-2.02336e-06 4504.61 7.02916
7.1083e-06 4504.62 7.02916
-2.47194e-05 4509.47 7.03353
-1.73502e-05 4509.64 7.03369
-5.14764e-06 4516.65 7.04001
-5.47272e-06 4519.15 7.04227
-3.04925e-05 4519.19 7.04231
-1.52447e-05 4533.14 7.05493
-3.54957e-06 4533.25 7.05504
2.4974e-06 4552.56 7.07258
7.02014e-06 4552.6 7.07262
-1.95308e-05 4574.17 7.0923
-5.02505e-07 4574.27 7.09239
-1.02909e-06 4579.41 7.0971
-1.2199e-05 4579.53 7.09721
-6.02642e-06 4588.15 7.10511
1.36268e-05 4590.61 7.10738
-5.51176e-06 4590.81 7.10756
2.78939e-05 4604.95 7.12056
-1.29939e-05 4605.15 7.12074
2.00139e-06 4619.65 7.13411
-2.18883e-05 4637.99 7.15109
-7.08347e-06 4638.11 7.15121
1.59235e-05 4650.54 7.16275
6.66461e-06 4650.6 7.16281
-3.55484e-06 4661.65 7.1731
4.96532e-07 4665.6 7.17679
1.68824e-05 4665.72 7.17689
-2.15468e-06 4679.85 7.1901
2.44046e-05 4679.88 7.19013
-3.53275e-06 4708.98 7.21745
1.57782e-05 4709.18 7.21764
1.59652e-05 4724.98 7.23255
-7.85094e-06 4725.07 7.23263
-9.6746e-07 4736.26 7.24321
1.9648e-05 4744.29 7.25083
-2.72395e-05 4744.63 7.25115
7.01726e-06 4749.82 7.25608
-4.34196e-06 4752.2 7.25834
7.79593e-06 4752.24 7.25838
-1.84096e-05 4780.11 7.28495
1.06102e-05 4780.12 7.28496
-1.16923e-06 4782.01 7.28676
-2.61713e-05 4782.18 7.28693
3.07969e-06 4804.04 7.30788
-4.93798e-06 4804.18 7.30802
-1.04775e-05 4807.9 7.31159
-1.56979e-05 4807.92 7.31162
-5.26771e-06 4811.09 7.31466
-1.24998e-05 4815.13 7.31855
1.33944e-06 4815.27 7.31868
-3.44072e-06 4823.97 7.32707
1.53941e-06 4824.01 7.32711
-1.2791e-05 4868.55 7.37028
-6.76964e-06 4885.25 7.38657
-8.45907e-08 4899.07 7.40009
-9.61957e-09 4899.08 7.4001
1.20136e-05 4913.69 7.41443
7.51406e-06 4913.76 7.4145
-3.62459e-06 4958.05 7.45823
1.05224e-05 4972.15 7.47223
2.57689e-06 5028.49 7.52857
-1.23032e-06 5057.27 7.5576
-8.55136e-06 5095.58 7.59649
9.86196e-06 5123.13 7.62465
-1.08335e-05 5158.09 7.66059
1.69375e-05 5170.58 7.67349
1.62403e-05 5202.93 7.70704
7.6593e-06 5214.71 7.71932
6.93215e-06 5223.95 7.72896
6.64824e-06 5237.16 7.74278
1.79975e-05 5245.37 7.75139
-2.19384e-05 5250.54 7.75682
-1.89946e-05 5253.85 7.76029
1.15132e-05 5256.3 7.76287
-8.67459e-07 5258.33 7.765
1.00431e-05 5260.21 7.76699
1.92276e-05 5262.13 7.769
-2.42509e-05 5263.81 7.77077
-1.40361e-06 5264.18 7.77116
2.16088e-05 5265.24 7.77228
-1.33736e-05 5266.12 7.7732
-9.59265e-06 5305.38 7.81471
1.62479e-05 5337.72 7.84912
3.44493e-08 5354.27 7.86682
-1.71785e-05 5360.88 7.87391
1.10713e-05 5374.83 7.88888
4.62347e-07 5390.56 7.90582
-9.57875e-09 5420.29 7.93795
1.44661e-06 5589.08 8.12378
-1.67109e-08 5911.42 8.49449
5.3324e-09 5911.43 8.4945
9.75185e-07 5917.21 8.50134
1.18473e-06 5917.21 8.50134
-1.05393e-05 6112.79 8.73662
-1.75329e-05 6118.87 8.74406
1.82082e-05 6130.95 8.75886
1.19036e-05 6151.66 8.7843
-8.32273e-07 6184.18 8.82441
-1.04597e-05 6231.38 8.88301
1.70126e-05 6294.6 8.96221
1.42123e-05 6310.71 8.98251
8.90681e-06 6310.71 8.98251
1.34202e-05 6325.5 9.0012
-2.56972e-05 6325.5 9.0012
3.31666e-05 6347.74 9.02938
6.60249e-06 6347.74 9.02939
-1.62174e-05 6372.41 9.06076
2.90802e-05 6376.55 9.06605
1.15096e-05 6376.56 9.06605
1.39489e-05 6413.89 9.1138
2.09167e-05 6413.89 9.1138
-8.79714e-06 6460.07 9.17325
-4.89804e-06 6464.43 9.17888
2.27705e-05 6464.43 9.17889
1.80084e-05 6533.81 9.26907
-1.94354e-05 6533.81 9.26907
-1.59877e-06 6550.23 9.29055
6.48569e-06 6626.06 9.39046
2.56833e-05 6626.06 9.39047
1.01158e-05 6633.77 9.40069
1.01864e-05 6697.03 9.48503
-8.42104e-07 6705.12 9.49587
-4.84569e-06 6721.09 9.51731
-6.84575e-08 6727.03 9.52529
1.35276e-05 6741.4 9.54465
1.83634e-05 6741.4 9.54465
-8.8264e-06 6756.11 9.56451
-3.28367e-06 6759.21 9.5687
-1.39363e-05 6792.96 9.61443
-3.03021e-06 6795.55 9.61795
-1.0338e-05 6826.85 9.66059
-8.54364e-06 6827.2 9.66107
5.97206e-06 6849.28 9.69127
-5.50627e-06 6849.67 9.69181
-2.18257e-05 6875.44 9.72717
-3.97637e-06 6875.44 9.72718
2.02233e-05 7020.17 9.92827
-1.25344e-05 7020.17 9.92828
1.83689e-05 7165.95 10.1351
1.20165e-05 7165.95 10.1351
7.71997e-10 7269.06 10.2839
-6.57158e-06 7303.57 10.3342
-1.63153e-05 7303.57 10.3342
-3.09126e-07 7402.62 10.4799
5.11896e-06 7425.86 10.5143
-1.43861e-05 7425.86 10.5143
-1.40472e-05 7528.75 10.6682
2.68123e-06 7528.75 10.6682
-7.54426e-07 7606.31 10.7856
-9.07644e-07 7608.46 10.7889
-2.34224e-06 7611.48 10.7935
1.1105e-05 7611.48 10.7935
-1.10458e-07 7612.08 10.7944
1.56151e-06 7617.21 10.8022
-3.58726e-06 7623.92 10.8124
-5.16195e-06 7632.3 10.8252
-5.4597e-06 7642.44 10.8407
-3.9688e-06 7654.48 10.8591
-7.37758e-07 7668.55 10.8807
-4.14675e-06 7675.8 10.8918
6.97374e-06 7675.8 10.8918
-3.52188e-06 7684.8 10.9056
-7.56943e-06 7703.41 10.9343
-9.98222e-06 7724.53 10.9668
-9.49701e-06 7724.66 10.967
1.54041e-06 7724.66 10.967
-9.64195e-06 7748.31 11.0036
-1.23795e-05 7761.13 11.0235
-3.70053e-06 7761.13 11.0235
6.2038e-06 7774.87 11.0449
-1.25348e-05 7787.88 11.0651
-6.18364e-06 7787.88 11.0651
-3.83779e-07 7804.26 11.0907
-1.02332e-05 7806.96 11.0949
-6.58404e-06 7806.96 11.0949
6.74751e-06 7819.82 11.115
5.03965e-06 7819.82 11.115
-3.26641e-06 7827.33 11.1267
2.47667e-06 7827.33 11.1267
6.10439e-06 7836.42 11.141
-7.20264e-06 7849.16 11.1609
-4.01366e-06 7849.17 11.1609
1.10081e-05 7871.12 11.1955
1.23458e-05 7907.86 11.2534
-9.31351e-06 7945.78 11.3135
2.88328e-06 7983.51 11.3736
5.2111e-06 7990.77 11.3852
7.70401e-06 7990.78 11.3853
7.70431e-06 7996.11 11.3938
1.31683e-05 7996.12 11.3938
5.89579e-06 8007.36 11.4118
1.43047e-05 8007.36 11.4118
4.27075e-06 8019.08 11.4306
-4.39067e-07 8026.34 11.4422
1.10905e-05 8026.35 11.4422
8.72456e-06 8049.83 11.48
8.87349e-06 8053.9 11.4865
5.48961e-06 8053.9 11.4865
7.83341e-06 8072.56 11.5166
1.60769e-05 8089.71 11.5443
2.03605e-07 8089.71 11.5443
-9.2532e-07 8090.94 11.5463
1.88383e-05 8132.68 11.6141
2.87632e-06 8132.68 11.6141
1.53585e-05 8181.53 11.6937
3.549e-06 8181.53 11.6937
-2.51523e-05 8190.5 11.7084
5.96762e-06 8235.36 11.7821
2.49999e-06 8235.36 11.7821
-4.18537e-05 8239.82 11.7895
-6.64495e-06 8294.08 11.8792
-8.58919e-07 8294.08 11.8792
-4.46737e-05 8319.2 11.9209
1.76326e-05 8358.49 11.9864
-6.38293e-07 8358.5 11.9864
3.30136e-05 8424.84 12.0978
-2.12991e-05 8430.1 12.1067
1.82242e-06 8430.1 12.1067
-1.31444e-05 8510.25 12.2424
-2.53688e-06 8510.25 12.2424
-2.15847e-05 8544.89 12.3015
-1.10998e-05 8552.22 12.314
3.74719e-05 8556.37 12.3211
8.23253e-07 8565.03 12.336
1.25886e-05 8565.03 12.336
4.32812e-05 8575.8 12.3544
1.74861e-06 8577.06 12.3566
2.60362e-05 8577.06 12.3566
-1.83204e-06 8592.61 12.3833
-2.44972e-05 8592.61 12.3833
-3.71673e-05 8603.42 12.4019
-3.19124e-06 8605.55 12.4056
1.92481e-05 8605.55 12.4056
1.5849e-06 8630.05 12.4478
3.38607e-05 8630.05 12.4478
2.05813e-05 8639.29 12.4637
5.30729e-06 8664.71 12.5077
-1.92846e-05 8664.71 12.5077
-1.87758e-06 8683.18 12.5398
-1.36921e-05 8696.5 12.5629
-2.64717e-06 8702.42 12.5732
-5.36626e-06 8702.42 12.5732
-4.80954e-06 8714.12 12.5936
-4.17423e-06 8714.12 12.5936
-2.37144e-05 8734.42 12.629
2.95407e-06 8734.88 12.6298
8.50247e-12 8740.36 12.6394
-2.58645e-06 8762.37 12.6779
-1.78075e-05 8762.37 12.6779
-3.85077e-05 8792.02 12.73
5.76446e-06 8803.66 12.7505
-2.68063e-06 8803.66 12.7505
1.2134e-06 8823.46 12.7853
2.98557e-05 8823.46 12.7853
3.34088e-05 8852.94 12.8375
-4.19753e-05 8854.71 12.8406
6.1769e-06 8872.4 12.872
-1.23119e-05 8872.41 12.872
-1.68038e-05 8915.86 12.9493
5.91954e-07 8915.86 12.9493
3.32623e-05 8921.03 12.9585
5.81682e-06 8941.83 12.9956
1.09371e-05 8941.83 12.9956
-1.5168e-05 8989.48 13.0811
1.07872e-05 8998.04 13.0965
-3.36819e-07 8998.04 13.0965
4.21084e-05 9017.13 13.1309
2.11192e-05 9031.77 13.1573
-4.16273e-06 9031.77 13.1573
6.88431e-06 9058.57 13.2058
2.42525e-05 9073.47 13.2328
2.02823e-06 9073.47 13.2328
1.75157e-06 9094.52 13.271
-1.66015e-05 9125.48 13.3274
2.68896e-06 9125.48 13.3274
2.65541e-05 9126.92 13.3301
-2.35106e-05 9149.55 13.3714
3.07807e-06 9149.55 13.3714
-3.75326e-05 9185.13 13.4367
3.84715e-05 9193.27 13.4516
-1.23288e-05 9210.1 13.4826
-7.48117e-07 9210.11 13.4826
-1.18912e-05 9224.78 13.5097
2.44696e-06 9224.78 13.5097
-3.96887e-05 9256.51 13.5683
6.82516e-06 9282.09 13.6157
9.49786e-07 9282.1 13.6157
-4.37277e-06 9295.97 13.6415
7.71558e-07 9295.98 13.6415
-3.03113e-05 9315.66 13.6782
-2.50666e-06 9338.18 13.7202
1.36395e-06 9338.18 13.7202
-2.16362e-05 9353.5 13.7488
1.2453e-05 9357.06 13.7555
-7.32241e-07 9357.06 13.7555
-1.32241e-05 9369.9 13.7795
1.12291e-05 9374.46 13.7881
5.20897e-07 9374.47 13.7881
1.95804e-05 9411.01 13.8567
-8.49136e-07 9411.01 13.8567
6.89835e-06 9418.51 13.8708
2.49327e-05 9460.87 13.9508
1.87555e-05 9461.67 13.9523
1.197e-06 9461.67 13.9523
-2.51841e-05 9478.08 13.9834
3.65875e-05 9496.44 14.0182
-2.80772e-07 9519.34 14.0618
4.24318e-05 9519.61 14.0623
8.32294e-06 9520.94 14.0648
-8.59078e-07 9520.94 14.0648
-3.93142e-05 9524.73 14.0721
2.49694e-05 9531.63 14.0852
3.27178e-05 9545.31 14.1113
-4.22125e-05 9549.15 14.1186
1.8496e-05 9557.83 14.1352
4.64903e-05 9577.47 14.1728
-5.76657e-06 9580.9 14.1794
4.04935e-07 9580.9 14.1794
4.63093e-05 9585.05 14.1873
-3.65875e-05 9615.29 14.2454
1.72209e-05 9637.2 14.2876
4.84251e-07 9637.2 14.2876
-1.58898e-05 9660.88 14.3333
3.57813e-05 9670.01 14.3509
2.13605e-05 9680.22 14.3707
-2.32554e-05 9687.31 14.3844
-1.13025e-06 9687.31 14.3844
-8.87734e-06 9711.88 14.4321
-1.34152e-11 9727.84 14.4631
-2.37712e-05 9729.49 14.4663
1.9185e-06 9729.49 14.4663
2.35628e-06 9762.68 14.531
-2.01491e-05 9762.68 14.531
-2.93969e-05 9764.29 14.5341
1.43392e-05 9770.05 14.5454
5.89179e-07 9779.34 14.5636
-2.11502e-06 9779.59 14.564
2.15423e-06 9786.35 14.5773
-1.41573e-05 9786.35 14.5773
1.26687e-06 9800.44 14.6049
-7.20012e-06 9800.44 14.6049
2.67334e-05 9803.85 14.6116
7.58672e-07 9810.98 14.6255
-2.47078e-05 9819.92 14.6431
3.53361e-05 9834.15 14.6711
2.17434e-05 9837.14 14.6769
-1.06363e-05 9852.82 14.7078
1.09956e-05 9881.12 14.7636
2.10024e-05 9889.4 14.78
9.94177e-07 9917.42 14.8355
-2.08301e-05 9936.68 14.8738
-3.83716e-05 9979.51 14.9591
-2.37966e-05 9986.92 14.9739
3.21359e-05 9999.67 14.9994
2.36401e-05 10044 15.0882
-8.1535e-06 10068.3 15.137
2.06956e-05 10073.7 15.148
1.28144e-05 10103.7 15.2085
-3.00558e-05 10115 15.2314
-4.25849e-05 10122.7 15.2469
-6.22673e-07 10125.5 15.2526
9.5769e-11 10134.1 15.27
4.98866e-12 10134.1 15.27
-2.19456e-05 10136.8 15.2754
1.59061e-06 10160.8 15.3242
-8.91739e-06 10197.2 15.3983
2.35192e-09 10200.2 15.4044
-1.07642e-07 10200.2 15.4044
2.78046e-05 10203.1 15.4103
-1.11875e-05 10223 15.4509
1.33063e-05 10239.7 15.4851
-3.9457e-05 10247.7 15.5015
3.2385e-05 10260.4 15.5276
-1.31457e-05 10267.4 15.5419
1.86786e-05 10280.8 15.5696
-3.94135e-07 10302.5 15.6142
-1.87179e-07 10302.5 15.6142
-2.14035e-05 10312 15.6338
-1.84738e-05 10319.3 15.6488
-2.35569e-05 10326.9 15.6646
-6.71541e-06 10352.7 15.7178
8.45515e-06 10363.1 15.7393
2.42501e-05 10372.4 15.7586
-3.37896e-05 10375.9 15.766
1.54426e-05 10412.6 15.8422
-2.47241e-05 10427.8 15.8739
-6.17622e-06 10450.8 15.9219
-2.42751e-05 10453.4 15.9274
-2.32387e-05 10476.7 15.9761
9.07062e-06 10486.9 15.9975
-2.12066e-06 10494.9 16.0143
-2.93247e-05 10502.5 16.0303
3.71843e-05 10519.1 16.0651
-2.64793e-05 10525.8 16.0793
-1.63279e-05 10530.5 16.0891
3.26705e-05 10532.5 16.0934
-3.47787e-05 10541.4 16.1121
2.4891e-06 10542.8 16.1151
8.81417e-07 10558.1 16.1475
-1.99403e-05 10613.8 16.2652
3.60258e-05 10616.2 16.2703
-2.87062e-05 10677.5 16.4009
9.21345e-07 10723.7 16.4998
1.61607e-05 10724.8 16.5022
3.53868e-05 10727.6 16.5081
-3.99074e-06 10757.1 16.5716
-3.10471e-05 10792.9 16.6488
2.5079e-07 10811.3 16.6885
4.00699e-05 10835.3 16.7403
-3.3265e-05 10935.9 16.9594
1.75514e-05 11028.7 17.1631
-2.28331e-06 11112.9 17.3498
-2.08539e-05 11188.2 17.5176
3.37548e-05 11254.1 17.6654
3.86528e-05 11310 17.7917
-3.56387e-05 11355.8 17.8955
-2.67827e-05 11391 17.9755
-1.48243e-05 11414.8 18.0298
9.75519e-07 11434.8 18.0755
1.81198e-05 11492.5 18.2078
3.43801e-05 12032.6 19.4784
-2.64581e-06 12032.6 19.4784
6.63275e-05 12034.7 19.4835
-4.92655e-06 12034.7 19.4835
-8.74208e-05 12039.6 19.4952
-6.07894e-06 12039.6 19.4952
-8.83504e-05 12048.8 19.5174
5.41186e-06 12048.8 19.5175
6.57385e-05 12064.2 19.5544
-2.89512e-06 12064.2 19.5544
2.44625e-05 12087.1 19.6097
-7.00066e-07 12087.1 19.6097
-2.36201e-05 12118.7 19.6864
-4.0619e-06 12118.7 19.6864
6.36666e-05 12159.8 19.786
-5.87862e-06 12159.8 19.7861
-8.301e-05 12210.4 19.9094
5.41719e-06 12210.4 19.9094
-7.55583e-05 12270.3 20.056
2.86479e-06 12270.3 20.056
4.38556e-05 12338.7 20.2243
-7.37731e-07 12338.7 20.2243
1.84335e-06 12414.5 20.412
3.94411e-06 12414.5 20.412
-3.26049e-13 12463.3 20.5335
-4.7052e-05 12496.3 20.6157
-5.52498e-06 12496.3 20.6157
-7.77934e-05 12582.4 20.8317
-4.97689e-06 12582.4 20.8317
-8.49652e-05 12670.9 21.0553
2.69051e-06 12670.9 21.0553
6.69094e-05 12759.8 21.2812
2.83361e-07 12759.8 21.2812
2.94732e-05 12846.7 21.5038
2.74188e-06 12846.7 21.5038
-1.62569e-05 12929.3 21.7166
-3.86102e-06 12929.3 21.7166
4.85467e-08 12969.9 21.8218
5.75983e-05 13005 21.9131
3.50175e-06 13005 21.9131
8.39756e-05 13071.5 22.0865
2.16937e-06 13071.5 22.0865
-8.95059e-05 13126.4 22.2303
6.80845e-07 13126.4 22.2304
-7.38515e-05 13167.5 22.3384
-2.67552e-07 13167.5 22.3384
-4.14728e-05 13193 22.4055
-4.14574e-07 13193 22.4055
-7.22538e-06 13658.7 23.6561
3.43058e-07 13658.7 23.6561
2.13723e-13 13682.3 23.7206
-4.75186e-13 13682.3 23.7206
