-5.6213e-06 31.8414 5.0001
-2.79968e-05 60.7428 5.00037
-1.97502e-05 64.108 5.00041
-1.86576e-05 80.3321 5.00065
7.47373e-06 103.852 5.00108
2.16486e-05 116.093 5.00135
9.6208e-06 125.478 5.00158
-1.23086e-05 146.353 5.00214
-2.03831e-05 156.524 5.00245
6.04959e-06 179.183 5.00321
3.45632e-06 214.588 5.00461
-3.92372e-06 245.699 5.00604
-1.07684e-05 250.745 5.00629
-9.25623e-06 266.081 5.00708
1.45267e-06 285.714 5.00816
8.64787e-06 333.572 5.01113
-8.65143e-07 347.985 5.01211
1.57548e-05 364.486 5.01329
-3.36969e-06 380.008 5.01444
1.68092e-05 445.777 5.01987
2.32603e-05 449.711 5.02022
-4.76346e-06 484.091 5.02344
-9.45159e-06 498.428 5.02484
-1.60276e-05 529.528 5.02804
-2.45978e-05 543.448 5.02953
1.34618e-05 615.213 5.03785
-1.83467e-05 631.873 5.03993
2.04726e-05 639.452 5.04089
-8.20453e-06 641.13 5.04111
-4.43191e-06 720.839 5.05196
-3.69059e-06 747.822 5.05592
-1.2964e-05 757.605 5.0574
-1.28067e-05 766.095 5.05869
-4.25147e-06 831.438 5.06913
9.39483e-07 868.374 5.07541
5.14347e-06 893.297 5.0798
5.27219e-06 896.553 5.08038
4.94758e-06 967.931 5.09369
-3.34516e-06 995.761 5.09915
5.74256e-06 1020.78 5.1042
-3.6012e-06 1027.03 5.10548
5.06855e-06 1095.42 5.11999
1.46954e-05 1118.32 5.12506
-1.0479e-05 1145.14 5.13114
-9.6504e-06 1161.61 5.13493
-2.15455e-05 1243.08 5.15452
3.34388e-06 1257.88 5.15823
-1.28026e-05 1273.98 5.1623
-1.6365e-05 1298.29 5.16856
-4.70271e-07 1324.09 5.17532
1.70784e-05 1415.92 5.20048
1.1766e-05 1420.06 5.20166
-1.46069e-05 1434.86 5.20588
-1.41417e-06 1518.5 5.23058
1.29107e-05 1570.54 5.24666
-5.32266e-06 1571.97 5.24711
-8.6305e-06 1572.74 5.24735
2.50862e-06 1711.24 5.29283
2.40644e-06 1712.68 5.29333
4.57688e-06 1720.18 5.2959
-2.18013e-06 1731.96 5.29997
1.05356e-05 1845.03 5.34041
7.885e-06 1852.15 5.34305
-5.72007e-06 1892.28 5.35807
7.76047e-07 1897.39 5.36001
1.05199e-05 1970.28 5.3882
-1.20953e-05 1986.89 5.39477
-9.16249e-06 2054.02 5.4219
5.65968e-06 2066.78 5.42716
-1.71939e-05 2122.11 5.45033
9.2897e-07 2153.31 5.46368
-6.49005e-06 2220.8 5.4932
7.29785e-06 2233.03 5.49864
-1.15795e-05 2255.15 5.50857
-4.78921e-06 2279.25 5.5195
4.82511e-06 2372 5.56264
-1.28505e-05 2381.85 5.56732
6.00791e-06 2385.06 5.56885
4.26803e-06 2443.51 5.59708
1.27494e-06 2483.4 5.61673
-2.0487e-05 2484.1 5.61708
1.10884e-05 2504.92 5.62746
-3.56907e-07 2592.95 5.67234
1.90027e-05 2620.81 5.68686
2.01199e-05 2718.27 5.7389
-1.63143e-06 2770.83 5.76775
1.71465e-05 2796.78 5.7822
8.26532e-07 2817.13 5.79362
4.20601e-07 2820.96 5.79578
-6.9237e-07 2834.54 5.80346
-1.73307e-06 2835.44 5.80397
-3.1846e-06 2853.18 5.81406
3.01826e-06 2856.38 5.81589
-8.17097e-06 2857.74 5.81667
2.32304e-07 2884.41 5.83198
-1.71986e-06 2888.01 5.83406
1.83763e-06 2892.07 5.83641
-1.2953e-06 2926.33 5.85634
2.5384e-06 2927.16 5.85683
8.27908e-07 2928.95 5.85788
1.24273e-05 2967.31 5.88049
-2.19779e-06 2972.97 5.88386
3.17185e-06 2978.65 5.88723
5.18238e-06 3034.06 5.92055
7.45344e-07 3036.69 5.92215
5.6606e-06 3077.38 5.94703
4.32196e-06 3098.68 5.96018
-1.92322e-06 3100.87 5.96154
-3.57511e-06 3169.52 6.00459
-6.31882e-06 3172.07 6.00621
5.98237e-06 3215.58 6.034
9.82909e-06 3240.61 6.05016
6.7524e-06 3244.79 6.05286
-6.07956e-06 3321.48 6.10322
2.87662e-06 3325.47 6.10587
-1.15135e-05 3326.01 6.10624
-1.09932e-05 3354.43 6.12522
-3.91216e-06 3356.59 6.12667
1.04116e-05 3427.72 6.17493
2.50297e-06 3430.28 6.17669
-1.21056e-05 3473.91 6.2068
1.0112e-05 3474.76 6.2074
-1.04529e-05 3561.52 6.26844
7.93222e-06 3562.03 6.26881
-8.82739e-06 3593.69 6.29146
1.06009e-05 3594.34 6.29193
8.62969e-06 3710.63 6.37688
3.64277e-06 3710.72 6.37694
-9.75815e-06 3719.95 6.3838
-2.08116e-05 3720.69 6.38436
3.60117e-07 3747.22 6.40416
2.29658e-07 3810.42 6.45193
9.09974e-06 3833.78 6.46979
9.99433e-07 3834.29 6.47018
-1.73824e-05 3874.11 6.50088
1.73781e-05 3874.72 6.50135
1.3551e-05 3921.8 6.53806
8.55729e-06 3924.08 6.53984
8.7605e-06 3926.02 6.54136
-1.38024e-05 3928.04 6.54295
2.69675e-06 3932.88 6.54675
-1.70589e-05 3936.76 6.54981
-1.37221e-05 3941.14 6.55326
-1.16179e-05 3945.1 6.55638
3.76616e-06 3951.24 6.56123
-2.07816e-05 3961.08 6.56902
2.88296e-06 3961.47 6.56932
-1.63264e-06 3964.53 6.57175
6.25532e-06 3971.69 6.57743
-4.4141e-06 3979.3 6.58348
-1.13587e-05 3980.42 6.58438
1.18484e-05 3984.01 6.58724
-1.26148e-05 3984.25 6.58743
1.53574e-05 3987.25 6.58982
1.22262e-05 3992.61 6.5941
-8.81346e-06 3998.32 6.59865
-1.34332e-05 4005.1 6.60409
-8.88356e-06 4006.21 6.60497
3.89623e-06 4006.42 6.60514
1.37216e-05 4007.62 6.6061
4.23604e-06 4014.33 6.61148
-1.55602e-05 4022.2 6.61781
-1.66778e-05 4033.85 6.6272
-1.35362e-05 4035.64 6.62864
1.51912e-05 4044.95 6.63616
-8.45052e-06 4056.73 6.64571
-9.06326e-07 4060.91 6.6491
-8.39521e-06 4066.41 6.65357
1.08216e-06 4069.34 6.65595
1.01433e-07 4082.06 6.66632
-2.64115e-05 4082.19 6.66643
1.16799e-05 4082.43 6.66662
-1.54729e-05 4094.93 6.67684
-4.90196e-06 4099.02 6.6802
1.67193e-06 4099.46 6.68056
-5.74397e-06 4105.95 6.68588
-1.30075e-06 4106.37 6.68623
1.76088e-05 4109.45 6.68876
-1.73397e-07 4116.3 6.69439
-1.20195e-05 4122.3 6.69933
1.27515e-05 4134.67 6.70955
-2.55612e-06 4135.37 6.71013
1.30195e-06 4139.01 6.71314
-9.38438e-06 4147.32 6.72003
-2.15552e-05 4151.25 6.72329
1.93376e-05 4151.54 6.72353
1.66922e-05 4157.97 6.72887
-1.95793e-05 4167.12 6.73649
-1.54322e-05 4171.43 6.74009
-1.0853e-05 4173.23 6.74159
1.6834e-05 4173.93 6.74217
9.84731e-06 4178.21 6.74575
1.62228e-05 4209.75 6.7722
-1.03373e-05 4210.08 6.77248
1.42623e-06 4210.14 6.77253
6.37686e-07 4214.77 6.77643
1.07031e-05 4248.6 6.80506
1.24419e-05 4260.11 6.81485
-9.48738e-06 4260.18 6.81492
6.97057e-07 4263.25 6.81753
3.3281e-08 4272.29 6.82524
9.12632e-07 4286.26 6.83721
-9.41662e-06 4310.35 6.85791
-7.43439e-06 4327.19 6.87246
-9.89212e-06 4341.86 6.88517
-1.85305e-05 4342.42 6.88566
-2.04589e-05 4364.02 6.90447
-9.96369e-06 4376.44 6.91532
9.3418e-06 4384.82 6.92267
3.30393e-07 4448.44 6.97886
-4.89707e-06 4481.3 7.0082
-5.4729e-06 4504.61 7.02916
-2.36472e-06 4504.62 7.02916
-1.17007e-05 4509.47 7.03353
2.17785e-05 4509.64 7.03369
-4.59119e-06 4516.65 7.04001
3.1021e-05 4519.15 7.04227
1.43398e-06 4519.19 7.04231
1.30797e-05 4533.14 7.05493
-2.07313e-05 4533.25 7.05504
3.13449e-06 4552.56 7.07258
1.31538e-05 4552.6 7.07262
2.12966e-06 4574.17 7.0923
2.00329e-05 4574.27 7.09239
7.85591e-06 4579.41 7.0971
1.11324e-05 4579.53 7.09721
-5.06784e-06 4588.15 7.10511
3.24057e-05 4590.61 7.10738
9.05764e-06 4590.81 7.10756
-1.59742e-05 4604.95 7.12056
-2.65218e-05 4605.15 7.12074
-2.0435e-06 4619.65 7.13411
4.05318e-06 4637.99 7.15109
4.6735e-05 4638.11 7.15121
1.40444e-06 4650.54 7.16275
2.14417e-05 4650.6 7.16281
-5.26207e-06 4661.65 7.1731
-5.43731e-05 4665.6 7.17679
3.2155e-05 4665.72 7.17689
-1.65269e-05 4679.85 7.1901
2.25909e-06 4679.88 7.19013
-3.10113e-05 4708.98 7.21745
4.69175e-05 4709.18 7.21764
1.22419e-05 4724.98 7.23255
1.02209e-05 4725.07 7.23263
3.12419e-06 4736.26 7.24321
4.7778e-05 4744.29 7.25083
-1.802e-05 4744.63 7.25115
8.28857e-06 4749.82 7.25608
-3.48567e-06 4752.2 7.25834
-9.3364e-06 4752.24 7.25838
-7.50497e-06 4780.11 7.28495
8.58256e-06 4780.12 7.28496
5.06899e-07 4782.01 7.28676
-3.32681e-05 4782.18 7.28693
3.59583e-05 4804.04 7.30788
2.27986e-05 4804.18 7.30802
1.09025e-05 4807.9 7.31159
-1.02561e-05 4807.92 7.31162
-1.86659e-06 4811.09 7.31466
-1.17105e-05 4815.13 7.31855
5.13715e-06 4815.27 7.31868
-2.4358e-05 4823.97 7.32707
-7.6787e-05 4824.01 7.32711
-1.23669e-05 4868.55 7.37028
-5.58577e-06 4885.25 7.38657
-1.24399e-08 4899.07 7.40009
-7.77198e-08 4899.08 7.4001
1.85743e-05 4913.69 7.41443
7.33764e-06 4913.76 7.4145
-6.73016e-06 4958.05 7.45823
8.62217e-06 4972.15 7.47223
-4.70582e-06 5028.49 7.52857
1.06842e-07 5057.27 7.5576
7.7464e-07 5095.58 7.59649
9.73431e-06 5123.13 7.62465
-3.13867e-06 5158.09 7.66059
1.57878e-05 5170.58 7.67349
1.50223e-05 5202.93 7.70704
5.35831e-06 5214.71 7.71932
7.32195e-06 5223.95 7.72896
4.04644e-06 5237.16 7.74278
1.3691e-05 5245.37 7.75139
-1.75335e-05 5250.54 7.75682
-1.5662e-05 5253.85 7.76029
1.02987e-05 5256.3 7.76287
-2.32187e-06 5258.33 7.765
5.95056e-06 5260.21 7.76699
1.31015e-05 5262.13 7.769
-1.7342e-05 5263.81 7.77077
4.17076e-06 5264.18 7.77116
1.54501e-05 5265.24 7.77228
-9.71932e-06 5266.12 7.7732
2.70989e-06 5305.38 7.81471
1.29599e-07 5337.72 7.84912
-4.38205e-08 5354.27 7.86682
-1.86244e-06 5360.88 7.87391
1.70826e-06 5374.83 7.88888
-4.65858e-07 5390.56 7.90582
-3.80314e-09 5420.29 7.93795
-7.46825e-07 5589.08 8.12378
1.34156e-08 5911.42 8.49449
2.71179e-09 5911.43 8.4945
-1.80284e-07 5917.21 8.50134
3.71013e-06 5917.21 8.50134
-9.46626e-06 6112.79 8.73662
-1.62438e-05 6118.87 8.74406
1.80574e-05 6130.95 8.75886
1.42575e-05 6151.66 8.7843
-6.24362e-06 6184.18 8.82441
-2.75732e-06 6231.38 8.88301
9.21423e-06 6294.6 8.96221
3.30023e-05 6310.71 8.98251
2.42558e-05 6310.71 8.98251
3.34799e-05 6325.5 9.0012
-6.58163e-05 6325.5 9.0012
8.8242e-05 6347.74 9.02938
2.89009e-05 6347.74 9.02939
-1.10708e-05 6372.41 9.06076
6.93297e-05 6376.55 9.06605
6.55443e-05 6376.56 9.06605
-2.61465e-05 6413.89 9.1138
7.67229e-05 6413.89 9.1138
-8.55868e-06 6460.07 9.17325
-4.63507e-05 6464.43 9.17888
-2.37841e-05 6464.43 9.17889
-1.49183e-05 6533.81 9.26907
1.39397e-05 6533.81 9.26907
3.50236e-06 6550.23 9.29055
-1.81236e-05 6626.06 9.39046
2.24978e-05 6626.06 9.39047
1.62555e-06 6633.77 9.40069
4.00952e-06 6697.03 9.48503
-7.30871e-07 6705.12 9.49587
-1.51448e-06 6721.09 9.51731
1.12578e-06 6727.03 9.52529
2.17784e-05 6741.4 9.54465
4.24317e-05 6741.4 9.54465
-2.15199e-06 6756.11 9.56451
-2.598e-06 6759.21 9.5687
-4.89695e-06 6792.96 9.61443
8.85204e-07 6795.55 9.61795
-2.32837e-06 6826.85 9.66059
-4.33123e-06 6827.2 9.66107
1.27377e-06 6849.28 9.69127
-2.71651e-06 6849.67 9.69181
-2.58482e-05 6875.44 9.72717
4.77557e-05 6875.44 9.72718
-4.89741e-05 7020.17 9.92827
-1.8813e-05 7020.17 9.92828
-3.77622e-05 7165.95 10.1351
-2.69271e-05 7165.95 10.1351
-5.7906e-10 7269.06 10.2839
3.5668e-05 7303.57 10.3342
7.9173e-06 7303.57 10.3342
-2.52274e-07 7402.62 10.4799
-1.20979e-05 7425.86 10.5143
-2.15534e-05 7425.86 10.5143
-1.82803e-05 7528.75 10.6682
-1.16459e-05 7528.75 10.6682
-1.75742e-07 7606.31 10.7856
-1.8024e-07 7608.46 10.7889
-2.59242e-05 7611.48 10.7935
-1.83863e-05 7611.48 10.7935
6.67349e-08 7612.08 10.7944
5.22338e-07 7617.21 10.8022
-1.00841e-06 7623.92 10.8124
-1.27321e-06 7632.3 10.8252
-1.10129e-06 7642.44 10.8407
-3.98761e-07 7654.48 10.8591
7.1135e-07 7668.55 10.8807
2.30795e-05 7675.8 10.8918
-3.51685e-05 7675.8 10.8918
-1.90136e-06 7684.8 10.9056
-2.71493e-06 7703.41 10.9343
-2.72268e-06 7724.53 10.9668
1.65151e-05 7724.66 10.967
-4.36465e-05 7724.66 10.967
-1.67684e-06 7748.31 11.0036
1.19358e-05 7761.13 11.0235
-4.30901e-05 7761.13 11.0235
-2.81372e-07 7774.87 11.0449
6.04111e-06 7787.88 11.0651
-3.69338e-05 7787.88 11.0651
2.62287e-06 7804.26 11.0907
2.78384e-06 7806.96 11.0949
-2.69185e-05 7806.96 11.0949
-7.42751e-07 7819.82 11.115
1.62155e-05 7819.82 11.115
-3.24851e-07 7827.33 11.1267
7.06999e-06 7827.33 11.1267
4.51534e-06 7836.42 11.141
1.31435e-05 7849.16 11.1609
-3.1624e-05 7849.17 11.1609
5.08447e-06 7871.12 11.1955
3.7791e-06 7907.86 11.2534
-6.9014e-07 7945.78 11.3135
-3.29986e-06 7983.51 11.3736
-3.92473e-07 7990.77 11.3852
1.9054e-05 7990.78 11.3853
-1.15937e-06 7996.11 11.3938
3.39677e-05 7996.12 11.3938
-1.57214e-06 8007.36 11.4118
4.0321e-05 8007.36 11.4118
6.70213e-06 8019.08 11.4306
-2.12714e-06 8026.34 11.4422
3.65021e-05 8026.35 11.4422
7.94819e-06 8049.83 11.48
2.09602e-06 8053.9 11.4865
2.54898e-05 8053.9 11.4865
6.00287e-06 8072.56 11.5166
1.70579e-06 8089.71 11.5443
1.25697e-05 8089.71 11.5443
-6.4606e-07 8090.94 11.5463
1.00742e-06 8132.68 11.6141
-2.30482e-06 8132.68 11.6141
5.95507e-07 8181.53 11.6937
3.30066e-06 8181.53 11.6937
-9.04128e-07 8190.5 11.7084
1.26677e-06 8235.36 11.7821
4.66367e-06 8235.36 11.7821
-5.32844e-07 8239.82 11.7895
3.60215e-06 8294.08 11.8792
-3.40432e-06 8294.08 11.8792
1.50444e-06 8319.2 11.9209
-7.17128e-06 8358.49 11.9864
1.04447e-06 8358.5 11.9864
-4.38408e-06 8424.84 12.0978
9.91585e-06 8430.1 12.1067
1.57084e-06 8430.1 12.1067
8.57439e-06 8510.25 12.2424
-4.21572e-06 8510.25 12.2424
-5.26301e-07 8544.89 12.3015
6.47214e-06 8552.22 12.314
3.02929e-07 8556.37 12.3211
2.56572e-06 8565.03 12.336
-5.70085e-07 8565.03 12.336
-9.94039e-07 8575.8 12.3544
5.3928e-06 8577.06 12.3566
-2.40852e-06 8577.06 12.3566
-3.46396e-06 8592.61 12.3833
1.2092e-06 8592.61 12.3833
3.01786e-06 8603.42 12.4019
-9.53627e-06 8605.55 12.4056
-2.71853e-06 8605.55 12.4056
1.69508e-06 8630.05 12.4478
-4.0009e-06 8630.05 12.4478
-4.81909e-06 8639.29 12.4637
1.40767e-05 8664.71 12.5077
3.9666e-06 8664.71 12.5077
-5.26043e-06 8683.18 12.5398
-6.23588e-06 8696.5 12.5629
-1.35469e-05 8702.42 12.5732
-6.25134e-06 8702.42 12.5732
-1.27092e-05 8714.12 12.5936
-2.72715e-06 8714.12 12.5936
-3.62212e-06 8734.42 12.629
-6.98849e-07 8734.88 12.6298
8.23769e-11 8740.36 12.6394
-1.5191e-05 8762.37 12.6779
3.18555e-06 8762.37 12.6779
-6.95573e-08 8792.02 12.73
1.16639e-05 8803.66 12.7505
4.72233e-06 8803.66 12.7505
-1.69623e-06 8823.46 12.7853
-1.68768e-05 8823.46 12.7853
3.12948e-06 8852.94 12.8375
4.25595e-06 8854.71 12.8406
7.10365e-06 8872.4 12.872
-3.23189e-06 8872.41 12.872
2.13168e-05 8915.86 12.9493
8.80337e-06 8915.86 12.9493
-7.65126e-06 8921.03 12.9585
1.16614e-05 8941.83 12.9956
-1.64096e-05 8941.83 12.9956
8.57372e-06 8989.48 13.0811
7.2108e-08 8998.04 13.0965
-1.11653e-05 8998.04 13.0965
-1.98889e-06 9017.13 13.1309
-2.73585e-05 9031.77 13.1573
-5.98475e-06 9031.77 13.1573
6.35697e-06 9058.57 13.2058
-1.35214e-05 9073.47 13.2328
-5.4066e-06 9073.47 13.2328
5.84731e-08 9094.52 13.271
2.16592e-05 9125.48 13.3274
4.77338e-06 9125.48 13.3274
1.56969e-06 9126.92 13.3301
1.85203e-05 9149.55 13.3714
7.7742e-07 9149.55 13.3714
7.13908e-06 9185.13 13.4367
-4.14704e-06 9193.27 13.4516
1.33562e-05 9210.1 13.4826
-3.91476e-06 9210.11 13.4826
1.34358e-05 9224.78 13.5097
4.66089e-06 9224.78 13.5097
8.70111e-06 9256.51 13.5683
-4.65399e-06 9282.09 13.6157
-1.77845e-06 9282.1 13.6157
-2.35124e-07 9295.97 13.6415
5.61934e-06 9295.98 13.6415
1.03631e-05 9315.66 13.6782
6.36917e-06 9338.18 13.7202
2.5648e-07 9338.18 13.7202
1.00665e-05 9353.5 13.7488
-9.01887e-06 9357.06 13.7555
3.76384e-06 9357.06 13.7555
8.43526e-06 9369.9 13.7795
-1.4286e-05 9374.46 13.7881
1.7514e-06 9374.47 13.7881
-2.1883e-05 9411.01 13.8567
2.53282e-06 9411.01 13.8567
3.51403e-06 9418.51 13.8708
-2.74009e-06 9460.87 13.9508
-2.37859e-05 9461.67 13.9523
-1.42927e-06 9461.67 13.9523
-1.78888e-06 9478.08 13.9834
-8.20633e-06 9496.44 14.0182
-9.26578e-06 9519.34 14.0618
2.00407e-06 9519.61 14.0623
-1.31357e-05 9520.94 14.0648
6.28007e-07 9520.94 14.0648
1.10386e-05 9524.73 14.0721
1.2738e-06 9531.63 14.0852
-1.02757e-05 9545.31 14.1113
-1.50663e-06 9549.15 14.1186
-6.14807e-06 9557.83 14.1352
2.81051e-07 9577.47 14.1728
7.18672e-06 9580.9 14.1794
-7.7999e-07 9580.9 14.1794
7.0054e-08 9585.05 14.1873
1.91586e-06 9615.29 14.2454
-2.97776e-05 9637.2 14.2876
-1.43244e-06 9637.2 14.2876
3.90582e-06 9660.88 14.3333
-3.19895e-06 9670.01 14.3509
4.71909e-06 9680.22 14.3707
4.80161e-05 9687.31 14.3844
1.97367e-06 9687.31 14.3844
-4.43992e-06 9711.88 14.4321
6.91386e-11 9727.84 14.4631
5.72734e-05 9729.49 14.4663
-2.07374e-06 9729.49 14.4663
-1.76366e-06 9762.68 14.531
5.55154e-05 9762.68 14.531
-2.75994e-06 9764.29 14.5341
-6.02713e-06 9770.05 14.5454
-1.28558e-06 9779.34 14.5636
-8.77508e-07 9779.59 14.564
-1.27396e-06 9786.35 14.5773
4.33925e-05 9786.35 14.5773
-6.19065e-07 9800.44 14.6049
2.36431e-05 9800.44 14.6049
-8.87489e-07 9803.85 14.6116
-9.842e-07 9810.98 14.6255
-9.14172e-07 9819.92 14.6431
-1.99516e-06 9834.15 14.6711
-1.62093e-06 9837.14 14.6769
-5.65763e-08 9852.82 14.7078
6.63898e-06 9881.12 14.7636
-9.37457e-07 9889.4 14.78
-1.42018e-07 9917.42 14.8355
2.0997e-06 9936.68 14.8738
8.29457e-06 9979.51 14.9591
3.18986e-06 9986.92 14.9739
4.23638e-06 9999.67 14.9994
-4.30685e-06 10044 15.0882
5.58428e-06 10068.3 15.137
-1.27992e-06 10073.7 15.148
-8.53732e-06 10103.7 15.2085
1.16454e-05 10115 15.2314
5.1453e-07 10122.7 15.2469
3.3974e-06 10125.5 15.2526
-4.81542e-11 10134.1 15.27
-5.9795e-12 10134.1 15.27
-1.7161e-06 10136.8 15.2754
6.35743e-06 10160.8 15.3242
2.28209e-06 10197.2 15.3983
-2.30177e-06 10200.2 15.4044
6.69747e-07 10200.2 15.4044
2.08089e-06 10203.1 15.4103
-1.01079e-06 10223 15.4509
-1.06232e-05 10239.7 15.4851
5.71684e-06 10247.7 15.5015
-2.50308e-06 10260.4 15.5276
2.22301e-07 10267.4 15.5419
-2.73055e-06 10280.8 15.5696
4.46757e-06 10302.5 15.6142
8.8505e-07 10302.5 15.6142
3.74121e-06 10312 15.6338
3.39283e-06 10319.3 15.6488
5.24544e-06 10326.9 15.6646
-5.51931e-06 10352.7 15.7178
-5.0974e-06 10363.1 15.7393
-9.08656e-06 10372.4 15.7586
8.12381e-06 10375.9 15.766
-8.9101e-06 10412.6 15.8422
2.02266e-06 10427.8 15.8739
5.85177e-06 10450.8 15.9219
1.77105e-06 10453.4 15.9274
-3.79161e-07 10476.7 15.9761
-6.86479e-07 10486.9 15.9975
8.99808e-06 10494.9 16.0143
4.32401e-06 10502.5 16.0303
-8.134e-06 10519.1 16.0651
4.49985e-06 10525.8 16.0793
6.13107e-06 10530.5 16.0891
-9.98138e-06 10532.5 16.0934
8.52943e-06 10541.4 16.1121
-2.09628e-06 10542.8 16.1151
-2.5168e-06 10558.1 16.1475
-5.24911e-06 10613.8 16.2652
-1.23272e-05 10616.2 16.2703
1.20069e-05 10677.5 16.4009
-3.48735e-08 10723.7 16.4998
-8.15881e-06 10724.8 16.5022
-8.10237e-07 10727.6 16.5081
3.0432e-06 10757.1 16.5716
9.44754e-06 10792.9 16.6488
-9.84584e-08 10811.3 16.6885
-6.83475e-06 10835.3 16.7403
1.04654e-05 10935.9 16.9594
-1.02909e-05 11028.7 17.1631
-6.37828e-06 11112.9 17.3498
-1.75573e-07 11188.2 17.5176
-6.13015e-06 11254.1 17.6654
-1.04955e-05 11310 17.7917
1.17646e-05 11355.8 17.8955
9.96441e-06 11391 17.9755
5.9483e-06 11414.8 18.0298
-4.18485e-07 11434.8 18.0755
-4.13364e-06 11492.5 18.2078
-7.29586e-06 12032.6 19.4784
1.12063e-06 12032.6 19.4784
-1.31849e-05 12034.7 19.4835
2.68434e-06 12034.7 19.4835
1.57492e-05 12039.6 19.4952
4.74157e-06 12039.6 19.4952
1.39768e-05 12048.8 19.5174
-6.91037e-06 12048.8 19.5175
-8.87407e-06 12064.2 19.5544
8.46065e-06 12064.2 19.5544
-2.87434e-06 12087.1 19.6097
-8.52632e-06 12087.1 19.6097
1.57108e-06 12118.7 19.6864
-6.47001e-06 12118.7 19.6864
-3.21275e-06 12159.8 19.786
-2.27112e-06 12159.8 19.7861
2.3695e-06 12210.4 19.9094
-3.26484e-06 12210.4 19.9094
4.10801e-07 12270.3 20.056
-8.63244e-06 12270.3 20.056
1.17105e-06 12338.7 20.2243
-1.2098e-05 12338.7 20.2243
-1.51729e-06 12414.5 20.412
1.23538e-05 12414.5 20.412
-1.2362e-13 12463.3 20.5335
6.48081e-07 12496.3 20.6157
-9.0808e-06 12496.3 20.6157
-7.89528e-07 12582.4 20.8317
-3.1586e-06 12582.4 20.8317
-2.01057e-06 12670.9 21.0553
-3.60165e-06 12670.9 21.0553
2.51188e-06 12759.8 21.2812
9.11538e-06 12759.8 21.2812
2.23568e-06 12846.7 21.5038
1.18084e-05 12846.7 21.5038
1.47056e-06 12929.3 21.7166
-1.11923e-05 12929.3 21.7166
4.86381e-09 12969.9 21.8218
-6.17458e-07 13005 21.9131
7.98529e-06 13005 21.9131
2.16235e-08 13071.5 22.0865
3.73643e-06 13071.5 22.0865
-3.33976e-07 13126.4 22.2303
1.36712e-07 13126.4 22.2304
-3.63305e-07 13167.5 22.3384
-1.66765e-06 13167.5 22.3384
-2.18548e-07 13193 22.4055
-1.47268e-06 13193 22.4055
6.43919e-07 13658.7 23.6561
2.01865e-06 13658.7 23.6561
1.65792e-12 13682.3 23.7206
2.07194e-13 13682.3 23.7206
