-8.18391e-06 31.8414 5.0001
-2.82298e-05 60.7428 5.00037
-1.98795e-05 64.108 5.00041
-1.62321e-05 80.3321 5.00065
6.52136e-06 103.852 5.00108
1.94662e-05 116.093 5.00135
8.55858e-06 125.478 5.00158
-8.10016e-06 146.353 5.00214
-1.46747e-05 156.524 5.00245
6.21448e-06 179.183 5.00321
2.44594e-06 214.588 5.00461
-9.79662e-07 245.699 5.00604
-4.22241e-06 250.745 5.00629
-2.52112e-06 266.081 5.00708
-1.61201e-06 285.714 5.00816
6.76012e-06 333.572 5.01113
-3.60548e-06 347.985 5.01211
1.28494e-05 364.486 5.01329
-8.14116e-06 380.008 5.01444
1.15465e-05 445.777 5.01987
1.4065e-05 449.711 5.02022
-9.3484e-06 484.091 5.02344
-1.02397e-05 498.428 5.02484
-9.25546e-06 529.528 5.02804
-1.17221e-05 543.448 5.02953
4.90521e-06 615.213 5.03785
-1.33154e-05 631.873 5.03993
1.08118e-05 639.452 5.04089
-7.38451e-06 641.13 5.04111
-4.1241e-06 720.839 5.05196
-4.92237e-06 747.822 5.05592
-8.16882e-06 757.605 5.0574
-4.08796e-06 766.095 5.05869
3.35444e-06 831.438 5.06913
2.25266e-06 868.374 5.07541
1.34046e-06 893.297 5.0798
-5.31084e-06 896.553 5.08038
-1.40346e-05 967.931 5.09369
3.78527e-06 995.761 5.09915
1.22292e-05 1020.78 5.1042
-5.70194e-06 1027.03 5.10548
-1.22885e-06 1095.42 5.11999
-1.7545e-06 1118.32 5.12506
-9.08952e-09 1145.14 5.13114
-1.42133e-05 1161.61 5.13493
-5.40683e-06 1243.08 5.15452
3.59968e-06 1257.88 5.15823
-8.10073e-06 1273.98 5.1623
-6.90401e-06 1298.29 5.16856
9.10528e-06 1324.09 5.17532
1.65788e-05 1415.92 5.20048
9.6154e-06 1420.06 5.20166
4.61733e-06 1434.86 5.20588
-8.81334e-06 1518.5 5.23058
2.86848e-05 1570.54 5.24666
-1.32848e-06 1571.97 5.24711
1.13157e-05 1572.74 5.24735
1.76518e-05 1711.24 5.29283
2.30287e-06 1712.68 5.29333
1.54066e-05 1720.18 5.2959
-2.49136e-05 1731.96 5.29997
1.21604e-05 1845.03 5.34041
3.93867e-06 1852.15 5.34305
5.45542e-06 1892.28 5.35807
-2.30201e-05 1897.39 5.36001
3.2981e-06 1970.28 5.3882
3.98505e-06 1986.89 5.39477
6.17887e-06 2054.02 5.4219
-4.0593e-06 2066.78 5.42716
1.27407e-05 2122.11 5.45033
3.21581e-06 2153.31 5.46368
-1.21383e-05 2220.8 5.4932
7.78995e-06 2233.03 5.49864
1.52612e-05 2255.15 5.50857
-7.48704e-06 2279.25 5.5195
-4.7591e-06 2372 5.56264
-2.55492e-05 2381.85 5.56732
2.05649e-05 2385.06 5.56885
7.3698e-07 2443.51 5.59708
2.77178e-05 2483.4 5.61673
-3.69949e-05 2484.1 5.61708
2.85869e-06 2504.92 5.62746
-1.51189e-06 2592.95 5.67234
-1.29195e-05 2620.81 5.68686
-2.06402e-05 2718.27 5.7389
3.95058e-06 2770.83 5.76775
-1.84958e-05 2796.78 5.7822
-2.62819e-06 2817.13 5.79362
-9.80122e-07 2820.96 5.79578
-1.85671e-06 2834.54 5.80346
-3.30106e-06 2835.44 5.80397
-3.00588e-06 2853.18 5.81406
-3.30702e-06 2856.38 5.81589
1.34482e-05 2857.74 5.81667
1.8069e-06 2884.41 5.83198
-2.96069e-06 2888.01 5.83406
-1.19154e-06 2892.07 5.83641
-2.14252e-06 2926.33 5.85634
-2.04563e-06 2927.16 5.85683
7.47452e-07 2928.95 5.85788
-9.29302e-06 2967.31 5.88049
3.1111e-06 2972.97 5.88386
-6.37468e-07 2978.65 5.88723
3.18917e-06 3034.06 5.92055
5.38605e-06 3036.69 5.92215
-5.18178e-06 3077.38 5.94703
1.66882e-06 3098.68 5.96018
-8.44644e-06 3100.87 5.96154
-1.14836e-05 3169.52 6.00459
-5.12771e-06 3172.07 6.00621
-8.5452e-06 3215.58 6.034
1.68815e-05 3240.61 6.05016
2.64143e-06 3244.79 6.05286
6.26459e-06 3321.48 6.10322
1.10321e-06 3325.47 6.10587
-1.77067e-05 3326.01 6.10624
-8.7174e-06 3354.43 6.12522
-2.27776e-05 3356.59 6.12667
5.8537e-06 3427.72 6.17493
1.06739e-07 3430.28 6.17669
-3.29952e-05 3473.91 6.2068
-1.04366e-06 3474.76 6.2074
1.33476e-05 3561.52 6.26844
1.47023e-05 3562.03 6.26881
-4.49915e-06 3593.69 6.29146
2.5729e-05 3594.34 6.29193
-2.81355e-06 3710.63 6.37688
-7.24002e-06 3710.72 6.37694
1.83576e-05 3719.95 6.3838
-3.56664e-05 3720.69 6.38436
-2.03082e-07 3747.22 6.40416
3.59761e-08 3810.42 6.45193
7.47838e-07 3833.78 6.46979
-1.22075e-05 3834.29 6.47018
-1.28576e-07 3874.11 6.50088
3.44681e-05 3874.72 6.50135
1.94255e-05 3921.8 6.53806
1.6299e-06 3924.08 6.53984
7.42028e-06 3926.02 6.54136
-6.59305e-06 3928.04 6.54295
9.69575e-06 3932.88 6.54675
-8.53593e-06 3936.76 6.54981
-1.8532e-05 3941.14 6.55326
2.19281e-06 3945.1 6.55638
-7.14978e-06 3951.24 6.56123
-1.62964e-05 3961.08 6.56902
2.21093e-05 3961.47 6.56932
-1.30025e-05 3964.53 6.57175
3.11613e-06 3971.69 6.57743
-6.31535e-06 3979.3 6.58348
-1.4686e-05 3980.42 6.58438
1.31976e-05 3984.01 6.58724
-1.46133e-05 3984.25 6.58743
1.43881e-05 3987.25 6.58982
5.42944e-06 3992.61 6.5941
3.73321e-06 3998.32 6.59865
-1.61635e-05 4005.1 6.60409
-5.74613e-06 4006.21 6.60497
-9.7244e-06 4006.42 6.60514
2.39779e-08 4007.62 6.6061
1.32553e-05 4014.33 6.61148
-1.69844e-05 4022.2 6.61781
-4.78231e-06 4033.85 6.6272
8.43299e-06 4035.64 6.62864
-6.2625e-06 4044.95 6.63616
1.47957e-05 4056.73 6.64571
9.62513e-07 4060.91 6.6491
1.64172e-05 4066.41 6.65357
1.68077e-05 4069.34 6.65595
9.32637e-06 4082.06 6.66632
-2.65591e-05 4082.19 6.66643
1.57533e-05 4082.43 6.66662
3.47779e-06 4094.93 6.67684
-1.09415e-05 4099.02 6.6802
1.20269e-05 4099.46 6.68056
-4.93292e-06 4105.95 6.68588
-1.18054e-06 4106.37 6.68623
-1.23402e-05 4109.45 6.68876
-1.91624e-06 4116.3 6.69439
1.85363e-05 4122.3 6.69933
5.79488e-06 4134.67 6.70955
1.56321e-05 4135.37 6.71013
5.1952e-06 4139.01 6.71314
-5.9362e-06 4147.32 6.72003
-2.24784e-05 4151.25 6.72329
2.20091e-05 4151.54 6.72353
-8.24704e-06 4157.97 6.72887
1.80036e-05 4167.12 6.73649
4.29845e-06 4171.43 6.74009
1.62902e-06 4173.23 6.74159
-1.91477e-05 4173.93 6.74217
-1.21806e-05 4178.21 6.74575
-1.43895e-05 4209.75 6.7722
7.14834e-06 4210.08 6.77248
-7.31877e-07 4210.14 6.77253
3.90606e-06 4214.77 6.77643
-1.89333e-05 4248.6 6.80506
-1.62684e-05 4260.11 6.81485
-1.00251e-05 4260.18 6.81492
4.9613e-06 4263.25 6.81753
-8.24381e-08 4272.29 6.82524
1.41205e-05 4286.26 6.83721
5.77165e-06 4310.35 6.85791
-5.36033e-06 4327.19 6.87246
8.1989e-06 4341.86 6.88517
1.35448e-05 4342.42 6.88566
1.94085e-05 4364.02 6.90447
1.2141e-05 4376.44 6.91532
-7.69342e-06 4384.82 6.92267
-7.01131e-06 4448.44 6.97886
1.1881e-06 4481.3 7.0082
-5.66147e-06 4504.61 7.02916
-5.51292e-07 4504.62 7.02916
-1.25644e-05 4509.47 7.03353
2.07014e-05 4509.64 7.03369
-7.41898e-06 4516.65 7.04001
3.31441e-05 4519.15 7.04227
3.12415e-06 4519.19 7.04231
2.33629e-05 4533.14 7.05493
-2.38098e-05 4533.25 7.05504
5.71037e-06 4552.56 7.07258
2.32271e-05 4552.6 7.07262
-9.26522e-06 4574.17 7.0923
1.87874e-05 4574.27 7.09239
-9.73846e-06 4579.41 7.0971
2.13642e-05 4579.53 7.09721
-2.23429e-06 4588.15 7.10511
2.31777e-05 4590.61 7.10738
1.61095e-05 4590.81 7.10756
-2.42912e-05 4604.95 7.12056
-2.48863e-05 4605.15 7.12074
6.43702e-06 4619.65 7.13411
2.96231e-05 4637.99 7.15109
5.95967e-05 4638.11 7.15121
8.83664e-06 4650.54 7.16275
-1.05728e-05 4650.6 7.16281
2.61295e-06 4661.65 7.1731
-5.95178e-05 4665.6 7.17679
3.8657e-05 4665.72 7.17689
-2.43782e-05 4679.85 7.1901
-3.22609e-05 4679.88 7.19013
-3.33513e-05 4708.98 7.21745
5.59091e-05 4709.18 7.21764
-2.83337e-05 4724.98 7.23255
-1.14087e-05 4725.07 7.23263
-5.57819e-06 4736.26 7.24321
3.9397e-05 4744.29 7.25083
-1.08424e-05 4744.63 7.25115
-1.13718e-05 4749.82 7.25608
6.00587e-06 4752.2 7.25834
-7.43497e-06 4752.24 7.25838
4.08551e-08 4780.11 7.28495
9.6101e-06 4780.12 7.28496
-1.15263e-05 4782.01 7.28676
3.85693e-06 4782.18 7.28693
4.46779e-05 4804.04 7.30788
1.91539e-05 4804.18 7.30802
2.90527e-05 4807.9 7.31159
5.40184e-06 4807.92 7.31162
-6.6354e-06 4811.09 7.31466
6.22266e-06 4815.13 7.31855
-6.13555e-06 4815.27 7.31868
-4.44292e-06 4823.97 7.32707
-0.000107445 4824.01 7.32711
6.9784e-06 4868.55 7.37028
-2.71157e-06 4885.25 7.38657
5.12165e-08 4899.07 7.40009
1.365e-07 4899.08 7.4001
8.88061e-06 4913.69 7.41443
5.83789e-07 4913.76 7.4145
2.43077e-06 4958.05 7.45823
2.92234e-06 4972.15 7.47223
6.06058e-06 5028.49 7.52857
-1.26723e-05 5057.27 7.5576
-5.82312e-06 5095.58 7.59649
-1.51455e-05 5123.13 7.62465
-2.16546e-06 5158.09 7.66059
-8.21023e-06 5170.58 7.67349
4.16205e-06 5202.93 7.70704
-2.34142e-06 5214.71 7.71932
1.45846e-05 5223.95 7.72896
-1.59493e-05 5237.16 7.74278
-7.6401e-06 5245.37 7.75139
-4.8062e-06 5250.54 7.75682
-1.40963e-05 5253.85 7.76029
1.80844e-05 5256.3 7.76287
-1.46149e-05 5258.33 7.765
-5.70454e-06 5260.21 7.76699
5.3644e-06 5262.13 7.769
-1.40497e-05 5263.81 7.77077
-5.64684e-06 5264.18 7.77116
1.6489e-05 5265.24 7.77228
-1.13746e-05 5266.12 7.7732
-4.23252e-06 5305.38 7.81471
1.51579e-06 5337.72 7.84912
-4.47665e-08 5354.27 7.86682
1.17517e-06 5360.88 7.87391
-1.65726e-06 5374.83 7.88888
-6.35896e-07 5390.56 7.90582
5.1856e-09 5420.29 7.93795
2.91321e-07 5589.08 8.12378
1.88461e-08 5911.42 8.49449
-1.9264e-09 5911.43 8.4945
-1.27681e-06 5917.21 8.50134
1.21451e-06 5917.21 8.50134
1.16837e-05 6112.79 8.73662
1.81509e-05 6118.87 8.74406
-1.63951e-05 6130.95 8.75886
-7.32941e-06 6151.66 8.7843
-4.18178e-06 6184.18 8.82441
1.20639e-05 6231.38 8.88301
-1.26587e-05 6294.6 8.96221
9.11989e-06 6310.71 8.98251
-5.80263e-06 6310.71 8.98251
2.16478e-05 6325.5 9.0012
-3.13081e-06 6325.5 9.0012
2.0085e-05 6347.74 9.02938
2.91959e-05 6347.74 9.02939
6.94318e-06 6372.41 9.06076
2.20409e-05 6376.55 9.06605
4.72184e-05 6376.56 9.06605
-2.94128e-05 6413.89 9.1138
5.9654e-05 6413.89 9.1138
-8.74424e-07 6460.07 9.17325
-6.58298e-05 6464.43 9.17888
-1.91673e-05 6464.43 9.17889
1.5184e-05 6533.81 9.26907
4.91021e-05 6533.81 9.26907
6.24707e-06 6550.23 9.29055
1.7229e-05 6626.06 9.39046
-1.32811e-05 6626.06 9.39047
-6.89264e-06 6633.77 9.40069
-2.70959e-06 6697.03 9.48503
-9.9839e-07 6705.12 9.49587
2.18744e-06 6721.09 9.51731
6.36576e-07 6727.03 9.52529
-7.16574e-06 6741.4 9.54465
2.84814e-05 6741.4 9.54465
1.10179e-06 6756.11 9.56451
-9.22147e-07 6759.21 9.5687
-7.05693e-07 6792.96 9.61443
3.65486e-06 6795.55 9.61795
2.85131e-06 6826.85 9.66059
-4.26381e-06 6827.2 9.66107
-2.18903e-06 6849.28 9.69127
-2.90203e-06 6849.67 9.69181
-2.31671e-05 6875.44 9.72717
4.80186e-05 6875.44 9.72718
-4.29838e-05 7020.17 9.92827
-4.13532e-05 7020.17 9.92828
-9.04116e-06 7165.95 10.1351
-4.68428e-05 7165.95 10.1351
-8.55778e-10 7269.06 10.2839
1.01485e-05 7303.57 10.3342
2.33034e-05 7303.57 10.3342
-9.30295e-08 7402.62 10.4799
-6.87699e-06 7425.86 10.5143
-8.97788e-06 7425.86 10.5143
-2.23013e-05 7528.75 10.6682
-1.04384e-05 7528.75 10.6682
-1.60694e-07 7606.31 10.7856
-7.94574e-08 7608.46 10.7889
-3.48285e-05 7611.48 10.7935
-5.04334e-06 7611.48 10.7935
2.97202e-07 7612.08 10.7944
7.81448e-07 7617.21 10.8022
-1.02096e-06 7623.92 10.8124
-7.08345e-07 7632.3 10.8252
1.83611e-07 7642.44 10.8407
1.32172e-06 7654.48 10.8591
2.09668e-06 7668.55 10.8807
3.46191e-05 7675.8 10.8918
-1.99003e-05 7675.8 10.8918
-1.93234e-06 7684.8 10.9056
-6.34915e-07 7703.41 10.9343
1.38017e-06 7724.53 10.9668
2.62209e-05 7724.66 10.967
-3.2071e-05 7724.66 10.967
3.18047e-06 7748.31 11.0036
1.68052e-05 7761.13 11.0235
-3.70619e-05 7761.13 11.0235
-3.67465e-06 7774.87 11.0449
6.56468e-06 7787.88 11.0651
-3.62752e-05 7787.88 11.0651
2.24229e-06 7804.26 11.0907
6.1607e-07 7806.96 11.0949
-2.94055e-05 7806.96 11.0949
1.97844e-06 7819.82 11.115
1.93842e-05 7819.82 11.115
-2.11431e-06 7827.33 11.1267
9.02337e-06 7827.33 11.1267
-7.93155e-07 7836.42 11.141
1.58404e-05 7849.16 11.1609
-2.89277e-05 7849.17 11.1609
-4.08687e-06 7871.12 11.1955
-5.79337e-06 7907.86 11.2534
4.55467e-06 7945.78 11.3135
-4.47112e-07 7983.51 11.3736
-2.73214e-06 7990.77 11.3852
1.56609e-06 7990.78 11.3853
-4.82213e-06 7996.11 11.3938
5.77953e-06 7996.12 11.3938
-5.49648e-06 8007.36 11.4118
1.2558e-05 8007.36 11.4118
-4.69388e-06 8019.08 11.4306
-4.72674e-06 8026.34 11.4422
1.87918e-05 8026.35 11.4422
-7.97906e-06 8049.83 11.48
2.91651e-06 8053.9 11.4865
2.09711e-05 8053.9 11.4865
-6.94546e-06 8072.56 11.5166
1.27802e-06 8089.71 11.5443
1.76758e-05 8089.71 11.5443
8.12526e-07 8090.94 11.5463
5.48137e-07 8132.68 11.6141
-1.06148e-05 8132.68 11.6141
9.69382e-07 8181.53 11.6937
-3.0971e-06 8181.53 11.6937
7.414e-07 8190.5 11.7084
1.98409e-06 8235.36 11.7821
2.16976e-06 8235.36 11.7821
-1.96312e-07 8239.82 11.7895
2.92507e-06 8294.08 11.8792
-4.30385e-06 8294.08 11.8792
-2.85069e-06 8319.2 11.9209
-3.44302e-06 8358.49 11.9864
3.88011e-06 8358.5 11.9864
5.35609e-06 8424.84 12.0978
3.59943e-06 8430.1 12.1067
-1.81893e-06 8430.1 12.1067
3.29356e-06 8510.25 12.2424
-1.25812e-06 8510.25 12.2424
3.7699e-07 8544.89 12.3015
-5.30904e-06 8552.22 12.314
2.62032e-07 8556.37 12.3211
6.08453e-07 8565.03 12.336
-4.31117e-07 8565.03 12.336
2.04854e-06 8575.8 12.3544
2.33765e-06 8577.06 12.3566
-1.1237e-06 8577.06 12.3566
-8.09409e-07 8592.61 12.3833
-1.33078e-06 8592.61 12.3833
-3.94077e-06 8603.42 12.4019
-6.32858e-06 8605.55 12.4056
-1.92612e-06 8605.55 12.4056
-4.06558e-06 8630.05 12.4478
1.45629e-06 8630.05 12.4478
4.31642e-06 8639.29 12.4637
3.53026e-06 8664.71 12.5077
-3.68779e-06 8664.71 12.5077
2.14472e-06 8683.18 12.5398
1.7133e-06 8696.5 12.5629
-1.31696e-05 8702.42 12.5732
-1.4952e-06 8702.42 12.5732
-2.60041e-06 8714.12 12.5936
-6.34416e-06 8714.12 12.5936
-2.03855e-06 8734.42 12.629
3.427e-07 8734.88 12.6298
4.31695e-11 8740.36 12.6394
-1.41216e-05 8762.37 12.6779
2.93557e-06 8762.37 12.6779
-6.13547e-06 8792.02 12.73
9.87606e-06 8803.66 12.7505
1.35407e-05 8803.66 12.7505
-5.5393e-06 8823.46 12.7853
-6.17008e-06 8823.46 12.7853
3.97385e-06 8852.94 12.8375
-7.60456e-06 8854.71 12.8406
-4.2904e-06 8872.4 12.872
-1.00159e-05 8872.41 12.872
1.19127e-05 8915.86 12.9493
8.19237e-06 8915.86 12.9493
5.07815e-06 8921.03 12.9585
5.34557e-06 8941.83 12.9956
-1.6485e-05 8941.83 12.9956
5.81377e-07 8989.48 13.0811
2.71408e-06 8998.04 13.0965
-1.3581e-05 8998.04 13.0965
8.50202e-06 9017.13 13.1309
-2.27332e-05 9031.77 13.1573
-4.82854e-06 9031.77 13.1573
6.54875e-06 9058.57 13.2058
-1.89594e-06 9073.47 13.2328
-1.09333e-05 9073.47 13.2328
5.40635e-08 9094.52 13.271
1.90446e-05 9125.48 13.3274
6.18981e-06 9125.48 13.3274
9.53593e-06 9126.92 13.3301
5.50857e-06 9149.55 13.3714
-4.18244e-06 9149.55 13.3714
-8.81466e-06 9185.13 13.4367
7.67411e-06 9193.27 13.4516
1.09363e-05 9210.1 13.4826
-6.62159e-06 9210.11 13.4826
6.67776e-06 9224.78 13.5097
2.50148e-06 9224.78 13.5097
-1.661e-06 9256.51 13.5683
-2.43954e-06 9282.09 13.6157
-4.05009e-06 9282.1 13.6157
-3.39063e-06 9295.97 13.6415
6.31459e-06 9295.98 13.6415
5.51868e-06 9315.66 13.6782
5.29889e-06 9338.18 13.7202
-3.81002e-07 9338.18 13.7202
-4.10727e-06 9353.5 13.7488
-8.03973e-07 9357.06 13.7555
5.30103e-06 9357.06 13.7555
1.01524e-05 9369.9 13.7795
-8.55636e-06 9374.46 13.7881
2.54638e-06 9374.47 13.7881
-1.10767e-05 9411.01 13.8567
4.14733e-06 9411.01 13.8567
9.77069e-06 9418.51 13.8708
4.44894e-06 9460.87 13.9508
-1.50782e-05 9461.67 13.9523
-2.61151e-06 9461.67 13.9523
1.77641e-06 9478.08 13.9834
-3.22472e-06 9496.44 14.0182
-3.42017e-06 9519.34 14.0618
-1.35922e-06 9519.61 14.0623
-1.26135e-05 9520.94 14.0648
1.08779e-06 9520.94 14.0648
9.4564e-06 9524.73 14.0721
-1.30596e-06 9531.63 14.0852
-1.11353e-05 9545.31 14.1113
1.14035e-06 9549.15 14.1186
-7.38027e-06 9557.83 14.1352
7.4323e-07 9577.47 14.1728
-9.7516e-07 9580.9 14.1794
-1.1107e-06 9580.9 14.1794
1.52499e-06 9585.05 14.1873
-3.06556e-06 9615.29 14.2454
-1.74858e-05 9637.2 14.2876
-2.06239e-06 9637.2 14.2876
-3.91533e-06 9660.88 14.3333
4.87548e-06 9670.01 14.3509
9.6503e-06 9680.22 14.3707
3.72327e-05 9687.31 14.3844
2.74757e-06 9687.31 14.3844
2.21875e-06 9711.88 14.4321
1.48982e-10 9727.84 14.4631
5.15636e-05 9729.49 14.4663
-2.57814e-06 9729.49 14.4663
-1.77149e-06 9762.68 14.531
5.51186e-05 9762.68 14.531
-1.06153e-06 9764.29 14.5341
5.88106e-06 9770.05 14.5454
-2.70139e-07 9779.34 14.5636
-1.14566e-06 9779.59 14.564
-9.37655e-07 9786.35 14.5773
4.59247e-05 9786.35 14.5773
-3.04987e-07 9800.44 14.6049
2.59508e-05 9800.44 14.6049
1.58391e-06 9803.85 14.6116
-1.85732e-09 9810.98 14.6255
-3.72408e-06 9819.92 14.6431
1.0903e-05 9834.15 14.6711
2.37932e-06 9837.14 14.6769
-2.08436e-06 9852.82 14.7078
-3.07271e-06 9881.12 14.7636
3.91015e-06 9889.4 14.78
-3.99857e-08 9917.42 14.8355
-2.54666e-06 9936.68 14.8738
-6.16029e-06 9979.51 14.9591
-1.77544e-06 9986.92 14.9739
2.41812e-06 9999.67 14.9994
1.2654e-06 10044 15.0882
-2.35598e-06 10068.3 15.137
5.60587e-06 10073.7 15.148
-2.37529e-07 10103.7 15.2085
2.19889e-06 10115 15.2314
-7.3953e-06 10122.7 15.2469
-3.22102e-06 10125.5 15.2526
-9.19731e-11 10134.1 15.27
-6.83547e-12 10134.1 15.27
-7.57532e-06 10136.8 15.2754
2.71464e-06 10160.8 15.3242
-4.76248e-06 10197.2 15.3983
-2.09233e-06 10200.2 15.4044
7.45909e-07 10200.2 15.4044
7.3678e-06 10203.1 15.4103
-3.51073e-06 10223 15.4509
-9.64942e-06 10239.7 15.4851
-8.5897e-06 10247.7 15.5015
5.30442e-06 10260.4 15.5276
-1.45648e-06 10267.4 15.5419
3.70597e-06 10280.8 15.5696
4.01996e-06 10302.5 15.6142
1.00419e-06 10302.5 15.6142
1.60919e-06 10312 15.6338
2.1796e-07 10319.3 15.6488
-3.56995e-06 10326.9 15.6646
-1.20554e-05 10352.7 15.7178
-6.34223e-06 10363.1 15.7393
4.82262e-06 10372.4 15.7586
-1.72598e-06 10375.9 15.766
-7.28884e-06 10412.6 15.8422
-5.02412e-07 10427.8 15.8739
8.57146e-06 10450.8 15.9219
-8.01289e-06 10453.4 15.9274
-2.51814e-06 10476.7 15.9761
-7.22515e-06 10486.9 15.9975
2.09662e-06 10494.9 16.0143
-8.99963e-08 10502.5 16.0303
-6.05171e-06 10519.1 16.0651
9.79806e-06 10525.8 16.0793
1.41167e-06 10530.5 16.0891
-8.74084e-06 10532.5 16.0934
3.70286e-07 10541.4 16.1121
6.99918e-07 10542.8 16.1151
1.88993e-06 10558.1 16.1475
-8.32311e-06 10613.8 16.2652
-8.69865e-06 10616.2 16.2703
1.2791e-05 10677.5 16.4009
-2.72992e-07 10723.7 16.4998
-1.10321e-05 10724.8 16.5022
1.02239e-05 10727.6 16.5081
5.33344e-06 10757.1 16.5716
7.5141e-06 10792.9 16.6488
-1.19178e-07 10811.3 16.6885
6.53795e-06 10835.3 16.7403
8.60621e-07 10935.9 16.9594
-8.02594e-06 11028.7 17.1631
-1.1156e-05 11112.9 17.3498
-8.64438e-06 11188.2 17.5176
1.82392e-06 11254.1 17.6654
-5.921e-06 11310 17.7917
1.10527e-05 11355.8 17.8955
1.16294e-05 11391 17.9755
7.78584e-06 11414.8 18.0298
-5.97875e-07 11434.8 18.0755
-2.62167e-06 11492.5 18.2078
-8.0601e-06 12032.6 19.4784
3.65653e-07 12032.6 19.4784
-1.38576e-05 12034.7 19.4835
1.89899e-06 12034.7 19.4835
1.52775e-05 12039.6 19.4952
5.0683e-06 12039.6 19.4952
1.20171e-05 12048.8 19.5174
-9.20069e-06 12048.8 19.5175
-6.22867e-06 12064.2 19.5544
1.24619e-05 12064.2 19.5544
-9.38192e-07 12087.1 19.6097
-1.26256e-05 12087.1 19.6097
1.90486e-06 12118.7 19.6864
-8.35121e-06 12118.7 19.6864
-2.22933e-06 12159.8 19.786
-2.44407e-07 12159.8 19.7861
1.21913e-06 12210.4 19.9094
-9.03212e-06 12210.4 19.9094
1.12425e-07 12270.3 20.056
-1.58269e-05 12270.3 20.056
5.49919e-07 12338.7 20.2243
-1.72512e-05 12338.7 20.2243
-8.52239e-07 12414.5 20.412
1.26551e-05 12414.5 20.412
1.40733e-13 12463.3 20.5335
9.80985e-07 12496.3 20.6157
-3.98631e-06 12496.3 20.6157
8.61152e-07 12582.4 20.8317
5.18382e-06 12582.4 20.8317
2.48371e-07 12670.9 21.0553
-1.14162e-05 12670.9 21.0553
9.0748e-07 12759.8 21.2812
1.2967e-05 12759.8 21.2812
2.23636e-06 12846.7 21.5038
1.03399e-05 12846.7 21.5038
3.10544e-06 12929.3 21.7166
-5.6417e-06 12929.3 21.7166
-1.33071e-09 12969.9 21.8218
-3.04637e-06 13005 21.9131
1.24943e-06 13005 21.9131
-2.10366e-06 13071.5 22.0865
-1.37065e-06 13071.5 22.0865
8.23051e-07 13126.4 22.2303
-2.06877e-06 13126.4 22.2304
-1.13113e-07 13167.5 22.3384
-1.58652e-06 13167.5 22.3384
-3.33756e-07 13193 22.4055
-7.66638e-07 13193 22.4055
8.45451e-07 13658.7 23.6561
1.53849e-06 13658.7 23.6561
2.09877e-12 13682.3 23.7206
8.11555e-13 13682.3 23.7206
