-7.30088e-06 31.8414 5.0001
-2.89422e-05 60.7428 5.00037
-2.13768e-05 64.108 5.00041
-1.6509e-05 80.3321 5.00065
8.81592e-06 103.852 5.00108
2.69123e-05 116.093 5.00135
2.099e-05 125.478 5.00158
-1.20546e-05 146.353 5.00214
-1.92063e-05 156.524 5.00245
6.37107e-06 179.183 5.00321
2.3216e-06 214.588 5.00461
-7.57206e-06 245.699 5.00604
-1.46633e-05 250.745 5.00629
-1.01339e-06 266.081 5.00708
-3.13811e-06 285.714 5.00816
9.27993e-06 333.572 5.01113
-4.18325e-06 347.985 5.01211
2.25152e-05 364.486 5.01329
-1.67481e-06 380.008 5.01444
1.96316e-05 445.777 5.01987
2.69112e-05 449.711 5.02022
-8.0313e-06 484.091 5.02344
-1.18359e-05 498.428 5.02484
-1.64467e-05 529.528 5.02804
-2.46136e-05 543.448 5.02953
6.27288e-06 615.213 5.03785
-2.59009e-05 631.873 5.03993
1.72883e-05 639.452 5.04089
-1.34319e-05 641.13 5.04111
9.3009e-07 720.839 5.05196
-2.16556e-08 747.822 5.05592
-4.93997e-06 757.605 5.0574
-2.75514e-05 766.095 5.05869
-1.09214e-05 831.438 5.06913
-2.18223e-06 868.374 5.07541
8.2645e-06 893.297 5.0798
1.67108e-05 896.553 5.08038
2.36927e-05 967.931 5.09369
-9.09997e-06 995.761 5.09915
-2.45839e-06 1020.78 5.1042
9.64309e-09 1027.03 5.10548
7.78951e-06 1095.42 5.11999
2.16499e-05 1118.32 5.12506
-1.36797e-05 1145.14 5.13114
-4.47462e-06 1161.61 5.13493
-2.22616e-05 1243.08 5.15452
1.22018e-06 1257.88 5.15823
-1.04418e-05 1273.98 5.1623
-1.91797e-05 1298.29 5.16856
-5.91035e-06 1324.09 5.17532
9.52493e-06 1415.92 5.20048
9.00748e-06 1420.06 5.20166
-2.39798e-05 1434.86 5.20588
2.44676e-06 1518.5 5.23058
-3.95514e-06 1570.54 5.24666
-4.82143e-06 1571.97 5.24711
-2.22593e-05 1572.74 5.24735
-1.51909e-05 1711.24 5.29283
1.05964e-06 1712.68 5.29333
-5.23699e-06 1720.18 5.2959
1.40509e-05 1731.96 5.29997
-2.97751e-06 1845.03 5.34041
-7.63475e-07 1852.15 5.34305
-8.93408e-06 1892.28 5.35807
1.967e-05 1897.39 5.36001
4.16387e-06 1970.28 5.3882
-4.76401e-06 1986.89 5.39477
-1.45714e-05 2054.02 5.4219
1.51984e-05 2066.78 5.42716
-1.58357e-05 2122.11 5.45033
2.82299e-06 2153.31 5.46368
-6.41889e-06 2220.8 5.4932
5.6177e-06 2233.03 5.49864
-1.93721e-05 2255.15 5.50857
-4.74842e-06 2279.25 5.5195
8.41544e-06 2372 5.56264
-2.03189e-06 2381.85 5.56732
-1.18162e-05 2385.06 5.56885
7.0476e-06 2443.51 5.59708
-1.57663e-05 2483.4 5.61673
7.27594e-06 2484.1 5.61708
-8.2875e-06 2504.92 5.62746
-5.04962e-06 2592.95 5.67234
4.69483e-07 2620.81 5.68686
4.52078e-06 2718.27 5.7389
-1.6607e-06 2770.83 5.76775
5.42122e-06 2796.78 5.7822
3.14835e-07 2817.13 5.79362
2.95151e-07 2820.96 5.79578
-3.13266e-07 2834.54 5.80346
-1.19372e-06 2835.44 5.80397
-1.21184e-06 2853.18 5.81406
1.37024e-06 2856.38 5.81589
-4.11588e-06 2857.74 5.81667
-9.97926e-07 2884.41 5.83198
4.72984e-07 2888.01 5.83406
4.62421e-07 2892.07 5.83641
1.81963e-07 2926.33 5.85634
6.31922e-06 2927.16 5.85683
-1.50548e-06 2928.95 5.85788
-5.23346e-06 2967.31 5.88049
-2.47484e-06 2972.97 5.88386
5.20162e-06 2978.65 5.88723
3.95399e-06 3034.06 5.92055
-4.75641e-06 3036.69 5.92215
1.16354e-05 3077.38 5.94703
3.68113e-06 3098.68 5.96018
2.41187e-06 3100.87 5.96154
-8.71943e-07 3169.52 6.00459
-4.24172e-06 3172.07 6.00621
1.27726e-05 3215.58 6.034
9.05731e-06 3240.61 6.05016
5.20481e-06 3244.79 6.05286
-1.04309e-05 3321.48 6.10322
5.86709e-07 3325.47 6.10587
-1.08592e-05 3326.01 6.10624
-9.02769e-06 3354.43 6.12522
-6.23176e-06 3356.59 6.12667
6.22886e-06 3427.72 6.17493
2.29369e-06 3430.28 6.17669
-7.33621e-06 3473.91 6.2068
7.10228e-06 3474.76 6.2074
-6.96913e-06 3561.52 6.26844
5.19871e-06 3562.03 6.26881
-4.98149e-06 3593.69 6.29146
-5.53342e-07 3594.34 6.29193
5.63506e-06 3710.63 6.37688
-4.88442e-06 3710.72 6.37694
-1.46184e-05 3719.95 6.3838
-5.0123e-06 3720.69 6.38436
1.59824e-06 3747.22 6.40416
5.17027e-08 3810.42 6.45193
9.42364e-06 3833.78 6.46979
-7.79035e-06 3834.29 6.47018
-1.75307e-05 3874.11 6.50088
-1.78484e-06 3874.72 6.50135
1.38973e-05 3921.8 6.53806
1.77025e-05 3924.08 6.53984
1.15659e-05 3926.02 6.54136
-2.86694e-05 3928.04 6.54295
3.15734e-06 3932.88 6.54675
-3.49238e-05 3936.76 6.54981
-2.25725e-05 3941.14 6.55326
-2.94732e-05 3945.1 6.55638
1.34084e-05 3951.24 6.56123
-1.30887e-05 3961.08 6.56902
2.66311e-06 3961.47 6.56932
1.2429e-05 3964.53 6.57175
3.1708e-06 3971.69 6.57743
-4.697e-06 3979.3 6.58348
-1.03126e-05 3980.42 6.58438
1.2882e-05 3984.01 6.58724
-2.55931e-06 3984.25 6.58743
1.37327e-05 3987.25 6.58982
8.53241e-06 3992.61 6.5941
-5.14709e-06 3998.32 6.59865
2.37112e-07 4005.1 6.60409
-1.09397e-05 4006.21 6.60497
-4.74581e-06 4006.42 6.60514
1.53487e-05 4007.62 6.6061
1.28256e-05 4014.33 6.61148
-2.47651e-05 4022.2 6.61781
-2.18733e-05 4033.85 6.6272
-1.85467e-05 4035.64 6.62864
1.55321e-05 4044.95 6.63616
-2.77514e-06 4056.73 6.64571
-7.38894e-06 4060.91 6.6491
-2.06183e-05 4066.41 6.65357
1.23618e-05 4069.34 6.65595
-1.27265e-05 4082.06 6.66632
-1.30221e-05 4082.19 6.66643
2.2345e-05 4082.43 6.66662
-3.12013e-05 4094.93 6.67684
4.70279e-06 4099.02 6.6802
-7.7672e-06 4099.46 6.68056
-6.78126e-06 4105.95 6.68588
1.03709e-06 4106.37 6.68623
2.79661e-05 4109.45 6.68876
-4.02119e-06 4116.3 6.69439
-1.62627e-05 4122.3 6.69933
-3.83298e-06 4134.67 6.70955
1.35464e-06 4135.37 6.71013
-3.45612e-07 4139.01 6.71314
-2.24916e-05 4147.32 6.72003
-2.48121e-06 4151.25 6.72329
9.21755e-06 4151.54 6.72353
3.54781e-05 4157.97 6.72887
-3.90756e-05 4167.12 6.73649
-8.56141e-06 4171.43 6.74009
-1.07882e-06 4173.23 6.74159
3.27337e-05 4173.93 6.74217
1.84988e-05 4178.21 6.74575
1.61777e-05 4209.75 6.7722
-5.87389e-06 4210.08 6.77248
7.54682e-06 4210.14 6.77253
9.01363e-06 4214.77 6.77643
1.40758e-05 4248.6 6.80506
1.04099e-05 4260.11 6.81485
-4.30295e-06 4260.18 6.81492
1.32028e-05 4263.25 6.81753
8.96488e-08 4272.29 6.82524
-7.79668e-06 4286.26 6.83721
1.07213e-05 4310.35 6.85791
-5.47303e-06 4327.19 6.87246
-1.70449e-05 4341.86 6.88517
3.57197e-06 4342.42 6.88566
-3.37694e-06 4364.02 6.90447
-1.17536e-07 4376.44 6.91532
9.58952e-06 4384.82 6.92267
3.98635e-06 4448.44 6.97886
-1.6694e-05 4481.3 7.0082
-1.94602e-06 4504.61 7.02916
1.67498e-06 4504.62 7.02916
-1.04416e-05 4509.47 7.03353
-3.31924e-07 4509.64 7.03369
-2.63917e-06 4516.65 7.04001
7.00015e-06 4519.15 7.04227
-7.97427e-06 4519.19 7.04231
1.52723e-06 4533.14 7.05493
-7.83175e-06 4533.25 7.05504
4.1469e-06 4552.56 7.07258
9.40196e-06 4552.6 7.07262
-5.53702e-06 4574.17 7.0923
5.06462e-06 4574.27 7.09239
-4.7119e-06 4579.41 7.0971
-5.23182e-06 4579.53 7.09721
-7.47728e-06 4588.15 7.10511
2.31166e-05 4590.61 7.10738
1.08478e-06 4590.81 7.10756
4.59585e-06 4604.95 7.12056
-1.15682e-05 4605.15 7.12074
5.40276e-06 4619.65 7.13411
-9.51112e-07 4637.99 7.15109
1.30313e-05 4638.11 7.15121
1.90343e-05 4650.54 7.16275
1.01427e-05 4650.6 7.16281
-1.05197e-05 4661.65 7.1731
-2.30718e-05 4665.6 7.17679
2.84856e-05 4665.72 7.17689
-6.10856e-06 4679.85 7.1901
1.08426e-05 4679.88 7.19013
-1.94691e-05 4708.98 7.21745
3.03341e-05 4709.18 7.21764
1.3439e-05 4724.98 7.23255
-1.28965e-05 4725.07 7.23263
9.97743e-06 4736.26 7.24321
3.50851e-05 4744.29 7.25083
-1.94554e-05 4744.63 7.25115
9.80807e-06 4749.82 7.25608
-6.57194e-06 4752.2 7.25834
3.68631e-06 4752.24 7.25838
-1.26881e-05 4780.11 7.28495
6.95715e-06 4780.12 7.28496
-1.34665e-05 4782.01 7.28676
-2.73854e-05 4782.18 7.28693
1.98666e-05 4804.04 7.30788
4.48648e-06 4804.18 7.30802
-1.50001e-06 4807.9 7.31159
-8.30746e-06 4807.92 7.31162
5.29357e-06 4811.09 7.31466
-1.25951e-05 4815.13 7.31855
-4.45231e-06 4815.27 7.31868
-8.32917e-06 4823.97 7.32707
-3.67226e-05 4824.01 7.32711
-2.28459e-05 4868.55 7.37028
-6.11689e-07 4885.25 7.38657
-4.43006e-08 4899.07 7.40009
6.21888e-09 4899.08 7.4001
1.53677e-05 4913.69 7.41443
9.06154e-06 4913.76 7.4145
-5.11467e-06 4958.05 7.45823
2.40368e-05 4972.15 7.47223
-6.82867e-06 5028.49 7.52857
-1.38007e-05 5057.27 7.5576
5.66876e-06 5095.58 7.59649
2.67831e-06 5123.13 7.62465
2.70505e-06 5158.09 7.66059
1.79415e-05 5170.58 7.67349
2.57312e-05 5202.93 7.70704
4.15395e-07 5214.71 7.71932
2.25905e-05 5223.95 7.72896
-1.05497e-05 5237.16 7.74278
4.04835e-06 5245.37 7.75139
-1.44075e-05 5250.54 7.75682
-1.80843e-05 5253.85 7.76029
1.69924e-05 5256.3 7.76287
-1.17384e-05 5258.33 7.765
-4.71586e-06 5260.21 7.76699
2.14036e-06 5262.13 7.769
-7.23242e-06 5263.81 7.77077
1.76011e-06 5264.18 7.77116
8.27395e-06 5265.24 7.77228
-5.61593e-06 5266.12 7.7732
2.40918e-06 5305.38 7.81471
-1.59376e-06 5337.72 7.84912
-1.54126e-08 5354.27 7.86682
5.36193e-07 5360.88 7.87391
-9.31896e-09 5374.83 7.88888
-3.6764e-06 5390.56 7.90582
-1.95952e-08 5420.29 7.93795
9.8081e-07 5589.08 8.12378
-4.74393e-09 5911.42 8.49449
5.29768e-09 5911.43 8.4945
1.31658e-06 5917.21 8.50134
2.43174e-06 5917.21 8.50134
-1.76803e-05 6112.79 8.73662
-3.07135e-05 6118.87 8.74406
3.50685e-05 6130.95 8.75886
2.91383e-05 6151.66 8.7843
-1.49339e-05 6184.18 8.82441
-2.10409e-06 6231.38 8.88301
1.53187e-05 6294.6 8.96221
2.46268e-05 6310.71 8.98251
1.53115e-05 6310.71 8.98251
2.57464e-05 6325.5 9.0012
-4.47335e-05 6325.5 9.0012
6.01339e-05 6347.74 9.02938
2.00102e-05 6347.74 9.02939
-2.01885e-05 6372.41 9.06076
4.84994e-05 6376.55 9.06605
3.94473e-05 6376.56 9.06605
-5.28597e-06 6413.89 9.1138
4.89447e-05 6413.89 9.1138
-1.61503e-05 6460.07 9.17325
-2.60524e-05 6464.43 9.17888
2.85935e-06 6464.43 9.17889
7.24214e-06 6533.81 9.26907
-4.29563e-06 6533.81 9.26907
6.3822e-06 6550.23 9.29055
1.02767e-06 6626.06 9.39046
2.58502e-05 6626.06 9.39047
4.05884e-06 6633.77 9.40069
8.57383e-06 6697.03 9.48503
-1.3377e-06 6705.12 9.49587
-3.53467e-06 6721.09 9.51731
1.9521e-06 6727.03 9.52529
1.29087e-05 6741.4 9.54465
3.30069e-05 6741.4 9.54465
-5.30015e-06 6756.11 9.56451
-5.11238e-06 6759.21 9.5687
-1.11062e-05 6792.96 9.61443
8.09708e-07 6795.55 9.61795
-6.32128e-06 6826.85 9.66059
-9.0236e-06 6827.2 9.66107
3.63141e-06 6849.28 9.69127
-5.71559e-06 6849.67 9.69181
-2.36603e-05 6875.44 9.72717
2.20939e-05 6875.44 9.72718
-7.86103e-06 7020.17 9.92827
-1.91398e-05 7020.17 9.92828
4.98595e-06 7165.95 10.1351
-5.20291e-06 7165.95 10.1351
2.83409e-10 7269.06 10.2839
-3.87622e-06 7303.57 10.3342
-7.39513e-06 7303.57 10.3342
-6.72447e-07 7402.62 10.4799
1.08364e-05 7425.86 10.5143
-1.01958e-05 7425.86 10.5143
-1.2259e-05 7528.75 10.6682
-1.07748e-05 7528.75 10.6682
-5.68319e-07 7606.31 10.7856
-6.37764e-07 7608.46 10.7889
-1.3593e-05 7611.48 10.7935
1.87018e-06 7611.48 10.7935
6.23084e-08 7612.08 10.7944
1.43441e-06 7617.21 10.8022
-2.99927e-06 7623.92 10.8124
-4.05196e-06 7632.3 10.8252
-3.91715e-06 7642.44 10.8407
-2.23948e-06 7654.48 10.8591
7.95309e-07 7668.55 10.8807
8.77363e-06 7675.8 10.8918
4.46507e-06 7675.8 10.8918
-4.40919e-06 7684.8 10.9056
-7.39623e-06 7703.41 10.9343
-8.48596e-06 7724.53 10.9668
3.78015e-06 7724.66 10.967
6.98416e-06 7724.66 10.967
-6.82305e-06 7748.31 11.0036
-6.26001e-07 7761.13 11.0235
8.41318e-06 7761.13 11.0235
2.39674e-06 7774.87 11.0449
-2.95172e-06 7787.88 11.0651
8.15972e-06 7787.88 11.0651
3.733e-06 7804.26 11.0907
-3.78028e-06 7806.96 11.0949
6.48727e-06 7806.96 11.0949
3.17637e-06 7819.82 11.115
-4.15906e-06 7819.82 11.115
-1.67962e-06 7827.33 11.1267
-1.96103e-06 7827.33 11.1267
9.59304e-06 7836.42 11.141
2.59684e-06 7849.16 11.1609
6.6126e-06 7849.17 11.1609
1.28519e-05 7871.12 11.1955
1.17093e-05 7907.86 11.2534
-5.82115e-06 7945.78 11.3135
-3.14825e-06 7983.51 11.3736
-2.29848e-06 7990.77 11.3852
1.33915e-05 7990.78 11.3853
-3.30972e-06 7996.11 11.3938
2.35343e-05 7996.12 11.3938
-1.43219e-06 8007.36 11.4118
2.73127e-05 8007.36 11.4118
1.1751e-05 8019.08 11.4306
2.99228e-06 8026.34 11.4422
2.3809e-05 8026.35 11.4422
1.59348e-05 8049.83 11.48
-9.04363e-06 8053.9 11.4865
1.54898e-05 8053.9 11.4865
1.27385e-05 8072.56 11.5166
-1.42457e-05 8089.71 11.5443
6.39883e-06 8089.71 11.5443
-1.4191e-06 8090.94 11.5463
-1.62585e-05 8132.68 11.6141
3.21888e-07 8132.68 11.6141
-1.34492e-05 8181.53 11.6937
3.41064e-06 8181.53 11.6937
1.48313e-07 8190.5 11.7084
-5.72884e-06 8235.36 11.7821
3.58002e-06 8235.36 11.7821
6.9584e-07 8239.82 11.7895
5.0754e-06 8294.08 11.8792
-2.12542e-06 8294.08 11.8792
1.56218e-06 8319.2 11.9209
-1.52865e-05 8358.49 11.9864
1.53423e-07 8358.5 11.9864
-2.0817e-06 8424.84 12.0978
2.01902e-05 8430.1 12.1067
1.71391e-06 8430.1 12.1067
1.52965e-05 8510.25 12.2424
-3.36927e-06 8510.25 12.2424
1.36507e-07 8544.89 12.3015
1.36427e-06 8552.22 12.314
-5.37811e-07 8556.37 12.3211
1.69124e-06 8565.03 12.336
-9.10557e-06 8565.03 12.336
-1.20051e-06 8575.8 12.3544
3.55971e-06 8577.06 12.3566
-2.03466e-05 8577.06 12.3566
-2.68241e-06 8592.61 12.3833
1.71222e-05 8592.61 12.3833
1.73576e-06 8603.42 12.4019
-6.36885e-06 8605.55 12.4056
-1.83267e-05 8605.55 12.4056
1.62866e-06 8630.05 12.4478
-2.97019e-05 8630.05 12.4478
-1.50317e-06 8639.29 12.4637
9.69273e-06 8664.71 12.5077
1.85936e-05 8664.71 12.5077
2.28687e-08 8683.18 12.5398
1.06956e-06 8696.5 12.5629
-8.09809e-06 8702.42 12.5732
4.84678e-06 8702.42 12.5732
-8.76484e-06 8714.12 12.5936
9.009e-06 8714.12 12.5936
2.83176e-06 8734.42 12.629
1.52861e-06 8734.88 12.6298
4.49743e-11 8740.36 12.6394
-8.8895e-06 8762.37 12.6779
1.01145e-05 8762.37 12.6779
6.14822e-06 8792.02 12.73
-4.1135e-06 8803.66 12.7505
6.93421e-07 8803.66 12.7505
-4.83004e-07 8823.46 12.7853
-2.44041e-05 8823.46 12.7853
-4.78647e-06 8852.94 12.8375
8.5876e-06 8854.71 12.8406
6.64033e-06 8872.4 12.872
1.2475e-05 8872.41 12.872
2.14191e-05 8915.86 12.9493
4.6906e-06 8915.86 12.9493
-8.68791e-06 8921.03 12.9585
8.80211e-06 8941.83 12.9956
-6.81398e-06 8941.83 12.9956
5.61259e-06 8989.48 13.0811
-1.06871e-06 8998.04 13.0965
-5.74443e-06 8998.04 13.0965
-8.39615e-06 9017.13 13.1309
-2.24005e-05 9031.77 13.1573
-5.07822e-06 9031.77 13.1573
-3.28963e-07 9058.57 13.2058
-1.73828e-05 9073.47 13.2328
-1.68983e-06 9073.47 13.2328
1.69005e-06 9094.52 13.271
1.95681e-05 9125.48 13.3274
3.73202e-06 9125.48 13.3274
-7.59087e-06 9126.92 13.3301
2.33366e-05 9149.55 13.3714
1.92647e-06 9149.55 13.3714
1.00294e-05 9185.13 13.4367
-1.38303e-05 9193.27 13.4516
1.40303e-05 9210.1 13.4826
-2.33197e-06 9210.11 13.4826
1.83891e-05 9224.78 13.5097
3.55358e-06 9224.78 13.5097
1.67267e-05 9256.51 13.5683
-8.01327e-06 9282.09 13.6157
-4.14161e-07 9282.1 13.6157
-4.80341e-06 9295.97 13.6415
3.19567e-06 9295.98 13.6415
1.48571e-05 9315.66 13.6782
1.36687e-06 9338.18 13.7202
8.1017e-07 9338.18 13.7202
8.20169e-06 9353.5 13.7488
-6.31142e-06 9357.06 13.7555
1.51552e-06 9357.06 13.7555
8.28195e-06 9369.9 13.7795
-9.55101e-06 9374.46 13.7881
1.13482e-06 9374.47 13.7881
-1.82607e-05 9411.01 13.8567
8.41266e-07 9411.01 13.8567
-1.39025e-06 9418.51 13.8708
-1.14785e-05 9460.87 13.9508
-2.25819e-05 9461.67 13.9523
-1.04891e-07 9461.67 13.9523
-2.69563e-05 9478.08 13.9834
-1.90603e-05 9496.44 14.0182
-2.62835e-06 9519.34 14.0618
4.49499e-05 9519.61 14.0623
-1.61198e-05 9520.94 14.0648
-1.16038e-07 9520.94 14.0648
2.18634e-05 9524.73 14.0721
2.62063e-05 9531.63 14.0852
-1.89404e-05 9545.31 14.1113
-4.40213e-05 9549.15 14.1186
-1.09514e-05 9557.83 14.1352
4.78091e-05 9577.47 14.1728
-3.85091e-07 9580.9 14.1794
-1.87582e-07 9580.9 14.1794
4.79642e-05 9585.05 14.1873
-3.63915e-05 9615.29 14.2454
-1.84866e-05 9637.2 14.2876
-4.76346e-07 9637.2 14.2876
-1.36493e-05 9660.88 14.3333
3.50755e-05 9670.01 14.3509
-5.38217e-06 9680.22 14.3707
3.47438e-05 9687.31 14.3844
4.33399e-07 9687.31 14.3844
-1.28862e-05 9711.88 14.4321
-7.66498e-11 9727.84 14.4631
4.40812e-05 9729.49 14.4663
-8.79039e-08 9729.49 14.4663
2.93453e-07 9762.68 14.531
4.42435e-05 9762.68 14.531
-3.3788e-05 9764.29 14.5341
1.05349e-05 9770.05 14.5454
3.59989e-07 9779.34 14.5636
-3.97524e-06 9779.59 14.564
4.18377e-07 9786.35 14.5773
3.53297e-05 9786.35 14.5773
3.23535e-07 9800.44 14.6049
1.94793e-05 9800.44 14.6049
2.77697e-05 9803.85 14.6116
1.69093e-06 9810.98 14.6255
-2.85789e-05 9819.92 14.6431
-1.32128e-05 9834.15 14.6711
2.19332e-05 9837.14 14.6769
-1.07675e-05 9852.82 14.7078
1.75083e-05 9881.12 14.7636
2.37237e-05 9889.4 14.78
-5.95437e-07 9917.42 14.8355
-2.42167e-05 9936.68 14.8738
1.78445e-05 9979.51 14.9591
-2.75904e-05 9986.92 14.9739
3.98826e-05 9999.67 14.9994
2.6522e-05 10044 15.0882
-5.78592e-06 10068.3 15.137
2.38503e-05 10073.7 15.148
1.01543e-05 10103.7 15.2085
1.70557e-05 10115 15.2314
-4.94387e-05 10122.7 15.2469
1.78626e-06 10125.5 15.2526
4.68644e-11 10134.1 15.27
9.00727e-13 10134.1 15.27
-2.7307e-05 10136.8 15.2754
6.25997e-06 10160.8 15.3242
-9.66621e-06 10197.2 15.3983
-1.85324e-06 10200.2 15.4044
2.81051e-07 10200.2 15.4044
3.53809e-05 10203.1 15.4103
-1.53038e-05 10223 15.4509
-1.04087e-05 10239.7 15.4851
-4.33045e-05 10247.7 15.5015
3.93105e-05 10260.4 15.5276
-1.63254e-05 10267.4 15.5419
2.28195e-05 10280.8 15.5696
3.4141e-06 10302.5 15.6142
3.48911e-07 10302.5 15.6142
-2.50854e-05 10312 15.6338
-2.20915e-05 10319.3 15.6488
-2.74109e-05 10326.9 15.6646
4.13872e-07 10352.7 15.7178
7.9793e-06 10363.1 15.7393
2.36768e-05 10372.4 15.7586
-3.97376e-05 10375.9 15.766
1.55123e-05 10412.6 15.8422
-3.17437e-05 10427.8 15.8739
-5.20142e-06 10450.8 15.9219
1.21098e-05 10453.4 15.9274
-3.13142e-05 10476.7 15.9761
1.19892e-05 10486.9 15.9975
3.11281e-06 10494.9 16.0143
-3.7248e-05 10502.5 16.0303
4.62373e-05 10519.1 16.0651
-3.38385e-05 10525.8 16.0793
-1.90332e-05 10530.5 16.0891
3.9509e-05 10532.5 16.0934
2.09273e-05 10541.4 16.1121
2.30441e-06 10542.8 16.1151
-1.12114e-07 10558.1 16.1475
-2.87759e-05 10613.8 16.2652
-2.40595e-05 10616.2 16.2703
2.07298e-05 10677.5 16.4009
1.08917e-06 10723.7 16.4998
-1.26078e-05 10724.8 16.5022
4.57366e-05 10727.6 16.5081
3.70664e-06 10757.1 16.5716
2.13241e-05 10792.9 16.6488
-1.85551e-07 10811.3 16.6885
4.93841e-05 10835.3 16.7403
-3.922e-05 10935.9 16.9594
1.86495e-05 11028.7 17.1631
-6.36875e-06 11112.9 17.3498
-2.92676e-05 11188.2 17.5176
4.47619e-05 11254.1 17.6654
5.01447e-05 11310 17.7917
-4.56877e-05 11355.8 17.8955
-3.40733e-05 11391 17.9755
-1.87607e-05 11414.8 18.0298
1.22792e-06 11434.8 18.0755
2.46374e-05 11492.5 18.2078
1.82212e-05 12032.6 19.4784
-7.62595e-07 12032.6 19.4784
3.57543e-05 12034.7 19.4835
-1.1211e-06 12034.7 19.4835
-4.8222e-05 12039.6 19.4952
-6.68686e-07 12039.6 19.4952
-5.00368e-05 12048.8 19.5174
-7.4925e-07 12048.8 19.5175
3.82482e-05 12064.2 19.5544
2.78277e-06 12064.2 19.5544
1.45156e-05 12087.1 19.6097
-4.6132e-06 12087.1 19.6097
-1.48032e-05 12118.7 19.6864
-5.26596e-06 12118.7 19.6864
4.05415e-05 12159.8 19.786
-4.07487e-06 12159.8 19.7861
-5.39851e-05 12210.4 19.9094
1.07618e-06 12210.4 19.9094
-5.01945e-05 12270.3 20.056
-2.88382e-06 12270.3 20.056
2.9986e-05 12338.7 20.2243
-6.41786e-06 12338.7 20.2243
2.51953e-07 12414.5 20.412
8.14893e-06 12414.5 20.412
-2.85912e-13 12463.3 20.5335
-3.07974e-05 12496.3 20.6157
-7.30289e-06 12496.3 20.6157
-5.19684e-05 12582.4 20.8317
-4.06774e-06 12582.4 20.8317
-5.73319e-05 12670.9 21.0553
-4.55569e-07 12670.9 21.0553
4.56135e-05 12759.8 21.2812
4.69937e-06 12759.8 21.2812
2.07556e-05 12846.7 21.5038
7.27514e-06 12846.7 21.5038
-9.70861e-06 12929.3 21.7166
-7.52666e-06 12929.3 21.7166
7.93763e-08 12969.9 21.8218
3.72234e-05 13005 21.9131
5.74352e-06 13005 21.9131
5.47497e-05 13071.5 22.0865
2.9529e-06 13071.5 22.0865
-5.84633e-05 13126.4 22.2303
4.08778e-07 13126.4 22.2304
-4.82404e-05 13167.5 22.3384
-9.676e-07 13167.5 22.3384
-2.70813e-05 13193 22.4055
-9.43628e-07 13193 22.4055
-4.2395e-06 13658.7 23.6561
1.18085e-06 13658.7 23.6561
7.62777e-13 13682.3 23.7206
-2.33605e-13 13682.3 23.7206
