-4.13597e-05 31.8414 5.0001
-4.66875e-05 60.7428 5.00037
-3.39986e-05 64.108 5.00041
-2.17241e-05 80.3321 5.00065
8.56443e-06 103.852 5.00108
2.57856e-05 116.093 5.00135
-2.5357e-06 125.478 5.00158
-1.64033e-05 146.353 5.00214
-3.19515e-05 156.524 5.00245
7.50602e-06 179.183 5.00321
8.63621e-06 214.588 5.00461
-2.55917e-06 245.699 5.00604
-2.24495e-05 250.745 5.00629
-5.24511e-05 266.081 5.00708
2.58939e-05 285.714 5.00816
4.1299e-06 333.572 5.01113
2.03549e-05 347.985 5.01211
-4.04195e-05 364.486 5.01329
-8.22623e-07 380.008 5.01444
-1.75052e-05 445.777 5.01987
-3.49398e-05 449.711 5.02022
-6.9167e-06 484.091 5.02344
-6.90938e-06 498.428 5.02484
1.14767e-05 529.528 5.02804
3.22698e-05 543.448 5.02953
-3.42134e-05 615.213 5.03785
1.71237e-05 631.873 5.03993
-3.22802e-05 639.452 5.04089
-2.80466e-06 641.13 5.04111
2.97014e-05 720.839 5.05196
1.51122e-05 747.822 5.05592
2.60007e-05 757.605 5.0574
-4.52449e-07 766.095 5.05869
-2.37891e-05 831.438 5.06913
-5.96284e-06 868.374 5.07541
-1.04602e-05 893.297 5.0798
-2.94824e-06 896.553 5.08038
3.69802e-05 967.931 5.09369
-1.54835e-05 995.761 5.09915
9.51819e-06 1020.78 5.1042
-3.37092e-06 1027.03 5.10548
9.52264e-06 1095.42 5.11999
2.84278e-05 1118.32 5.12506
-1.67453e-05 1145.14 5.13114
-1.52943e-07 1161.61 5.13493
-2.94795e-05 1243.08 5.15452
7.26091e-06 1257.88 5.15823
-1.81525e-05 1273.98 5.1623
-4.00398e-06 1298.29 5.16856
2.6751e-06 1324.09 5.17532
2.31353e-05 1415.92 5.20048
1.94953e-05 1420.06 5.20166
-4.64379e-06 1434.86 5.20588
2.39843e-06 1518.5 5.23058
3.02926e-05 1570.54 5.24666
-6.46517e-06 1571.97 5.24711
-6.06818e-06 1572.74 5.24735
-4.42281e-06 1711.24 5.29283
-9.13227e-07 1712.68 5.29333
1.61741e-05 1720.18 5.2959
-2.41026e-05 1731.96 5.29997
-3.68074e-07 1845.03 5.34041
-6.75888e-06 1852.15 5.34305
4.44794e-06 1892.28 5.35807
-2.89875e-05 1897.39 5.36001
2.77463e-07 1970.28 5.3882
7.83364e-06 1986.89 5.39477
1.34327e-05 2054.02 5.4219
-2.20558e-05 2066.78 5.42716
7.10673e-06 2122.11 5.45033
9.19817e-07 2153.31 5.46368
2.59237e-05 2220.8 5.4932
-8.66651e-06 2233.03 5.49864
1.46044e-05 2255.15 5.50857
-1.52712e-06 2279.25 5.5195
1.71916e-06 2372 5.56264
2.54893e-05 2381.85 5.56732
2.3938e-06 2385.06 5.56885
-8.84246e-06 2443.51 5.59708
-2.20227e-05 2483.4 5.61673
1.99901e-05 2484.1 5.61708
1.2036e-05 2504.92 5.62746
2.85275e-08 2592.95 5.67234
1.24439e-05 2620.81 5.68686
1.22731e-05 2718.27 5.7389
-1.89221e-06 2770.83 5.76775
1.2842e-05 2796.78 5.7822
8.90701e-07 2817.13 5.79362
-2.0282e-07 2820.96 5.79578
2.18292e-06 2834.54 5.80346
4.32586e-06 2835.44 5.80397
5.48445e-06 2853.18 5.81406
-6.00821e-07 2856.38 5.81589
-1.0348e-05 2857.74 5.81667
-6.9349e-06 2884.41 5.83198
1.03671e-05 2888.01 5.83406
1.76429e-06 2892.07 5.83641
1.38596e-05 2926.33 5.85634
5.57046e-06 2927.16 5.85683
-2.12592e-06 2928.95 5.85788
-4.98525e-05 2967.31 5.88049
-5.80033e-06 2972.97 5.88386
1.17062e-05 2978.65 5.88723
7.43354e-06 3034.06 5.92055
-1.90611e-05 3036.69 5.92215
-8.50649e-07 3077.38 5.94703
6.63022e-06 3098.68 5.96018
2.23284e-05 3100.87 5.96154
2.53133e-05 3169.52 6.00459
2.98074e-06 3172.07 6.00621
-1.26296e-06 3215.58 6.034
-2.36989e-05 3240.61 6.05016
-2.12109e-06 3244.79 6.05286
3.21953e-07 3321.48 6.10322
-5.83611e-07 3325.47 6.10587
2.50587e-05 3326.01 6.10624
2.49279e-06 3354.43 6.12522
7.65479e-07 3356.59 6.12667
-2.27858e-05 3427.72 6.17493
-1.04247e-05 3430.28 6.17669
9.34635e-06 3473.91 6.2068
-3.2301e-06 3474.76 6.2074
1.99094e-05 3561.52 6.26844
1.54682e-05 3562.03 6.26881
7.09844e-06 3593.69 6.29146
-1.52137e-05 3594.34 6.29193
-1.91043e-06 3710.63 6.37688
-2.76895e-05 3710.72 6.37694
4.20716e-06 3719.95 6.3838
-1.9161e-06 3720.69 6.38436
-5.18029e-05 3747.22 6.40416
-3.31197e-08 3810.42 6.45193
1.18164e-05 3833.78 6.46979
-2.59941e-05 3834.29 6.47018
5.39888e-06 3874.11 6.50088
-8.61446e-07 3874.72 6.50135
5.08134e-06 3921.8 6.53806
1.78841e-06 3924.08 6.53984
4.39222e-06 3926.02 6.54136
-1.68792e-06 3928.04 6.54295
-3.4937e-06 3932.88 6.54675
-3.34884e-06 3936.76 6.54981
1.07768e-06 3941.14 6.55326
-6.16612e-06 3945.1 6.55638
5.74371e-06 3951.24 6.56123
-1.72157e-05 3961.08 6.56902
2.47509e-05 3961.47 6.56932
9.28307e-06 3964.53 6.57175
-2.25169e-05 3971.69 6.57743
-1.58192e-06 3979.3 6.58348
-2.96946e-06 3980.42 6.58438
5.67402e-06 3984.01 6.58724
8.11133e-06 3984.25 6.58743
4.73632e-06 3987.25 6.58982
5.6732e-06 3992.61 6.5941
-9.45335e-06 3998.32 6.59865
1.30425e-05 4005.1 6.60409
2.97257e-06 4006.21 6.60497
5.8199e-06 4006.42 6.60514
-5.29341e-06 4007.62 6.6061
-6.0506e-06 4014.33 6.61148
8.68829e-06 4022.2 6.61781
8.3884e-06 4033.85 6.6272
8.33524e-06 4035.64 6.62864
-9.70975e-06 4044.95 6.63616
1.10123e-05 4056.73 6.64571
2.73995e-05 4060.91 6.6491
9.04234e-06 4066.41 6.65357
9.31877e-06 4069.34 6.65595
1.46701e-05 4082.06 6.66632
-2.14887e-05 4082.19 6.66643
1.93777e-05 4082.43 6.66662
-1.09536e-05 4094.93 6.67684
-1.41618e-05 4099.02 6.6802
-1.60675e-06 4099.46 6.68056
-6.98537e-07 4105.95 6.68588
1.50104e-05 4106.37 6.68623
1.19722e-05 4109.45 6.68876
-1.66775e-06 4116.3 6.69439
-1.13782e-05 4122.3 6.69933
9.10244e-06 4134.67 6.70955
-1.19859e-05 4135.37 6.71013
5.72809e-06 4139.01 6.71314
1.07312e-05 4147.32 6.72003
-3.46742e-05 4151.25 6.72329
1.47228e-05 4151.54 6.72353
-1.17611e-05 4157.97 6.72887
1.04232e-05 4167.12 6.73649
-1.44722e-06 4171.43 6.74009
-1.03176e-05 4173.23 6.74159
-8.10006e-06 4173.93 6.74217
-4.31845e-06 4178.21 6.74575
1.24494e-05 4209.75 6.7722
-1.52116e-05 4210.08 6.77248
8.22837e-05 4210.14 6.77253
-8.73339e-06 4214.77 6.77643
7.75502e-06 4248.6 6.80506
8.15605e-06 4260.11 6.81485
3.17377e-05 4260.18 6.81492
-8.27349e-06 4263.25 6.81753
-3.53653e-08 4272.29 6.82524
-9.2275e-06 4286.26 6.83721
-2.47747e-06 4310.35 6.85791
1.33382e-05 4327.19 6.87246
-1.85696e-05 4341.86 6.88517
5.44902e-06 4342.42 6.88566
3.4916e-06 4364.02 6.90447
-2.79076e-06 4376.44 6.91532
-1.40787e-05 4384.82 6.92267
-1.49382e-05 4448.44 6.97886
-2.14519e-05 4481.3 7.0082
1.51971e-06 4504.61 7.02916
1.29796e-06 4504.62 7.02916
1.97149e-06 4509.47 7.03353
-1.02458e-05 4509.64 7.03369
-1.59485e-05 4516.65 7.04001
-1.58445e-05 4519.15 7.04227
-4.35455e-06 4519.19 7.04231
-1.20556e-05 4533.14 7.05493
1.7185e-05 4533.25 7.05504
-1.93392e-05 4552.56 7.07258
-1.47457e-05 4552.6 7.07262
1.41472e-05 4574.17 7.0923
2.01325e-05 4574.27 7.09239
3.82811e-06 4579.41 7.0971
1.16055e-05 4579.53 7.09721
-1.62852e-05 4588.15 7.10511
1.56586e-06 4590.61 7.10738
-4.01514e-06 4590.81 7.10756
-2.2897e-05 4604.95 7.12056
-1.47784e-05 4605.15 7.12074
2.30304e-05 4619.65 7.13411
7.54929e-06 4637.99 7.15109
2.90384e-05 4638.11 7.15121
-8.80944e-06 4650.54 7.16275
3.31402e-06 4650.6 7.16281
-1.71475e-05 4661.65 7.1731
-1.97962e-05 4665.6 7.17679
9.34139e-06 4665.72 7.17689
-1.8998e-05 4679.85 7.1901
-7.3389e-06 4679.88 7.19013
-1.92786e-05 4708.98 7.21745
2.00115e-05 4709.18 7.21764
-1.19113e-05 4724.98 7.23255
1.54965e-05 4725.07 7.23263
1.77013e-05 4736.26 7.24321
2.3193e-05 4744.29 7.25083
-1.63502e-06 4744.63 7.25115
-2.37886e-05 4749.82 7.25608
8.85669e-06 4752.2 7.25834
1.42794e-05 4752.24 7.25838
-2.61611e-05 4780.11 7.28495
-1.86105e-05 4780.12 7.28496
6.89532e-06 4782.01 7.28676
-1.70472e-06 4782.18 7.28693
-1.17697e-05 4804.04 7.30788
-1.12362e-05 4804.18 7.30802
-2.5706e-05 4807.9 7.31159
1.912e-06 4807.92 7.31162
1.7693e-05 4811.09 7.31466
1.4466e-06 4815.13 7.31855
3.73392e-06 4815.27 7.31868
1.65287e-05 4823.97 7.32707
3.91932e-05 4824.01 7.32711
2.25257e-05 4868.55 7.37028
1.66058e-05 4885.25 7.38657
8.54491e-07 4899.07 7.40009
1.07028e-07 4899.08 7.4001
-7.44662e-05 4913.69 7.41443
2.56925e-05 4913.76 7.4145
1.52268e-05 4958.05 7.45823
-2.00358e-05 4972.15 7.47223
1.3227e-05 5028.49 7.52857
1.67491e-05 5057.27 7.5576
-1.07759e-05 5095.58 7.59649
1.31701e-05 5123.13 7.62465
-8.14764e-06 5158.09 7.66059
9.68937e-06 5170.58 7.67349
6.0778e-06 5202.93 7.70704
5.72415e-06 5214.71 7.71932
3.13145e-06 5223.95 7.72896
-8.77223e-07 5237.16 7.74278
3.90327e-07 5245.37 7.75139
-1.05766e-06 5250.54 7.75682
-1.04394e-06 5253.85 7.76029
1.1067e-06 5256.3 7.76287
-1.00636e-06 5258.33 7.765
-9.31162e-07 5260.21 7.76699
-6.89365e-07 5262.13 7.769
3.67257e-07 5263.81 7.77077
3.77006e-06 5264.18 7.77116
-3.93934e-07 5265.24 7.77228
1.15594e-07 5266.12 7.7732
2.2269e-06 5305.38 7.81471
-1.02477e-06 5337.72 7.84912
-6.71312e-08 5354.27 7.86682
4.50298e-07 5360.88 7.87391
-1.05966e-07 5374.83 7.88888
-5.93625e-05 5390.56 7.90582
2.86061e-08 5420.29 7.93795
-5.61736e-05 5589.08 8.12378
6.2748e-09 5911.42 8.49449
-2.76317e-08 5911.43 8.4945
0.000119458 5917.21 8.50134
-0.000117675 5917.21 8.50134
-6.14245e-07 6112.79 8.73662
-1.31971e-06 6118.87 8.74406
2.13168e-06 6130.95 8.75886
3.05957e-06 6151.66 8.7843
-4.03533e-06 6184.18 8.82441
4.97494e-06 6231.38 8.88301
-5.60831e-06 6294.6 8.96221
2.46981e-06 6310.71 8.98251
-1.13988e-06 6310.71 8.98251
4.94434e-06 6325.5 9.0012
-5.92341e-08 6325.5 9.0012
8.51651e-07 6347.74 9.02938
6.54127e-06 6347.74 9.02939
5.86524e-06 6372.41 9.06076
-2.80812e-06 6376.55 9.06605
7.52346e-06 6376.56 9.06605
-9.89402e-06 6413.89 9.1138
4.53811e-07 6413.89 9.1138
5.542e-06 6460.07 9.17325
2.43311e-07 6464.43 9.17888
-1.26546e-05 6464.43 9.17889
-1.55103e-05 6533.81 9.26907
4.89623e-06 6533.81 9.26907
-4.59562e-06 6550.23 9.29055
-1.97239e-05 6626.06 9.39046
-4.95118e-06 6626.06 9.39047
2.80927e-06 6633.77 9.40069
-6.77328e-07 6697.03 9.48503
1.38661e-06 6705.12 9.49587
-1.76294e-06 6721.09 9.51731
-3.0201e-06 6727.03 9.52529
2.17199e-05 6741.4 9.54465
-1.09998e-05 6741.4 9.54465
-3.56567e-06 6756.11 9.56451
1.06537e-06 6759.21 9.5687
-2.72757e-06 6792.96 9.61443
-2.25761e-06 6795.55 9.61795
-2.5567e-06 6826.85 9.66059
-3.77095e-07 6827.2 9.66107
1.39781e-06 6849.28 9.69127
-2.29509e-07 6849.67 9.69181
-1.93458e-05 6875.44 9.72717
-2.00021e-05 6875.44 9.72718
2.61158e-05 7020.17 9.92827
-1.58513e-05 7020.17 9.92828
3.22392e-05 7165.95 10.1351
3.10498e-06 7165.95 10.1351
-1.25418e-09 7269.06 10.2839
-3.30566e-05 7303.57 10.3342
-4.00184e-06 7303.57 10.3342
-4.39523e-05 7402.62 10.4799
2.85702e-05 7425.86 10.5143
1.71423e-05 7425.86 10.5143
1.80755e-05 7528.75 10.6682
-2.7049e-05 7528.75 10.6682
-5.14595e-08 7606.31 10.7856
-9.83197e-08 7608.46 10.7889
-2.28928e-06 7611.48 10.7935
-3.10636e-05 7611.48 10.7935
-1.46774e-07 7612.08 10.7944
-1.97063e-07 7617.21 10.8022
2.44516e-07 7623.92 10.8124
2.96703e-07 7632.3 10.8252
3.45075e-07 7642.44 10.8407
3.97202e-07 7654.48 10.8591
4.45779e-07 7668.55 10.8807
6.34968e-07 7675.8 10.8918
-2.93645e-05 7675.8 10.8918
-4.91378e-07 7684.8 10.9056
-5.346e-07 7703.41 10.9343
-5.78466e-07 7724.53 10.9668
-4.97056e-07 7724.66 10.967
-2.73602e-05 7724.66 10.967
-6.08897e-07 7748.31 11.0036
2.50834e-07 7761.13 11.0235
-2.51718e-05 7761.13 11.0235
6.31415e-07 7774.87 11.0449
-1.88681e-07 7787.88 11.0651
-2.26867e-05 7787.88 11.0651
-6.40682e-07 7804.26 11.0907
1.42675e-07 7806.96 11.0949
-1.95964e-05 7806.96 11.0949
-2.88053e-07 7819.82 11.115
1.52585e-05 7819.82 11.115
-7.62136e-08 7827.33 11.1267
8.76537e-06 7827.33 11.1267
-6.37199e-07 7836.42 11.141
-2.12933e-06 7849.16 11.1609
7.6665e-05 7849.17 11.1609
-6.16057e-07 7871.12 11.1955
-5.67692e-07 7907.86 11.2534
4.99504e-07 7945.78 11.3135
-4.14208e-07 7983.51 11.3736
-1.62133e-06 7990.77 11.3852
-8.02265e-07 7990.78 11.3853
-3.59863e-06 7996.11 11.3938
-1.80004e-06 7996.12 11.3938
-5.98261e-06 8007.36 11.4118
-2.92149e-06 8007.36 11.4118
3.13005e-07 8019.08 11.4306
-8.50108e-06 8026.34 11.4422
-4.15531e-06 8026.35 11.4422
2.09608e-07 8049.83 11.48
1.09366e-05 8053.9 11.4865
-5.31289e-06 8053.9 11.4865
1.09634e-07 8072.56 11.5166
1.30403e-05 8089.71 11.5443
-6.41828e-06 8089.71 11.5443
-8.7992e-09 8090.94 11.5463
1.46947e-05 8132.68 11.6141
7.3991e-06 8132.68 11.6141
1.57227e-05 8181.53 11.6937
8.37598e-06 8181.53 11.6937
3.67792e-06 8190.5 11.7084
1.59893e-05 8235.36 11.7821
9.28146e-06 8235.36 11.7821
7.33505e-06 8239.82 11.7895
1.51755e-05 8294.08 11.8792
-1.01241e-05 8294.08 11.8792
1.09556e-05 8319.2 11.9209
-1.28532e-05 8358.49 11.9864
1.07859e-05 8358.5 11.9864
-1.45315e-05 8424.84 12.0978
8.56354e-06 8430.1 12.1067
-1.10376e-05 8430.1 12.1067
1.80987e-06 8510.25 12.2424
1.02132e-05 8510.25 12.2424
3.99774e-07 8544.89 12.3015
1.80641e-05 8552.22 12.314
-8.64262e-07 8556.37 12.3211
-6.56774e-07 8565.03 12.336
-3.78886e-06 8565.03 12.336
-1.44845e-06 8575.8 12.3544
-3.75831e-06 8577.06 12.3566
-7.24815e-06 8577.06 12.3566
5.54106e-07 8592.61 12.3833
1.24213e-05 8592.61 12.3833
2.19647e-06 8603.42 12.4019
8.88968e-06 8605.55 12.4056
-7.93175e-07 8605.55 12.4056
1.02995e-05 8630.05 12.4478
-1.42532e-05 8630.05 12.4478
-3.13299e-06 8639.29 12.4637
9.3097e-06 8664.71 12.5077
1.9389e-05 8664.71 12.5077
-4.25425e-06 8683.18 12.5398
-2.15587e-05 8696.5 12.5629
3.85212e-06 8702.42 12.5732
-1.21505e-05 8702.42 12.5732
-1.80967e-05 8714.12 12.5936
1.66486e-05 8714.12 12.5936
-5.55354e-06 8734.42 12.629
-1.9671e-05 8734.88 12.6298
4.14822e-11 8740.36 12.6394
-1.86496e-05 8762.37 12.6779
-2.13564e-05 8762.37 12.6779
-6.98382e-06 8792.02 12.73
1.35051e-05 8803.66 12.7505
-6.6289e-07 8803.66 12.7505
-2.59463e-05 8823.46 12.7853
1.0999e-05 8823.46 12.7853
2.50165e-05 8852.94 12.8375
-8.50154e-06 8854.71 12.8406
-1.41184e-05 8872.4 12.872
-1.15564e-05 8872.41 12.872
6.78462e-06 8915.86 12.9493
-2.29358e-05 8915.86 12.9493
1.00376e-05 8921.03 12.9585
-6.55106e-06 8941.83 12.9956
-6.71358e-06 8941.83 12.9956
-1.15412e-05 8989.48 13.0811
1.16464e-05 8998.04 13.0965
1.86787e-05 8998.04 13.0965
2.84451e-05 9017.13 13.1309
-1.08566e-05 9031.77 13.1573
-5.7466e-06 9031.77 13.1573
-1.29423e-05 9058.57 13.2058
1.6064e-05 9073.47 13.2328
1.44378e-05 9073.47 13.2328
-7.96805e-06 9094.52 13.271
1.34329e-05 9125.48 13.3274
7.4322e-06 9125.48 13.3274
-1.41718e-05 9126.92 13.3301
-1.99331e-05 9149.55 13.3714
1.18737e-05 9149.55 13.3714
-3.18345e-05 9185.13 13.4367
-1.51618e-05 9193.27 13.4516
1.26062e-05 9210.1 13.4826
-6.29782e-06 9210.11 13.4826
-2.38186e-05 9224.78 13.5097
1.06584e-05 9224.78 13.5097
1.58434e-05 9256.51 13.5683
-6.28989e-06 9282.09 13.6157
-3.32219e-06 9282.1 13.6157
2.76414e-05 9295.97 13.6415
1.04163e-05 9295.98 13.6415
1.61484e-05 9315.66 13.6782
3.2687e-06 9338.18 13.7202
3.05401e-07 9338.18 13.7202
-3.51718e-05 9353.5 13.7488
-2.48173e-05 9357.06 13.7555
8.63435e-06 9357.06 13.7555
1.60088e-05 9369.9 13.7795
-1.50044e-05 9374.46 13.7881
4.56211e-06 9374.47 13.7881
-2.85523e-05 9411.01 13.8567
9.1803e-06 9411.01 13.8567
1.53621e-05 9418.51 13.8708
1.41551e-05 9460.87 13.9508
-3.15858e-05 9461.67 13.9523
-9.99162e-06 9461.67 13.9523
-1.43904e-06 9478.08 13.9834
1.23525e-05 9496.44 14.0182
3.84322e-05 9519.34 14.0618
2.80645e-06 9519.61 14.0623
-2.98258e-05 9520.94 14.0648
9.38871e-06 9520.94 14.0648
-9.95218e-06 9524.73 14.0721
8.10834e-07 9531.63 14.0852
7.00275e-06 9545.31 14.1113
-1.59978e-06 9549.15 14.1186
3.62165e-06 9557.83 14.1352
2.34824e-06 9577.47 14.1728
-2.57413e-05 9580.9 14.1794
-8.12555e-06 9580.9 14.1794
4.05373e-06 9585.05 14.1873
-3.03023e-06 9615.29 14.2454
2.13168e-05 9637.2 14.2876
-6.78459e-06 9637.2 14.2876
-3.62703e-06 9660.88 14.3333
5.16823e-06 9670.01 14.3509
-4.15838e-05 9680.22 14.3707
-1.71074e-05 9687.31 14.3844
5.50602e-06 9687.31 14.3844
4.09811e-06 9711.88 14.4321
2.43386e-11 9727.84 14.4631
-1.31974e-05 9729.49 14.4663
-4.30711e-06 9729.49 14.4663
-3.16678e-06 9762.68 14.531
-9.5707e-06 9762.68 14.531
4.22775e-06 9764.29 14.5341
6.15059e-06 9770.05 14.5454
8.15494e-07 9779.34 14.5636
7.35866e-07 9779.59 14.564
-2.067e-06 9786.35 14.5773
-6.20081e-06 9786.35 14.5773
-1.0231e-06 9800.44 14.6049
-3.03636e-06 9800.44 14.6049
-2.10439e-06 9803.85 14.6116
1.08114e-06 9810.98 14.6255
3.30912e-06 9819.92 14.6431
-4.45857e-05 9834.15 14.6711
-1.8228e-06 9837.14 14.6769
3.02695e-06 9852.82 14.7078
-7.01178e-06 9881.12 14.7636
-4.94089e-06 9889.4 14.78
-0.000227281 9917.42 14.8355
5.13011e-06 9936.68 14.8738
4.73979e-05 9979.51 14.9591
4.92316e-06 9986.92 14.9739
-7.76231e-06 9999.67 14.9994
-4.61057e-06 10044 15.0882
1.59073e-06 10068.3 15.137
-3.32759e-07 10073.7 15.148
-5.2699e-06 10103.7 15.2085
4.99692e-05 10115 15.2314
8.41007e-06 10122.7 15.2469
-6.81634e-07 10125.5 15.2526
-1.55379e-10 10134.1 15.27
-1.04373e-11 10134.1 15.27
-2.00549e-06 10136.8 15.2754
5.17888e-06 10160.8 15.3242
-1.34477e-06 10197.2 15.3983
-0.000245993 10200.2 15.4044
-3.471e-05 10200.2 15.4044
3.92212e-06 10203.1 15.4103
-4.05839e-06 10223 15.4509
-5.2258e-05 10239.7 15.4851
8.96054e-06 10247.7 15.5015
4.13285e-06 10260.4 15.5276
-2.51271e-06 10267.4 15.5419
3.09757e-06 10280.8 15.5696
-8.28227e-06 10302.5 15.6142
-2.17581e-05 10302.5 15.6142
-3.00842e-06 10312 15.6338
-2.37712e-06 10319.3 15.6488
-3.75275e-06 10326.9 15.6646
-5.42172e-05 10352.7 15.7178
2.73107e-06 10363.1 15.7393
-9.41658e-06 10372.4 15.7586
-4.70132e-06 10375.9 15.766
5.19216e-06 10412.6 15.8422
-1.79177e-06 10427.8 15.8739
-5.46577e-06 10450.8 15.9219
-5.57923e-05 10453.4 15.9274
3.09391e-06 10476.7 15.9761
3.73091e-06 10486.9 15.9975
9.78046e-06 10494.9 16.0143
4.09304e-06 10502.5 16.0303
-3.29947e-06 10519.1 16.0651
6.08784e-09 10525.8 16.0793
2.65094e-06 10530.5 16.0891
-2.69367e-06 10532.5 16.0934
-5.68997e-05 10541.4 16.1121
-9.81668e-07 10542.8 16.1151
-1.19209e-06 10558.1 16.1475
-1.0054e-05 10613.8 16.2652
5.7369e-05 10616.2 16.2703
-5.67647e-05 10677.5 16.4009
-3.69124e-05 10723.7 16.4998
5.36804e-05 10724.8 16.5022
1.02376e-05 10727.6 16.5081
-4.21171e-05 10757.1 16.5716
0.000150344 10792.9 16.6488
-6.36208e-07 10811.3 16.6885
1.03384e-05 10835.3 16.7403
-1.03544e-05 10935.9 16.9594
1.02873e-05 11028.7 17.1631
1.01333e-05 11112.9 17.3498
9.87992e-06 11188.2 17.5176
-9.4979e-06 11254.1 17.6654
-8.9272e-06 11310 17.7917
8.04924e-06 11355.8 17.8955
6.63664e-06 11391 17.9755
4.26015e-06 11414.8 18.0298
-3.48651e-07 11434.8 18.0755
3.61468e-05 11492.5 18.2078
-8.80466e-07 12032.6 19.4784
8.36498e-08 12032.6 19.4784
-2.08596e-06 12034.7 19.4835
1.90942e-07 12034.7 19.4835
3.74752e-06 12039.6 19.4952
3.26713e-07 12039.6 19.4952
5.85624e-06 12048.8 19.5174
-4.8226e-07 12048.8 19.5175
-8.33609e-06 12064.2 19.5544
6.43571e-07 12064.2 19.5544
-1.10736e-05 12087.1 19.6097
-7.94848e-07 12087.1 19.6097
-1.39398e-05 12118.7 19.6864
-9.2116e-07 12118.7 19.6864
1.68089e-05 12159.8 19.786
-1.01032e-06 12159.8 19.7861
-1.95715e-05 12210.4 19.9094
1.05416e-06 12210.4 19.9094
-2.21391e-05 12270.3 20.056
1.04876e-06 12270.3 20.056
2.44428e-05 12338.7 20.2243
9.94293e-07 12338.7 20.2243
-2.64268e-05 12414.5 20.412
-8.94385e-07 12414.5 20.412
3.34672e-13 12463.3 20.5335
2.80413e-05 12496.3 20.6157
7.55603e-07 12496.3 20.6157
2.92349e-05 12582.4 20.8317
5.86967e-07 12582.4 20.8317
2.99487e-05 12670.9 21.0553
-3.99458e-07 12670.9 21.0553
-3.011e-05 12759.8 21.2812
2.05842e-07 12759.8 21.2812
-2.96278e-05 12846.7 21.5038
2.02798e-08 12846.7 21.5038
-2.83902e-05 12929.3 21.7166
1.42042e-07 12929.3 21.7166
1.52135e-05 12969.9 21.8218
2.62654e-05 13005 21.9131
-2.65528e-07 13005 21.9131
2.31153e-05 13071.5 22.0865
-3.35562e-07 13071.5 22.0865
-1.88311e-05 13126.4 22.2303
-3.41001e-07 13126.4 22.2304
-1.33991e-05 13167.5 22.3384
-2.78361e-07 13167.5 22.3384
-6.98801e-06 13193 22.4055
-1.56656e-07 13193 22.4055
0.000241041 13658.7 23.6561
1.25338e-05 13658.7 23.6561
1.74376e-12 13682.3 23.7206
8.0994e-13 13682.3 23.7206
