-7.69516e-06 31.8414 5.0001
-2.97742e-05 60.7428 5.00037
-2.11816e-05 64.108 5.00041
-1.8218e-05 80.3321 5.00065
7.49508e-06 103.852 5.00108
2.24373e-05 116.093 5.00135
9.87271e-06 125.478 5.00158
-1.05558e-05 146.353 5.00214
-1.86533e-05 156.524 5.00245
7.47718e-06 179.183 5.00321
2.62848e-06 214.588 5.00461
-2.69646e-06 245.699 5.00604
-7.28834e-06 250.745 5.00629
-3.12985e-06 266.081 5.00708
-2.38719e-06 285.714 5.00816
9.95265e-06 333.572 5.01113
-3.92926e-06 347.985 5.01211
2.23247e-05 364.486 5.01329
-6.35602e-06 380.008 5.01444
2.02021e-05 445.777 5.01987
2.70248e-05 449.711 5.02022
-7.89456e-06 484.091 5.02344
-1.187e-05 498.428 5.02484
-1.70275e-05 529.528 5.02804
-2.47053e-05 543.448 5.02953
8.74315e-06 615.213 5.03785
-1.9562e-05 631.873 5.03993
1.6173e-05 639.452 5.04089
-9.60982e-06 641.13 5.04111
1.43202e-06 720.839 5.05196
2.65705e-07 747.822 5.05592
-5.4615e-06 757.605 5.0574
-1.33669e-05 766.095 5.05869
-1.01188e-05 831.438 5.06913
-1.26888e-06 868.374 5.07541
-4.14196e-07 893.297 5.0798
9.96597e-07 896.553 5.08038
1.83479e-05 967.931 5.09369
-8.52232e-06 995.761 5.09915
1.3632e-05 1020.78 5.1042
-8.03912e-06 1027.03 5.10548
2.11868e-06 1095.42 5.11999
2.07245e-05 1118.32 5.12506
-1.37544e-05 1145.14 5.13114
-1.9728e-05 1161.61 5.13493
-2.1342e-05 1243.08 5.15452
2.33746e-06 1257.88 5.15823
-1.17446e-05 1273.98 5.1623
-2.52447e-05 1298.29 5.16856
-5.57631e-06 1324.09 5.17532
9.53112e-06 1415.92 5.20048
6.76086e-06 1420.06 5.20166
-1.90212e-05 1434.86 5.20588
2.19188e-06 1518.5 5.23058
-2.61129e-06 1570.54 5.24666
-1.98568e-06 1571.97 5.24711
-4.91765e-06 1572.74 5.24735
1.15031e-05 1711.24 5.29283
3.4061e-06 1712.68 5.29333
-8.32512e-06 1720.18 5.2959
1.27743e-05 1731.96 5.29997
1.83922e-05 1845.03 5.34041
2.01092e-05 1852.15 5.34305
-8.60879e-06 1892.28 5.35807
1.87287e-05 1897.39 5.36001
1.62286e-05 1970.28 5.3882
-2.68306e-05 1986.89 5.39477
-1.63641e-05 2054.02 5.4219
1.29839e-05 2066.78 5.42716
-2.83509e-05 2122.11 5.45033
-2.89897e-06 2153.31 5.46368
-7.19964e-06 2220.8 5.4932
5.21051e-06 2233.03 5.49864
-1.36834e-05 2255.15 5.50857
5.70396e-07 2279.25 5.5195
3.10213e-06 2372 5.56264
2.21482e-06 2381.85 5.56732
8.62636e-06 2385.06 5.56885
-3.51864e-06 2443.51 5.59708
-1.63203e-05 2483.4 5.61673
1.50285e-06 2484.1 5.61708
2.71047e-05 2504.92 5.62746
7.21019e-06 2592.95 5.67234
4.15153e-05 2620.81 5.68686
4.23119e-05 2718.27 5.7389
-4.10562e-06 2770.83 5.76775
3.34878e-05 2796.78 5.7822
2.55881e-06 2817.13 5.79362
9.15817e-07 2820.96 5.79578
2.56575e-07 2834.54 5.80346
-2.6456e-07 2835.44 5.80397
-1.72045e-06 2853.18 5.81406
5.42033e-06 2856.38 5.81589
-1.70957e-05 2857.74 5.81667
-2.28718e-07 2884.41 5.83198
1.94459e-07 2888.01 5.83406
2.85698e-06 2892.07 5.83641
2.83501e-06 2926.33 5.85634
7.51159e-08 2927.16 5.85683
1.46709e-06 2928.95 5.85788
2.89497e-05 2967.31 5.88049
-6.27132e-06 2972.97 5.88386
2.83109e-06 2978.65 5.88723
3.41401e-06 3034.06 5.92055
-1.02536e-06 3036.69 5.92215
-5.65895e-07 3077.38 5.94703
3.20269e-06 3098.68 5.96018
-1.01179e-07 3100.87 5.96154
-5.52273e-07 3169.52 6.00459
-4.13254e-06 3172.07 6.00621
1.40746e-07 3215.58 6.034
3.82465e-06 3240.61 6.05016
5.04076e-06 3244.79 6.05286
-1.86929e-06 3321.48 6.10322
3.74221e-06 3325.47 6.10587
-3.95781e-06 3326.01 6.10624
-7.36073e-06 3354.43 6.12522
-1.69256e-06 3356.59 6.12667
1.89303e-06 3427.72 6.17493
7.39399e-07 3430.28 6.17669
-3.47186e-06 3473.91 6.2068
7.24175e-06 3474.76 6.2074
-4.83599e-06 3561.52 6.26844
6.5617e-06 3562.03 6.26881
-4.81385e-06 3593.69 6.29146
4.39657e-07 3594.34 6.29193
6.06977e-06 3710.63 6.37688
-7.86821e-07 3710.72 6.37694
-1.01491e-05 3719.95 6.3838
-9.26427e-06 3720.69 6.38436
-5.09065e-07 3747.22 6.40416
2.66772e-07 3810.42 6.45193
6.99199e-06 3833.78 6.46979
1.03877e-06 3834.29 6.47018
-1.38971e-05 3874.11 6.50088
5.45434e-06 3874.72 6.50135
1.89535e-05 3921.8 6.53806
5.86381e-06 3924.08 6.53984
1.10832e-05 3926.02 6.54136
-1.02886e-05 3928.04 6.54295
1.76017e-06 3932.88 6.54675
-1.20247e-05 3936.76 6.54981
-1.26682e-05 3941.14 6.55326
-4.48951e-06 3945.1 6.55638
-2.31135e-06 3951.24 6.56123
-1.29988e-05 3961.08 6.56902
-3.4816e-06 3961.47 6.56932
-1.32727e-05 3964.53 6.57175
1.6338e-05 3971.69 6.57743
-6.65251e-06 3979.3 6.58348
-1.99188e-05 3980.42 6.58438
2.00223e-05 3984.01 6.58724
-2.60671e-05 3984.25 6.58743
2.70803e-05 3987.25 6.58982
2.63659e-05 3992.61 6.5941
-2.61449e-05 3998.32 6.59865
-1.08427e-05 4005.1 6.60409
-4.55965e-06 4006.21 6.60497
1.74099e-05 4006.42 6.60514
2.55398e-05 4007.62 6.6061
-4.83475e-06 4014.33 6.61148
-1.09822e-05 4022.2 6.61781
-2.01477e-05 4033.85 6.6272
-1.85698e-05 4035.64 6.62864
2.53532e-05 4044.95 6.63616
-2.35006e-05 4056.73 6.64571
7.06091e-07 4060.91 6.6491
-6.20148e-06 4066.41 6.65357
-1.60314e-05 4069.34 6.65595
-1.32278e-06 4082.06 6.66632
-1.09185e-05 4082.19 6.66643
-7.09348e-06 4082.43 6.66662
-3.19718e-06 4094.93 6.67684
-9.77323e-06 4099.02 6.6802
8.14424e-06 4099.46 6.68056
-2.04452e-06 4105.95 6.68588
-1.05917e-06 4106.37 6.68623
1.30224e-05 4109.45 6.68876
3.47748e-06 4116.3 6.69439
-1.50763e-05 4122.3 6.69933
2.94446e-05 4134.67 6.70955
-1.18389e-05 4135.37 6.71013
1.60696e-06 4139.01 6.71314
9.27422e-06 4147.32 6.72003
-3.66539e-06 4151.25 6.72329
8.96549e-06 4151.54 6.72353
-2.91162e-06 4157.97 6.72887
-1.60792e-06 4167.12 6.73649
-2.77605e-05 4171.43 6.74009
-2.16421e-05 4173.23 6.74159
2.94962e-06 4173.93 6.74217
2.64594e-06 4178.21 6.74575
2.1712e-05 4209.75 6.7722
-2.00583e-05 4210.08 6.77248
-6.69294e-06 4210.14 6.77253
-5.60793e-06 4214.77 6.77643
1.49568e-05 4248.6 6.80506
7.42886e-06 4260.11 6.81485
-2.78575e-06 4260.18 6.81492
-9.89744e-06 4263.25 6.81753
3.76751e-08 4272.29 6.82524
4.60358e-06 4286.26 6.83721
-2.89299e-05 4310.35 6.85791
-8.19732e-06 4327.19 6.87246
-5.66366e-06 4341.86 6.88517
-4.27535e-05 4342.42 6.88566
-4.13476e-05 4364.02 6.90447
-2.29058e-05 4376.44 6.91532
9.46941e-06 4384.82 6.92267
-4.58992e-06 4448.44 6.97886
2.69691e-06 4481.3 7.0082
-5.55024e-06 4504.61 7.02916
3.0686e-06 4504.62 7.02916
-2.59786e-05 4509.47 7.03353
4.7602e-06 4509.64 7.03369
-7.09967e-06 4516.65 7.04001
1.85482e-05 4519.15 7.04227
-2.10843e-05 4519.19 7.04231
-3.6923e-06 4533.14 7.05493
-1.64491e-05 4533.25 7.05504
1.48498e-06 4552.56 7.07258
1.0772e-05 4552.6 7.07262
-1.18641e-05 4574.17 7.0923
1.44658e-05 4574.27 7.09239
1.15387e-05 4579.41 7.0971
4.16519e-06 4579.53 7.09721
-3.61698e-06 4588.15 7.10511
2.29159e-05 4590.61 7.10738
2.46109e-06 4590.81 7.10756
7.32387e-06 4604.95 7.12056
-2.79475e-05 4605.15 7.12074
-5.44486e-06 4619.65 7.13411
-1.6884e-05 4637.99 7.15109
2.66203e-05 4638.11 7.15121
-1.70639e-06 4650.54 7.16275
1.79635e-05 4650.6 7.16281
1.70284e-06 4661.65 7.1731
-3.08047e-05 4665.6 7.17679
2.05519e-05 4665.72 7.17689
-1.25731e-05 4679.85 7.1901
1.58211e-05 4679.88 7.19013
-1.5075e-05 4708.98 7.21745
3.23616e-05 4709.18 7.21764
1.47682e-05 4724.98 7.23255
1.52665e-05 4725.07 7.23263
-7.8207e-06 4736.26 7.24321
3.23409e-05 4744.29 7.25083
-2.58041e-05 4744.63 7.25115
5.49776e-06 4749.82 7.25608
-1.25569e-06 4752.2 7.25834
-5.22677e-06 4752.24 7.25838
-1.32264e-05 4780.11 7.28495
1.22356e-05 4780.12 7.28496
1.28041e-05 4782.01 7.28676
-3.2054e-05 4782.18 7.28693
1.91713e-05 4804.04 7.30788
1.33741e-05 4804.18 7.30802
1.92499e-06 4807.9 7.31159
-1.76466e-05 4807.92 7.31162
-1.24279e-05 4811.09 7.31466
-1.16152e-05 4815.13 7.31855
1.09289e-05 4815.27 7.31868
-1.94695e-05 4823.97 7.32707
-3.85249e-05 4824.01 7.32711
-2.31207e-06 4868.55 7.37028
-1.17437e-05 4885.25 7.38657
-5.273e-08 4899.07 7.40009
-9.35582e-08 4899.08 7.4001
1.52202e-05 4913.69 7.41443
5.79016e-06 4913.76 7.4145
-5.24009e-06 4958.05 7.45823
-4.89228e-06 4972.15 7.47223
4.69974e-06 5028.49 7.52857
1.26772e-05 5057.27 7.5576
-1.34455e-05 5095.58 7.59649
1.6918e-05 5123.13 7.62465
-1.66772e-05 5158.09 7.66059
1.47838e-05 5170.58 7.67349
5.53142e-06 5202.93 7.70704
1.26022e-05 5214.71 7.71932
-8.33637e-06 5223.95 7.72896
2.12444e-05 5237.16 7.74278
2.76401e-05 5245.37 7.75139
-2.50644e-05 5250.54 7.75682
-1.65723e-05 5253.85 7.76029
4.81944e-06 5256.3 7.76287
8.54903e-06 5258.33 7.765
2.07095e-05 5260.21 7.76699
3.01887e-05 5262.13 7.769
-3.43604e-05 5263.81 7.77077
1.00705e-06 5264.18 7.77116
2.87849e-05 5265.24 7.77228
-1.7477e-05 5266.12 7.7732
-9.29194e-06 5305.38 7.81471
1.79713e-05 5337.72 7.84912
6.04142e-09 5354.27 7.86682
-1.95771e-05 5360.88 7.87391
1.27888e-05 5374.83 7.88888
3.67289e-06 5390.56 7.90582
6.21331e-09 5420.29 7.93795
-2.81022e-07 5589.08 8.12378
1.44861e-09 5911.42 8.49449
2.74652e-09 5911.43 8.4945
-5.21683e-07 5917.21 8.50134
2.46312e-06 5917.21 8.50134
-2.32527e-06 6112.79 8.73662
-3.06322e-06 6118.87 8.74406
1.19716e-06 6130.95 8.75886
-2.97724e-06 6151.66 8.7843
7.85799e-06 6184.18 8.82441
-1.11129e-05 6231.38 8.88301
1.09081e-05 6294.6 8.96221
2.25878e-05 6310.71 8.98251
1.78512e-05 6310.71 8.98251
2.11537e-05 6325.5 9.0012
-4.678e-05 6325.5 9.0012
6.12748e-05 6347.74 9.02938
1.54932e-05 6347.74 9.02939
-7.09968e-06 6372.41 9.06076
4.99105e-05 6376.55 9.06605
3.76066e-05 6376.56 9.06605
-6.91167e-06 6413.89 9.1138
4.8695e-05 6413.89 9.1138
-1.2055e-06 6460.07 9.17325
-2.51963e-05 6464.43 9.17888
-3.87298e-06 6464.43 9.17889
-4.1521e-06 6533.81 9.26907
-1.20007e-06 6533.81 9.26907
-4.47861e-06 6550.23 9.29055
-1.26656e-05 6626.06 9.39046
2.23309e-05 6626.06 9.39047
7.68247e-06 6633.77 9.40069
5.62212e-06 6697.03 9.48503
-2.35271e-07 6705.12 9.49587
-2.82549e-06 6721.09 9.51731
-8.94783e-07 6727.03 9.52529
2.23973e-05 6741.4 9.54465
2.77881e-05 6741.4 9.54465
-5.67823e-06 6756.11 9.56451
-7.69289e-07 6759.21 9.5687
-7.7271e-06 6792.96 9.61443
-2.95471e-06 6795.55 9.61795
-6.34505e-06 6826.85 9.66059
-3.85127e-06 6827.2 9.66107
3.61443e-06 6849.28 9.69127
-2.50718e-06 6849.67 9.69181
-2.40136e-05 6875.44 9.72717
2.16855e-05 6875.44 9.72718
-2.08898e-05 7020.17 9.92827
-1.22076e-05 7020.17 9.92828
-2.43792e-05 7165.95 10.1351
-9.70776e-06 7165.95 10.1351
-9.04731e-11 7269.06 10.2839
3.29726e-05 7303.57 10.3342
-1.00286e-06 7303.57 10.3342
1.11046e-07 7402.62 10.4799
-1.78153e-05 7425.86 10.5143
-2.57436e-05 7425.86 10.5143
-2.00685e-05 7528.75 10.6682
1.81021e-06 7528.75 10.6682
-3.61849e-07 7606.31 10.7856
-4.5012e-07 7608.46 10.7889
-1.46735e-05 7611.48 10.7935
-9.15149e-06 7611.48 10.7935
-1.06032e-07 7612.08 10.7944
6.49428e-07 7617.21 10.8022
-1.5964e-06 7623.92 10.8124
-2.38321e-06 7632.3 10.8252
-2.64385e-06 7642.44 10.8407
-2.12808e-06 7654.48 10.8591
-8.21718e-07 7668.55 10.8807
1.01591e-05 7675.8 10.8918
-3.26599e-05 7675.8 10.8918
-1.01405e-06 7684.8 10.9056
-2.88814e-06 7703.41 10.9343
-4.21893e-06 7724.53 10.9668
3.23792e-06 7724.66 10.967
-4.90902e-05 7724.66 10.967
-4.49575e-06 7748.31 11.0036
1.82255e-07 7761.13 11.0235
-5.52038e-05 7761.13 11.0235
3.52568e-06 7774.87 11.0449
-3.54193e-06 7787.88 11.0651
-5.12772e-05 7787.88 11.0651
-1.49391e-06 7804.26 11.0907
-3.66906e-06 7806.96 11.0949
-3.99898e-05 7806.96 11.0949
2.82839e-06 7819.82 11.115
2.54142e-05 7819.82 11.115
-1.91164e-06 7827.33 11.1267
1.15077e-05 7827.33 11.1267
1.02668e-06 7836.42 11.141
3.34405e-06 7849.16 11.1609
-4.22502e-05 7849.17 11.1609
3.24072e-06 7871.12 11.1955
4.41563e-06 7907.86 11.2534
-4.1825e-06 7945.78 11.3135
2.73167e-06 7983.51 11.3736
7.11711e-06 7990.77 11.3852
1.33665e-05 7990.78 11.3853
9.85467e-06 7996.11 11.3938
2.36017e-05 7996.12 11.3938
5.75584e-06 8007.36 11.4118
2.73131e-05 8007.36 11.4118
-7.78129e-07 8019.08 11.4306
-5.55848e-06 8026.34 11.4422
2.37836e-05 8026.35 11.4422
7.38004e-07 8049.83 11.48
2.00131e-05 8053.9 11.4865
1.54896e-05 8053.9 11.4865
1.0978e-06 8072.56 11.5166
3.20284e-05 8089.71 11.5443
6.37452e-06 8089.71 11.5443
-1.52278e-07 8090.94 11.5463
3.61042e-05 8132.68 11.6141
2.49617e-07 8132.68 11.6141
2.94033e-05 8181.53 11.6937
3.43903e-06 8181.53 11.6937
-2.62048e-05 8190.5 11.7084
1.29632e-05 8235.36 11.7821
3.58364e-06 8235.36 11.7821
-4.30824e-05 8239.82 11.7895
-8.1182e-06 8294.08 11.8792
-2.13782e-06 8294.08 11.8792
-4.47315e-05 8319.2 11.9209
2.57478e-05 8358.49 11.9864
2.52752e-07 8358.5 11.9864
3.07112e-05 8424.84 12.0978
-3.15734e-05 8430.1 12.1067
1.67934e-06 8430.1 12.1067
-1.98665e-05 8510.25 12.2424
-3.38333e-06 8510.25 12.2424
-2.22475e-05 8544.89 12.3015
-5.99198e-06 8552.22 12.314
3.83126e-05 8556.37 12.3211
1.69773e-06 8565.03 12.336
2.11241e-05 8565.03 12.336
4.34876e-05 8575.8 12.3544
3.5817e-06 8577.06 12.3566
4.39744e-05 8577.06 12.3566
-2.61359e-06 8592.61 12.3833
-4.04103e-05 8592.61 12.3833
-3.58852e-05 8603.42 12.4019
-6.35866e-06 8605.55 12.4056
3.48564e-05 8605.55 12.4056
1.65132e-06 8630.05 12.4478
5.95618e-05 8630.05 12.4478
1.72654e-05 8639.29 12.4637
9.69121e-06 8664.71 12.5077
-3.39116e-05 8664.71 12.5077
-7.16088e-06 8683.18 12.5398
-2.09975e-05 8696.5 12.5629
-8.09601e-06 8702.42 12.5732
-1.64644e-05 8702.42 12.5732
-8.75386e-06 8714.12 12.5936
-1.59104e-05 8714.12 12.5936
-3.01683e-05 8734.42 12.629
7.26611e-07 8734.88 12.6298
4.59051e-11 8740.36 12.6394
-8.88794e-06 8762.37 12.6779
-2.47364e-05 8762.37 12.6779
-4.47255e-05 8792.02 12.73
2.15418e-05 8803.66 12.7505
1.34827e-06 8803.66 12.7505
1.76132e-10 8823.46 12.7853
3.73829e-05 8823.46 12.7853
4.13248e-05 8852.94 12.8375
-4.63069e-05 8854.71 12.8406
6.64022e-06 8872.4 12.872
-2.80188e-05 8872.41 12.872
-1.69062e-05 8915.86 12.9493
4.70472e-06 8915.86 12.9493
3.42989e-05 8921.03 12.9585
8.67613e-06 8941.83 12.9956
1.34152e-06 8941.83 12.9956
-1.22069e-05 8989.48 13.0811
1.1928e-05 8998.04 13.0965
-5.75766e-06 8998.04 13.0965
4.85156e-05 9017.13 13.1309
1.61612e-05 9031.77 13.1573
-5.06926e-06 9031.77 13.1573
1.35702e-05 9058.57 13.2058
2.81138e-05 9073.47 13.2328
-1.68855e-06 9073.47 13.2328
1.19991e-07 9094.52 13.271
-1.45105e-05 9125.48 13.3274
3.73032e-06 9125.48 13.3274
3.57147e-05 9126.92 13.3301
-2.83268e-05 9149.55 13.3714
1.92902e-06 9149.55 13.3714
-4.04229e-05 9185.13 13.4367
4.81548e-05 9193.27 13.4516
-1.30029e-05 9210.1 13.4826
-2.3309e-06 9210.11 13.4826
-1.68445e-05 9224.78 13.5097
3.55427e-06 9224.78 13.5097
-4.77143e-05 9256.51 13.5683
1.01844e-05 9282.09 13.6157
-4.14503e-07 9282.1 13.6157
1.95515e-07 9295.97 13.6415
3.19523e-06 9295.98 13.6415
-3.48053e-05 9315.66 13.6782
2.49564e-06 9338.18 13.7202
8.10259e-07 9338.18 13.7202
-1.97714e-05 9353.5 13.7488
9.74555e-06 9357.06 13.7555
1.51608e-06 9357.06 13.7555
-1.30708e-05 9369.9 13.7795
6.49408e-06 9374.46 13.7881
1.13748e-06 9374.47 13.7881
1.5958e-05 9411.01 13.8567
8.42416e-07 9411.01 13.8567
1.18026e-05 9418.51 13.8708
3.36712e-05 9460.87 13.9508
1.75515e-05 9461.67 13.9523
-1.27384e-07 9461.67 13.9523
-1.67059e-08 9478.08 13.9834
4.74415e-05 9496.44 14.0182
-6.9182e-06 9519.34 14.0618
-5.14055e-07 9519.61 14.0623
1.13071e-05 9520.94 14.0648
-1.15033e-07 9520.94 14.0648
-5.0139e-05 9524.73 14.0721
3.69181e-08 9531.63 14.0852
4.13824e-05 9545.31 14.1113
3.02108e-07 9549.15 14.1186
2.32993e-05 9557.83 14.1352
-1.03776e-06 9577.47 14.1728
1.80524e-06 9580.9 14.1794
-1.87473e-07 9580.9 14.1794
-1.58483e-06 9585.05 14.1873
1.7199e-06 9615.29 14.2454
5.9299e-06 9637.2 14.2876
-4.7184e-07 9637.2 14.2876
1.66529e-06 9660.88 14.3333
-2.49321e-06 9670.01 14.3509
3.14617e-05 9680.22 14.3707
-9.98316e-06 9687.31 14.3844
4.10026e-07 9687.31 14.3844
-4.31064e-07 9711.88 14.4321
1.32373e-10 9727.84 14.4631
-1.0579e-05 9729.49 14.4663
-6.73407e-08 9729.49 14.4663
2.9916e-07 9762.68 14.531
-8.87716e-06 9762.68 14.531
1.63116e-06 9764.29 14.5341
-2.22277e-06 9770.05 14.5454
-1.0564e-06 9779.34 14.5636
9.82717e-07 9779.59 14.564
4.61889e-07 9786.35 14.5773
-6.09449e-06 9786.35 14.5773
3.24269e-07 9800.44 14.6049
-3.03634e-06 9800.44 14.6049
-1.92379e-06 9803.85 14.6116
-1.91646e-06 9810.98 14.6255
2.95698e-06 9819.92 14.6431
4.65538e-05 9834.15 14.6711
-1.81064e-06 9837.14 14.6769
7.46181e-08 9852.82 14.7078
1.26306e-07 9881.12 14.7636
-3.65876e-06 9889.4 14.78
1.4476e-06 9917.42 14.8355
5.48629e-06 9936.68 14.8738
-4.79216e-05 9979.51 14.9591
6.98365e-06 9986.92 14.9739
-3.51025e-06 9999.67 14.9994
-7.18878e-06 10044 15.0882
3.2167e-06 10068.3 15.137
-4.43461e-06 10073.7 15.148
-5.87722e-06 10103.7 15.2085
-3.5466e-05 10115 15.2314
7.36824e-06 10122.7 15.2469
9.88476e-07 10125.5 15.2526
7.50425e-13 10134.1 15.27
-1.89156e-12 10134.1 15.27
3.64535e-06 10136.8 15.2754
1.68807e-06 10160.8 15.3242
3.03091e-06 10197.2 15.3983
-4.46177e-07 10200.2 15.4044
2.81054e-07 10200.2 15.4044
-5.49542e-06 10203.1 15.4103
3.10552e-06 10223 15.4509
1.30918e-05 10239.7 15.4851
9.56439e-06 10247.7 15.5015
-9.42856e-06 10260.4 15.5276
3.40203e-06 10267.4 15.5419
-6.87145e-06 10280.8 15.5696
6.5934e-07 10302.5 15.6142
3.4896e-07 10302.5 15.6142
7.42306e-06 10312 15.6338
7.0105e-06 10319.3 15.6488
9.09942e-06 10326.9 15.6646
-1.26486e-05 10352.7 15.7178
-4.62155e-06 10363.1 15.7393
-8.51325e-06 10372.4 15.7586
1.40719e-05 10375.9 15.766
-8.97973e-06 10412.6 15.8422
9.04225e-06 10427.8 15.8739
4.87697e-06 10450.8 15.9219
-3.46138e-05 10453.4 15.9274
7.69633e-06 10476.7 15.9761
-3.6051e-06 10486.9 15.9975
3.7646e-06 10494.9 16.0143
1.22473e-05 10502.5 16.0303
-1.7187e-05 10519.1 16.0651
1.1859e-05 10525.8 16.0793
8.83642e-06 10530.5 16.0891
-1.68198e-05 10532.5 16.0934
-4.71766e-05 10541.4 16.1121
-1.91159e-06 10542.8 16.1151
-1.52327e-06 10558.1 16.1475
3.58648e-06 10613.8 16.2652
4.7758e-05 10616.2 16.2703
-3.74291e-05 10677.5 16.4009
-2.02697e-07 10723.7 16.4998
2.06097e-05 10724.8 16.5022
-1.116e-05 10727.6 16.5081
-4.65417e-06 10757.1 16.5716
-4.29237e-05 10792.9 16.6488
3.37882e-07 10811.3 16.6885
-1.6149e-05 10835.3 16.7403
1.64204e-05 10935.9 16.9594
-1.13889e-05 11028.7 17.1631
-2.29284e-06 11112.9 17.3498
8.23819e-06 11188.2 17.5176
-1.71373e-05 11254.1 17.6654
-2.19874e-05 11310 17.7917
2.18137e-05 11355.8 17.8955
1.7255e-05 11391 17.9755
9.88473e-06 11414.8 18.0298
-6.70883e-07 11434.8 18.0755
-1.06512e-05 11492.5 18.2078
8.86305e-06 12032.6 19.4784
-7.62591e-07 12032.6 19.4784
1.73883e-05 12034.7 19.4835
-1.1211e-06 12034.7 19.4835
-2.34495e-05 12039.6 19.4952
-6.68684e-07 12039.6 19.4952
-2.43368e-05 12048.8 19.5174
-7.49252e-07 12048.8 19.5175
1.86162e-05 12064.2 19.5544
2.78276e-06 12064.2 19.5544
7.07262e-06 12087.1 19.6097
-4.61319e-06 12087.1 19.6097
-7.24582e-06 12118.7 19.6864
-5.26596e-06 12118.7 19.6864
1.99123e-05 12159.8 19.786
-4.07487e-06 12159.8 19.7861
-2.66555e-05 12210.4 19.9094
1.07618e-06 12210.4 19.9094
-2.49529e-05 12270.3 20.056
-2.88382e-06 12270.3 20.056
1.50407e-05 12338.7 20.2243
-6.41785e-06 12338.7 20.2243
7.41011e-08 12414.5 20.412
8.14893e-06 12414.5 20.412
-1.63756e-13 12463.3 20.5335
-1.56065e-05 12496.3 20.6157
-7.3029e-06 12496.3 20.6157
-2.66145e-05 12582.4 20.8317
-4.06774e-06 12582.4 20.8317
-2.96439e-05 12670.9 21.0553
-4.55572e-07 12670.9 21.0553
2.38078e-05 12759.8 21.2812
4.69937e-06 12759.8 21.2812
1.09533e-05 12846.7 21.5038
7.27514e-06 12846.7 21.5038
-5.0777e-06 12929.3 21.7166
-7.52666e-06 12929.3 21.7166
-2.59658e-08 12969.9 21.8218
1.97574e-05 13005 21.9131
5.74352e-06 13005 21.9131
2.92475e-05 13071.5 22.0865
2.9529e-06 13071.5 22.0865
-3.13765e-05 13126.4 22.2303
4.08778e-07 13126.4 22.2304
-2.59744e-05 13167.5 22.3384
-9.67601e-07 13167.5 22.3384
-1.46101e-05 13193 22.4055
-9.43628e-07 13193 22.4055
-2.34196e-06 13658.7 23.6561
1.18085e-06 13658.7 23.6561
1.10886e-12 13682.3 23.7206
-3.43866e-14 13682.3 23.7206
