-9.86349e-06 31.8414 5.0001
-2.91752e-05 60.7428 5.00037
-2.1506e-05 64.108 5.00041
-1.40835e-05 80.3321 5.00065
7.86356e-06 103.852 5.00108
2.473e-05 116.093 5.00135
1.99278e-05 125.478 5.00158
-7.84608e-06 146.353 5.00214
-1.3498e-05 156.524 5.00245
6.53595e-06 179.183 5.00321
1.31121e-06 214.588 5.00461
-4.62801e-06 245.699 5.00604
-8.11735e-06 250.745 5.00629
5.72171e-06 266.081 5.00708
-6.2028e-06 285.714 5.00816
7.39218e-06 333.572 5.01113
-6.92359e-06 347.985 5.01211
1.96098e-05 364.486 5.01329
-6.44627e-06 380.008 5.01444
1.43689e-05 445.777 5.01987
1.7716e-05 449.711 5.02022
-1.26162e-05 484.091 5.02344
-1.2624e-05 498.428 5.02484
-9.67459e-06 529.528 5.02804
-1.1738e-05 543.448 5.02953
-2.28376e-06 615.213 5.03785
-2.08697e-05 631.873 5.03993
7.62748e-06 639.452 5.04089
-1.26119e-05 641.13 5.04111
1.2379e-06 720.839 5.05196
-1.25343e-06 747.822 5.05592
-1.4478e-07 757.605 5.0574
-1.88327e-05 766.095 5.05869
-3.31545e-06 831.438 5.06913
-8.69049e-07 868.374 5.07541
4.46149e-06 893.297 5.0798
6.12777e-06 896.553 5.08038
4.71051e-06 967.931 5.09369
-1.96954e-06 995.761 5.09915
4.02824e-06 1020.78 5.1042
-2.0911e-06 1027.03 5.10548
1.49212e-06 1095.42 5.11999
5.19993e-06 1118.32 5.12506
-3.20974e-06 1145.14 5.13114
-9.03755e-06 1161.61 5.13493
-6.12298e-06 1243.08 5.15452
1.47598e-06 1257.88 5.15823
-5.73996e-06 1273.98 5.1623
-9.71866e-06 1298.29 5.16856
3.66521e-06 1324.09 5.17532
9.02531e-06 1415.92 5.20048
6.85687e-06 1420.06 5.20166
-4.75558e-06 1434.86 5.20588
-4.95241e-06 1518.5 5.23058
1.18189e-05 1570.54 5.24666
-8.27251e-07 1571.97 5.24711
-2.31312e-06 1572.74 5.24735
-4.76715e-08 1711.24 5.29283
9.56064e-07 1712.68 5.29333
5.59271e-06 1720.18 5.2959
-8.68255e-06 1731.96 5.29997
-1.35272e-06 1845.03 5.34041
-4.70981e-06 1852.15 5.34305
2.24142e-06 1892.28 5.35807
-4.12615e-06 1897.39 5.36001
-3.05796e-06 1970.28 5.3882
1.13163e-05 1986.89 5.39477
7.6998e-07 2054.02 5.4219
5.47945e-06 2066.78 5.42716
1.40989e-05 2122.11 5.45033
5.10983e-06 2153.31 5.46368
-1.20671e-05 2220.8 5.4932
6.10981e-06 2233.03 5.49864
7.46861e-06 2255.15 5.50857
-7.44624e-06 2279.25 5.5195
-1.16877e-06 2372 5.56264
-1.47306e-05 2381.85 5.56732
2.74076e-06 2385.06 5.56885
3.51655e-06 2443.51 5.59708
1.06766e-05 2483.4 5.61673
-9.23202e-06 2484.1 5.61708
-1.65172e-05 2504.92 5.62746
-6.2046e-06 2592.95 5.67234
-3.14528e-05 2620.81 5.68686
-3.62394e-05 2718.27 5.7389
3.92131e-06 2770.83 5.76775
-3.0221e-05 2796.78 5.7822
-3.13989e-06 2817.13 5.79362
-1.10557e-06 2820.96 5.79578
-1.47761e-06 2834.54 5.80346
-2.7617e-06 2835.44 5.80397
-1.03312e-06 2853.18 5.81406
-4.95504e-06 2856.38 5.81589
1.75033e-05 2857.74 5.81667
5.76669e-07 2884.41 5.83198
-7.67846e-07 2888.01 5.83406
-2.56675e-06 2892.07 5.83641
-6.65258e-07 2926.33 5.85634
1.73519e-06 2927.16 5.85683
-1.58593e-06 2928.95 5.85788
-2.69538e-05 2967.31 5.88049
2.83405e-06 2972.97 5.88386
1.39231e-06 2978.65 5.88723
1.96078e-06 3034.06 5.92055
-1.1571e-07 3036.69 5.92215
7.93001e-07 3077.38 5.94703
1.02799e-06 3098.68 5.96018
-4.11135e-06 3100.87 5.96154
-8.78038e-06 3169.52 6.00459
-3.05061e-06 3172.07 6.00621
-1.75494e-06 3215.58 6.034
1.61097e-05 3240.61 6.05016
1.09385e-06 3244.79 6.05286
1.91323e-06 3321.48 6.10322
-1.1867e-06 3325.47 6.10587
-1.70524e-05 3326.01 6.10624
-6.75192e-06 3354.43 6.12522
-2.50972e-05 3356.59 6.12667
1.67099e-06 3427.72 6.17493
-1.02545e-07 3430.28 6.17669
-2.82258e-05 3473.91 6.2068
-4.05335e-06 3474.76 6.2074
1.68314e-05 3561.52 6.26844
1.19688e-05 3562.03 6.26881
-6.53253e-07 3593.69 6.29146
1.45748e-05 3594.34 6.29193
-5.80819e-06 3710.63 6.37688
-1.57672e-05 3710.72 6.37694
1.34973e-05 3719.95 6.3838
-1.98671e-05 3720.69 6.38436
1.03504e-06 3747.22 6.40416
-1.41979e-07 3810.42 6.45193
1.07174e-06 3833.78 6.46979
-2.09972e-05 3834.29 6.47018
-2.769e-07 3874.11 6.50088
1.53052e-05 3874.72 6.50135
1.97718e-05 3921.8 6.53806
1.07751e-05 3924.08 6.53984
1.02257e-05 3926.02 6.54136
-2.146e-05 3928.04 6.54295
1.01563e-05 3932.88 6.54675
-2.64009e-05 3936.76 6.54981
-2.73824e-05 3941.14 6.55326
-1.56625e-05 3945.1 6.55638
2.49248e-06 3951.24 6.56123
-8.60342e-06 3961.08 6.56902
2.18895e-05 3961.47 6.56932
1.05921e-06 3964.53 6.57175
3.16198e-08 3971.69 6.57743
-6.59825e-06 3979.3 6.58348
-1.36398e-05 3980.42 6.58438
1.42313e-05 3984.01 6.58724
-4.55783e-06 3984.25 6.58743
1.27634e-05 3987.25 6.58982
1.73566e-06 3992.61 6.5941
7.39958e-06 3998.32 6.59865
-2.49324e-06 4005.1 6.60409
-7.80227e-06 4006.21 6.60497
-1.83664e-05 4006.42 6.60514
1.65108e-06 4007.62 6.6061
2.18449e-05 4014.33 6.61148
-2.61892e-05 4022.2 6.61781
-9.97782e-06 4033.85 6.6272
3.42247e-06 4035.64 6.62864
-5.92164e-06 4044.95 6.63616
2.04711e-05 4056.73 6.64571
-5.5201e-06 4060.91 6.6491
4.19411e-06 4066.41 6.65357
2.80874e-05 4069.34 6.65595
-3.50157e-06 4082.06 6.66632
-1.31697e-05 4082.19 6.66643
2.64183e-05 4082.43 6.66662
-1.22506e-05 4094.93 6.67684
-1.33678e-06 4099.02 6.6802
2.5878e-06 4099.46 6.68056
-5.97021e-06 4105.95 6.68588
1.15731e-06 4106.37 6.68623
-1.98293e-06 4109.45 6.68876
-5.76404e-06 4116.3 6.69439
1.42931e-05 4122.3 6.69933
-1.07896e-05 4134.67 6.70955
1.95428e-05 4135.37 6.71013
3.54764e-06 4139.01 6.71314
-1.90434e-05 4147.32 6.72003
-3.40449e-06 4151.25 6.72329
1.1889e-05 4151.54 6.72353
1.05389e-05 4157.97 6.72887
-1.49278e-06 4167.12 6.73649
1.11692e-05 4171.43 6.74009
1.14032e-05 4173.23 6.74159
-3.24804e-06 4173.93 6.74217
-3.52917e-06 4178.21 6.74575
-1.44345e-05 4209.75 6.7722
1.16118e-05 4210.08 6.77248
5.38871e-06 4210.14 6.77253
1.2282e-05 4214.77 6.77643
-1.55605e-05 4248.6 6.80506
-1.83005e-05 4260.11 6.81485
-4.84068e-06 4260.18 6.81492
1.7467e-05 4263.25 6.81753
-2.60704e-08 4272.29 6.82524
5.4112e-06 4286.26 6.83721
2.59096e-05 4310.35 6.85791
-3.39897e-06 4327.19 6.87246
1.04617e-06 4341.86 6.88517
3.56472e-05 4342.42 6.88566
3.64905e-05 4364.02 6.90447
2.19872e-05 4376.44 6.91532
-7.44571e-06 4384.82 6.92267
-3.35536e-06 4448.44 6.97886
-1.06088e-05 4481.3 7.0082
-2.1346e-06 4504.61 7.02916
3.48841e-06 4504.62 7.02916
-1.13053e-05 4509.47 7.03353
-1.40899e-06 4509.64 7.03369
-5.46695e-06 4516.65 7.04001
9.12321e-06 4519.15 7.04227
-6.2841e-06 4519.19 7.04231
1.18105e-05 4533.14 7.05493
-1.09102e-05 4533.25 7.05504
6.72278e-06 4552.56 7.07258
1.94752e-05 4552.6 7.07262
-1.69319e-05 4574.17 7.0923
3.81906e-06 4574.27 7.09239
-2.23063e-05 4579.41 7.0971
5.00002e-06 4579.53 7.09721
-4.64373e-06 4588.15 7.10511
1.38886e-05 4590.61 7.10738
8.13662e-06 4590.81 7.10756
-3.72119e-06 4604.95 7.12056
-9.93276e-06 4605.15 7.12074
1.38833e-05 4619.65 7.13411
2.46188e-05 4637.99 7.15109
2.58929e-05 4638.11 7.15121
2.64665e-05 4650.54 7.16275
-2.18718e-05 4650.6 7.16281
-2.64472e-06 4661.65 7.1731
-2.82166e-05 4665.6 7.17679
3.49876e-05 4665.72 7.17689
-1.39599e-05 4679.85 7.1901
-2.36774e-05 4679.88 7.19013
-2.18091e-05 4708.98 7.21745
3.93257e-05 4709.18 7.21764
-2.71367e-05 4724.98 7.23255
-3.45262e-05 4725.07 7.23263
1.27506e-06 4736.26 7.24321
2.67041e-05 4744.29 7.25083
-1.22778e-05 4744.63 7.25115
-9.85235e-06 4749.82 7.25608
2.9196e-06 4752.2 7.25834
5.58774e-06 4752.24 7.25838
-5.14225e-06 4780.11 7.28495
7.9847e-06 4780.12 7.28496
-2.54996e-05 4782.01 7.28676
9.73968e-06 4782.18 7.28693
2.85863e-05 4804.04 7.30788
8.41843e-07 4804.18 7.30802
1.66502e-05 4807.9 7.31159
7.35046e-06 4807.92 7.31162
5.24753e-07 4811.09 7.31466
5.3381e-06 4815.13 7.31855
-1.5725e-05 4815.27 7.31868
1.15859e-05 4823.97 7.32707
-6.73809e-05 4824.01 7.32711
-3.50056e-06 4868.55 7.37028
2.26251e-06 4885.25 7.38657
1.93558e-08 4899.07 7.40009
2.20438e-07 4899.08 7.4001
5.67404e-06 4913.69 7.41443
2.30769e-06 4913.76 7.4145
4.04626e-06 4958.05 7.45823
1.8337e-05 4972.15 7.47223
3.93773e-06 5028.49 7.52857
-2.65799e-05 5057.27 7.5576
-9.28994e-07 5095.58 7.59649
-2.22015e-05 5123.13 7.62465
3.67826e-06 5158.09 7.66059
-6.05653e-06 5170.58 7.67349
1.48709e-05 5202.93 7.70704
-7.28433e-06 5214.71 7.71932
2.98532e-05 5223.95 7.72896
-3.05455e-05 5237.16 7.74278
-1.72827e-05 5245.37 7.75139
-1.6802e-06 5250.54 7.75682
-1.65185e-05 5253.85 7.76029
2.47781e-05 5256.3 7.76287
-2.40314e-05 5258.33 7.765
-1.6371e-05 5260.21 7.76699
-5.59676e-06 5262.13 7.769
-3.94011e-06 5263.81 7.77077
-8.0575e-06 5264.18 7.77116
9.31285e-06 5265.24 7.77228
-7.27124e-06 5266.12 7.7732
-4.53324e-06 5305.38 7.81471
-2.0757e-07 5337.72 7.84912
-1.63586e-08 5354.27 7.86682
3.5738e-06 5360.88 7.87391
-3.37484e-06 5374.83 7.88888
-3.84644e-06 5390.56 7.90582
-1.06065e-08 5420.29 7.93795
2.01896e-06 5589.08 8.12378
6.86601e-10 5911.42 8.49449
6.59489e-10 5911.43 8.4945
2.20062e-07 5917.21 8.50134
-6.38767e-08 5917.21 8.50134
3.46962e-06 6112.79 8.73662
3.68114e-06 6118.87 8.74406
6.15915e-07 6130.95 8.75886
7.55139e-06 6151.66 8.7843
-1.2872e-05 6184.18 8.82441
1.27171e-05 6231.38 8.88301
-6.55424e-06 6294.6 8.96221
7.44428e-07 6310.71 8.98251
-1.4747e-05 6310.71 8.98251
1.39143e-05 6325.5 9.0012
1.7952e-05 6325.5 9.0012
-8.02318e-06 6347.74 9.02938
2.03051e-05 6347.74 9.02939
-2.17455e-06 6372.41 9.06076
1.21057e-06 6376.55 9.06605
2.11214e-05 6376.56 9.06605
-8.55226e-06 6413.89 9.1138
3.18758e-05 6413.89 9.1138
-8.46606e-06 6460.07 9.17325
-4.55316e-05 6464.43 9.17888
7.47609e-06 6464.43 9.17889
3.73445e-05 6533.81 9.26907
3.08668e-05 6533.81 9.26907
9.1269e-06 6550.23 9.29055
3.63803e-05 6626.06 9.39046
-9.92871e-06 6626.06 9.39047
-4.45935e-06 6633.77 9.40069
1.85472e-06 6697.03 9.48503
-1.60522e-06 6705.12 9.49587
1.67243e-07 6721.09 9.51731
1.4629e-06 6727.03 9.52529
-1.60354e-05 6741.4 9.54465
1.90567e-05 6741.4 9.54465
-2.04637e-06 6756.11 9.56451
-3.43653e-06 6759.21 9.5687
-6.91489e-06 6792.96 9.61443
3.57937e-06 6795.55 9.61795
-1.14161e-06 6826.85 9.66059
-8.95618e-06 6827.2 9.66107
1.68604e-07 6849.28 9.69127
-5.90111e-06 6849.67 9.69181
-2.09792e-05 6875.44 9.72717
2.23567e-05 6875.44 9.72718
-1.87068e-06 7020.17 9.92827
-4.168e-05 7020.17 9.92828
3.3707e-05 7165.95 10.1351
-2.51186e-05 7165.95 10.1351
6.69205e-12 7269.06 10.2839
-2.93957e-05 7303.57 10.3342
7.99101e-06 7303.57 10.3342
-5.13202e-07 7402.62 10.4799
1.60573e-05 7425.86 10.5143
2.37964e-06 7425.86 10.5143
-1.628e-05 7528.75 10.6682
-9.56737e-06 7528.75 10.6682
-5.5327e-07 7606.31 10.7856
-5.36981e-07 7608.46 10.7889
-2.24973e-05 7611.48 10.7935
1.52131e-05 7611.48 10.7935
2.92776e-07 7612.08 10.7944
1.69352e-06 7617.21 10.8022
-3.01182e-06 7623.92 10.8124
-3.48709e-06 7632.3 10.8252
-2.63225e-06 7642.44 10.8407
-5.19e-07 7654.48 10.8591
2.18064e-06 7668.55 10.8807
2.03133e-05 7675.8 10.8918
1.97334e-05 7675.8 10.8918
-4.44017e-06 7684.8 10.9056
-5.31621e-06 7703.41 10.9343
-4.38311e-06 7724.53 10.9668
1.3486e-05 7724.66 10.967
1.85596e-05 7724.66 10.967
-1.96573e-06 7748.31 11.0036
4.24337e-06 7761.13 11.0235
1.44414e-05 7761.13 11.0235
-9.96539e-07 7774.87 11.0449
-2.42815e-06 7787.88 11.0651
8.81838e-06 7787.88 11.0651
3.35242e-06 7804.26 11.0907
-5.94805e-06 7806.96 11.0949
4.0003e-06 7806.96 11.0949
5.89755e-06 7819.82 11.115
-9.90332e-07 7819.82 11.115
-3.46908e-06 7827.33 11.1267
-7.64908e-09 7827.33 11.1267
4.28455e-06 7836.42 11.141
5.29374e-06 7849.16 11.1609
9.30887e-06 7849.17 11.1609
3.68053e-06 7871.12 11.1955
2.13679e-06 7907.86 11.2534
-5.76345e-07 7945.78 11.3135
-2.95499e-07 7983.51 11.3736
-4.63815e-06 7990.77 11.3852
-4.09637e-06 7990.78 11.3853
-6.97248e-06 7996.11 11.3938
-4.65387e-06 7996.12 11.3938
-5.35653e-06 8007.36 11.4118
-4.50335e-07 8007.36 11.4118
3.55002e-07 8019.08 11.4306
3.92678e-07 8026.34 11.4422
6.0987e-06 8026.35 11.4422
7.49856e-09 8049.83 11.48
-8.22314e-06 8053.9 11.4865
1.09711e-05 8053.9 11.4865
-2.09852e-07 8072.56 11.5166
-1.46735e-05 8089.71 11.5443
1.15049e-05 8089.71 11.5443
3.94841e-08 8090.94 11.5463
-1.67178e-05 8132.68 11.6141
-7.98814e-06 8132.68 11.6141
-1.30754e-05 8181.53 11.6937
-2.98712e-06 8181.53 11.6937
1.79384e-06 8190.5 11.7084
-5.01152e-06 8235.36 11.7821
1.08611e-06 8235.36 11.7821
1.03237e-06 8239.82 11.7895
4.39832e-06 8294.08 11.8792
-3.02495e-06 8294.08 11.8792
-2.79295e-06 8319.2 11.9209
-1.15583e-05 8358.49 11.9864
2.98906e-06 8358.5 11.9864
7.65847e-06 8424.84 12.0978
1.38738e-05 8430.1 12.1067
-1.67585e-06 8430.1 12.1067
1.00157e-05 8510.25 12.2424
-4.1167e-07 8510.25 12.2424
1.0398e-06 8544.89 12.3015
-1.04169e-05 8552.22 12.314
-5.78709e-07 8556.37 12.3211
-2.66026e-07 8565.03 12.336
-8.96661e-06 8565.03 12.336
1.84207e-06 8575.8 12.3544
5.04564e-07 8577.06 12.3566
-1.90618e-05 8577.06 12.3566
-2.78594e-08 8592.61 12.3833
1.45823e-05 8592.61 12.3833
-5.22287e-06 8603.42 12.4019
-3.16117e-06 8605.55 12.4056
-1.75343e-05 8605.55 12.4056
-4.132e-06 8630.05 12.4478
-2.42447e-05 8630.05 12.4478
7.63234e-06 8639.29 12.4637
-8.53666e-07 8664.71 12.5077
1.09392e-05 8664.71 12.5077
7.42801e-06 8683.18 12.5398
9.01874e-06 8696.5 12.5629
-7.72072e-06 8702.42 12.5732
9.60291e-06 8702.42 12.5732
1.34391e-06 8714.12 12.5936
5.39199e-06 8714.12 12.5936
4.41534e-06 8734.42 12.629
2.57016e-06 8734.88 12.6298
5.76687e-12 8740.36 12.6394
-7.82008e-06 8762.37 12.6779
9.86452e-06 8762.37 12.6779
8.23029e-08 8792.02 12.73
-5.90132e-06 8803.66 12.7505
9.51184e-06 8803.66 12.7505
-4.32607e-06 8823.46 12.7853
-1.36973e-05 8823.46 12.7853
-3.9421e-06 8852.94 12.8375
-3.27292e-06 8854.71 12.8406
-4.75372e-06 8872.4 12.872
5.691e-06 8872.41 12.872
1.20151e-05 8915.86 12.9493
4.0796e-06 8915.86 12.9493
4.0415e-06 8921.03 12.9585
2.48626e-06 8941.83 12.9956
-6.88936e-06 8941.83 12.9956
-2.37975e-06 8989.48 13.0811
1.57326e-06 8998.04 13.0965
-8.16018e-06 8998.04 13.0965
2.09476e-06 9017.13 13.1309
-1.77752e-05 9031.77 13.1573
-3.92201e-06 9031.77 13.1573
-1.3719e-07 9058.57 13.2058
-5.75731e-06 9073.47 13.2328
-7.2165e-06 9073.47 13.2328
1.68564e-06 9094.52 13.271
1.69535e-05 9125.48 13.3274
5.14844e-06 9125.48 13.3274
3.75376e-07 9126.92 13.3301
1.03248e-05 9149.55 13.3714
-3.03339e-06 9149.55 13.3714
-5.9243e-06 9185.13 13.4367
-2.00916e-06 9193.27 13.4516
1.16104e-05 9210.1 13.4826
-5.0388e-06 9210.11 13.4826
1.16311e-05 9224.78 13.5097
1.39417e-06 9224.78 13.5097
6.36459e-06 9256.51 13.5683
-5.79882e-06 9282.09 13.6157
-2.6858e-06 9282.1 13.6157
-7.95892e-06 9295.97 13.6415
3.89091e-06 9295.98 13.6415
1.00126e-05 9315.66 13.6782
2.96588e-07 9338.18 13.7202
1.72689e-07 9338.18 13.7202
-5.9721e-06 9353.5 13.7488
1.90348e-06 9357.06 13.7555
3.05271e-06 9357.06 13.7555
9.99913e-06 9369.9 13.7795
-3.82137e-06 9374.46 13.7881
1.92979e-06 9374.47 13.7881
-7.45429e-06 9411.01 13.8567
2.45577e-06 9411.01 13.8567
4.86641e-06 9418.51 13.8708
-4.2895e-06 9460.87 13.9508
-1.38742e-05 9461.67 13.9523
-1.28713e-06 9461.67 13.9523
-2.3391e-05 9478.08 13.9834
-1.40787e-05 9496.44 14.0182
3.21726e-06 9519.34 14.0618
4.15866e-05 9519.61 14.0623
-1.55976e-05 9520.94 14.0648
3.43749e-07 9520.94 14.0648
2.02812e-05 9524.73 14.0721
2.36266e-05 9531.63 14.0852
-1.98e-05 9545.31 14.1113
-4.13743e-05 9549.15 14.1186
-1.21836e-05 9557.83 14.1352
4.82713e-05 9577.47 14.1728
-8.54697e-06 9580.9 14.1794
-5.18295e-07 9580.9 14.1794
4.94192e-05 9585.05 14.1873
-4.13729e-05 9615.29 14.2454
-6.19481e-06 9637.2 14.2876
-1.10629e-06 9637.2 14.2876
-2.14704e-05 9660.88 14.3333
4.31499e-05 9670.01 14.3509
-4.50951e-07 9680.22 14.3707
2.39605e-05 9687.31 14.3844
1.20729e-06 9687.31 14.3844
-6.22752e-06 9711.88 14.4321
3.19394e-12 9727.84 14.4631
3.83714e-05 9729.49 14.4663
-5.92305e-07 9729.49 14.4663
2.85627e-07 9762.68 14.531
4.38467e-05 9762.68 14.531
-3.20896e-05 9764.29 14.5341
2.24431e-05 9770.05 14.5454
1.37544e-06 9779.34 14.5636
-4.24339e-06 9779.59 14.564
7.54682e-07 9786.35 14.5773
3.78619e-05 9786.35 14.5773
6.37613e-07 9800.44 14.6049
2.1787e-05 9800.44 14.6049
3.02411e-05 9803.85 14.6116
2.67327e-06 9810.98 14.6255
-3.13888e-05 9819.92 14.6431
-3.14656e-07 9834.15 14.6711
2.59334e-05 9837.14 14.6769
-1.27953e-05 9852.82 14.7078
7.79658e-06 9881.12 14.7636
2.85713e-05 9889.4 14.78
-4.93405e-07 9917.42 14.8355
-2.8863e-05 9936.68 14.8738
3.38967e-06 9979.51 14.9591
-3.25557e-05 9986.92 14.9739
3.80643e-05 9999.67 14.9994
3.20943e-05 10044 15.0882
-1.37262e-05 10068.3 15.137
3.07361e-05 10073.7 15.148
1.84541e-05 10103.7 15.2085
7.60915e-06 10115 15.2314
-5.73485e-05 10122.7 15.2469
-4.83217e-06 10125.5 15.2526
3.04551e-12 10134.1 15.27
4.47523e-14 10134.1 15.27
-3.31662e-05 10136.8 15.2754
2.61717e-06 10160.8 15.3242
-1.67108e-05 10197.2 15.3983
-1.64381e-06 10200.2 15.4044
3.57213e-07 10200.2 15.4044
4.06679e-05 10203.1 15.4103
-1.78037e-05 10223 15.4509
-9.43493e-06 10239.7 15.4851
-5.7611e-05 10247.7 15.5015
4.7118e-05 10260.4 15.5276
-1.80042e-05 10267.4 15.5419
2.9256e-05 10280.8 15.5696
2.96648e-06 10302.5 15.6142
4.68054e-07 10302.5 15.6142
-2.72174e-05 10312 15.6338
-2.52663e-05 10319.3 15.6488
-3.62263e-05 10326.9 15.6646
-6.12226e-06 10352.7 15.7178
6.73447e-06 10363.1 15.7393
3.7586e-05 10372.4 15.7586
-4.95874e-05 10375.9 15.766
1.71335e-05 10412.6 15.8422
-3.42687e-05 10427.8 15.8739
-2.48172e-06 10450.8 15.9219
2.32582e-06 10453.4 15.9274
-3.34531e-05 10476.7 15.9761
5.45056e-06 10486.9 15.9975
-3.78864e-06 10494.9 16.0143
-4.1662e-05 10502.5 16.0303
4.83196e-05 10519.1 16.0651
-2.85403e-05 10525.8 16.0793
-2.37526e-05 10530.5 16.0891
4.07495e-05 10532.5 16.0934
1.27682e-05 10541.4 16.1121
5.10061e-06 10542.8 16.1151
4.29462e-06 10558.1 16.1475
-3.18499e-05 10613.8 16.2652
-2.04309e-05 10616.2 16.2703
2.15139e-05 10677.5 16.4009
8.5105e-07 10723.7 16.4998
-1.54811e-05 10724.8 16.5022
5.67707e-05 10727.6 16.5081
5.99687e-06 10757.1 16.5716
1.93907e-05 10792.9 16.6488
-2.06271e-07 10811.3 16.6885
6.27568e-05 10835.3 16.7403
-4.88248e-05 10935.9 16.9594
2.09144e-05 11028.7 17.1631
-1.11464e-05 11112.9 17.3498
-3.77364e-05 11188.2 17.5176
5.2716e-05 11254.1 17.6654
5.47192e-05 11310 17.7917
-4.63997e-05 11355.8 17.8955
-3.24083e-05 11391 17.9755
-1.69232e-05 11414.8 18.0298
1.04853e-06 11434.8 18.0755
2.61494e-05 11492.5 18.2078
1.7457e-05 12032.6 19.4784
-1.51757e-06 12032.6 19.4784
3.50816e-05 12034.7 19.4835
-1.90646e-06 12034.7 19.4835
-4.86937e-05 12039.6 19.4952
-3.4196e-07 12039.6 19.4952
-5.19964e-05 12048.8 19.5174
-3.03958e-06 12048.8 19.5175
4.08936e-05 12064.2 19.5544
6.784e-06 12064.2 19.5544
1.64517e-05 12087.1 19.6097
-8.71248e-06 12087.1 19.6097
-1.44694e-05 12118.7 19.6864
-7.14716e-06 12118.7 19.6864
4.15249e-05 12159.8 19.786
-2.04816e-06 12159.8 19.7861
-5.51354e-05 12210.4 19.9094
-4.6911e-06 12210.4 19.9094
-5.04929e-05 12270.3 20.056
-1.00783e-05 12270.3 20.056
2.93648e-05 12338.7 20.2243
-1.1571e-05 12338.7 20.2243
9.17008e-07 12414.5 20.412
8.45027e-06 12414.5 20.412
-2.1559e-14 12463.3 20.5335
-3.04645e-05 12496.3 20.6157
-2.20839e-06 12496.3 20.6157
-5.03178e-05 12582.4 20.8317
4.27467e-06 12582.4 20.8317
-5.5073e-05 12670.9 21.0553
-8.27011e-06 12670.9 21.0553
4.40091e-05 12759.8 21.2812
8.55098e-06 12759.8 21.2812
2.07563e-05 12846.7 21.5038
5.80669e-06 12846.7 21.5038
-8.07373e-06 12929.3 21.7166
-1.97606e-06 12929.3 21.7166
7.31818e-08 12969.9 21.8218
3.47945e-05 13005 21.9131
-9.92341e-07 13005 21.9131
5.26244e-05 13071.5 22.0865
-2.15418e-06 13071.5 22.0865
-5.73063e-05 13126.4 22.2303
-1.7967e-06 13126.4 22.2304
-4.79902e-05 13167.5 22.3384
-8.86474e-07 13167.5 22.3384
-2.71965e-05 13193 22.4055
-2.37584e-07 13193 22.4055
-4.03797e-06 13658.7 23.6561
7.00696e-07 13658.7 23.6561
1.20363e-12 13682.3 23.7206
3.70756e-13 13682.3 23.7206
