-3.98634e-05 31.8414 5.0001
-4.40167e-05 60.7428 5.00037
-3.13201e-05 64.108 5.00041
-2.10739e-05 80.3321 5.00065
6.35761e-06 103.852 5.00108
1.87232e-05 116.093 5.00135
-1.43039e-05 125.478 5.00158
-1.24944e-05 146.353 5.00214
-2.75865e-05 156.524 5.00245
8.48201e-06 179.183 5.00321
7.94063e-06 214.588 5.00461
4.32106e-06 245.699 5.00604
-8.98773e-06 250.745 5.00629
-4.80122e-05 266.081 5.00708
2.29031e-05 285.714 5.00816
5.34789e-06 333.572 5.01113
1.69615e-05 347.985 5.01211
-3.33835e-05 364.486 5.01329
-1.33025e-05 380.008 5.01444
-1.11012e-05 445.777 5.01987
-2.75638e-05 449.711 5.02022
-1.37714e-05 484.091 5.02344
-1.55624e-05 498.428 5.02484
5.5177e-06 529.528 5.02804
2.49645e-05 543.448 5.02953
-3.33417e-05 615.213 5.03785
2.81939e-06 631.873 5.03993
-2.34653e-05 639.452 5.04089
-8.21619e-06 641.13 5.04111
2.2618e-05 720.839 5.05196
1.23964e-05 747.822 5.05592
1.8359e-05 757.605 5.0574
-1.27272e-05 766.095 5.05869
-1.99947e-05 831.438 5.06913
-4.76492e-06 868.374 5.07541
-8.33494e-07 893.297 5.0798
7.70544e-06 896.553 5.08038
2.62179e-05 967.931 5.09369
-1.11228e-05 995.761 5.09915
-3.83119e-06 1020.78 5.1042
1.01727e-06 1027.03 5.10548
1.06117e-05 1095.42 5.11999
1.82115e-05 1118.32 5.12506
-9.8801e-06 1145.14 5.13114
1.01231e-05 1161.61 5.13493
-1.9648e-05 1243.08 5.15452
2.83261e-06 1257.88 5.15823
-1.14672e-05 1273.98 5.1623
6.97421e-06 1298.29 5.16856
1.5993e-07 1324.09 5.17532
1.5105e-05 1415.92 5.20048
9.73169e-06 1420.06 5.20166
5.01116e-06 1434.86 5.20588
3.37099e-06 1518.5 5.23058
1.82695e-05 1570.54 5.24666
-4.63603e-06 1571.97 5.24711
3.79618e-06 1572.74 5.24735
3.54016e-06 1711.24 5.29283
-2.84591e-06 1712.68 5.29333
8.73344e-06 1720.18 5.2959
-1.32955e-05 1731.96 5.29997
7.06256e-06 1845.03 5.34041
-4.17563e-06 1852.15 5.34305
-1.1907e-07 1892.28 5.35807
-1.74988e-05 1897.39 5.36001
5.356e-06 1970.28 5.3882
4.90917e-06 1986.89 5.39477
4.98348e-06 2054.02 5.4219
-1.47652e-05 2066.78 5.42716
1.83337e-06 2122.11 5.45033
4.70172e-06 2153.31 5.46368
1.58549e-05 2220.8 5.4932
-8.03603e-06 2233.03 5.49864
7.26603e-06 2255.15 5.50857
-5.83125e-06 2279.25 5.5195
-2.13084e-06 2372 5.56264
1.58836e-05 2381.85 5.56732
1.51579e-06 2385.06 5.56885
-1.06118e-06 2443.51 5.59708
-1.10109e-05 2483.4 5.61673
1.61086e-05 2484.1 5.61708
9.80802e-06 2504.92 5.62746
-5.57006e-06 2592.95 5.67234
1.03551e-05 2620.81 5.68686
1.04407e-05 2718.27 5.7389
-7.46699e-06 2770.83 5.76775
1.12389e-05 2796.78 5.7822
4.75817e-07 2817.13 5.79362
-1.09184e-07 2820.96 5.79578
1.16714e-06 2834.54 5.80346
3.63457e-06 2835.44 5.80397
4.45829e-06 2853.18 5.81406
4.84655e-07 2856.38 5.81589
-8.79007e-06 2857.74 5.81667
-4.87816e-06 2884.41 5.83198
9.17142e-06 2888.01 5.83406
2.1499e-06 2892.07 5.83641
1.43835e-05 2926.33 5.85634
-6.93038e-07 2927.16 5.85683
-1.13621e-06 2928.95 5.85788
-4.6038e-05 2967.31 5.88049
-4.71267e-06 2972.97 5.88386
8.12861e-06 2978.65 5.88723
4.63298e-06 3034.06 5.92055
-1.58864e-05 3036.69 5.92215
-6.4796e-06 3077.38 5.94703
4.05837e-06 3098.68 5.96018
1.80019e-05 3100.87 5.96154
1.98807e-05 3169.52 6.00459
3.54111e-06 3172.07 6.00621
-5.81817e-06 3215.58 6.034
-1.86519e-05 3240.61 6.05016
-2.05823e-06 3244.79 6.05286
3.43447e-06 3321.48 6.10322
7.42984e-07 3325.47 6.10587
1.90603e-05 3326.01 6.10624
-7.38667e-07 3354.43 6.12522
3.32713e-07 3356.59 6.12667
-1.77046e-05 3427.72 6.17493
-8.07486e-06 3430.28 6.17669
5.17001e-06 3473.91 6.2068
8.6208e-07 3474.76 6.2074
1.57935e-05 3561.52 6.26844
1.3759e-05 3562.03 6.26881
1.53721e-06 3593.69 6.29146
-1.04269e-05 3594.34 6.29193
-3.90575e-06 3710.63 6.37688
-2.13128e-05 3710.72 6.37694
2.40883e-06 3719.95 6.3838
-6.78009e-06 3720.69 6.38436
4.456e-06 3747.22 6.40416
8.92844e-08 3810.42 6.45193
5.81906e-06 3833.78 6.46979
-2.13089e-05 3834.29 6.47018
1.86149e-07 3874.11 6.50088
4.68374e-06 3874.72 6.50135
2.31618e-05 3921.8 6.53806
-1.08333e-06 3924.08 6.53984
1.87935e-05 3926.02 6.54136
2.46116e-06 3928.04 6.54295
-1.89173e-05 3932.88 6.54675
9.36404e-07 3936.76 6.54981
1.22521e-05 3941.14 6.55326
-7.11995e-06 3945.1 6.55638
9.1063e-06 3951.24 6.56123
-1.23193e-05 3961.08 6.56902
2.10997e-05 3961.47 6.56932
1.42017e-05 3964.53 6.57175
-8.70369e-05 3971.69 6.57743
-5.59191e-06 3979.3 6.58348
-1.34814e-05 3980.42 6.58438
1.89963e-05 3984.01 6.58724
1.19444e-05 3984.25 6.58743
1.71497e-05 3987.25 6.58982
2.04143e-05 3992.61 6.5941
-2.8331e-05 3998.32 6.59865
7.87655e-06 4005.1 6.60409
-1.66013e-06 4006.21 6.60497
2.38414e-05 4006.42 6.60514
-1.20604e-05 4007.62 6.6061
-2.30353e-05 4014.33 6.61148
2.58348e-05 4022.2 6.61781
2.49673e-05 4033.85 6.6272
1.19647e-05 4035.64 6.62864
-2.86761e-05 4044.95 6.63616
3.03824e-05 4056.73 6.64571
5.38966e-05 4060.91 6.6491
1.43713e-05 4066.41 6.65357
2.62143e-05 4069.34 6.65595
6.26715e-06 4082.06 6.66632
-1.69672e-05 4082.19 6.66643
3.48651e-05 4082.43 6.66662
-2.52266e-05 4094.93 6.67684
-2.81607e-05 4099.02 6.6802
-3.36689e-06 4099.46 6.68056
-5.86037e-06 4105.95 6.68588
7.09848e-06 4106.37 6.68623
2.80117e-05 4109.45 6.68876
2.31546e-06 4116.3 6.69439
-2.59117e-05 4122.3 6.69933
1.85279e-05 4134.67 6.70955
-2.53594e-05 4135.37 6.71013
4.7816e-07 4139.01 6.71314
2.36533e-05 4147.32 6.72003
-3.27815e-05 4151.25 6.72329
5.92611e-06 4151.54 6.72353
-2.30894e-05 4157.97 6.72887
1.95391e-05 4167.12 6.73649
-1.17111e-05 4171.43 6.74009
-8.03892e-06 4173.23 6.74159
-1.46611e-05 4173.93 6.74217
-7.89778e-06 4178.21 6.74575
2.32159e-05 4209.75 6.7722
-2.39048e-05 4210.08 6.77248
0.000131284 4210.14 6.77253
9.11167e-07 4214.77 6.77643
1.17544e-05 4248.6 6.80506
-9.2323e-07 4260.11 6.81485
-3.48658e-06 4260.18 6.81492
2.51982e-06 4263.25 6.81753
-4.11563e-08 4272.29 6.82524
-9.79226e-06 4286.26 6.83721
6.41884e-06 4310.35 6.85791
5.79866e-06 4327.19 6.87246
-3.14231e-05 4341.86 6.88517
1.08074e-05 4342.42 6.88566
4.54863e-06 4364.02 6.90447
1.23402e-06 4376.44 6.91532
-2.88905e-06 4384.82 6.92267
-1.94889e-06 4448.44 6.97886
-3.46699e-05 4481.3 7.0082
7.90761e-07 4504.61 7.02916
-2.93149e-06 4504.62 7.02916
1.23583e-05 4509.47 7.03353
8.71841e-06 4509.64 7.03369
-2.33241e-06 4516.65 7.04001
4.26969e-06 4519.15 7.04227
2.24953e-05 4519.19 7.04231
2.8121e-05 4533.14 7.05493
3.84629e-06 4533.25 7.05504
-7.6875e-06 4552.56 7.07258
3.10093e-05 4552.6 7.07262
-2.79051e-05 4574.17 7.0923
2.16388e-06 4574.27 7.09239
1.15043e-05 4579.41 7.0971
2.70318e-06 4579.53 7.09721
-2.66579e-06 4588.15 7.10511
1.13814e-05 4590.61 7.10738
-5.2193e-06 4590.81 7.10756
2.7832e-05 4604.95 7.12056
-1.72424e-05 4605.15 7.12074
3.54737e-05 4619.65 7.13411
-3.43212e-05 4637.99 7.15109
-1.19741e-06 4638.11 7.15121
-8.46158e-06 4650.54 7.16275
8.25685e-08 4650.6 7.16281
-4.16531e-06 4661.65 7.1731
-4.4585e-06 4665.6 7.17679
-1.27586e-05 4665.72 7.17689
-3.4001e-06 4679.85 7.1901
3.1377e-05 4679.88 7.19013
-1.12188e-05 4708.98 7.21745
-2.536e-05 4709.18 7.21764
8.30693e-06 4724.98 7.23255
1.95521e-05 4725.07 7.23263
5.23043e-06 4736.26 7.24321
-1.29859e-06 4744.29 7.25083
1.63688e-05 4744.63 7.25115
-3.45593e-05 4749.82 7.25608
-2.66763e-05 4752.2 7.25834
6.59908e-06 4752.24 7.25838
1.91913e-05 4780.11 7.28495
-2.55046e-05 4780.12 7.28496
6.72382e-06 4782.01 7.28676
-1.2618e-06 4782.18 7.28693
1.94278e-05 4804.04 7.30788
-1.68159e-05 4804.18 7.30802
2.03817e-06 4807.9 7.31159
2.44297e-05 4807.92 7.31162
6.76055e-06 4811.09 7.31466
9.84727e-07 4815.13 7.31855
3.76186e-06 4815.27 7.31868
4.50673e-05 4823.97 7.32707
-1.73768e-05 4824.01 7.32711
3.06158e-05 4868.55 7.37028
8.01834e-06 4885.25 7.38657
3.73293e-07 4899.07 7.40009
-1.29288e-07 4899.08 7.4001
-2.38628e-05 4913.69 7.41443
3.78974e-05 4913.76 7.4145
8.93674e-06 4958.05 7.45823
-2.54813e-05 4972.15 7.47223
9.57524e-06 5028.49 7.52857
1.91357e-05 5057.27 7.5576
-9.71415e-06 5095.58 7.59649
1.21886e-05 5123.13 7.62465
-9.33214e-06 5158.09 7.66059
5.26896e-06 5170.58 7.67349
-1.50026e-06 5202.93 7.70704
8.59949e-06 5214.71 7.71932
-6.71882e-06 5223.95 7.72896
9.82024e-06 5237.16 7.74278
1.04567e-05 5245.37 7.75139
-9.50825e-06 5250.54 7.75682
-7.70136e-06 5253.85 7.76029
6.72533e-06 5256.3 7.76287
-5.66679e-06 5258.33 7.765
-4.93727e-06 5260.21 7.76699
-4.15432e-06 5262.13 7.769
2.90864e-06 5263.81 7.77077
7.78132e-06 5264.18 7.77116
-2.22943e-06 5265.24 7.77228
1.17949e-06 5266.12 7.7732
6.42737e-06 5305.38 7.81471
-4.92816e-06 5337.72 7.84912
-6.48173e-08 5354.27 7.86682
3.41251e-06 5360.88 7.87391
-1.73395e-06 5374.83 7.88888
-0.00015731 5390.56 7.90582
3.28537e-08 5420.29 7.93795
8.75053e-06 5589.08 8.12378
1.75223e-08 5911.42 8.49449
-1.09692e-08 5911.43 8.4945
3.63365e-05 5917.21 8.50134
-6.23783e-05 5917.21 8.50134
-2.75273e-07 6112.79 8.73662
-6.53665e-07 6118.87 8.74406
1.18235e-06 6130.95 8.75886
1.90793e-06 6151.66 8.7843
-2.78429e-06 6184.18 8.82441
3.7041e-06 6231.38 8.88301
-4.35516e-06 6294.6 8.96221
3.81701e-07 6310.71 8.98251
-1.0675e-06 6310.71 8.98251
1.51371e-06 6325.5 9.0012
1.71987e-06 6325.5 9.0012
-2.5952e-06 6347.74 9.02938
2.55616e-06 6347.74 9.02939
4.54547e-06 6372.41 9.06076
-5.29832e-06 6376.55 9.06605
1.49718e-06 6376.56 9.06605
-5.53746e-06 6413.89 9.1138
-6.14494e-06 6413.89 9.1138
3.97644e-06 6460.07 9.17325
8.72222e-06 6464.43 9.17888
-8.41971e-06 6464.43 9.17889
-1.56524e-05 6533.81 9.26907
-6.12611e-06 6533.81 9.26907
-2.44786e-06 6550.23 9.29055
-2.06308e-05 6626.06 9.39046
7.26027e-06 6626.06 9.39047
-4.71153e-07 6633.77 9.40069
-5.8584e-06 6697.03 9.48503
3.01373e-06 6705.12 9.49587
-1.62035e-06 6721.09 9.51731
-7.46413e-06 6727.03 9.52529
2.66623e-05 6741.4 9.54465
1.01707e-06 6741.4 9.54465
-6.67735e-06 6756.11 9.56451
4.65595e-06 6759.21 9.5687
-3.87085e-06 6792.96 9.61443
-5.79388e-06 6795.55 9.61795
-4.97596e-06 6826.85 9.66059
6.84546e-07 6827.2 9.66107
2.69637e-06 6849.28 9.69127
2.59201e-07 6849.67 9.69181
-2.87811e-05 6875.44 9.72717
-1.06308e-05 6875.44 9.72718
1.94769e-05 7020.17 9.92827
-2.735e-05 7020.17 9.92828
3.37948e-05 7165.95 10.1351
-9.87506e-06 7165.95 10.1351
-1.05765e-09 7269.06 10.2839
-3.4534e-05 7303.57 10.3342
8.69535e-06 7303.57 10.3342
-6.99682e-05 7402.62 10.4799
2.16144e-05 7425.86 10.5143
2.74878e-05 7425.86 10.5143
2.7416e-05 7528.75 10.6682
-1.93029e-05 7528.75 10.6682
1.05626e-07 7606.31 10.7856
2.15918e-07 7608.46 10.7889
9.44322e-06 7611.48 10.7935
-3.01768e-05 7611.48 10.7935
3.26583e-07 7612.08 10.7944
4.37181e-07 7617.21 10.8022
-5.53471e-07 7623.92 10.8124
-6.68657e-07 7632.3 10.8252
-7.909e-07 7642.44 10.8407
-9.12853e-07 7654.48 10.8591
-1.04073e-06 7668.55 10.8807
-1.05515e-05 7675.8 10.8918
-2.75383e-05 7675.8 10.8918
1.17294e-06 7684.8 10.9056
1.30691e-06 7703.41 10.9343
1.43698e-06 7724.53 10.9668
-1.10447e-05 7724.66 10.967
-2.49483e-05 7724.66 10.967
1.57134e-06 7748.31 11.0036
-9.71389e-06 7761.13 11.0235
-2.30391e-05 7761.13 11.0235
-1.69903e-06 7774.87 11.0449
-9.30581e-06 7787.88 11.0651
-2.04876e-05 7787.88 11.0651
1.81625e-06 7804.26 11.0907
-7.89113e-06 7806.96 11.0949
-1.77599e-05 7806.96 11.0949
6.06358e-06 7819.82 11.115
1.38755e-05 7819.82 11.115
-3.73148e-06 7827.33 11.1267
7.86207e-06 7827.33 11.1267
1.91225e-06 7836.42 11.141
3.09584e-05 7849.16 11.1609
6.98049e-05 7849.17 11.1609
1.97736e-06 7871.12 11.1955
2.00362e-06 7907.86 11.2534
-1.96623e-06 7945.78 11.3135
1.84353e-06 7983.51 11.3736
-4.20111e-07 7990.77 11.3852
-1.01449e-06 7990.78 11.3853
-9.51752e-07 7996.11 11.3938
-2.13464e-06 7996.12 11.3938
-1.65435e-06 8007.36 11.4118
-3.26017e-06 8007.36 11.4118
-1.61694e-06 8019.08 11.4306
-2.40207e-06 8026.34 11.4422
-4.25796e-06 8026.35 11.4422
-1.26233e-06 8049.83 11.48
3.14096e-06 8053.9 11.4865
-4.99054e-06 8053.9 11.4865
-7.61561e-07 8072.56 11.5166
3.7378e-06 8089.71 11.5443
-5.43764e-06 8089.71 11.5443
7.08662e-08 8090.94 11.5463
4.13829e-06 8132.68 11.6141
5.60894e-06 8132.68 11.6141
4.21674e-06 8181.53 11.6937
5.60562e-06 8181.53 11.6937
1.38686e-06 8190.5 11.7084
3.88847e-06 8235.36 11.7821
5.49017e-06 8235.36 11.7821
2.69008e-06 8239.82 11.7895
2.98582e-06 8294.08 11.8792
-5.34658e-06 8294.08 11.8792
3.83515e-06 8319.2 11.9209
-1.35986e-06 8358.49 11.9864
5.20957e-06 8358.5 11.9864
-4.76432e-06 8424.84 12.0978
-1.04658e-06 8430.1 12.1067
-5.04358e-06 8430.1 12.1067
-4.17134e-06 8510.25 12.2424
4.62626e-06 8510.25 12.2424
7.60389e-07 8544.89 12.3015
5.43922e-06 8552.22 12.314
-1.52514e-06 8556.37 12.3211
-4.15797e-07 8565.03 12.336
-1.92468e-06 8565.03 12.336
-2.2887e-06 8575.8 12.3544
-1.92395e-06 8577.06 12.3566
-2.54353e-06 8577.06 12.3566
4.21067e-07 8592.61 12.3833
7.73703e-06 8592.61 12.3833
3.03696e-06 8603.42 12.4019
4.45251e-06 8605.55 12.4056
3.50248e-06 8605.55 12.4056
4.33689e-06 8630.05 12.4478
-4.4506e-06 8630.05 12.4478
-3.74519e-06 8639.29 12.4637
2.59728e-06 8664.71 12.5077
8.78481e-06 8664.71 12.5077
-4.37975e-06 8683.18 12.5398
-5.83915e-06 8696.5 12.5629
3.60851e-06 8702.42 12.5732
-9.21034e-06 8702.42 12.5732
-5.51217e-06 8714.12 12.5936
5.68352e-06 8714.12 12.5936
-4.9107e-06 8734.42 12.629
-2.72448e-05 8734.88 12.6298
4.80122e-11 8740.36 12.6394
-2.52077e-06 8762.37 12.6779
-1.13864e-05 8762.37 12.6779
-5.30894e-06 8792.02 12.73
1.02462e-05 8803.66 12.7505
-3.91444e-06 8803.66 12.7505
-3.75049e-06 8823.46 12.7853
7.90762e-06 8823.46 12.7853
5.95388e-06 8852.94 12.8375
-5.55677e-06 8854.71 12.8406
2.66523e-06 8872.4 12.872
-1.23562e-05 8872.41 12.872
-3.05735e-06 8915.86 12.9493
-2.82212e-06 8915.86 12.9493
5.64363e-06 8921.03 12.9585
4.97092e-06 8941.83 12.9956
-1.07001e-05 8941.83 12.9956
-5.57486e-06 8989.48 13.0811
-6.70555e-06 8998.04 13.0965
-1.23209e-06 8998.04 13.0965
5.79327e-06 9017.13 13.1309
-7.00859e-06 9031.77 13.1573
-5.31946e-06 9031.77 13.1573
-5.36089e-06 9058.57 13.2058
-6.93436e-06 9073.47 13.2328
-2.49915e-06 9073.47 13.2328
-1.60539e-05 9094.52 13.271
4.82161e-06 9125.48 13.3274
4.56313e-06 9125.48 13.3274
-5.01959e-06 9126.92 13.3301
6.84414e-06 9149.55 13.3714
-2.69788e-06 9149.55 13.3714
-5.36795e-06 9185.13 13.4367
-4.57566e-06 9193.27 13.4516
3.65878e-06 9210.1 13.4826
-4.01051e-06 9210.11 13.4826
6.67456e-06 9224.78 13.5097
-2.18993e-06 9224.78 13.5097
4.05759e-06 9256.51 13.5683
-3.66131e-06 9282.09 13.6157
-3.56259e-06 9282.1 13.6157
-6.09574e-06 9295.97 13.6415
-8.98617e-07 9295.98 13.6415
3.49555e-06 9315.66 13.6782
-4.06815e-06 9338.18 13.7202
-2.63455e-06 9338.18 13.7202
-4.70046e-06 9353.5 13.7488
4.42669e-06 9357.06 13.7555
5.03041e-07 9357.06 13.7555
2.9182e-06 9369.9 13.7795
4.54608e-06 9374.46 13.7881
-1.048e-06 9374.47 13.7881
5.64811e-06 9411.01 13.8567
7.69412e-07 9411.01 13.8567
2.35342e-06 9418.51 13.8708
1.82455e-06 9460.87 13.9508
5.69487e-06 9461.67 13.9523
-2.01233e-06 9461.67 13.9523
-1.32706e-06 9478.08 13.9834
1.34843e-06 9496.44 14.0182
3.81788e-06 9519.34 14.0618
2.61677e-06 9519.61 14.0623
5.29874e-06 9520.94 14.0648
2.83926e-06 9520.94 14.0648
-9.34125e-07 9524.73 14.0721
6.91066e-07 9531.63 14.0852
5.81164e-07 9545.31 14.1113
-1.38244e-06 9549.15 14.1186
2.76844e-07 9557.83 14.1352
2.0777e-06 9577.47 14.1728
4.81082e-06 9580.9 14.1794
-3.08613e-06 9580.9 14.1794
3.85962e-06 9585.05 14.1873
-2.77196e-06 9615.29 14.2454
-4.33873e-06 9637.2 14.2876
-2.95343e-06 9637.2 14.2876
-3.46255e-06 9660.88 14.3333
5.08337e-06 9670.01 14.3509
-2.75439e-06 9680.22 14.3707
3.82497e-06 9687.31 14.3844
2.60666e-06 9687.31 14.3844
4.11395e-06 9711.88 14.4321
1.42616e-10 9727.84 14.4631
3.21717e-06 9729.49 14.4663
-2.14334e-06 9729.49 14.4663
-1.6236e-06 9762.68 14.531
2.50182e-06 9762.68 14.531
4.44079e-06 9764.29 14.5341
6.3245e-06 9770.05 14.5454
1.24474e-06 9779.34 14.5636
9.19416e-07 9779.59 14.564
-1.08425e-06 9786.35 14.5773
1.70132e-06 9786.35 14.5773
-5.39639e-07 9800.44 14.6049
8.58584e-07 9800.44 14.6049
-1.98081e-06 9803.85 14.6116
1.81471e-06 9810.98 14.6255
3.98534e-06 9819.92 14.6431
-1.54854e-06 9834.15 14.6711
-1.96283e-06 9837.14 14.6769
4.57978e-06 9852.82 14.7078
-7.61852e-06 9881.12 14.7636
-7.35701e-06 9889.4 14.78
2.0598e-05 9917.42 14.8355
7.71228e-06 9936.68 14.8738
2.43978e-07 9979.51 14.9591
6.97161e-06 9986.92 14.9739
-8.98677e-06 9999.67 14.9994
-5.86975e-06 10044 15.0882
1.82082e-06 10068.3 15.137
1.28101e-06 10073.7 15.148
-6.51247e-06 10103.7 15.2085
-1.11281e-06 10115 15.2314
1.04342e-05 10122.7 15.2469
-1.2384e-06 10125.5 15.2526
-1.31096e-10 10134.1 15.27
-9.38106e-12 10134.1 15.27
-5.23681e-06 10136.8 15.2754
5.93643e-06 10160.8 15.3242
-2.96425e-06 10197.2 15.3983
0.000203425 10200.2 15.4044
4.7937e-06 10200.2 15.4044
7.81499e-06 10203.1 15.4103
-3.56491e-06 10223 15.4509
2.47434e-06 10239.7 15.4851
1.19508e-05 10247.7 15.5015
8.83694e-06 10260.4 15.5276
-2.69167e-06 10267.4 15.5419
2.72818e-06 10280.8 15.5696
5.77732e-06 10302.5 15.6142
-1.25402e-05 10302.5 15.6142
-7.77786e-06 10312 15.6338
-4.83181e-06 10319.3 15.6488
-2.28749e-06 10326.9 15.6646
3.79305e-06 10352.7 15.7178
6.82064e-06 10363.1 15.7393
-1.35119e-05 10372.4 15.7586
-3.78547e-06 10375.9 15.766
7.62071e-06 10412.6 15.8422
-7.1491e-07 10427.8 15.8739
-7.76457e-06 10450.8 15.9219
5.02211e-06 10453.4 15.9274
4.96655e-06 10476.7 15.9761
5.21354e-06 10486.9 15.9975
1.50839e-05 10494.9 16.0143
6.0834e-06 10502.5 16.0303
-4.69594e-06 10519.1 16.0651
-3.88834e-07 10525.8 16.0793
3.89408e-06 10530.5 16.0891
-3.55668e-06 10532.5 16.0934
6.11356e-06 10541.4 16.1121
-1.52755e-06 10542.8 16.1151
-1.99408e-06 10558.1 16.1475
-1.66261e-05 10613.8 16.2652
-7.01104e-06 10616.2 16.2703
7.62143e-06 10677.5 16.4009
-9.59984e-05 10723.7 16.4998
-7.70573e-06 10724.8 16.5022
1.80897e-05 10727.6 16.5081
6.31217e-06 10757.1 16.5716
-2.35837e-05 10792.9 16.6488
1.02106e-07 10811.3 16.6885
1.94412e-05 10835.3 16.7403
-2.06239e-05 10935.9 16.9594
2.15943e-05 11028.7 17.1631
2.22995e-05 11112.9 17.3498
2.26695e-05 11188.2 17.5176
-2.25972e-05 11254.1 17.6654
-2.18996e-05 11310 17.7917
2.02434e-05 11355.8 17.8955
1.70114e-05 11391 17.9755
1.10607e-05 11414.8 18.0298
-9.14965e-07 11434.8 18.0755
9.78411e-05 11492.5 18.2078
1.3627e-06 12032.6 19.4784
1.09037e-07 12032.6 19.4784
3.10732e-06 12034.7 19.4835
2.67946e-07 12034.7 19.4835
-5.31414e-06 12039.6 19.4952
5.0292e-07 12039.6 19.4952
-7.85636e-06 12048.8 19.5174
-8.22067e-07 12048.8 19.5175
1.05364e-05 12064.2 19.5544
1.22208e-06 12064.2 19.5544
1.31455e-05 12087.1 19.6097
-1.68965e-06 12087.1 19.6097
1.55004e-05 12118.7 19.6864
-2.20303e-06 12118.7 19.6864
-1.74663e-05 12159.8 19.786
-2.7342e-06 12159.8 19.7861
1.89653e-05 12210.4 19.9094
3.25202e-06 12210.4 19.9094
1.99729e-05 12270.3 20.056
3.72502e-06 12270.3 20.056
-2.05057e-05 12338.7 20.2243
4.12422e-06 12338.7 20.2243
2.06069e-05 12414.5 20.412
-4.42517e-06 12414.5 20.412
2.3298e-13 12463.3 20.5335
-2.03321e-05 12496.3 20.6157
4.60956e-06 12496.3 20.6157
-1.97385e-05 12582.4 20.8317
4.66623e-06 12582.4 20.8317
-1.8876e-05 12670.9 21.0553
-4.59154e-06 12670.9 21.0553
1.77807e-05 12759.8 21.2812
4.38936e-06 12759.8 21.2812
1.64712e-05 12846.7 21.5038
4.0701e-06 12846.7 21.5038
1.49456e-05 12929.3 21.7166
-3.64935e-06 12929.3 21.7166
2.90487e-05 12969.9 21.8218
-1.31821e-05 13005 21.9131
3.14592e-06 13005 21.9131
-1.11441e-05 13071.5 22.0865
2.57939e-06 13071.5 22.0865
8.79291e-06 13126.4 22.2303
1.96795e-06 13126.4 22.2304
6.11279e-06 13167.5 22.3384
1.32674e-06 13167.5 22.3384
3.14329e-06 13193 22.4055
6.67602e-07 13193 22.4055
-8.70704e-05 13658.7 23.6561
-5.17275e-06 13658.7 23.6561
2.9444e-12 13682.3 23.7206
6.75695e-13 13682.3 23.7206
