-3.7148e-05 31.8414 5.0001
-3.90763e-05 60.7428 5.00037
-2.69239e-05 64.108 5.00041
-1.90264e-05 80.3321 5.00065
3.37359e-06 103.852 5.00108
9.34153e-06 116.093 5.00135
-2.79989e-05 125.478 5.00158
-6.75301e-06 146.353 5.00214
-2.05164e-05 156.524 5.00245
9.58566e-06 179.183 5.00321
6.48614e-06 214.588 5.00461
1.25653e-05 245.699 5.00604
8.50707e-06 250.745 5.00629
-3.86546e-05 266.081 5.00708
1.72104e-05 285.714 5.00816
6.76895e-06 333.572 5.01113
1.13179e-05 347.985 5.01211
-2.08576e-05 364.486 5.01329
-2.79574e-05 380.008 5.01444
-1.2586e-06 445.777 5.01987
-1.44984e-05 449.711 5.02022
-2.09935e-05 484.091 5.02344
-2.53063e-05 498.428 5.02484
-3.73589e-06 529.528 5.02804
1.16608e-05 543.448 5.02953
-2.72642e-05 615.213 5.03785
-1.69113e-05 631.873 5.03993
-7.93184e-06 639.452 5.04089
-1.4397e-05 641.13 5.04111
9.25869e-06 720.839 5.05196
6.80534e-06 747.822 5.05592
3.36361e-06 757.605 5.0574
-2.74582e-05 766.095 5.05869
-1.10221e-05 831.438 5.06913
-1.41876e-06 868.374 5.07541
1.28697e-05 893.297 5.0798
2.1616e-05 896.553 5.08038
2.49446e-06 967.931 5.09369
-1.21442e-06 995.761 5.09915
-2.28631e-05 1020.78 5.1042
7.86826e-06 1027.03 5.10548
8.2323e-06 1095.42 5.11999
-5.39313e-06 1118.32 5.12506
2.12511e-06 1145.14 5.13114
2.27311e-05 1161.61 5.13493
1.96438e-06 1243.08 5.15452
-6.92961e-06 1257.88 5.15823
6.18184e-06 1273.98 5.1623
2.13672e-05 1298.29 5.16856
-5.80736e-06 1324.09 5.17532
-6.52166e-06 1415.92 5.20048
-1.00253e-05 1420.06 5.20166
1.83946e-05 1434.86 5.20588
4.24059e-06 1518.5 5.23058
-1.36571e-05 1570.54 5.24666
3.10983e-06 1571.97 5.24711
1.72987e-05 1572.74 5.24735
1.32661e-05 1711.24 5.29283
-2.6988e-06 1712.68 5.29333
-1.31391e-05 1720.18 5.2959
1.58272e-05 1731.96 5.29997
1.24932e-05 1845.03 5.34041
3.48652e-06 1852.15 5.34305
-8.33016e-06 1892.28 5.35807
2.08316e-05 1897.39 5.36001
7.17357e-06 1970.28 5.3882
-1.85072e-06 1986.89 5.39477
-1.80784e-05 2054.02 5.4219
1.84491e-05 2066.78 5.42716
-5.07521e-06 2122.11 5.45033
5.46037e-06 2153.31 5.46368
-2.74245e-05 2220.8 5.4932
6.75181e-06 2233.03 5.49864
-9.26488e-06 2255.15 5.50857
-1.07455e-05 2279.25 5.5195
-8.74925e-06 2372 5.56264
-3.25122e-05 2381.85 5.56732
9.56624e-06 2385.06 5.56885
1.29369e-05 2443.51 5.59708
3.46791e-05 2483.4 5.61673
-3.1499e-05 2484.1 5.61708
4.88406e-06 2504.92 5.62746
-7.76037e-06 2592.95 5.67234
5.07488e-06 2620.81 5.68686
6.45654e-06 2718.27 5.7389
-7.40901e-06 2770.83 5.76775
8.45281e-06 2796.78 5.7822
-4.81036e-07 2817.13 5.79362
1.63008e-07 2820.96 5.79578
-1.34791e-06 2834.54 5.80346
-4.46456e-07 2835.44 5.80397
-2.10404e-06 2853.18 5.81406
2.96431e-06 2856.38 5.81589
-5.18199e-06 2857.74 5.81667
1.11088e-06 2884.41 5.83198
3.30545e-07 2888.01 5.83406
3.05613e-06 2892.07 5.83641
2.57102e-06 2926.33 5.85634
-7.31742e-06 2927.16 5.85683
3.59346e-07 2928.95 5.85788
-3.64023e-05 2967.31 5.88049
4.98296e-06 2972.97 5.88386
-2.72176e-06 2978.65 5.88723
-1.98703e-06 3034.06 5.92055
-1.27581e-07 3036.69 5.92215
-6.53697e-06 3077.38 5.94703
-2.63136e-06 3098.68 5.96018
3.24816e-07 3100.87 5.96154
-1.58234e-07 3169.52 6.00459
2.57842e-06 3172.07 6.00621
-4.84548e-06 3215.58 6.034
-1.55213e-06 3240.61 6.05016
-2.20773e-06 3244.79 6.05286
3.68619e-06 3321.48 6.10322
-8.58703e-07 3325.47 6.10587
1.71894e-06 3326.01 6.10624
1.63481e-06 3354.43 6.12522
7.66132e-06 3356.59 6.12667
4.26987e-06 3427.72 6.17493
-1.06925e-06 3430.28 6.17669
8.11347e-06 3473.91 6.2068
6.34734e-07 3474.76 6.2074
-8.77077e-06 3561.52 6.26844
-3.39952e-06 3562.03 6.26881
9.56024e-07 3593.69 6.29146
-4.5906e-06 3594.34 6.29193
2.63802e-06 3710.63 6.37688
5.59823e-06 3710.72 6.37694
-7.63672e-06 3719.95 6.3838
6.80775e-06 3720.69 6.38436
2.14765e-05 3747.22 6.40416
3.79991e-07 3810.42 6.45193
-1.27598e-06 3833.78 6.46979
7.35982e-06 3834.29 6.47018
-6.01745e-06 3874.11 6.50088
-7.80218e-06 3874.72 6.50135
3.38971e-05 3921.8 6.53806
-2.36634e-06 3924.08 6.53984
2.76531e-05 3926.02 6.54136
3.74887e-06 3928.04 6.54295
-2.88445e-05 3932.88 6.54675
2.2454e-06 3936.76 6.54981
1.86484e-05 3941.14 6.55326
-9.21297e-06 3945.1 6.55638
1.13513e-05 3951.24 6.56123
4.59214e-06 3961.08 6.56902
-1.28691e-05 3961.47 6.56932
1.72798e-05 3964.53 6.57175
-6.80162e-05 3971.69 6.57743
-3.98784e-06 3979.3 6.58348
-1.04568e-05 3980.42 6.58438
1.55832e-05 3984.01 6.58724
1.79252e-05 3984.25 6.58743
1.2998e-05 3987.25 6.58982
1.58223e-05 3992.61 6.5941
-2.13006e-05 3998.32 6.59865
8.55294e-06 4005.1 6.60409
-2.12436e-06 4006.21 6.60497
1.64158e-05 4006.42 6.60514
-1.85454e-05 4007.62 6.6061
-1.51838e-05 4014.33 6.61148
1.78355e-05 4022.2 6.61781
1.64281e-05 4033.85 6.6272
1.94722e-05 4035.64 6.62864
-1.70208e-05 4044.95 6.63616
1.65557e-05 4056.73 6.64571
1.34514e-05 4060.91 6.6491
2.1674e-05 4066.41 6.65357
1.43406e-05 4069.34 6.65595
-1.72031e-05 4082.06 6.66632
7.83761e-06 4082.19 6.66643
7.49861e-06 4082.43 6.66662
-8.7916e-06 4094.93 6.67684
-2.1048e-05 4099.02 6.6802
1.25668e-05 4099.46 6.68056
2.34454e-07 4105.95 6.68588
9.81983e-08 4106.37 6.68623
1.08771e-05 4109.45 6.68876
4.40225e-06 4116.3 6.69439
-8.15375e-06 4122.3 6.69933
2.36818e-05 4134.67 6.70955
-5.1386e-06 4135.37 6.71013
7.17053e-09 4139.01 6.71314
7.15072e-06 4147.32 6.72003
1.5298e-05 4151.25 6.72329
-2.75018e-06 4151.54 6.72353
-4.38133e-06 4157.97 6.72887
2.70612e-06 4167.12 6.73649
-1.89692e-05 4171.43 6.74009
-1.0954e-05 4173.23 6.74159
-1.74665e-06 4173.93 6.74217
-5.79821e-07 4178.21 6.74575
1.80307e-05 4209.75 6.7722
-8.35947e-06 4210.08 6.77248
-1.41095e-05 4210.14 6.77253
2.16479e-06 4214.77 6.77643
1.80326e-05 4248.6 6.80506
-1.63464e-05 4260.11 6.81485
3.4497e-06 4260.18 6.81492
5.49909e-06 4263.25 6.81753
-1.2685e-08 4272.29 6.82524
-1.50693e-05 4286.26 6.83721
1.14635e-05 4310.35 6.85791
7.11902e-06 4327.19 6.87246
-2.58543e-07 4341.86 6.88517
1.11309e-05 4342.42 6.88566
7.49472e-06 4364.02 6.90447
2.85418e-06 4376.44 6.91532
-2.65046e-06 4384.82 6.92267
-2.78969e-07 4448.44 6.97886
1.30145e-06 4481.3 7.0082
3.84059e-07 4504.61 7.02916
-2.71807e-06 4504.62 7.02916
1.08794e-05 4509.47 7.03353
9.14252e-06 4509.64 7.03369
-1.64189e-07 4516.65 7.04001
6.51826e-06 4519.15 7.04227
2.02731e-05 4519.19 7.04231
2.63736e-05 4533.14 7.05493
6.84376e-07 4533.25 7.05504
-2.63288e-06 4552.56 7.07258
2.83567e-05 4552.6 7.07262
-2.64884e-05 4574.17 7.0923
-9.23236e-08 4574.27 7.09239
7.47626e-07 4579.41 7.0971
-3.57232e-06 4579.53 7.09721
-1.83156e-07 4588.15 7.10511
1.00933e-05 4590.61 7.10738
-1.39331e-06 4590.81 7.10756
2.71177e-05 4604.95 7.12056
-1.13399e-05 4605.15 7.12074
-5.13395e-06 4619.65 7.13411
-2.60765e-05 4637.99 7.15109
-8.40736e-06 4638.11 7.15121
6.2471e-06 4650.54 7.16275
-5.52679e-06 4650.6 7.16281
-1.01938e-06 4661.65 7.1731
6.80456e-07 4665.6 7.17679
-7.50249e-06 4665.72 7.17689
3.74671e-06 4679.85 7.1901
2.58861e-05 4679.88 7.19013
-4.37691e-06 4708.98 7.21745
-2.22512e-05 4709.18 7.21764
7.09194e-06 4724.98 7.23255
-1.50788e-06 4725.07 7.23263
1.73429e-06 4736.26 7.24321
-4.142e-06 4744.29 7.25083
8.05172e-06 4744.63 7.25115
8.24167e-06 4749.82 7.25608
-2.43365e-05 4752.2 7.25834
3.01897e-07 4752.24 7.25838
1.6545e-05 4780.11 7.28495
-6.18195e-06 4780.12 7.28496
-4.25363e-06 4782.01 7.28676
6.05156e-07 4782.18 7.28693
1.80428e-05 4804.04 7.30788
-6.52809e-06 4804.18 7.30802
7.51366e-06 4807.9 7.31159
9.75604e-06 4807.92 7.31162
2.48679e-06 4811.09 7.31466
8.17355e-07 4815.13 7.31855
-2.84352e-06 4815.27 7.31868
1.52964e-05 4823.97 7.32707
-2.21195e-05 4824.01 7.32711
-1.1706e-05 4868.55 7.37028
3.05893e-06 4885.25 7.38657
1.80465e-07 4899.07 7.40009
2.2118e-07 4899.08 7.4001
-2.70078e-05 4913.69 7.41443
-1.22596e-05 4913.76 7.4145
3.39394e-06 4958.05 7.45823
1.33941e-05 4972.15 7.47223
3.46484e-06 5028.49 7.52857
-1.45753e-05 5057.27 7.5576
-3.08935e-06 5095.58 7.59649
-1.54082e-05 5123.13 7.62465
-2.43883e-06 5158.09 7.66059
-1.59473e-05 5170.58 7.67349
-1.6517e-05 5202.93 7.70704
1.73155e-06 5214.71 7.71932
-1.61493e-05 5223.95 7.72896
1.47998e-05 5237.16 7.74278
1.24963e-05 5245.37 7.75139
-9.79735e-06 5250.54 7.75682
-7.40448e-06 5253.85 7.76029
6.09698e-06 5256.3 7.76287
-5.0605e-06 5258.33 7.765
-4.33411e-06 5260.21 7.76699
-3.71164e-06 5262.13 7.769
2.94895e-06 5263.81 7.77077
1.18902e-06 5264.18 7.77116
-2.0233e-06 5265.24 7.77228
1.10648e-06 5266.12 7.7732
5.29818e-07 5305.38 7.81471
-7.53747e-08 5337.72 7.84912
-6.57159e-08 5354.27 7.86682
-6.80058e-08 5360.88 7.87391
8.7545e-08 5374.83 7.88888
-5.40339e-05 5390.56 7.90582
4.42897e-09 5420.29 7.93795
-5.23214e-05 5589.08 8.12378
3.86414e-08 5911.42 8.49449
1.17981e-08 5911.43 8.4945
-6.35914e-05 5917.21 8.50134
-6.06577e-05 5917.21 8.50134
1.31809e-06 6112.79 8.73662
2.70711e-06 6118.87 8.74406
-4.27256e-06 6130.95 8.75886
-5.9004e-06 6151.66 8.7843
7.52927e-06 6184.18 8.82441
-9.01162e-06 6231.38 8.88301
1.02266e-05 6294.6 8.96221
-1.64855e-06 6310.71 8.98251
1.45653e-06 6310.71 8.98251
-4.17152e-06 6325.5 9.0012
-8.22826e-07 6325.5 9.0012
-3.5789e-07 6347.74 9.02938
-6.242e-06 6347.74 9.02939
-1.10694e-05 6372.41 9.06076
2.21336e-06 6376.55 9.06605
-8.2998e-06 6376.56 9.06605
1.10853e-05 6413.89 9.1138
-3.57232e-06 6413.89 9.1138
-1.151e-05 6460.07 9.17325
5.83982e-06 6464.43 9.17888
1.42809e-05 6464.43 9.17889
1.34261e-05 6533.81 9.26907
-1.40231e-05 6533.81 9.26907
1.16046e-05 6550.23 9.29055
1.57165e-05 6626.06 9.39046
1.66021e-05 6626.06 9.39047
-1.13919e-05 6633.77 9.40069
-9.85031e-06 6697.03 9.48503
1.10006e-06 6705.12 9.49587
3.3598e-06 6721.09 9.51731
-4.40919e-06 6727.03 9.52529
-1.17563e-05 6741.4 9.54465
2.21537e-05 6741.4 9.54465
-6.15806e-07 6756.11 9.56451
6.02639e-06 6759.21 9.5687
2.22151e-06 6792.96 9.61443
-3.9568e-06 6795.55 9.61795
-8.81222e-07 6826.85 9.66059
3.08799e-06 6827.2 9.66107
4.41412e-07 6849.28 9.69127
1.54404e-06 6849.67 9.69181
2.96497e-06 6875.44 9.72717
2.56262e-05 6875.44 9.72718
-2.48299e-05 7020.17 9.92827
-3.78159e-06 7020.17 9.92828
-1.55421e-05 7165.95 10.1351
-1.74493e-05 7165.95 10.1351
-9.49552e-10 7269.06 10.2839
1.25404e-05 7303.57 10.3342
1.68633e-05 7303.57 10.3342
2.13738e-05 7402.62 10.4799
-1.73569e-05 7425.86 10.5143
6.33623e-06 7425.86 10.5143
6.20242e-06 7528.75 10.6682
1.4878e-05 7528.75 10.6682
4.33628e-07 7606.31 10.7856
8.73253e-07 7608.46 10.7889
1.29534e-05 7611.48 10.7935
5.64339e-06 7611.48 10.7935
1.31728e-06 7612.08 10.7944
1.76568e-06 7617.21 10.8022
-2.22772e-06 7623.92 10.8124
-2.69683e-06 7632.3 10.8252
-3.18334e-06 7642.44 10.8407
-3.67767e-06 7654.48 10.8591
-4.18646e-06 7668.55 10.8807
-1.1745e-05 7675.8 10.8918
4.43343e-06 7675.8 10.8918
4.70623e-06 7684.8 10.9056
5.23011e-06 7703.41 10.9343
5.74909e-06 7724.53 10.9668
-1.07705e-05 7724.66 10.967
3.41874e-06 7724.66 10.967
6.25272e-06 7748.31 11.0036
-1.00317e-05 7761.13 11.0235
2.0328e-06 7761.13 11.0235
-6.7261e-06 7774.87 11.0449
-9.08853e-06 7787.88 11.0651
1.4141e-06 7787.88 11.0651
7.14132e-06 7804.26 11.0907
-7.93589e-06 7806.96 11.0949
7.20484e-07 7806.96 11.0949
6.22992e-06 7819.82 11.115
-2.80048e-07 7819.82 11.115
-3.59307e-06 7827.33 11.1267
-1.90588e-07 7827.33 11.1267
7.46466e-06 7836.42 11.141
3.20028e-05 7849.16 11.1609
1.44917e-06 7849.17 11.1609
7.6514e-06 7871.12 11.1955
7.65366e-06 7907.86 11.2534
-7.40347e-06 7945.78 11.3135
6.83423e-06 7983.51 11.3736
-7.11184e-07 7990.77 11.3852
-1.01335e-06 7990.78 11.3853
-1.53253e-06 7996.11 11.3938
-2.13672e-06 7996.12 11.3938
-2.50696e-06 8007.36 11.4118
-3.26029e-06 8007.36 11.4118
-5.88825e-06 8019.08 11.4306
-3.53332e-06 8026.34 11.4422
-4.26191e-06 8026.35 11.4422
-4.52012e-06 8049.83 11.48
4.63185e-06 8053.9 11.4865
-4.99089e-06 8053.9 11.4865
-2.68807e-06 8072.56 11.5166
5.76899e-06 8089.71 11.5443
-5.43903e-06 8089.71 11.5443
2.46901e-07 8090.94 11.5463
7.00541e-06 8132.68 11.6141
5.60497e-06 8132.68 11.6141
8.33588e-06 8181.53 11.6937
5.60857e-06 8181.53 11.6937
3.83121e-06 8190.5 11.7084
9.78154e-06 8235.36 11.7821
5.49101e-06 8235.36 11.7821
7.58585e-06 8239.82 11.7895
1.12093e-05 8294.08 11.8792
-5.33877e-06 8294.08 11.8792
1.1196e-05 8319.2 11.9209
-1.22985e-05 8358.49 11.9864
5.1829e-06 8358.5 11.9864
-1.46148e-05 8424.84 12.0978
1.24306e-05 8430.1 12.1067
-5.03478e-06 8430.1 12.1067
1.03531e-05 8510.25 12.2424
4.63231e-06 8510.25 12.2424
9.09034e-07 8544.89 12.3015
1.7811e-05 8552.22 12.314
-1.87153e-06 8556.37 12.3211
-4.16021e-07 8565.03 12.336
-2.42184e-06 8565.03 12.336
-2.92749e-06 8575.8 12.3544
-1.92527e-06 8577.06 12.3566
-7.29161e-06 8577.06 12.3566
4.23594e-07 8592.61 12.3833
5.60505e-06 8592.61 12.3833
4.09996e-06 8603.42 12.4019
4.44994e-06 8605.55 12.4056
-9.76504e-06 8605.55 12.4056
4.33348e-06 8630.05 12.4478
-1.90329e-05 8630.05 12.4478
-5.38757e-06 8639.29 12.4637
2.59768e-06 8664.71 12.5077
2.23371e-05 8664.71 12.5077
-6.76181e-06 8683.18 12.5398
-2.0772e-05 8696.5 12.5629
3.60798e-06 8702.42 12.5732
-3.41702e-06 8702.42 12.5732
-5.52473e-06 8714.12 12.5936
3.40755e-05 8714.12 12.5936
-8.19503e-06 8734.42 12.629
-1.42803e-05 8734.88 12.6298
1.02239e-10 8740.36 12.6394
-2.51932e-06 8762.37 12.6779
-4.27459e-05 8762.37 12.6779
-9.6264e-06 8792.02 12.73
1.0765e-05 8803.66 12.7505
-3.90119e-06 8803.66 12.7505
-3.40112e-06 8823.46 12.7853
5.25511e-05 8823.46 12.7853
2.34891e-05 8852.94 12.8375
-1.10091e-05 8854.71 12.8406
2.66525e-06 8872.4 12.872
-3.99395e-05 8872.41 12.872
-4.20146e-05 8915.86 12.9493
-2.8078e-06 8915.86 12.9493
1.22805e-05 8921.03 12.9585
5.21658e-06 8941.83 12.9956
-2.66136e-05 8941.83 12.9956
-1.34038e-05 8989.48 13.0811
-3.97312e-05 8998.04 13.0965
-1.19832e-06 8998.04 13.0965
2.59731e-05 9017.13 13.1309
-2.55849e-06 9031.77 13.1573
-5.3185e-06 9031.77 13.1573
-1.43322e-05 9058.57 13.2058
-3.1841e-05 9073.47 13.2328
-2.49986e-06 9073.47 13.2328
-4.52385e-05 9094.52 13.271
-1.3132e-06 9125.48 13.3274
4.56283e-06 9125.48 13.3274
-1.50263e-05 9126.92 13.3301
2.55107e-05 9149.55 13.3714
-2.69881e-06 9149.55 13.3714
-2.82224e-05 9185.13 13.4367
-1.5452e-05 9193.27 13.4516
2.24585e-07 9210.1 13.4826
-4.01039e-06 9210.11 13.4826
2.03762e-05 9224.78 13.5097
-2.19025e-06 9224.78 13.5097
1.55774e-05 9256.51 13.5683
-3.93679e-06 9282.09 13.6157
-3.56254e-06 9282.1 13.6157
-1.52213e-05 9295.97 13.6415
-8.97814e-07 9295.98 13.6415
1.53728e-05 9315.66 13.6782
-6.3679e-06 9338.18 13.7202
-2.63476e-06 9338.18 13.7202
-3.02429e-05 9353.5 13.7488
8.49008e-06 9357.06 13.7555
5.03122e-07 9357.06 13.7555
1.48086e-05 9369.9 13.7795
7.27532e-06 9374.46 13.7881
-1.04764e-06 9374.47 13.7881
7.31151e-06 9411.01 13.8567
7.69344e-07 9411.01 13.8567
1.38577e-05 9418.51 13.8708
1.2497e-05 9460.87 13.9508
4.1446e-06 9461.67 13.9523
-2.01153e-06 9461.67 13.9523
3.30501e-06 9478.08 13.9834
1.07128e-05 9496.44 14.0182
3.20359e-05 9519.34 14.0618
-6.63054e-06 9519.61 14.0623
4.71969e-07 9520.94 14.0648
2.83907e-06 9520.94 14.0648
-8.51081e-06 9524.73 14.0721
-2.70461e-06 9531.63 14.0852
5.92796e-06 9545.31 14.1113
5.40699e-06 9549.15 14.1186
3.04702e-06 9557.83 14.1352
-8.09793e-06 9577.47 14.1728
-2.09721e-06 9580.9 14.1794
-3.08641e-06 9580.9 14.1794
-9.96457e-06 9585.05 14.1873
1.07284e-05 9615.29 14.2454
3.43602e-06 9637.2 14.2876
-2.95201e-06 9637.2 14.2876
1.32495e-05 9660.88 14.3333
-1.32781e-05 9670.01 14.3509
-3.36022e-05 9680.22 14.3707
-3.8577e-06 9687.31 14.3844
2.60266e-06 9687.31 14.3844
-1.55478e-05 9711.88 14.4321
-1.53622e-11 9727.84 14.4631
-3.64663e-06 9729.49 14.4663
-2.14075e-06 9729.49 14.4663
-1.62295e-06 9762.68 14.531
-3.01547e-06 9762.68 14.531
-1.69335e-05 9764.29 14.5341
-1.65012e-05 9770.05 14.5454
-5.38179e-06 9779.34 14.5636
-1.42696e-06 9779.59 14.564
-1.08029e-06 9786.35 14.5773
-2.12451e-06 9786.35 14.5773
-5.39522e-07 9800.44 14.6049
-1.09016e-06 9800.44 14.6049
9.48671e-06 9803.85 14.6116
-8.9979e-06 9810.98 14.6255
-1.30335e-05 9819.92 14.6431
-3.49413e-05 9834.15 14.6711
9.35779e-06 9837.14 14.6769
-1.78778e-05 9852.82 14.7078
1.95727e-05 9881.12 14.7636
2.32037e-05 9889.4 14.78
-0.000161035 9917.42 14.8355
-2.06811e-05 9936.68 14.8738
3.60559e-05 9979.51 14.9591
-1.56817e-05 9986.92 14.9739
2.24357e-05 9999.67 14.9994
1.12707e-05 10044 15.0882
-7.03575e-06 10068.3 15.137
-5.55856e-06 10073.7 15.148
1.56815e-05 10103.7 15.2085
3.69442e-05 10115 15.2314
-2.50441e-05 10122.7 15.2469
-1.19671e-06 10125.5 15.2526
-9.0509e-11 10134.1 15.27
-9.21776e-12 10134.1 15.27
1.55358e-05 10136.8 15.2754
-1.37698e-05 10160.8 15.3242
3.8882e-06 10197.2 15.3983
-1.86472e-05 10200.2 15.4044
4.79408e-06 10200.2 15.4044
-2.15316e-05 10203.1 15.4103
6.30521e-06 10223 15.4509
-3.7612e-05 10239.7 15.4851
-2.7362e-05 10247.7 15.5015
-2.11755e-05 10260.4 15.5276
8.52021e-06 10267.4 15.5419
-3.42706e-06 10280.8 15.5696
4.43878e-05 10302.5 15.6142
-1.25406e-05 10302.5 15.6142
1.98085e-05 10312 15.6338
1.02322e-05 10319.3 15.6488
3.84377e-06 10326.9 15.6646
-3.80615e-05 10352.7 15.7178
-1.78885e-05 10363.1 15.7393
2.93601e-05 10372.4 15.7586
4.55681e-06 10375.9 15.766
-1.55843e-05 10412.6 15.8422
-2.4252e-06 10427.8 15.8739
1.40798e-05 10450.8 15.9219
-3.82887e-05 10453.4 15.9274
-1.06869e-05 10476.7 15.9761
-7.45862e-06 10486.9 15.9975
-3.10213e-05 10494.9 16.0143
-1.11341e-05 10502.5 16.0303
8.48372e-06 10519.1 16.0651
-3.70133e-07 10525.8 16.0793
-6.02994e-06 10530.5 16.0891
5.81036e-06 10532.5 16.0934
-3.82684e-05 10541.4 16.1121
2.17123e-06 10542.8 16.1151
2.7769e-06 10558.1 16.1475
3.23363e-05 10613.8 16.2652
3.79168e-05 10616.2 16.2703
-3.69776e-05 10677.5 16.4009
0.000152947 10723.7 16.4998
3.45749e-05 10724.8 16.5022
-3.32978e-05 10727.6 16.5081
-2.69167e-05 10757.1 16.5716
9.52523e-05 10792.9 16.6488
-4.01278e-07 10811.3 16.6885
-3.39303e-05 10835.3 16.7403
3.42244e-05 10935.9 16.9594
-3.41913e-05 11028.7 17.1631
-3.38235e-05 11112.9 17.3498
-3.30844e-05 11188.2 17.5176
3.18817e-05 11254.1 17.6654
3.00184e-05 11310 17.7917
-2.70995e-05 11355.8 17.8955
-2.23622e-05 11391 17.9755
-1.43618e-05 11414.8 18.0298
1.17576e-06 11434.8 18.0755
-0.000122022 11492.5 18.2078
-6.91617e-07 12032.6 19.4784
1.09032e-07 12032.6 19.4784
-1.69701e-06 12034.7 19.4835
2.67954e-07 12034.7 19.4835
3.18072e-06 12039.6 19.4952
5.02917e-07 12039.6 19.4952
5.19742e-06 12048.8 19.5174
-8.22068e-07 12048.8 19.5175
-7.7385e-06 12064.2 19.5544
1.22207e-06 12064.2 19.5544
-1.0747e-05 12087.1 19.6097
-1.68965e-06 12087.1 19.6097
-1.41293e-05 12118.7 19.6864
-2.20302e-06 12118.7 19.6864
1.77671e-05 12159.8 19.786
-2.7342e-06 12159.8 19.7861
-2.15296e-05 12210.4 19.9094
3.25202e-06 12210.4 19.9094
-2.52811e-05 12270.3 20.056
3.72502e-06 12270.3 20.056
2.8886e-05 12338.7 20.2243
4.12421e-06 12338.7 20.2243
-3.22105e-05 12414.5 20.412
-4.42517e-06 12414.5 20.412
-6.76657e-14 12463.3 20.5335
3.51221e-05 12496.3 20.6157
4.60956e-06 12496.3 20.6157
3.74883e-05 12582.4 20.8317
4.66623e-06 12582.4 20.8317
3.91735e-05 12670.9 21.0553
-4.59155e-06 12670.9 21.0553
-4.00352e-05 12759.8 21.2812
4.38936e-06 12759.8 21.2812
-3.99181e-05 12846.7 21.5038
4.0701e-06 12846.7 21.5038
-3.86499e-05 12929.3 21.7166
-3.64936e-06 12929.3 21.7166
-2.80194e-05 12969.9 21.8218
3.60421e-05 13005 21.9131
3.14592e-06 13005 21.9131
3.19062e-05 13071.5 22.0865
2.57939e-06 13071.5 22.0865
-2.61007e-05 13126.4 22.2303
1.96795e-06 13126.4 22.2304
-1.86226e-05 13167.5 22.3384
1.32674e-06 13167.5 22.3384
-9.72716e-06 13193 22.4055
6.676e-07 13193 22.4055
0.000339673 13658.7 23.6561
-5.17274e-06 13658.7 23.6561
1.01647e-12 13682.3 23.7206
7.02992e-13 13682.3 23.7206
