-4.29075e-05 31.8414 5.0001
-4.95856e-05 60.7428 5.00037
-3.60854e-05 64.108 5.00041
-2.36747e-05 80.3321 5.00065
9.33753e-06 103.852 5.00108
2.80179e-05 116.093 5.00135
-1.67429e-06 125.478 5.00158
-1.84443e-05 146.353 5.00214
-3.51814e-05 156.524 5.00245
7.4544e-06 179.183 5.00321
9.59311e-06 214.588 5.00461
-3.29085e-06 245.699 5.00604
-2.59386e-05 250.745 5.00629
-5.87406e-05 266.081 5.00708
2.92307e-05 285.714 5.00816
3.91143e-06 333.572 5.01113
2.29444e-05 347.985 5.01211
-4.69701e-05 364.486 5.01329
-1.02882e-07 380.008 5.01444
-2.11624e-05 445.777 5.01987
-4.14545e-05 449.711 5.02022
-7.96972e-06 484.091 5.02344
-7.15319e-06 498.428 5.02484
1.45444e-05 529.528 5.02804
3.91742e-05 543.448 5.02953
-4.10981e-05 615.213 5.03785
2.09738e-05 631.873 5.03993
-3.97174e-05 639.452 5.04089
-3.36662e-06 641.13 5.04111
3.66508e-05 720.839 5.05196
1.82817e-05 747.822 5.05592
3.34897e-05 757.605 5.0574
-9.19493e-07 766.095 5.05869
-2.9371e-05 831.438 5.06913
-7.75678e-06 868.374 5.07541
-1.33319e-05 893.297 5.0798
-3.00219e-06 896.553 5.08038
5.09805e-05 967.931 5.09369
-2.04954e-05 995.761 5.09915
1.1567e-05 1020.78 5.1042
-3.66168e-06 1027.03 5.10548
1.35797e-05 1095.42 5.11999
4.08938e-05 1118.32 5.12506
-2.17312e-05 1145.14 5.13114
2.77425e-06 1161.61 5.13493
-4.07278e-05 1243.08 5.15452
1.2567e-05 1257.88 5.15823
-2.68368e-05 1273.98 5.1623
-1.4668e-06 1298.29 5.16856
6.43029e-06 1324.09 5.17532
3.38666e-05 1415.92 5.20048
2.88807e-05 1420.06 5.20166
-1.22032e-06 1434.86 5.20588
2.10711e-06 1518.5 5.23058
4.70906e-05 1570.54 5.24666
-7.67621e-06 1571.97 5.24711
-2.40745e-06 1572.74 5.24735
2.21296e-06 1711.24 5.29283
-3.91787e-07 1712.68 5.29333
2.49662e-05 1720.18 5.2959
-3.92409e-05 1731.96 5.29997
6.68378e-06 1845.03 5.34041
-3.11528e-06 1852.15 5.34305
8.54919e-06 1892.28 5.35807
-4.77229e-05 1897.39 5.36001
8.15913e-06 1970.28 5.3882
1.62618e-06 1986.89 5.39477
2.34099e-05 2054.02 5.4219
-3.90131e-05 2066.78 5.42716
-3.18148e-06 2122.11 5.45033
8.50968e-07 2153.31 5.46368
5.05467e-05 2220.8 5.4932
-1.60086e-05 2233.03 5.49864
9.25397e-06 2255.15 5.50857
1.79982e-06 2279.25 5.5195
8.88711e-06 2372 5.56264
4.65907e-05 2381.85 5.56732
-1.50103e-05 2385.06 5.56885
-1.21164e-05 2443.51 5.59708
-4.35447e-05 2483.4 5.61673
4.55378e-05 2484.1 5.61708
1.47001e-08 2504.92 5.62746
-3.67368e-06 2592.95 5.67234
4.82322e-07 2620.81 5.68686
-2.60238e-07 2718.27 5.7389
-2.89481e-06 2770.83 5.76775
2.60661e-07 2796.78 5.7822
6.47296e-07 2817.13 5.79362
-7.67947e-07 2820.96 5.79578
3.76372e-06 2834.54 5.80346
6.40458e-06 2835.44 5.80397
1.02176e-05 2853.18 5.81406
-5.46283e-06 2856.38 5.81589
-2.41365e-06 2857.74 5.81667
-1.02769e-05 2884.41 5.83198
1.49219e-05 2888.01 5.83406
-1.77539e-06 2892.07 5.83641
2.13762e-05 2926.33 5.85634
8.97558e-06 2927.16 5.85683
-1.89734e-06 2928.95 5.85788
-4.1038e-06 2967.31 5.88049
-2.03021e-05 2972.97 5.88386
1.89159e-05 2978.65 5.88723
1.25866e-05 3034.06 5.92055
-2.75566e-05 3036.69 5.92215
-2.22731e-06 3077.38 5.94703
1.14593e-05 3098.68 5.96018
3.19523e-05 3100.87 5.96154
3.68393e-05 3169.52 6.00459
1.93176e-06 3172.07 6.00621
-2.96926e-06 3215.58 6.034
-3.31056e-05 3240.61 6.05016
1.39977e-07 3244.79 6.05286
2.64833e-07 3321.48 6.10322
3.01634e-06 3325.47 6.10587
3.41285e-05 3326.01 6.10624
-8.87125e-07 3354.43 6.12522
-2.7222e-06 3356.59 6.12667
-3.50724e-05 3427.72 6.17493
-1.15402e-05 3430.28 6.17669
6.53868e-06 3473.91 6.2068
5.52083e-07 3474.76 6.2074
3.38124e-05 3561.52 6.26844
2.34537e-05 3562.03 6.26881
2.39922e-06 3593.69 6.29146
-1.72464e-05 3594.34 6.29193
-9.6919e-06 3710.63 6.37688
-3.9746e-05 3710.72 6.37694
8.61911e-06 3719.95 6.3838
-1.29075e-05 3720.69 6.38436
-4.75843e-07 3747.22 6.40416
-1.61154e-07 3810.42 6.45193
9.66432e-06 3833.78 6.46979
-4.02712e-05 3834.29 6.47018
4.78082e-06 3874.11 6.50088
1.07326e-05 3874.72 6.50135
6.60975e-07 3921.8 6.53806
5.15844e-07 3924.08 6.53984
3.56637e-07 3926.02 6.54136
3.77169e-07 3928.04 6.54295
6.93669e-07 3932.88 6.54675
-2.17759e-07 3936.76 6.54981
-6.3913e-08 3941.14 6.55326
-5.82214e-07 3945.1 6.55638
1.65491e-06 3951.24 6.56123
-2.15617e-05 3961.08 6.56902
4.28105e-05 3961.47 6.56932
2.86015e-06 3964.53 6.57175
-4.56732e-05 3971.69 6.57743
-3.30505e-06 3979.3 6.58348
-7.15716e-06 3980.42 6.58438
9.27715e-06 3984.01 6.58724
-7.75057e-07 3984.25 6.58743
9.57037e-06 3987.25 6.58982
1.08424e-05 3992.61 6.5941
-1.55251e-05 3998.32 6.59865
4.33105e-06 4005.1 6.60409
-1.41518e-06 4006.21 6.60497
1.42025e-05 4006.42 6.60514
1.87246e-06 4007.62 6.6061
-1.40954e-05 4014.33 6.61148
1.58938e-05 4022.2 6.61781
1.57773e-05 4033.85 6.6272
-1.71274e-06 4035.64 6.62864
-1.95096e-05 4044.95 6.63616
2.20311e-05 4056.73 6.64571
5.53469e-05 4060.91 6.6491
-4.8372e-07 4066.41 6.65357
1.87118e-05 4069.34 6.65595
2.65157e-05 4082.06 6.66632
-3.02888e-05 4082.19 6.66643
3.71562e-05 4082.43 6.66662
-2.26043e-05 4094.93 6.67684
-1.67688e-05 4099.02 6.6802
-1.47144e-05 4099.46 6.68056
-8.483e-06 4105.95 6.68588
1.06064e-05 4106.37 6.68623
2.39907e-05 4109.45 6.68876
-2.22731e-07 4116.3 6.69439
-2.34639e-05 4122.3 6.69933
3.67125e-06 4134.67 6.70955
-2.54672e-05 4135.37 6.71013
-1.20025e-07 4139.01 6.71314
2.15723e-05 4147.32 6.72003
-5.81502e-05 4151.25 6.72329
1.0483e-05 4151.54 6.72353
-2.36127e-05 4157.97 6.72887
2.07999e-05 4167.12 6.73649
2.09988e-07 4171.43 6.74009
-4.7745e-07 4173.23 6.74159
-1.57935e-05 4173.93 6.74217
-8.81274e-06 4178.21 6.74575
1.47482e-05 4209.75 6.7722
-2.14705e-05 4210.08 6.77248
0.000166409 4210.14 6.77253
3.42154e-07 4214.77 6.77643
3.73606e-07 4248.6 6.80506
1.61635e-05 4260.11 6.81485
-7.25001e-06 4260.18 6.81492
7.99118e-08 4263.25 6.81753
-7.08959e-08 4272.29 6.82524
5.49961e-08 4286.26 6.83721
-7.9832e-08 4310.35 6.85791
5.42143e-07 4327.19 6.87246
-3.79927e-05 4341.86 6.88517
4.88234e-06 4342.42 6.88566
-3.20098e-07 4364.02 6.90447
-3.74542e-08 4376.44 6.91532
2.18136e-07 4384.82 6.92267
1.13048e-07 4448.44 6.97886
-4.27796e-05 4481.3 7.0082
4.76626e-07 4504.61 7.02916
-2.31537e-07 4504.62 7.02916
1.76705e-06 4509.47 7.03353
-4.65588e-07 4509.64 7.03369
-6.32916e-08 4516.65 7.04001
-2.45e-06 4519.15 7.04227
2.49216e-06 4519.19 7.04231
1.54844e-06 4533.14 7.05493
3.134e-06 4533.25 7.05504
-5.04468e-06 4552.56 7.07258
2.54305e-06 4552.6 7.07262
-7.91238e-07 4574.17 7.0923
1.06382e-06 4574.27 7.09239
1.0772e-05 4579.41 7.0971
6.45582e-06 4579.53 7.09721
3.47717e-07 4588.15 7.10511
1.86533e-06 4590.61 7.10738
-5.7711e-06 4590.81 7.10756
3.22243e-07 4604.95 7.12056
-4.88415e-06 4605.15 7.12074
4.63149e-05 4619.65 7.13411
-7.30009e-06 4637.99 7.15109
6.26287e-06 4638.11 7.15121
-1.60502e-05 4650.54 7.16275
6.06766e-06 4650.6 7.16281
-4.15597e-08 4661.65 7.1731
-2.61565e-06 4665.6 7.17679
-2.68164e-06 4665.72 7.17689
-7.69694e-06 4679.85 7.1901
5.88324e-06 4679.88 7.19013
-4.23894e-06 4708.98 7.21745
-1.88906e-06 4709.18 7.21764
1.12249e-06 4724.98 7.23255
2.09391e-05 4725.07 7.23263
-2.25132e-07 4736.26 7.24321
9.04778e-07 4744.29 7.25083
4.24481e-06 4744.63 7.25115
-4.69588e-05 4749.82 7.25608
-2.67614e-06 4752.2 7.25834
7.17719e-06 4752.24 7.25838
2.23391e-06 4780.11 7.28495
-1.60148e-05 4780.12 7.28496
1.24683e-05 4782.01 7.28676
-2.10446e-06 4782.18 7.28693
1.48999e-06 4804.04 7.30788
-1.12686e-05 4804.18 7.30802
-4.16213e-06 4807.9 7.31159
1.14598e-05 4807.92 7.31162
1.44314e-07 4811.09 7.31466
-3.40442e-08 4815.13 7.31855
6.50386e-06 4815.27 7.31868
2.69323e-05 4823.97 7.32707
4.31052e-06 4824.01 7.32711
4.49192e-05 4868.55 7.37028
1.4561e-07 4885.25 7.38657
3.47158e-08 4899.07 7.40009
-1.23025e-07 4899.08 7.4001
1.50485e-06 4913.69 7.41443
2.18161e-05 4913.76 7.4145
6.78298e-08 4958.05 7.45823
-4.00718e-05 4972.15 7.47223
3.46533e-08 5028.49 7.52857
3.34989e-05 5057.27 7.5576
-4.37583e-08 5095.58 7.59649
2.63668e-05 5123.13 7.62465
3.34533e-08 5158.09 7.66059
1.92936e-05 5170.58 7.67349
1.2254e-05 5202.93 7.70704
-8.30597e-08 5214.71 7.71932
6.33546e-06 5223.95 7.72896
-1.83562e-06 5237.16 7.74278
7.58759e-07 5245.37 7.75139
-2.05331e-06 5250.54 7.75682
-2.09558e-06 5253.85 7.76029
2.17516e-06 5256.3 7.76287
-1.94087e-06 5258.33 7.765
-1.75321e-06 5260.21 7.76699
-1.38325e-06 5262.13 7.769
1.07406e-06 5263.81 7.77077
8.05383e-08 5264.18 7.77116
-7.53279e-07 5265.24 7.77228
3.53182e-07 5266.12 7.7732
7.6402e-08 5305.38 7.81471
4.28108e-08 5337.72 7.84912
-5.4365e-08 5354.27 7.86682
1.67322e-08 5360.88 7.87391
3.11862e-08 5374.83 7.88888
-0.00011872 5390.56 7.90582
4.93836e-08 5420.29 7.93795
2.22031e-08 5589.08 8.12378
-4.76613e-09 5911.42 8.49449
-3.61064e-08 5911.43 8.4945
0.000151448 5917.21 8.50134
-2.6088e-06 5917.21 8.50134
-1.23675e-06 6112.79 8.73662
-2.63061e-06 6118.87 8.74406
4.27389e-06 6130.95 8.75886
6.12873e-06 6151.66 8.7843
-8.08519e-06 6184.18 8.82441
9.94294e-06 6231.38 8.88301
-1.12182e-05 6294.6 8.96221
1.91318e-06 6310.71 8.98251
-2.39638e-06 6310.71 8.98251
5.23511e-06 6325.5 9.0012
2.3489e-06 6325.5 9.0012
-1.97194e-06 6347.74 9.02938
7.7961e-06 6347.74 9.02939
1.17205e-05 6372.41 9.06076
-6.34607e-06 6376.55 9.06605
8.29663e-06 6376.56 9.06605
-1.35711e-05 6413.89 9.1138
-2.09455e-06 6413.89 9.1138
1.10825e-05 6460.07 9.17325
2.32901e-06 6464.43 9.17888
-1.81812e-05 6464.43 9.17889
-2.31496e-05 6533.81 9.26907
6.29309e-06 6533.81 9.26907
-9.1907e-06 6550.23 9.29055
-2.89804e-05 6626.06 9.39046
-7.44732e-06 6626.06 9.39047
5.60882e-06 6633.77 9.40069
-1.36654e-06 6697.03 9.48503
2.78005e-06 6705.12 9.49587
-3.53576e-06 6721.09 9.51731
-6.04018e-06 6727.03 9.52529
3.07997e-05 6741.4 9.54465
-1.69372e-05 6741.4 9.54465
-7.13215e-06 6756.11 9.56451
2.13115e-06 6759.21 9.5687
-5.4424e-06 6792.96 9.61443
-4.50567e-06 6795.55 9.61795
-5.1227e-06 6826.85 9.66059
-7.5108e-07 6827.2 9.66107
2.79971e-06 6849.28 9.69127
-4.59408e-07 6849.67 9.69181
-2.56133e-05 6875.44 9.72717
-2.92676e-05 6875.44 9.72718
3.6055e-05 7020.17 9.92827
-1.91799e-05 7020.17 9.92828
4.05149e-05 7165.95 10.1351
6.22572e-06 7165.95 10.1351
-1.37467e-09 7269.06 10.2839
-3.9012e-05 7303.57 10.3342
-6.77138e-06 7303.57 10.3342
-8.79066e-05 7402.62 10.4799
3.25826e-05 7425.86 10.5143
1.76847e-05 7425.86 10.5143
1.78613e-05 7528.75 10.6682
-2.87784e-05 7528.75 10.6682
-1.00679e-07 7606.31 10.7856
-1.96682e-07 7608.46 10.7889
-2.97248e-06 7611.48 10.7935
-3.03108e-05 7611.48 10.7935
-2.93993e-07 7612.08 10.7944
-3.93769e-07 7617.21 10.8022
4.90875e-07 7623.92 10.8124
5.93e-07 7632.3 10.8252
6.91862e-07 7642.44 10.8407
7.93517e-07 7654.48 10.8591
8.90616e-07 7668.55 10.8807
1.01233e-06 7675.8 10.8918
-2.71277e-05 7675.8 10.8918
-9.83108e-07 7684.8 10.9056
-1.07009e-06 7703.41 10.9343
-1.15254e-06 7724.53 10.9668
-2.32034e-07 7724.66 10.967
-2.40913e-05 7724.66 10.967
-1.21591e-06 7748.31 11.0036
2.71302e-07 7761.13 11.0235
-2.1285e-05 7761.13 11.0235
1.26215e-06 7774.87 11.0449
-1.84625e-07 7787.88 11.0651
-1.85709e-05 7787.88 11.0651
-1.28212e-06 7804.26 11.0907
3.77481e-08 7806.96 11.0949
-1.56478e-05 7806.96 11.0949
-1.39949e-07 7819.82 11.115
1.19691e-05 7819.82 11.115
-1.16432e-07 7827.33 11.1267
6.79932e-06 7827.33 11.1267
-1.27477e-06 7836.42 11.141
-8.78928e-07 7849.16 11.1609
5.75455e-05 7849.17 11.1609
-1.23025e-06 7871.12 11.1955
-1.1362e-06 7907.86 11.2534
1.00041e-06 7945.78 11.3135
-8.28146e-07 7983.51 11.3736
-2.60477e-07 7990.77 11.3852
6.54454e-10 7990.78 11.3853
-5.61428e-07 7996.11 11.3938
-4.50382e-09 7996.12 11.3938
-8.70046e-07 8007.36 11.4118
1.92508e-10 8007.36 11.4118
6.26364e-07 8019.08 11.4306
-1.06661e-06 8026.34 11.4422
-7.03759e-10 8026.35 11.4422
4.19374e-07 8049.83 11.48
1.00875e-06 8053.9 11.4865
1.13477e-09 8053.9 11.4865
2.19403e-07 8072.56 11.5166
5.69037e-07 8089.71 11.5443
4.34967e-10 8089.71 11.5443
-1.7764e-08 8090.94 11.5463
-3.69171e-07 8132.68 11.6141
-2.78655e-11 8132.68 11.6141
-1.91765e-06 8181.53 11.6937
-1.461e-09 8181.53 11.6937
-1.35084e-10 8190.5 11.7084
-4.18801e-06 8235.36 11.7821
-4.58608e-10 8235.36 11.7821
-1.94751e-10 8239.82 11.7895
-7.24923e-06 8294.08 11.8792
-7.40482e-09 8294.08 11.8792
3.8542e-10 8319.2 11.9209
1.09851e-05 8358.49 11.9864
2.70368e-08 8358.5 11.9864
2.67281e-10 8424.84 12.0978
-1.48776e-05 8430.1 12.1067
-9.20618e-09 8430.1 12.1067
-1.75885e-05 8510.25 12.2424
-7.67571e-09 8510.25 12.2424
1.20112e-10 8544.89 12.3015
5.00855e-11 8552.22 12.314
-1.02163e-09 8556.37 12.3211
1.5308e-10 8565.03 12.336
-2.78269e-07 8565.03 12.336
-3.78835e-10 8575.8 12.3544
5.78588e-10 8577.06 12.3566
4.21508e-06 8577.06 12.3566
-5.64708e-09 8592.61 12.3833
5.39539e-06 8592.61 12.3833
-8.10756e-10 8603.42 12.4019
3.24024e-09 8605.55 12.4056
1.63428e-05 8605.55 12.4056
3.10376e-09 8630.05 12.4478
1.53767e-05 8630.05 12.4478
7.02843e-10 8639.29 12.4637
-6.7406e-10 8664.71 12.5077
-1.35498e-05 8664.71 12.5077
-2.13498e-10 8683.18 12.5398
-3.01618e-10 8696.5 12.5629
1.04324e-09 8702.42 12.5732
-9.70734e-06 8702.42 12.5732
1.51019e-08 8714.12 12.5936
-3.42353e-05 8714.12 12.5936
7.24366e-11 8734.42 12.629
-3.93422e-05 8734.88 12.6298
1.10458e-11 8740.36 12.6394
-1.81504e-09 8762.37 12.6779
3.8883e-05 8762.37 12.6779
-5.47185e-10 8792.02 12.73
1.5078e-06 8803.66 12.7505
3.86788e-08 8803.66 12.7505
-4.83345e-07 8823.46 12.7853
-6.17098e-05 8823.46 12.7853
1.26784e-10 8852.94 12.8375
-3.66077e-10 8854.71 12.8406
-3.66846e-10 8872.4 12.872
3.89369e-05 8872.41 12.872
6.14786e-05 8915.86 12.9493
-2.24735e-08 8915.86 12.9493
-1.49744e-10 8921.03 12.9585
-3.67822e-07 8941.83 12.9956
2.38085e-05 8941.83 12.9956
1.91878e-10 8989.48 13.0811
5.77355e-05 8998.04 13.0965
-5.87905e-08 8998.04 13.0965
6.77412e-11 9017.13 13.1309
-1.06603e-05 9031.77 13.1573
-2.24717e-09 9031.77 13.1573
-3.59626e-10 9058.57 13.2058
4.91169e-05 9073.47 13.2328
1.32753e-09 9073.47 13.2328
-1.59365e-05 9094.52 13.271
1.6635e-05 9125.48 13.3274
7.14711e-10 9125.48 13.3274
-2.39039e-10 9126.92 13.3301
-4.2994e-05 9149.55 13.3714
2.10626e-09 9149.55 13.3714
1.18829e-10 9185.13 13.4367
1.78278e-10 9193.27 13.4516
1.34639e-05 9210.1 13.4826
-5.86538e-10 9210.11 13.4826
-3.91067e-05 9224.78 13.5097
9.0032e-10 9224.78 13.5097
-4.10645e-10 9256.51 13.5683
-4.02396e-06 9282.09 13.6157
-1.23496e-10 9282.1 13.6157
3.61624e-05 9295.97 13.6415
-3.06858e-09 9295.98 13.6415
3.40354e-11 9315.66 13.6782
6.39839e-06 9338.18 13.7202
4.40713e-10 9338.18 13.7202
-1.06089e-10 9353.5 13.7488
-2.72761e-05 9357.06 13.7555
-9.82372e-10 9357.06 13.7555
-7.06287e-11 9369.9 13.7795
-1.71313e-05 9374.46 13.7881
-2.51328e-09 9374.47 13.7881
-2.80963e-05 9411.01 13.8567
-7.30775e-10 9411.01 13.8567
-7.62873e-11 9418.51 13.8708
1.06662e-10 9460.87 13.9508
-2.74423e-05 9461.67 13.9523
1.5812e-08 9461.67 13.9523
-2.87821e-06 9478.08 13.9834
7.61983e-11 9496.44 14.0182
-2.24106e-11 9519.34 14.0618
5.61286e-06 9519.61 14.0623
-2.26657e-05 9520.94 14.0648
-8.68222e-10 9520.94 14.0648
2.10821e-10 9524.73 14.0721
1.62167e-06 9531.63 14.0852
2.87911e-10 9545.31 14.1113
-3.19958e-06 9549.15 14.1186
1.44089e-10 9557.83 14.1352
4.69651e-06 9577.47 14.1728
-1.71565e-05 9580.9 14.1794
-3.61668e-10 9580.9 14.1794
8.10741e-06 9585.05 14.1873
-6.0605e-06 9615.29 14.2454
1.25457e-05 9637.2 14.2876
2.31229e-09 9637.2 14.2876
-7.2542e-06 9660.88 14.3333
1.03365e-05 9670.01 14.3509
-1.24535e-10 9680.22 14.3707
-8.97157e-06 9687.31 14.3844
-4.57531e-09 9687.31 14.3844
8.19608e-06 9711.88 14.4321
2.09549e-10 9727.84 14.4631
-6.24294e-06 9729.49 14.4663
2.32485e-09 9729.49 14.4663
3.32593e-10 9762.68 14.531
-4.14989e-06 9762.68 14.531
8.45558e-06 9764.29 14.5341
1.23013e-05 9770.05 14.5454
1.631e-06 9779.34 14.5636
1.4717e-06 9779.59 14.564
2.86095e-09 9786.35 14.5773
-2.51501e-06 9786.35 14.5773
-1.40616e-10 9800.44 14.6049
-1.18147e-06 9800.44 14.6049
-4.20888e-06 9803.85 14.6116
2.16226e-06 9810.98 14.6255
6.61818e-06 9819.92 14.6431
2.05371e-10 9834.15 14.6711
-3.64562e-06 9837.14 14.6769
6.05385e-06 9852.82 14.7078
-1.40236e-05 9881.12 14.7636
-9.88172e-06 9889.4 14.78
-7.22112e-11 9917.42 14.8355
1.02603e-05 9936.68 14.8738
-7.57627e-11 9979.51 14.9591
9.84631e-06 9986.92 14.9739
-1.55245e-05 9999.67 14.9994
-9.221e-06 10044 15.0882
3.1815e-06 10068.3 15.137
-6.656e-07 10073.7 15.148
-1.05399e-05 10103.7 15.2085
-5.88565e-11 10115 15.2314
1.68201e-05 10122.7 15.2469
-1.36324e-06 10125.5 15.2526
-1.84186e-10 10134.1 15.27
-1.08825e-11 10134.1 15.27
-4.01105e-06 10136.8 15.2754
1.03576e-05 10160.8 15.3242
-2.68956e-06 10197.2 15.3983
-3.14172e-05 10200.2 15.4044
7.52791e-11 10200.2 15.4044
7.84426e-06 10203.1 15.4103
-8.11682e-06 10223 15.4509
-2.68584e-11 10239.7 15.4851
1.7921e-05 10247.7 15.5015
8.26568e-06 10260.4 15.5276
-5.0254e-06 10267.4 15.5419
6.19522e-06 10280.8 15.5696
-2.89064e-05 10302.5 15.6142
4.179e-10 10302.5 15.6142
-6.01684e-06 10312 15.6338
-4.75428e-06 10319.3 15.6488
-7.50543e-06 10326.9 15.6646
-1.29507e-11 10352.7 15.7178
5.46214e-06 10363.1 15.7393
-1.88332e-05 10372.4 15.7586
-9.40263e-06 10375.9 15.766
1.03843e-05 10412.6 15.8422
-3.58359e-06 10427.8 15.8739
-1.09315e-05 10450.8 15.9219
4.81053e-11 10453.4 15.9274
6.18785e-06 10476.7 15.9761
7.46179e-06 10486.9 15.9975
1.9561e-05 10494.9 16.0143
8.18615e-06 10502.5 16.0303
-6.59896e-06 10519.1 16.0651
1.21675e-08 10525.8 16.0793
5.30185e-06 10530.5 16.0891
-5.38729e-06 10532.5 16.0934
-1.74286e-11 10541.4 16.1121
-1.9633e-06 10542.8 16.1151
-2.38424e-06 10558.1 16.1475
-2.0108e-05 10613.8 16.2652
-6.87453e-11 10616.2 16.2703
-1.28158e-11 10677.5 16.4009
-7.38249e-05 10723.7 16.4998
-4.08637e-11 10724.8 16.5022
2.04753e-05 10727.6 16.5081
-4.30726e-11 10757.1 16.5716
3.51194e-11 10792.9 16.6488
3.16773e-11 10811.3 16.6885
2.06769e-05 10835.3 16.7403
-2.07088e-05 10935.9 16.9594
2.05745e-05 11028.7 17.1631
2.02666e-05 11112.9 17.3498
1.97598e-05 11188.2 17.5176
-1.89958e-05 11254.1 17.6654
-1.78544e-05 11310 17.7917
1.60985e-05 11355.8 17.8955
1.32733e-05 11391 17.9755
8.52029e-06 11414.8 18.0298
-6.97287e-07 11434.8 18.0755
7.22936e-05 11492.5 18.2078
3.0179e-07 12032.6 19.4784
6.58424e-12 12032.6 19.4784
6.47587e-07 12034.7 19.4835
-1.35472e-11 12034.7 19.4835
-1.01426e-06 12039.6 19.4952
9.05933e-12 12039.6 19.4952
-1.33643e-06 12048.8 19.5174
-2.0676e-12 12048.8 19.5175
1.54511e-06 12064.2 19.5544
9.50328e-12 12064.2 19.5544
1.58601e-06 12087.1 19.6097
2.10628e-12 12087.1 19.6097
1.4284e-06 12118.7 19.6864
-8.42941e-12 12118.7 19.6864
-1.06756e-06 12159.8 19.786
2.15526e-12 12159.8 19.7861
5.21623e-07 12210.4 19.9094
2.66536e-12 12210.4 19.9094
-1.7455e-07 12270.3 20.056
2.83386e-12 12270.3 20.056
9.76056e-07 12338.7 20.2243
8.60019e-12 12338.7 20.2243
-1.83337e-06 12414.5 20.412
-1.43801e-12 12414.5 20.412
5.19099e-13 12463.3 20.5335
2.6962e-06 12496.3 20.6157
-7.14187e-12 12496.3 20.6157
3.51521e-06 12582.4 20.8317
9.65604e-12 12582.4 20.8317
4.24274e-06 12670.9 21.0553
7.99721e-13 12670.9 21.0553
-4.8323e-06 12759.8 21.2812
2.36315e-12 12759.8 21.2812
-5.2379e-06 12846.7 21.5038
3.07442e-12 12846.7 21.5038
-5.41316e-06 12929.3 21.7166
5.59274e-12 12929.3 21.7166
3.0427e-05 12969.9 21.8218
5.31165e-06 13005 21.9131
1.16518e-12 13005 21.9131
4.89044e-06 13071.5 22.0865
1.90278e-12 13071.5 22.0865
-4.11949e-06 13126.4 22.2303
7.55679e-12 13126.4 22.2304
-2.99963e-06 13167.5 22.3384
-3.72214e-12 13167.5 22.3384
-1.58573e-06 13193 22.4055
3.16932e-12 13193 22.4055
6.52918e-05 13658.7 23.6561
-9.47954e-13 13658.7 23.6561
2.63722e-12 13682.3 23.7206
7.62097e-13 13682.3 23.7206
