-8.15228e-06 31.8414 5.0001
-7.995e-07 60.7428 5.00037
3.36011e-06 64.108 5.00041
3.68964e-06 80.3321 5.00065
6.8054e-06 103.852 5.00108
-1.63608e-05 116.093 5.00135
1.62664e-05 125.478 5.00158
1.42874e-05 146.353 5.00214
7.23705e-06 156.524 5.00245
2.40969e-05 179.183 5.00321
6.42222e-06 214.588 5.00461
-3.00735e-05 245.699 5.00604
1.18723e-05 250.745 5.00629
-1.88648e-05 266.081 5.00708
8.89688e-06 285.714 5.00816
3.07091e-05 333.572 5.01113
1.3205e-05 347.985 5.01211
4.03679e-06 364.486 5.01329
-1.05178e-05 380.008 5.01444
3.79026e-06 445.777 5.01987
-2.91208e-06 449.711 5.02022
1.50806e-05 484.091 5.02344
-1.6361e-05 498.428 5.02484
1.69979e-05 529.528 5.02804
-8.09649e-06 543.448 5.02953
-7.01965e-06 615.213 5.03785
2.227e-06 631.873 5.03993
2.46241e-05 639.452 5.04089
5.83058e-06 641.13 5.04111
-1.76975e-05 720.839 5.05196
-9.94194e-06 747.822 5.05592
8.11808e-06 757.605 5.0574
8.21874e-07 766.095 5.05869
3.3248e-07 831.438 5.06913
-7.38295e-06 868.374 5.07541
1.87954e-05 893.297 5.0798
-7.01858e-06 896.553 5.08038
-2.07069e-05 967.931 5.09369
1.11083e-06 995.761 5.09915
-5.7961e-06 1020.78 5.1042
-8.79363e-06 1027.03 5.10548
4.0932e-06 1095.42 5.11999
-1.1892e-05 1118.32 5.12506
1.52534e-05 1145.14 5.13114
-2.49685e-06 1161.61 5.13493
1.90439e-05 1243.08 5.15452
-9.87598e-06 1257.88 5.15823
6.41993e-06 1273.98 5.1623
1.08613e-06 1298.29 5.16856
-1.68348e-06 1324.09 5.17532
-1.03111e-05 1415.92 5.20048
-1.83589e-05 1420.06 5.20166
1.26708e-06 1434.86 5.20588
-1.44357e-05 1518.5 5.23058
-2.67698e-05 1570.54 5.24666
2.96272e-06 1571.97 5.24711
-1.25717e-06 1572.74 5.24735
-1.8227e-06 1711.24 5.29283
8.88618e-06 1712.68 5.29333
-5.18235e-06 1720.18 5.2959
2.89567e-05 1731.96 5.29997
-6.33442e-06 1845.03 5.34041
7.01244e-06 1852.15 5.34305
-2.17043e-05 1892.28 5.35807
2.02934e-05 1897.39 5.36001
-1.47321e-05 1970.28 5.3882
-4.79871e-06 1986.89 5.39477
-3.13708e-05 2054.02 5.4219
8.23441e-06 2066.78 5.42716
3.93113e-06 2122.11 5.45033
-1.07014e-05 2153.31 5.46368
-3.62106e-05 2220.8 5.4932
-1.88178e-05 2233.03 5.49864
-6.44127e-06 2255.15 5.50857
4.06123e-06 2279.25 5.5195
-3.82055e-05 2372 5.56264
-2.07841e-05 2381.85 5.56732
-9.67819e-07 2385.06 5.56885
1.31431e-06 2443.51 5.59708
6.11081e-05 2483.4 5.61673
1.93863e-05 2484.1 5.61708
6.20863e-06 2504.92 5.62746
2.83218e-06 2592.95 5.67234
-7.92632e-07 2620.81 5.68686
1.38923e-07 2718.27 5.7389
-8.69214e-07 2770.83 5.76775
4.4858e-07 2796.78 5.7822
-1.43292e-06 2817.13 5.79362
5.44346e-07 2820.96 5.79578
-1.25787e-06 2834.54 5.80346
-1.29225e-05 2835.44 5.80397
-2.20839e-05 2853.18 5.81406
-3.25184e-07 2856.38 5.81589
1.18741e-06 2857.74 5.81667
4.33957e-06 2884.41 5.83198
-3.1726e-05 2888.01 5.83406
1.27661e-06 2892.07 5.83641
-2.73777e-05 2926.33 5.85634
-1.29159e-05 2927.16 5.85683
2.34058e-05 2928.95 5.85788
7.48132e-06 2967.31 5.88049
4.07101e-05 2972.97 5.88386
-9.7764e-06 2978.65 5.88723
7.45341e-06 3034.06 5.92055
4.50687e-05 3036.69 5.92215
-7.0811e-06 3077.38 5.94703
1.33496e-05 3098.68 5.96018
-4.16056e-05 3100.87 5.96154
-3.02227e-05 3169.52 6.00459
-2.66294e-05 3172.07 6.00621
-9.30693e-06 3215.58 6.034
1.83951e-05 3240.61 6.05016
2.36021e-05 3244.79 6.05286
1.2453e-06 3321.48 6.10322
2.00339e-05 3325.47 6.10587
-9.37835e-06 3326.01 6.10624
-4.00943e-06 3354.43 6.12522
2.02659e-05 3356.59 6.12667
1.87501e-06 3427.72 6.17493
1.22004e-05 3430.28 6.17669
2.47699e-05 3473.91 6.2068
1.37362e-05 3474.76 6.2074
-7.62984e-06 3561.52 6.26844
-3.76262e-06 3562.03 6.26881
-6.42798e-06 3593.69 6.29146
-3.12705e-05 3594.34 6.29193
-1.76715e-06 3710.63 6.37688
-2.10765e-05 3710.72 6.37694
-3.1985e-05 3719.95 6.3838
1.38906e-05 3720.69 6.38436
-6.98477e-05 3747.22 6.40416
3.76734e-07 3810.42 6.45193
1.2854e-05 3833.78 6.46979
-3.04823e-05 3834.29 6.47018
-2.73788e-05 3874.11 6.50088
-2.35133e-05 3874.72 6.50135
1.54556e-05 3921.8 6.53806
2.78048e-06 3924.08 6.53984
1.20045e-05 3926.02 6.54136
-3.65894e-06 3928.04 6.54295
-1.19281e-05 3932.88 6.54675
-7.88419e-06 3936.76 6.54981
2.62605e-06 3941.14 6.55326
-1.69801e-05 3945.1 6.55638
1.31771e-05 3951.24 6.56123
-2.65736e-05 3961.08 6.56902
2.16648e-05 3961.47 6.56932
2.1097e-05 3964.53 6.57175
-5.53264e-06 3971.69 6.57743
-3.94774e-07 3979.3 6.58348
3.44241e-07 3980.42 6.58438
5.69974e-06 3984.01 6.58724
2.17182e-05 3984.25 6.58743
1.04477e-06 3987.25 6.58982
4.4094e-06 3992.61 6.5941
-1.29309e-05 3998.32 6.59865
3.55352e-05 4005.1 6.60409
-2.79698e-05 4006.21 6.60497
5.35944e-06 4006.42 6.60514
-1.15911e-05 4007.62 6.6061
-5.2862e-06 4014.33 6.61148
8.25454e-06 4022.2 6.61781
9.16652e-06 4033.85 6.6272
2.01247e-05 4035.64 6.62864
-1.14712e-05 4044.95 6.63616
1.41447e-05 4056.73 6.64571
8.24774e-05 4060.91 6.6491
1.9223e-05 4066.41 6.65357
8.4414e-06 4069.34 6.65595
5.80006e-06 4082.06 6.66632
-3.90196e-05 4082.19 6.66643
1.53576e-05 4082.43 6.66662
-6.91344e-06 4094.93 6.67684
-3.2753e-05 4099.02 6.6802
-1.04771e-05 4099.46 6.68056
-2.50483e-05 4105.95 6.68588
2.82191e-05 4106.37 6.68623
1.04492e-05 4109.45 6.68876
-6.70387e-06 4116.3 6.69439
-8.1534e-06 4122.3 6.69933
1.15479e-05 4134.67 6.70955
-6.56822e-06 4135.37 6.71013
1.78474e-05 4139.01 6.71314
3.74198e-06 4147.32 6.72003
-4.65883e-05 4151.25 6.72329
3.45041e-05 4151.54 6.72353
-3.68069e-06 4157.97 6.72887
2.60102e-06 4167.12 6.73649
6.06687e-06 4171.43 6.74009
-2.51228e-05 4173.23 6.74159
-1.7784e-06 4173.93 6.74217
-3.40424e-07 4178.21 6.74575
3.63203e-05 4209.75 6.7722
2.75386e-05 4210.08 6.77248
-1.63971e-05 4210.14 6.77253
-2.61193e-05 4214.77 6.77643
1.09815e-05 4248.6 6.80506
-9.20396e-05 4260.11 6.81485
-1.72613e-05 4260.18 6.81492
-2.89224e-05 4263.25 6.81753
-2.62936e-07 4272.29 6.82524
-1.76019e-05 4286.26 6.83721
-1.39946e-05 4310.35 6.85791
3.24857e-05 4327.19 6.87246
-3.50346e-05 4341.86 6.88517
6.94545e-06 4342.42 6.88566
5.66022e-06 4364.02 6.90447
-9.10844e-06 4376.44 6.91532
-3.44346e-05 4384.82 6.92267
-3.38296e-05 4448.44 6.97886
-2.89719e-05 4481.3 7.0082
-4.54708e-07 4504.61 7.02916
9.8796e-07 4504.62 7.02916
-4.05173e-06 4509.47 7.03353
3.72392e-07 4509.64 7.03369
-2.96077e-05 4516.65 7.04001
2.6213e-06 4519.15 7.04227
-6.67618e-06 4519.19 7.04231
-4.47397e-06 4533.14 7.05493
-6.46695e-06 4533.25 7.05504
6.29988e-06 4552.56 7.07258
-3.84853e-06 4552.6 7.07262
-5.45058e-07 4574.17 7.0923
-9.86582e-06 4574.27 7.09239
1.09345e-05 4579.41 7.0971
1.04015e-05 4579.53 7.09721
-2.32124e-05 4588.15 7.10511
-1.39554e-05 4590.61 7.10738
3.55706e-06 4590.81 7.10756
-4.35566e-07 4604.95 7.12056
9.37744e-06 4605.15 7.12074
1.85546e-05 4619.65 7.13411
1.94187e-06 4637.99 7.15109
-3.35339e-06 4638.11 7.15121
-2.42792e-05 4650.54 7.16275
-3.21793e-06 4650.6 7.16281
-1.33027e-05 4661.65 7.1731
5.47528e-06 4665.6 7.17679
-1.54274e-05 4665.72 7.17689
7.9613e-07 4679.85 7.1901
-1.47374e-05 4679.88 7.19013
9.66084e-06 4708.98 7.21745
-2.90767e-06 4709.18 7.21764
-1.03717e-05 4724.98 7.23255
1.93389e-05 4725.07 7.23263
1.23476e-06 4736.26 7.24321
-1.19012e-05 4744.29 7.25083
7.11756e-06 4744.63 7.25115
-7.26172e-06 4749.82 7.25608
1.69636e-05 4752.2 7.25834
-2.27769e-06 4752.24 7.25838
-5.55224e-07 4780.11 7.28495
-5.99828e-06 4780.12 7.28496
1.61473e-05 4782.01 7.28676
8.78779e-06 4782.18 7.28693
-1.59846e-05 4804.04 7.30788
2.15628e-07 4804.18 7.30802
-7.44975e-07 4807.9 7.31159
4.9695e-06 4807.92 7.31162
-1.19398e-05 4811.09 7.31466
3.60127e-06 4815.13 7.31855
8.55402e-06 4815.27 7.31868
7.26903e-06 4823.97 7.32707
1.64877e-05 4824.01 7.32711
-1.77437e-06 4868.55 7.37028
-2.54938e-05 4885.25 7.38657
-6.42244e-07 4899.07 7.40009
-5.31651e-07 4899.08 7.4001
7.28969e-05 4913.69 7.41443
2.928e-05 4913.76 7.4145
-3.84432e-05 4958.05 7.45823
7.74616e-06 4972.15 7.47223
-4.84959e-05 5028.49 7.52857
-1.02341e-05 5057.27 7.5576
5.47623e-05 5095.58 7.59649
-1.01292e-05 5123.13 7.62465
5.67763e-05 5158.09 7.66059
-8.11902e-06 5170.58 7.67349
-5.10201e-06 5202.93 7.70704
-5.47434e-05 5214.71 7.71932
-1.60543e-06 5223.95 7.72896
-1.47992e-06 5237.16 7.74278
-3.43067e-06 5245.37 7.75139
4.75555e-06 5250.54 7.75682
4.6326e-06 5253.85 7.76029
-5.25199e-06 5256.3 7.76287
5.04911e-06 5258.33 7.765
5.21213e-06 5260.21 7.76699
4.70745e-06 5262.13 7.769
-1.37483e-06 5263.81 7.77077
-4.97515e-05 5264.18 7.77116
2.80822e-06 5265.24 7.77228
-1.38436e-06 5266.12 7.7732
-4.20464e-05 5305.38 7.81471
3.29814e-05 5337.72 7.84912
-2.6538e-08 5354.27 7.86682
-2.27028e-05 5360.88 7.87391
1.16388e-05 5374.83 7.88888
1.02695e-05 5390.56 7.90582
-9.41637e-09 5420.29 7.93795
-9.76513e-05 5589.08 8.12378
-2.9402e-09 5911.42 8.49449
-6.3162e-09 5911.43 8.4945
5.95351e-05 5917.21 8.50134
-4.72445e-05 5917.21 8.50134
2.60742e-06 6112.79 8.73662
5.34737e-06 6118.87 8.74406
-8.31655e-06 6130.95 8.75886
-1.12229e-05 6151.66 8.7843
1.37282e-05 6184.18 8.82441
-1.52733e-05 6231.38 8.88301
1.51182e-05 6294.6 8.96221
9.46157e-07 6310.71 8.98251
3.94179e-06 6310.71 8.98251
-1.79458e-06 6325.5 9.0012
-7.28039e-06 6325.5 9.0012
9.16079e-06 6347.74 9.02938
-3.98625e-06 6347.74 9.02939
-1.26808e-05 6372.41 9.06076
1.15303e-05 6376.55 9.06605
2.09798e-07 6376.56 9.06605
5.02571e-06 6413.89 9.1138
1.12036e-05 6413.89 9.1138
-7.36476e-06 6460.07 9.17325
-1.15536e-05 6464.43 9.17888
3.96056e-06 6464.43 9.17889
5.74554e-06 6533.81 9.26907
9.94481e-06 6533.81 9.26907
-1.39769e-06 6550.23 9.29055
2.43167e-06 6626.06 9.39046
-1.03391e-05 6626.06 9.39047
1.50988e-05 6633.77 9.40069
3.66805e-05 6697.03 9.48503
-1.42356e-05 6705.12 9.49587
3.05544e-06 6721.09 9.51731
3.67871e-05 6727.03 9.52529
-1.75839e-06 6741.4 9.54465
-1.00787e-05 6741.4 9.54465
2.86366e-05 6756.11 9.56451
-2.63934e-05 6759.21 9.5687
1.32552e-05 6792.96 9.61443
2.81695e-05 6795.55 9.61795
2.09881e-05 6826.85 9.66059
-6.23533e-06 6827.2 9.66107
-1.11586e-05 6849.28 9.69127
-2.73491e-06 6849.67 9.69181
2.691e-06 6875.44 9.72717
-9.88001e-06 6875.44 9.72718
9.56617e-06 7020.17 9.92827
3.29961e-06 7020.17 9.92828
5.99536e-06 7165.95 10.1351
7.39074e-06 7165.95 10.1351
-1.64296e-10 7269.06 10.2839
-5.3422e-06 7303.57 10.3342
-6.5096e-06 7303.57 10.3342
9.82086e-05 7402.62 10.4799
6.88896e-06 7425.86 10.5143
-1.60365e-06 7425.86 10.5143
-1.16147e-06 7528.75 10.6682
-5.63257e-06 7528.75 10.6682
-4.98985e-06 7606.31 10.7856
-9.92448e-06 7608.46 10.7889
-3.60353e-06 7611.48 10.7935
-2.94548e-06 7611.48 10.7935
-1.47524e-05 7612.08 10.7944
-1.94168e-05 7617.21 10.8022
2.38621e-05 7623.92 10.8124
2.80344e-05 7632.3 10.8252
3.18731e-05 7642.44 10.8407
3.53262e-05 7654.48 10.8591
3.83314e-05 7668.55 10.8807
2.83551e-06 7675.8 10.8918
-2.58792e-06 7675.8 10.8918
-4.08299e-05 7684.8 10.9056
-4.27637e-05 7703.41 10.9343
-4.40758e-05 7724.53 10.9668
2.24895e-06 7724.66 10.967
-2.38134e-06 7724.66 10.967
-4.47061e-05 7748.31 11.0036
1.92053e-06 7761.13 11.0235
-2.17061e-06 7761.13 11.0235
4.46024e-05 7774.87 11.0449
1.5483e-06 7787.88 11.0651
-2.09841e-06 7787.88 11.0651
-4.37217e-05 7804.26 11.0907
1.27469e-06 7806.96 11.0949
-1.91396e-06 7806.96 11.0949
-9.63866e-07 7819.82 11.115
1.57157e-06 7819.82 11.115
5.11085e-07 7827.33 11.1267
9.54337e-07 7827.33 11.1267
-4.20257e-05 7836.42 11.141
-4.38429e-06 7849.16 11.1609
9.42122e-06 7849.17 11.1609
-3.94987e-05 7871.12 11.1955
-3.61417e-05 7907.86 11.2534
3.19859e-05 7945.78 11.3135
-2.70937e-05 7983.51 11.3736
3.99138e-06 7990.77 11.3852
-1.03579e-06 7990.78 11.3853
8.9597e-06 7996.11 11.3938
-2.16823e-06 7996.12 11.3938
1.49531e-05 8007.36 11.4118
-3.49563e-06 8007.36 11.4118
2.1555e-05 8019.08 11.4306
2.15213e-05 8026.34 11.4422
-4.57688e-06 8026.35 11.4422
1.54583e-05 8049.83 11.48
-2.79957e-05 8053.9 11.4865
-5.42604e-06 8053.9 11.4865
8.74755e-06 8072.56 11.5166
-3.3921e-05 8089.71 11.5443
-5.68403e-06 8089.71 11.5443
-7.71047e-07 8090.94 11.5463
-3.89742e-05 8132.68 11.6141
5.48672e-06 8132.68 11.6141
-4.30919e-05 8181.53 11.6937
4.64701e-06 8181.53 11.6937
1.41123e-10 8190.5 11.7084
-4.62055e-05 8235.36 11.7821
3.51876e-06 8235.36 11.7821
6.41145e-10 8239.82 11.7895
-4.81306e-05 8294.08 11.8792
-2.15163e-06 8294.08 11.8792
-4.09871e-10 8319.2 11.9209
4.83348e-05 8358.49 11.9864
6.87183e-07 8358.5 11.9864
-1.88334e-10 8424.84 12.0978
-4.60014e-05 8430.1 12.1067
7.70627e-07 8430.1 12.1067
-3.99057e-05 8510.25 12.2424
-1.41517e-06 8510.25 12.2424
1.76887e-06 8544.89 12.3015
-7.29865e-11 8552.22 12.314
-3.38375e-06 8556.37 12.3211
9.66617e-07 8565.03 12.336
5.41951e-07 8565.03 12.336
-4.69721e-06 8575.8 12.3544
2.48738e-06 8577.06 12.3566
9.7589e-06 8577.06 12.3566
2.88012e-06 8592.61 12.3833
8.9904e-06 8592.61 12.3833
5.58461e-06 8603.42 12.4019
-2.54913e-06 8605.55 12.4056
3.00442e-05 8605.55 12.4056
-7.018e-06 8630.05 12.4478
2.4095e-05 8630.05 12.4478
-5.96176e-06 8639.29 12.4637
-9.04288e-06 8664.71 12.5077
-1.26218e-05 8664.71 12.5077
-5.80214e-06 8683.18 12.5398
-9.29666e-10 8696.5 12.5629
1.97413e-06 8702.42 12.5732
-2.19845e-05 8702.42 12.5732
1.33532e-05 8714.12 12.5936
-2.99751e-05 8714.12 12.5936
-5.13974e-06 8734.42 12.629
-1.87167e-05 8734.88 12.6298
9.59419e-11 8740.36 12.6394
1.64051e-05 8762.37 12.6779
1.15449e-05 8762.37 12.6779
-4.05993e-06 8792.02 12.73
2.23775e-05 8803.66 12.7505
-2.83639e-06 8803.66 12.7505
1.82183e-05 8823.46 12.7853
-1.36752e-05 8823.46 12.7853
-2.23917e-10 8852.94 12.8375
-2.68301e-06 8854.71 12.8406
1.10507e-05 8872.4 12.872
-2.03571e-05 8872.41 12.872
8.60569e-07 8915.86 12.9493
1.1052e-05 8915.86 12.9493
1.14274e-06 8921.03 12.9585
4.25809e-06 8941.83 12.9956
-3.06389e-05 8941.83 12.9956
4.30646e-07 8989.48 13.0811
-2.51264e-05 8998.04 13.0965
-4.12335e-06 8998.04 13.0965
2.19498e-11 9017.13 13.1309
-2.29086e-05 9031.77 13.1573
2.38784e-06 9031.77 13.1573
1.92171e-06 9058.57 13.2058
-3.28458e-05 9073.47 13.2328
2.31551e-06 9073.47 13.2328
5.6954e-05 9094.52 13.271
1.47156e-05 9125.48 13.3274
-2.10937e-06 9125.48 13.3274
3.23704e-06 9126.92 13.3301
3.44801e-05 9149.55 13.3714
7.2483e-06 9149.55 13.3714
3.04042e-11 9185.13 13.4367
4.30849e-06 9193.27 13.4516
1.18264e-05 9210.1 13.4826
1.7736e-06 9210.11 13.4826
3.25206e-05 9224.78 13.5097
1.07451e-05 9224.78 13.5097
-5.09194e-06 9256.51 13.5683
-1.40666e-05 9282.09 13.6157
3.59895e-06 9282.1 13.6157
-2.66502e-05 9295.97 13.6415
1.22592e-05 9295.98 13.6415
-5.56552e-06 9315.66 13.6782
-1.5987e-05 9338.18 13.7202
6.28216e-06 9338.18 13.7202
-5.2121e-11 9353.5 13.7488
1.59417e-05 9357.06 13.7555
9.77201e-06 9357.06 13.7555
-5.72572e-06 9369.9 13.7795
1.61778e-05 9374.46 13.7881
8.72742e-06 9374.47 13.7881
1.63977e-05 9411.01 13.8567
1.16454e-05 9411.01 13.8567
-5.58298e-06 9418.51 13.8708
-5.15788e-06 9460.87 13.9508
1.18549e-05 9461.67 13.9523
-1.0946e-05 9461.67 13.9523
-1.91828e-06 9478.08 13.9834
-4.4781e-06 9496.44 14.0182
1.19894e-10 9519.34 14.0618
3.5217e-06 9519.61 14.0623
6.46672e-06 9520.94 14.0648
8.49486e-06 9520.94 14.0648
3.57686e-06 9524.73 14.0721
-2.34597e-06 9531.63 14.0852
-2.49499e-06 9545.31 14.1113
4.59723e-06 9549.15 14.1186
-1.28223e-06 9557.83 14.1352
-6.67905e-06 9577.47 14.1728
2.79687e-06 9580.9 14.1794
-5.89616e-06 9580.9 14.1794
4.59546e-06 9585.05 14.1873
8.57056e-06 9615.29 14.2454
-9.42697e-07 9637.2 14.2876
-3.89483e-06 9637.2 14.2876
1.03022e-05 9660.88 14.3333
5.04569e-06 9670.01 14.3509
-1.17631e-11 9680.22 14.3707
2.19133e-07 9687.31 14.3844
2.51906e-06 9687.31 14.3844
-1.20246e-05 9711.88 14.4321
-1.27559e-11 9727.84 14.4631
4.53268e-08 9729.49 14.4663
-1.61295e-06 9729.49 14.4663
-1.01315e-06 9762.68 14.531
5.94474e-08 9762.68 14.531
-1.44837e-05 9764.29 14.5341
4.91194e-06 9770.05 14.5454
-2.64289e-06 9779.34 14.5636
4.00505e-06 9779.59 14.564
-5.95409e-07 9786.35 14.5773
8.26098e-08 9786.35 14.5773
-2.76002e-07 9800.44 14.6049
5.9894e-08 9800.44 14.6049
1.53731e-05 9803.85 14.6116
-7.98126e-06 9810.98 14.6255
-5.19439e-06 9819.92 14.6431
-1.85144e-10 9834.15 14.6711
1.42721e-05 9837.14 14.6769
-1.19665e-05 9852.82 14.7078
-4.29808e-06 9881.12 14.7636
4.90589e-06 9889.4 14.78
4.51016e-05 9917.42 14.8355
4.71154e-06 9936.68 14.8738
-2.94039e-10 9979.51 14.9591
1.28037e-05 9986.92 14.9739
-3.34356e-06 9999.67 14.9994
-1.68588e-05 10044 15.0882
-1.36943e-05 10068.3 15.137
-9.63122e-06 10073.7 15.148
-2.01756e-07 10103.7 15.2085
-1.02175e-10 10115 15.2314
2.19535e-06 10122.7 15.2469
-2.39298e-05 10125.5 15.2526
1.71313e-11 10134.1 15.27
-2.88567e-12 10134.1 15.27
1.57944e-05 10136.8 15.2754
1.37671e-06 10160.8 15.3242
-1.82802e-05 10197.2 15.3983
-4.47918e-06 10200.2 15.4044
-1.04625e-05 10200.2 15.4044
-2.26672e-05 10203.1 15.4103
-1.38548e-05 10223 15.4509
9.53062e-11 10239.7 15.4851
9.85971e-07 10247.7 15.5015
-1.24775e-05 10260.4 15.5276
1.54107e-05 10267.4 15.5419
2.13446e-05 10280.8 15.5696
-0.000116164 10302.5 15.6142
-7.39301e-05 10302.5 15.6142
2.64881e-05 10312 15.6338
4.08006e-07 10319.3 15.6488
-1.60178e-05 10326.9 15.6646
4.60531e-11 10352.7 15.7178
-3.2228e-05 10363.1 15.7393
1.71467e-07 10372.4 15.7586
-3.68754e-05 10375.9 15.766
4.30873e-06 10412.6 15.8422
-3.90254e-05 10427.8 15.8739
-1.86727e-05 10450.8 15.9219
5.09703e-11 10453.4 15.9274
-5.31523e-06 10476.7 15.9761
2.93363e-05 10486.9 15.9975
-1.19321e-06 10494.9 16.0143
1.13905e-05 10502.5 16.0303
-1.05292e-05 10519.1 16.0651
-8.12324e-06 10525.8 16.0793
1.67992e-05 10530.5 16.0891
-1.48138e-05 10532.5 16.0934
3.32328e-11 10541.4 16.1121
-7.81793e-06 10542.8 16.1151
-9.92666e-06 10558.1 16.1475
2.02094e-06 10613.8 16.2652
-3.051e-11 10616.2 16.2703
4.50853e-11 10677.5 16.4009
6.45819e-07 10723.7 16.4998
-1.83229e-11 10724.8 16.5022
-2.62447e-06 10727.6 16.5081
3.27955e-11 10757.1 16.5716
-6.63914e-11 10792.9 16.6488
-8.22404e-12 10811.3 16.6885
-2.99716e-06 10835.3 16.7403
3.15208e-06 10935.9 16.9594
-3.11703e-06 11028.7 17.1631
-2.92912e-06 11112.9 17.3498
-2.62948e-06 11188.2 17.5176
2.25855e-06 11254.1 17.6654
1.85165e-06 11310 17.7917
-1.43431e-06 11355.8 17.8955
-1.01555e-06 11391 17.9755
-5.73598e-07 11414.8 18.0298
4.12517e-08 11434.8 18.0755
-2.41148e-06 11492.5 18.2078
1.2423e-07 12032.6 19.4784
1.89629e-08 12032.6 19.4784
2.42244e-07 12034.7 19.4835
2.65471e-08 12034.7 19.4835
-3.21659e-07 12039.6 19.4952
1.05167e-08 12039.6 19.4952
-3.18615e-07 12048.8 19.5174
3.60672e-08 12048.8 19.5175
2.00484e-07 12064.2 19.5544
-1.08278e-07 12064.2 19.5544
-4.32986e-08 12087.1 19.6097
1.8863e-07 12087.1 19.6097
-3.99069e-07 12118.7 19.6864
2.52278e-07 12118.7 19.6864
8.33822e-07 12159.8 19.786
2.75562e-07 12159.8 19.7861
-1.3043e-06 12210.4 19.9094
-2.44265e-07 12210.4 19.9094
-1.76648e-06 12270.3 20.056
-1.58439e-07 12270.3 20.056
2.18265e-06 12338.7 20.2243
-3.22249e-08 12338.7 20.2243
-2.52498e-06 12414.5 20.412
-1.10219e-07 12414.5 20.412
-3.78382e-13 12463.3 20.5335
2.7761e-06 12496.3 20.6157
2.41076e-07 12496.3 20.6157
2.92779e-06 12582.4 20.8317
3.35312e-07 12582.4 20.8317
2.97896e-06 12670.9 21.0553
-3.75871e-07 12670.9 21.0553
-2.93342e-06 12759.8 21.2812
3.56664e-07 12759.8 21.2812
-2.79796e-06 12846.7 21.5038
2.83511e-07 12846.7 21.5038
-2.58066e-06 12929.3 21.7166
-1.72968e-07 12929.3 21.7166
8.84081e-05 12969.9 21.8218
2.28957e-06 13005 21.9131
4.95632e-08 13005 21.9131
1.93194e-06 13071.5 22.0865
-5.84539e-08 13071.5 22.0865
-1.51436e-06 13126.4 22.2303
-1.25003e-07 13126.4 22.2304
-1.04443e-06 13167.5 22.3384
-1.33577e-07 13167.5 22.3384
-5.33704e-07 13193 22.4055
-8.48214e-08 13193 22.4055
1.03233e-05 13658.7 23.6561
1.51631e-05 13658.7 23.6561
7.47642e-13 13682.3 23.7206
3.4163e-13 13682.3 23.7206
