-9.79969e-06 31.8414 5.0001
-3.79222e-06 60.7428 5.00037
1.38235e-06 64.108 5.00041
1.65489e-06 80.3321 5.00065
7.46163e-06 103.852 5.00108
-1.44513e-05 116.093 5.00135
1.60675e-05 125.478 5.00158
1.23924e-05 146.353 5.00214
3.9083e-06 156.524 5.00245
2.38019e-05 179.183 5.00321
6.80815e-06 214.588 5.00461
-2.95472e-05 245.699 5.00604
8.86352e-06 250.745 5.00629
-2.50427e-05 266.081 5.00708
1.10971e-05 285.714 5.00816
2.83203e-05 333.572 5.01113
1.61104e-05 347.985 5.01211
-2.20057e-06 364.486 5.01329
-1.00204e-05 380.008 5.01444
-1.41692e-06 445.777 5.01987
-7.46881e-06 449.711 5.02022
1.14795e-05 484.091 5.02344
-1.5947e-05 498.428 5.02484
1.57503e-05 529.528 5.02804
8.42129e-07 543.448 5.02953
-9.00904e-06 615.213 5.03785
7.10088e-06 631.873 5.03993
1.3871e-05 639.452 5.04089
1.2629e-07 641.13 5.04111
-5.68288e-06 720.839 5.05196
-9.54345e-06 747.822 5.05592
9.96334e-06 757.605 5.0574
1.5897e-07 766.095 5.05869
-2.56979e-06 831.438 5.06913
1.3923e-06 868.374 5.07541
8.07291e-06 893.297 5.0798
-3.41221e-06 896.553 5.08038
-3.36141e-06 967.931 5.09369
6.63656e-06 995.761 5.09915
1.17929e-07 1020.78 5.1042
-1.85004e-07 1027.03 5.10548
-4.01341e-06 1095.42 5.11999
-6.79007e-06 1118.32 5.12506
-1.42817e-06 1145.14 5.13114
2.1693e-06 1161.61 5.13493
-1.17667e-06 1243.08 5.15452
3.33041e-06 1257.88 5.15823
1.5279e-05 1273.98 5.1623
-8.93338e-07 1298.29 5.16856
6.96916e-06 1324.09 5.17532
-1.3403e-05 1415.92 5.20048
1.0565e-05 1420.06 5.20166
3.45888e-06 1434.86 5.20588
-1.74973e-05 1518.5 5.23058
-6.52681e-06 1570.54 5.24666
2.72142e-05 1571.97 5.24711
-8.17443e-06 1572.74 5.24735
-5.38763e-06 1711.24 5.29283
3.17545e-05 1712.68 5.29333
-9.28081e-06 1720.18 5.2959
1.91364e-06 1731.96 5.29997
-2.82153e-05 1845.03 5.34041
2.82245e-05 1852.15 5.34305
6.13366e-06 1892.28 5.35807
7.00155e-06 1897.39 5.36001
-2.98985e-05 1970.28 5.3882
-1.97573e-05 1986.89 5.39477
-3.19263e-06 2054.02 5.4219
7.69714e-06 2066.78 5.42716
1.37712e-06 2122.11 5.45033
-3.63617e-05 2153.31 5.46368
-6.78131e-06 2220.8 5.4932
3.50783e-07 2233.03 5.49864
3.95486e-06 2255.15 5.50857
2.96474e-05 2279.25 5.5195
-2.90438e-06 2372 5.56264
2.20138e-06 2381.85 5.56732
-8.50459e-06 2385.06 5.56885
-3.54942e-05 2443.51 5.59708
6.78431e-06 2483.4 5.61673
1.85173e-05 2484.1 5.61708
-1.37701e-06 2504.92 5.62746
2.86014e-05 2592.95 5.67234
-3.76155e-06 2620.81 5.68686
-1.00553e-06 2718.27 5.7389
2.45674e-05 2770.83 5.76775
8.3061e-07 2796.78 5.7822
-7.9699e-07 2817.13 5.79362
-3.0098e-07 2820.96 5.79578
3.54464e-06 2834.54 5.80346
-1.47822e-05 2835.44 5.80397
-2.5762e-05 2853.18 5.81406
-8.22942e-06 2856.38 5.81589
-1.39789e-06 2857.74 5.81667
-4.34536e-06 2884.41 5.83198
-3.93568e-05 2888.01 5.83406
-1.06138e-06 2892.07 5.83641
-4.08966e-05 2926.33 5.85634
9.8806e-06 2927.16 5.85683
2.95103e-05 2928.95 5.85788
9.10113e-06 2967.31 5.88049
5.12054e-05 2972.97 5.88386
6.33054e-07 2978.65 5.88723
2.14196e-05 3034.06 5.92055
5.52164e-05 3036.69 5.92215
1.29394e-05 3077.38 5.94703
2.46819e-05 3098.68 5.96018
-5.10609e-05 3100.87 5.96154
-3.85781e-05 3169.52 6.00459
-3.95358e-05 3172.07 6.00621
4.27286e-06 3215.58 6.034
3.26321e-05 3240.61 6.05016
3.00648e-05 3244.79 6.05286
-8.04387e-06 3321.48 6.10322
1.82545e-05 3325.47 6.10587
-2.30853e-05 3326.01 6.10624
2.68561e-06 3354.43 6.12522
2.47731e-06 3356.59 6.12667
1.04728e-05 3427.72 6.17493
1.84647e-05 3430.28 6.17669
5.13533e-06 3473.91 6.2068
-5.26021e-06 3474.76 6.2074
-1.72949e-06 3561.52 6.26844
-1.19217e-05 3562.03 6.26881
1.10011e-05 3593.69 6.29146
-8.37454e-06 3594.34 6.29193
8.4591e-06 3710.63 6.37688
-1.31916e-05 3710.72 6.37694
5.33881e-07 3719.95 6.3838
1.72335e-05 3720.69 6.38436
1.73959e-05 3747.22 6.40416
-1.13007e-07 3810.42 6.45193
2.41003e-05 3833.78 6.46979
-1.50799e-05 3834.29 6.47018
5.03682e-06 3874.11 6.50088
-1.69122e-05 3874.72 6.50135
6.56688e-06 3921.8 6.53806
2.16051e-06 3924.08 6.53984
4.99504e-06 3926.02 6.54136
-2.26136e-06 3928.04 6.54295
-3.30192e-06 3932.88 6.54675
-4.74426e-06 3936.76 6.54981
-4.08049e-07 3941.14 6.55326
-7.93297e-06 3945.1 6.55638
6.8093e-06 3951.24 6.56123
-3.36017e-05 3961.08 6.56902
1.21423e-05 3961.47 6.56932
9.81446e-06 3964.53 6.57175
7.63005e-07 3971.69 6.57743
-6.69207e-08 3979.3 6.58348
1.78796e-06 3980.42 6.58438
1.14918e-06 3984.01 6.58724
8.76897e-06 3984.25 6.58743
-1.1512e-06 3987.25 6.58982
-4.67968e-07 3992.61 6.5941
-4.13877e-06 3998.32 6.59865
2.63466e-05 4005.1 6.60409
6.57708e-06 4006.21 6.60497
-2.62564e-06 4006.42 6.60514
-4.08516e-07 4007.62 6.6061
1.58775e-06 4014.33 6.61148
5.21527e-07 4022.2 6.61781
1.85429e-07 4033.85 6.6272
6.45784e-06 4035.64 6.62864
-3.17689e-07 4044.95 6.63616
1.45238e-06 4056.73 6.64571
3.78665e-05 4060.91 6.6491
4.68115e-06 4066.41 6.65357
-1.42985e-06 4069.34 6.65595
5.52943e-06 4082.06 6.66632
-4.39762e-05 4082.19 6.66643
2.867e-06 4082.43 6.66662
-6.9566e-07 4094.93 6.67684
-9.88814e-06 4099.02 6.6802
-9.76894e-06 4099.46 6.68056
3.81816e-06 4105.95 6.68588
2.8201e-05 4106.37 6.68623
-1.43502e-07 4109.45 6.68876
-6.71594e-06 4116.3 6.69439
3.95966e-07 4122.3 6.69933
-2.54798e-06 4134.67 6.70955
-3.95148e-07 4135.37 6.71013
1.24491e-05 4139.01 6.71314
-1.87545e-06 4147.32 6.72003
-3.52048e-05 4151.25 6.72329
5.23748e-05 4151.54 6.72353
6.06464e-08 4157.97 6.72887
6.1839e-08 4167.12 6.73649
1.34394e-05 4171.43 6.74009
-1.26063e-05 4173.23 6.74159
-2.17291e-07 4173.93 6.74217
1.35779e-07 4178.21 6.74575
1.19142e-05 4209.75 6.7722
1.66719e-05 4210.08 6.77248
5.1439e-06 4210.14 6.77253
-2.10987e-05 4214.77 6.77643
-1.31732e-06 4248.6 6.80506
-7.74703e-06 4260.11 6.81485
2.1912e-05 4260.18 6.81492
-2.48245e-05 4263.25 6.81753
-9.41543e-08 4272.29 6.82524
-4.89183e-06 4286.26 6.83721
-1.80184e-05 4310.35 6.85791
2.16096e-05 4327.19 6.87246
-1.83128e-05 4341.86 6.88517
-2.87755e-06 4342.42 6.88566
-4.51694e-07 4364.02 6.90447
-9.32654e-06 4376.44 6.91532
-2.70484e-05 4384.82 6.92267
-2.94897e-05 4448.44 6.97886
-1.25384e-05 4481.3 7.0082
-1.26552e-07 4504.61 7.02916
3.6725e-09 4504.62 7.02916
-7.74526e-07 4509.47 7.03353
2.97862e-06 4509.64 7.03369
-2.80726e-05 4516.65 7.04001
3.99786e-06 4519.15 7.04227
-6.93246e-07 4519.19 7.04231
1.67842e-06 4533.14 7.05493
-6.06737e-06 4533.25 7.05504
4.99698e-06 4552.56 7.07258
1.76156e-06 4552.6 7.07262
-1.77543e-06 4574.17 7.0923
-1.10685e-05 4574.27 7.09239
4.52628e-06 4579.41 7.0971
1.61226e-05 4579.53 7.09721
-2.41231e-05 4588.15 7.10511
-1.88838e-06 4590.61 7.10738
-4.89675e-06 4590.81 7.10756
4.22273e-06 4604.95 7.12056
6.66543e-06 4605.15 7.12074
4.15816e-06 4619.65 7.13411
-3.01323e-07 4637.99 7.15109
-1.79835e-06 4638.11 7.15121
-2.68554e-05 4650.54 7.16275
-1.20517e-05 4650.6 7.16281
-1.81297e-05 4661.65 7.1731
4.68229e-06 4665.6 7.17679
-1.88197e-08 4665.72 7.17689
-3.56068e-06 4679.85 7.1901
-4.74474e-07 4679.88 7.19013
8.3584e-06 4708.98 7.21745
-3.24948e-06 4709.18 7.21764
-1.95994e-05 4724.98 7.23255
2.14129e-05 4725.07 7.23263
9.88608e-06 4736.26 7.24321
-6.40032e-06 4744.29 7.25083
-2.46773e-06 4744.63 7.25115
5.11954e-06 4749.82 7.25608
1.31748e-06 4752.2 7.25834
5.30277e-06 4752.24 7.25838
-6.88863e-06 4780.11 7.28495
-8.96922e-06 4780.12 7.28496
1.9207e-05 4782.01 7.28676
1.3262e-05 4782.18 7.28693
-9.31514e-06 4804.04 7.30788
-1.20774e-05 4804.18 7.30802
-6.92126e-06 4807.9 7.31159
2.88163e-06 4807.92 7.31162
7.41884e-07 4811.09 7.31466
8.02891e-06 4815.13 7.31855
7.17212e-06 4815.27 7.31868
1.75257e-05 4823.97 7.32707
2.42297e-05 4824.01 7.32711
-1.30695e-05 4868.55 7.37028
-9.01906e-06 4885.25 7.38657
-2.18824e-07 4899.07 7.40009
5.98004e-08 4899.08 7.4001
1.65542e-05 4913.69 7.41443
-1.86699e-05 4913.76 7.4145
-1.8087e-05 4958.05 7.45823
1.76763e-05 4972.15 7.47223
-2.52287e-05 5028.49 7.52857
-1.91292e-05 5057.27 7.5576
2.96694e-05 5095.58 7.59649
-1.78067e-05 5123.13 7.62465
3.11243e-05 5158.09 7.66059
-1.4684e-05 5170.58 7.67349
-1.07916e-05 5202.93 7.70704
-2.98623e-05 5214.71 7.71932
-6.2341e-06 5223.95 7.72896
1.9292e-06 5237.16 7.74278
-1.42188e-06 5245.37 7.75139
3.61262e-06 5250.54 7.75682
4.41608e-06 5253.85 7.76029
-5.1976e-06 5256.3 7.76287
5.31602e-06 5258.33 7.765
5.42268e-06 5260.21 7.76699
5.14312e-06 5262.13 7.769
-3.08309e-06 5263.81 7.77077
-2.67063e-05 5264.18 7.77116
3.16689e-06 5265.24 7.77228
-1.71841e-06 5266.12 7.7732
-2.19566e-05 5305.38 7.81471
1.68667e-05 5337.72 7.84912
-3.63583e-08 5354.27 7.86682
-1.1349e-05 5360.88 7.87391
5.7631e-06 5374.83 7.88888
-1.68471e-05 5390.56 7.90582
1.66533e-08 5420.29 7.93795
3.47042e-05 5589.08 8.12378
1.13783e-08 5911.42 8.49449
-6.26162e-09 5911.43 8.4945
2.7928e-05 5917.21 8.50134
2.69844e-05 5917.21 8.50134
4.11412e-06 6112.79 8.73662
8.47687e-06 6118.87 8.74406
-1.31646e-05 6130.95 8.75886
-1.78792e-05 6151.66 8.7843
2.212e-05 6184.18 8.82441
-2.51438e-05 6231.38 8.88301
2.61251e-05 6294.6 8.96221
6.1732e-07 6310.71 8.98251
5.74749e-06 6310.71 8.98251
-3.87207e-06 6325.5 9.0012
-1.00962e-05 6325.5 9.0012
1.25929e-05 6347.74 9.02938
-7.4973e-06 6347.74 9.02939
-2.42415e-05 6372.41 9.06076
1.71462e-05 6376.55 9.06605
-2.26305e-06 6376.56 9.06605
1.10561e-05 6413.89 9.1138
1.51091e-05 6413.89 9.1138
-1.89052e-05 6460.07 9.17325
-1.4675e-05 6464.43 9.17888
1.13814e-05 6464.43 9.17889
1.43066e-05 6533.81 9.26907
8.20268e-06 6533.81 9.26907
9.46499e-06 6550.23 9.29055
1.09115e-05 6626.06 9.39046
-6.45207e-06 6626.06 9.39047
5.66941e-06 6633.77 9.40069
3.11849e-05 6697.03 9.48503
-1.51988e-05 6705.12 9.49587
7.53846e-06 6721.09 9.51731
3.70316e-05 6727.03 9.52529
-7.73593e-06 6741.4 9.54465
-2.2454e-06 6741.4 9.54465
3.18653e-05 6756.11 9.56451
-2.24592e-05 6759.21 9.5687
1.78285e-05 6792.96 9.61443
2.63687e-05 6795.55 9.61795
2.20191e-05 6826.85 9.66059
-2.60881e-06 6827.2 9.66107
-1.15882e-05 6849.28 9.69127
-7.80375e-07 6849.67 9.69181
3.72837e-06 6875.44 9.72717
2.45919e-07 6875.44 9.72718
-1.43614e-07 7020.17 9.92827
4.61475e-07 7020.17 9.92828
1.12283e-06 7165.95 10.1351
-8.20723e-07 7165.95 10.1351
-7.40211e-10 7269.06 10.2839
-1.66923e-06 7303.57 10.3342
1.17647e-06 7303.57 10.3342
3.5488e-05 7402.62 10.4799
5.42235e-07 7425.86 10.5143
1.82434e-06 7425.86 10.5143
1.42003e-06 7528.75 10.6682
-3.32061e-07 7528.75 10.6682
-1.28345e-09 7606.31 10.7856
6.2249e-11 7608.46 10.7889
6.82222e-07 7611.48 10.7935
-8.32853e-07 7611.48 10.7935
6.7227e-10 7612.08 10.7944
-2.8301e-10 7617.21 10.8022
-1.15924e-09 7623.92 10.8124
3.37253e-10 7632.3 10.8252
-1.17281e-09 7642.44 10.8407
5.33638e-10 7654.48 10.8591
6.01605e-10 7668.55 10.8807
-6.20144e-07 7675.8 10.8918
-6.67387e-07 7675.8 10.8918
1.85307e-10 7684.8 10.9056
5.19392e-10 7703.41 10.9343
-7.25122e-10 7724.53 10.9668
-6.79175e-07 7724.66 10.967
-6.66863e-07 7724.66 10.967
-1.29892e-09 7748.31 11.0036
-7.73882e-07 7761.13 11.0235
-7.95669e-07 7761.13 11.0235
5.05964e-10 7774.87 11.0449
-9.14395e-07 7787.88 11.0651
-8.96465e-07 7787.88 11.0651
3.1946e-10 7804.26 11.0907
-9.56405e-07 7806.96 11.0949
-9.60796e-07 7806.96 11.0949
8.55012e-07 7819.82 11.115
8.75246e-07 7819.82 11.115
-5.52624e-07 7827.33 11.1267
5.32265e-07 7827.33 11.1267
1.86148e-10 7836.42 11.141
6.14258e-06 7849.16 11.1609
6.33402e-06 7849.17 11.1609
-1.15408e-09 7871.12 11.1955
4.42397e-10 7907.86 11.2534
-7.67048e-10 7945.78 11.3135
-2.15395e-10 7983.51 11.3736
4.1172e-06 7990.77 11.3852
-4.13881e-06 7990.78 11.3853
9.3453e-06 7996.11 11.3938
-9.2491e-06 7996.12 11.3938
1.56231e-05 8007.36 11.4118
-1.56214e-05 8007.36 11.4118
-1.40102e-10 8019.08 11.4306
2.266e-05 8026.34 11.4422
-2.2521e-05 8026.35 11.4422
-1.34815e-10 8049.83 11.48
-2.95498e-05 8053.9 11.4865
-2.95484e-05 8053.9 11.4865
-8.48686e-12 8072.56 11.5166
-3.59686e-05 8089.71 11.5443
-3.59304e-05 8089.71 11.5443
1.28871e-10 8090.94 11.5463
-4.14133e-05 8132.68 11.6141
4.15269e-05 8132.68 11.6141
-4.60382e-05 8181.53 11.6937
4.59771e-05 8181.53 11.6937
-1.39924e-11 8190.5 11.7084
-4.95474e-05 8235.36 11.7821
4.9529e-05 8235.36 11.7821
2.66193e-10 8239.82 11.7895
-5.18352e-05 8294.08 11.8792
-5.1932e-05 8294.08 11.8792
-1.14649e-10 8319.2 11.9209
5.23899e-05 8358.49 11.9864
5.26439e-05 8358.5 11.9864
1.06125e-10 8424.84 12.0978
-5.06011e-05 8430.1 12.1067
-5.06687e-05 8430.1 12.1067
-4.51159e-05 8510.25 12.2424
4.50797e-05 8510.25 12.2424
2.56411e-06 8544.89 12.3015
-2.13344e-10 8552.22 12.314
-4.97426e-06 8556.37 12.3211
5.0006e-07 8565.03 12.336
-5.00864e-07 8565.03 12.336
-7.07619e-06 8575.8 12.3544
-8.92035e-06 8577.06 12.3566
8.92518e-06 8577.06 12.3566
1.38258e-05 8592.61 12.3833
1.38641e-05 8592.61 12.3833
8.73118e-06 8603.42 12.4019
3.37009e-05 8605.55 12.4056
3.3687e-05 8605.55 12.4056
2.28161e-05 8630.05 12.4478
2.28026e-05 8630.05 12.4478
-9.83562e-06 8639.29 12.4637
8.06346e-06 8664.71 12.5077
-8.06261e-06 8664.71 12.5077
-1.03405e-05 8683.18 12.5398
-2.03524e-09 8696.5 12.5629
2.8478e-05 8702.42 12.5732
-2.84762e-05 8702.42 12.5732
-2.75733e-05 8714.12 12.5936
-2.75938e-05 8714.12 12.5936
-1.02598e-05 8734.42 12.629
-3.25483e-10 8734.88 12.6298
5.46928e-11 8740.36 12.6394
-4.24437e-06 8762.37 12.6779
4.24346e-06 8762.37 12.6779
-9.66672e-06 8792.02 12.73
3.0719e-05 8803.66 12.7505
-2.91894e-05 8803.66 12.7505
-7.69043e-06 8823.46 12.7853
-7.56954e-06 8823.46 12.7853
-1.04411e-09 8852.94 12.8375
-8.67316e-06 8854.71 12.8406
3.07742e-05 8872.4 12.872
-3.0774e-05 8872.41 12.872
-2.4763e-06 8915.86 12.9493
2.48017e-06 8915.86 12.9493
7.41141e-06 8921.03 12.9585
4.12394e-05 8941.83 12.9956
-3.99849e-05 8941.83 12.9956
-6.01415e-06 8989.48 13.0811
-3.20833e-05 8998.04 13.0965
-3.20188e-05 8998.04 13.0965
1.1032e-10 9017.13 13.1309
-2.97845e-05 9031.77 13.1573
-2.9797e-05 9031.77 13.1573
-4.60044e-06 9058.57 13.2058
-3.97261e-05 9073.47 13.2328
-3.97291e-05 9073.47 13.2328
9.68661e-05 9094.52 13.271
2.04152e-05 9125.48 13.3274
2.04161e-05 9125.48 13.3274
-3.26681e-06 9126.92 13.3301
4.05471e-05 9149.55 13.3714
-4.05519e-05 9149.55 13.3714
2.4189e-11 9185.13 13.4367
-2.08451e-06 9193.27 13.4516
1.72418e-05 9210.1 13.4826
-1.72421e-05 9210.11 13.4826
3.71791e-05 9224.78 13.5097
-3.71812e-05 9224.78 13.5097
1.09897e-06 9256.51 13.5683
-1.93878e-05 9282.09 13.6157
-1.93865e-05 9282.1 13.6157
-2.88824e-05 9295.97 13.6415
-2.88786e-05 9295.98 13.6415
3.31539e-07 9315.66 13.6782
-2.02146e-05 9338.18 13.7202
-2.02159e-05 9338.18 13.7202
-1.06983e-10 9353.5 13.7488
1.55001e-05 9357.06 13.7555
-1.55006e-05 9357.06 13.7555
-2.17488e-07 9369.9 13.7795
1.80263e-05 9374.46 13.7881
-1.80197e-05 9374.47 13.7881
1.52322e-05 9411.01 13.8567
-1.52312e-05 9411.01 13.8567
-5.6259e-07 9418.51 13.8708
-7.29262e-07 9460.87 13.9508
8.29288e-06 9461.67 13.9523
8.28376e-06 9461.67 13.9523
3.86975e-10 9478.08 13.9834
-7.49203e-07 9496.44 14.0182
5.64655e-11 9519.34 14.0618
-1.07675e-09 9519.61 14.0623
1.03244e-06 9520.94 14.0648
-1.03244e-06 9520.94 14.0648
6.55536e-07 9524.73 14.0721
-5.01589e-06 9531.63 14.0852
-4.80082e-07 9545.31 14.1113
9.88239e-06 9549.15 14.1186
-2.52707e-07 9557.83 14.1352
-1.44919e-05 9577.47 14.1728
-3.4771e-06 9580.9 14.1794
-3.47724e-06 9580.9 14.1794
6.50712e-09 9585.05 14.1873
1.88169e-05 9615.29 14.2454
5.39512e-06 9637.2 14.2876
-5.39316e-06 9637.2 14.2876
2.29589e-05 9660.88 14.3333
1.04908e-09 9670.01 14.3509
-4.93938e-11 9680.22 14.3707
-5.65519e-06 9687.31 14.3844
5.6494e-06 9687.31 14.3844
-2.72664e-05 9711.88 14.4321
8.53207e-11 9727.84 14.4631
-4.99697e-06 9729.49 14.4663
-4.99329e-06 9729.49 14.4663
-3.89463e-06 9762.68 14.531
-3.89537e-06 9762.68 14.531
-3.33021e-05 9764.29 14.5341
5.81723e-10 9770.05 14.5454
-8.41329e-06 9779.34 14.5636
9.15199e-06 9779.59 14.564
-2.61887e-06 9786.35 14.5773
-2.62446e-06 9786.35 14.5773
-1.30868e-06 9800.44 14.6049
-1.30868e-06 9800.44 14.6049
3.44645e-05 9803.85 14.6116
-2.25314e-05 9810.98 14.6255
-1.32857e-05 9819.92 14.6431
7.21634e-11 9834.15 14.6711
3.32443e-05 9837.14 14.6769
-3.3976e-05 9852.82 14.7078
-7.19461e-10 9881.12 14.7636
1.84181e-05 9889.4 14.78
-1.8278e-06 9917.42 14.8355
5.5633e-06 9936.68 14.8738
-4.53774e-11 9979.51 14.9591
2.86055e-05 9986.92 14.9739
1.103e-11 9999.67 14.9994
-4.27368e-05 10044 15.0882
-3.09844e-05 10068.3 15.137
-3.0342e-05 10073.7 15.148
-5.47052e-06 10103.7 15.2085
-2.85577e-11 10115 15.2314
1.14555e-09 10122.7 15.2469
-5.67661e-05 10125.5 15.2526
-7.20756e-11 10134.1 15.27
-6.34146e-12 10134.1 15.27
4.66016e-05 10136.8 15.2754
1.13529e-05 10160.8 15.3242
-4.13362e-05 10197.2 15.3983
-1.98112e-05 10200.2 15.4044
-1.98109e-05 10200.2 15.4044
-6.04248e-05 10203.1 15.4103
-4.50358e-05 10223 15.4509
4.83011e-12 10239.7 15.4851
-5.23268e-10 10247.7 15.5015
-3.67394e-05 10260.4 15.5276
3.19171e-05 10267.4 15.5419
6.15909e-05 10280.8 15.5696
-4.51017e-05 10302.5 15.6142
4.5103e-05 10302.5 15.6142
7.32048e-05 10312 15.6338
2.78118e-06 10319.3 15.6488
-5.49078e-05 10326.9 15.6646
-7.11188e-12 10352.7 15.7178
-8.52824e-05 10363.1 15.7393
-5.49865e-10 10372.4 15.7586
-0.000108698 10375.9 15.766
1.94871e-05 10412.6 15.8422
-0.000106945 10427.8 15.8739
-5.80913e-05 10450.8 15.9219
2.60786e-11 10453.4 15.9274
-8.42816e-06 10476.7 15.9761
8.28518e-05 10486.9 15.9975
-1.38943e-10 10494.9 16.0143
3.76176e-05 10502.5 16.0303
-3.4766e-05 10519.1 16.0651
-1.95022e-05 10525.8 16.0793
4.90679e-05 10530.5 16.0891
-4.53422e-05 10532.5 16.0934
-9.01822e-12 10541.4 16.1121
-2.21098e-05 10542.8 16.1151
-2.77351e-05 10558.1 16.1475
9.06246e-13 10613.8 16.2652
-2.85327e-11 10616.2 16.2703
2.32016e-12 10677.5 16.4009
-1.50697e-05 10723.7 16.4998
-1.30939e-11 10724.8 16.5022
-6.25853e-10 10727.6 16.5081
-1.21813e-11 10757.1 16.5716
1.76187e-11 10792.9 16.6488
9.20302e-12 10811.3 16.6885
-3.88426e-11 10835.3 16.7403
-1.69992e-11 10935.9 16.9594
3.17712e-12 11028.7 17.1631
8.31887e-12 11112.9 17.3498
5.19706e-12 11188.2 17.5176
1.42461e-11 11254.1 17.6654
4.5826e-12 11310 17.7917
-1.49049e-12 11355.8 17.8955
2.72254e-12 11391 17.9755
3.70123e-12 11414.8 18.0298
-7.80315e-12 11434.8 18.0755
3.62186e-11 11492.5 18.2078
5.67571e-08 12032.6 19.4784
-5.67657e-08 12032.6 19.4784
1.0191e-07 12034.7 19.4835
-1.01914e-07 12034.7 19.4835
-1.12816e-07 12039.6 19.4952
-1.12811e-07 12039.6 19.4952
-6.43087e-08 12048.8 19.5174
6.43002e-08 12048.8 19.5175
-5.85259e-08 12064.2 19.5544
5.85302e-08 12064.2 19.5544
-2.54653e-07 12087.1 19.6097
-2.54658e-07 12087.1 19.6097
-5.07386e-07 12118.7 19.6864
-5.0739e-07 12118.7 19.6864
7.89142e-07 12159.8 19.786
-7.89139e-07 12159.8 19.7861
-1.06854e-06 12210.4 19.9094
1.06855e-06 12210.4 19.9094
-1.31693e-06 12270.3 20.056
1.31694e-06 12270.3 20.056
1.51261e-06 12338.7 20.2243
1.51261e-06 12338.7 20.2243
-1.64236e-06 12414.5 20.412
-1.64236e-06 12414.5 20.412
2.43424e-14 12463.3 20.5335
1.70106e-06 12496.3 20.6157
1.70106e-06 12496.3 20.6157
1.69022e-06 12582.4 20.8317
1.69023e-06 12582.4 20.8317
1.61632e-06 12670.9 21.0553
-1.61632e-06 12670.9 21.0553
-1.48928e-06 12759.8 21.2812
1.48927e-06 12759.8 21.2812
-1.32127e-06 12846.7 21.5038
1.32127e-06 12846.7 21.5038
-1.1258e-06 12929.3 21.7166
-1.12579e-06 12929.3 21.7166
2.77889e-05 12969.9 21.8218
9.16638e-07 13005 21.9131
9.16636e-07 13005 21.9131
7.06768e-07 13071.5 22.0865
7.06766e-07 13071.5 22.0865
-5.06814e-07 13126.4 22.2303
5.06816e-07 13126.4 22.2304
-3.23194e-07 13167.5 22.3384
3.23192e-07 13167.5 22.3384
-1.56302e-07 13193 22.4055
1.56301e-07 13193 22.4055
-3.04743e-06 13658.7 23.6561
3.04744e-06 13658.7 23.6561
1.66679e-12 13682.3 23.7206
4.79055e-13 13682.3 23.7206
