-1.32795e-05 31.8414 5.0001
-8.82817e-06 60.7428 5.00037
1.31081e-05 64.108 5.00041
5.52363e-06 80.3321 5.00065
1.52473e-05 103.852 5.00108
3.2183e-06 116.093 5.00135
1.24978e-05 125.478 5.00158
-5.99659e-06 146.353 5.00214
3.32932e-06 156.524 5.00245
-1.79074e-07 179.183 5.00321
5.46741e-08 214.588 5.00461
-6.07666e-06 245.699 5.00604
-8.2957e-06 250.745 5.00629
2.51491e-06 266.081 5.00708
-2.72863e-06 285.714 5.00816
-4.0795e-06 333.572 5.01113
3.46344e-06 347.985 5.01211
8.03641e-07 364.486 5.01329
6.45634e-06 380.008 5.01444
-4.30052e-06 445.777 5.01987
2.13961e-06 449.711 5.02022
1.39926e-06 484.091 5.02344
1.03994e-06 498.428 5.02484
-1.37598e-06 529.528 5.02804
1.9231e-06 543.448 5.02953
1.12661e-06 615.213 5.03785
-1.57579e-06 631.873 5.03993
1.10653e-06 639.452 5.04089
-3.59917e-06 641.13 5.04111
-9.32611e-07 720.839 5.05196
-1.82377e-06 747.822 5.05592
-6.01693e-11 757.605 5.0574
-8.17714e-06 766.095 5.05869
5.99851e-07 831.438 5.06913
-4.52741e-08 868.374 5.07541
6.58796e-06 893.297 5.0798
1.02175e-05 896.553 5.08038
2.19356e-06 967.931 5.09369
1.20026e-06 995.761 5.09915
-1.31553e-05 1020.78 5.1042
5.77391e-06 1027.03 5.10548
2.7618e-06 1095.42 5.11999
-7.22232e-07 1118.32 5.12506
3.33844e-06 1145.14 5.13114
1.59116e-05 1161.61 5.13493
1.37803e-06 1243.08 5.15452
3.85934e-06 1257.88 5.15823
5.50049e-06 1273.98 5.1623
1.41188e-05 1298.29 5.16856
1.08512e-06 1324.09 5.17532
-9.97039e-06 1415.92 5.20048
3.75407e-06 1420.06 5.20166
1.06932e-05 1434.86 5.20588
1.01297e-05 1518.5 5.23058
1.80534e-07 1570.54 5.24666
1.22663e-05 1571.97 5.24711
5.83458e-06 1572.74 5.24735
-1.77756e-06 1711.24 5.29283
2.45821e-06 1712.68 5.29333
-1.64445e-05 1720.18 5.2959
-9.72591e-06 1731.96 5.29997
-1.35317e-05 1845.03 5.34041
1.76817e-06 1852.15 5.34305
2.74659e-05 1892.28 5.35807
1.15316e-05 1897.39 5.36001
-6.53859e-06 1970.28 5.3882
6.23447e-06 1986.89 5.39477
2.54274e-05 2054.02 5.4219
2.35966e-05 2066.78 5.42716
1.33295e-05 2122.11 5.45033
-7.90971e-08 2153.31 5.46368
4.66223e-06 2220.8 5.4932
3.68176e-05 2233.03 5.49864
2.05459e-05 2255.15 5.50857
-8.55728e-07 2279.25 5.5195
3.1275e-05 2372 5.56264
-2.20582e-06 2381.85 5.56732
2.56889e-05 2385.06 5.56885
-3.43257e-06 2443.51 5.59708
-3.42538e-05 2483.4 5.61673
-4.0753e-05 2484.1 5.61708
1.14314e-05 2504.92 5.62746
1.48931e-06 2592.95 5.67234
1.34169e-05 2620.81 5.68686
8.5152e-06 2718.27 5.7389
-4.46824e-06 2770.83 5.76775
3.29163e-06 2796.78 5.7822
1.03832e-06 2817.13 5.79362
-6.06938e-08 2820.96 5.79578
1.84064e-06 2834.54 5.80346
-1.48076e-06 2835.44 5.80397
-2.88495e-06 2853.18 5.81406
-2.84048e-06 2856.38 5.81589
-1.31685e-06 2857.74 5.81667
-3.14972e-06 2884.41 5.83198
-5.75772e-06 2888.01 5.83406
-1.27536e-06 2892.07 5.83641
1.92335e-07 2926.33 5.85634
-1.59891e-06 2927.16 5.85683
1.08907e-05 2928.95 5.85788
2.52124e-05 2967.31 5.88049
5.89569e-06 2972.97 5.88386
5.76108e-06 2978.65 5.88723
1.08398e-05 3034.06 5.92055
1.02374e-05 3036.69 5.92215
-4.91139e-06 3077.38 5.94703
1.50001e-05 3098.68 5.96018
-9.41218e-06 3100.87 5.96154
-4.33488e-06 3169.52 6.00459
-1.89326e-05 3172.07 6.00621
-6.03922e-06 3215.58 6.034
3.39196e-06 3240.61 6.05016
2.00281e-05 3244.79 6.05286
-3.01925e-06 3321.48 6.10322
2.07128e-05 3325.47 6.10587
-3.34065e-06 3326.01 6.10624
-4.87461e-06 3354.43 6.12522
6.82106e-06 3356.59 6.12667
-3.00548e-06 3427.72 6.17493
1.96587e-05 3430.28 6.17669
5.70413e-06 3473.91 6.2068
1.50269e-05 3474.76 6.2074
1.98066e-06 3561.52 6.26844
-1.3432e-05 3562.03 6.26881
-1.86042e-05 3593.69 6.29146
-7.90402e-06 3594.34 6.29193
-1.6976e-05 3710.63 6.37688
4.99174e-06 3710.72 6.37694
-1.49756e-05 3719.95 6.3838
3.81555e-07 3720.69 6.38436
-4.05836e-06 3747.22 6.40416
3.28947e-07 3810.42 6.45193
-1.56333e-05 3833.78 6.46979
-3.35383e-06 3834.29 6.47018
-1.81325e-05 3874.11 6.50088
-1.9436e-06 3874.72 6.50135
1.17625e-05 3921.8 6.53806
-6.56593e-06 3924.08 6.53984
7.1905e-06 3926.02 6.54136
8.88771e-06 3928.04 6.54295
-7.94816e-06 3932.88 6.54675
1.14621e-05 3936.76 6.54981
7.92024e-06 3941.14 6.55326
1.11538e-05 3945.1 6.55638
-7.71682e-06 3951.24 6.56123
7.65674e-06 3961.08 6.56902
-3.34674e-07 3961.47 6.56932
-1.3877e-05 3964.53 6.57175
1.59374e-05 3971.69 6.57743
-7.159e-07 3979.3 6.58348
-4.11533e-06 3980.42 6.58438
2.09104e-06 3984.01 6.58724
-1.70413e-05 3984.25 6.58743
6.48634e-06 3987.25 6.58982
9.04157e-06 3992.61 6.5941
-1.14287e-05 3998.32 6.59865
-8.04382e-06 4005.1 6.60409
-1.70944e-05 4006.21 6.60497
1.687e-05 4006.42 6.60514
1.68286e-05 4007.62 6.6061
-1.54797e-05 4014.33 6.61148
1.70316e-05 4022.2 6.61781
1.33676e-05 4033.85 6.6272
-1.78927e-05 4035.64 6.62864
-1.24979e-05 4044.95 6.63616
8.29877e-06 4056.73 6.64571
1.11505e-06 4060.91 6.6491
-1.42479e-05 4066.41 6.65357
2.95618e-06 4069.34 6.65595
-4.358e-06 4082.06 6.66632
4.53733e-06 4082.19 6.66643
-4.97512e-06 4082.43 6.66662
7.46407e-06 4094.93 6.67684
8.09499e-06 4099.02 6.6802
-6.29709e-06 4099.46 6.68056
-1.30245e-05 4105.95 6.68588
-5.94212e-06 4106.37 6.68623
-1.27491e-05 4109.45 6.68876
4.09246e-06 4116.3 6.69439
1.59572e-05 4122.3 6.69933
-4.75244e-06 4134.67 6.70955
1.84834e-05 4135.37 6.71013
-7.19483e-06 4139.01 6.71314
-1.81422e-05 4147.32 6.72003
8.89456e-06 4151.25 6.72329
-4.50851e-06 4151.54 6.72353
1.70571e-05 4157.97 6.72887
-1.34036e-05 4167.12 6.73649
-6.44972e-06 4171.43 6.74009
4.11762e-06 4173.23 6.74159
9.31012e-06 4173.93 6.74217
4.53845e-06 4178.21 6.74575
2.59307e-06 4209.75 6.7722
-1.07927e-05 4210.08 6.77248
7.83363e-06 4210.14 6.77253
5.56651e-06 4214.77 6.77643
1.24369e-05 4248.6 6.80506
-3.80247e-05 4260.11 6.81485
-3.95696e-05 4260.18 6.81492
5.92748e-06 4263.25 6.81753
-4.9025e-08 4272.29 6.82524
-1.5605e-05 4286.26 6.83721
1.35592e-05 4310.35 6.85791
1.23005e-05 4327.19 6.87246
9.00426e-06 4341.86 6.88517
1.55917e-05 4342.42 6.88566
1.37432e-05 4364.02 6.90447
3.86027e-06 4376.44 6.91532
-1.16926e-05 4384.82 6.92267
-9.35873e-06 4448.44 6.97886
8.57308e-06 4481.3 7.0082
1.39048e-06 4504.61 7.02916
2.89711e-06 4504.62 7.02916
-2.66772e-08 4509.47 7.03353
-1.43455e-05 4509.64 7.03369
-9.0416e-06 4516.65 7.04001
-2.13559e-05 4519.15 7.04227
-6.59609e-06 4519.19 7.04231
-1.01729e-05 4533.14 7.05493
2.69801e-05 4533.25 7.05504
-3.49219e-05 4552.56 7.07258
-7.12686e-06 4552.6 7.07262
-1.06483e-05 4574.17 7.0923
3.81717e-05 4574.27 7.09239
4.08164e-07 4579.41 7.0971
2.93852e-06 4579.53 7.09721
-8.35199e-06 4588.15 7.10511
-1.4778e-05 4590.61 7.10738
-1.12966e-05 4590.81 7.10756
-7.39827e-06 4604.95 7.12056
-5.16114e-05 4605.15 7.12074
-7.90099e-06 4619.65 7.13411
-3.3334e-05 4637.99 7.15109
4.58211e-05 4638.11 7.15121
1.72915e-05 4650.54 7.16275
-1.01935e-05 4650.6 7.16281
-5.79418e-06 4661.65 7.1731
-1.24501e-05 4665.6 7.17679
-2.32297e-05 4665.72 7.17689
-5.48215e-05 4679.85 7.1901
1.89483e-05 4679.88 7.19013
-5.6703e-05 4708.98 7.21745
-2.18388e-05 4709.18 7.21764
-7.42937e-06 4724.98 7.23255
7.82077e-06 4725.07 7.23263
3.08954e-06 4736.26 7.24321
7.30695e-06 4744.29 7.25083
3.08609e-05 4744.63 7.25115
3.3488e-06 4749.82 7.25608
-1.62925e-05 4752.2 7.25834
5.82014e-05 4752.24 7.25838
4.88642e-07 4780.11 7.28495
-4.70304e-05 4780.12 7.28496
-1.27894e-05 4782.01 7.28676
8.91184e-06 4782.18 7.28693
-7.70063e-06 4804.04 7.30788
-4.75754e-05 4804.18 7.30802
-1.36355e-05 4807.9 7.31159
2.93252e-05 4807.92 7.31162
-3.7279e-08 4811.09 7.31466
4.89832e-07 4815.13 7.31855
-1.01434e-05 4815.27 7.31868
6.04222e-05 4823.97 7.32707
2.46951e-05 4824.01 7.32711
1.59781e-06 4868.55 7.37028
-2.86126e-06 4885.25 7.38657
-7.00854e-07 4899.07 7.40009
5.10213e-07 4899.08 7.4001
2.2688e-05 4913.69 7.41443
-8.65053e-05 4913.76 7.4145
-5.04011e-06 4958.05 7.45823
-8.02544e-06 4972.15 7.47223
-5.81459e-06 5028.49 7.52857
1.30373e-05 5057.27 7.5576
5.19314e-06 5095.58 7.59649
1.56372e-05 5123.13 7.62465
3.52556e-06 5158.09 7.66059
1.53851e-05 5170.58 7.67349
1.22437e-05 5202.93 7.70704
-1.32053e-06 5214.71 7.71932
6.55742e-06 5223.95 7.72896
4.27964e-07 5237.16 7.74278
6.80374e-06 5245.37 7.75139
-1.12055e-05 5250.54 7.75682
-1.32411e-05 5253.85 7.76029
1.51159e-05 5256.3 7.76287
-1.58036e-05 5258.33 7.765
-1.58793e-05 5260.21 7.76699
-1.53745e-05 5262.13 7.769
1.35016e-05 5263.81 7.77077
1.35544e-06 5264.18 7.77116
-9.71215e-06 5265.24 7.77228
5.59404e-06 5266.12 7.7732
2.33181e-06 5305.38 7.81471
-3.08992e-06 5337.72 7.84912
2.03149e-08 5354.27 7.86682
2.80486e-06 5360.88 7.87391
-1.68858e-06 5374.83 7.88888
1.86771e-06 5390.56 7.90582
-6.33875e-09 5420.29 7.93795
3.64972e-06 5589.08 8.12378
-3.0713e-08 5911.42 8.49449
-2.0496e-08 5911.43 8.4945
0.000117527 5917.21 8.50134
-8.35481e-06 5917.21 8.50134
4.79789e-06 6112.79 8.73662
9.33711e-06 6118.87 8.74406
-1.314e-05 6130.95 8.75886
-1.55794e-05 6151.66 8.7843
1.6142e-05 6184.18 8.82441
-1.46776e-05 6231.38 8.88301
1.14759e-05 6294.6 8.96221
3.60427e-06 6310.71 8.98251
-5.79625e-06 6310.71 8.98251
1.07797e-05 6325.5 9.0012
6.68139e-06 6325.5 9.0012
-6.80961e-06 6347.74 9.02938
1.55617e-05 6347.74 9.02939
-7.27855e-06 6372.41 9.06076
-1.49725e-05 6376.55 9.06605
1.25744e-05 6376.56 9.06605
-1.79164e-05 6413.89 9.1138
-9.12559e-06 6413.89 9.1138
-2.89925e-06 6460.07 9.17325
1.08264e-05 6464.43 9.17888
-1.46443e-05 6464.43 9.17889
-1.16229e-05 6533.81 9.26907
-8.93865e-06 6533.81 9.26907
-9.75397e-07 6550.23 9.29055
-2.19055e-06 6626.06 9.39046
1.3722e-05 6626.06 9.39047
3.94951e-06 6633.77 9.40069
4.84998e-06 6697.03 9.48503
-7.69172e-08 6705.12 9.49587
-2.74308e-06 6721.09 9.51731
2.01697e-06 6727.03 9.52529
-4.16407e-06 6741.4 9.54465
1.90267e-05 6741.4 9.54465
-2.39572e-07 6756.11 9.56451
-4.75137e-06 6759.21 9.5687
-2.38858e-06 6792.96 9.61443
3.74073e-06 6795.55 9.61795
1.07058e-06 6826.85 9.66059
-3.4529e-06 6827.2 9.66107
-6.79861e-07 6849.28 9.69127
-1.84636e-06 6849.67 9.69181
5.13393e-06 6875.44 9.72717
2.6985e-05 6875.44 9.72718
-3.42629e-05 7020.17 9.92827
4.6539e-06 7020.17 9.92828
-3.64761e-05 7165.95 10.1351
-1.54166e-05 7165.95 10.1351
1.69383e-10 7269.06 10.2839
3.95199e-05 7303.57 10.3342
1.49163e-05 7303.57 10.3342
-7.66028e-07 7402.62 10.4799
-4.04116e-05 7425.86 10.5143
-1.36795e-05 7425.86 10.5143
-1.48188e-05 7528.75 10.6682
3.85739e-05 7528.75 10.6682
-1.95971e-07 7606.31 10.7856
-3.41116e-07 7608.46 10.7889
1.28242e-05 7611.48 10.7935
3.66591e-05 7611.48 10.7935
-3.86587e-07 7612.08 10.7944
-3.0207e-07 7617.21 10.8022
6.82817e-08 7623.92 10.8124
-3.10426e-07 7632.3 10.8252
-8.05796e-07 7642.44 10.8407
-1.36839e-06 7654.48 10.8591
-1.92554e-06 7668.55 10.8807
-1.24229e-05 7675.8 10.8918
3.35919e-05 7675.8 10.8918
2.38943e-06 7684.8 10.9056
2.6641e-06 7703.41 10.9343
2.65917e-06 7724.53 10.9668
-1.2956e-05 7724.66 10.967
3.00326e-05 7724.66 10.967
2.28508e-06 7748.31 11.0036
-1.53625e-05 7761.13 11.0235
2.54431e-05 7761.13 11.0235
-1.50563e-06 7774.87 11.0449
-1.59032e-05 7787.88 11.0651
2.15117e-05 7787.88 11.0651
3.19638e-07 7804.26 11.0907
-1.59768e-05 7806.96 11.0949
1.69729e-05 7806.96 11.0949
1.38293e-05 7819.82 11.115
-1.2153e-05 7819.82 11.115
-8.23155e-06 7827.33 11.1267
-6.8557e-06 7827.33 11.1267
-1.20689e-06 7836.42 11.141
8.88662e-05 7849.16 11.1609
-4.56208e-05 7849.17 11.1609
-2.9339e-06 7871.12 11.1955
-4.64804e-06 7907.86 11.2534
6.07286e-06 7945.78 11.3135
-6.90815e-06 7983.51 11.3736
1.70898e-06 7990.77 11.3852
1.1811e-06 7990.78 11.3853
3.02471e-06 7996.11 11.3938
2.55058e-06 7996.12 11.3938
3.5048e-06 8007.36 11.4118
3.95714e-06 8007.36 11.4118
6.88515e-06 8019.08 11.4306
2.76849e-06 8026.34 11.4422
5.21923e-06 8026.35 11.4422
5.83003e-06 8049.83 11.48
-9.78029e-07 8053.9 11.4865
6.07861e-06 8053.9 11.4865
3.68086e-06 8072.56 11.5166
1.46259e-06 8089.71 11.5443
6.44339e-06 8089.71 11.5443
-3.522e-07 8090.94 11.5463
3.95161e-06 8132.68 11.6141
-6.30946e-06 8132.68 11.6141
6.08489e-06 8181.53 11.6937
-5.73266e-06 8181.53 11.6937
-1.18364e-06 8190.5 11.7084
7.62481e-06 8235.36 11.7821
-4.8522e-06 8235.36 11.7821
-1.84527e-06 8239.82 11.7895
8.62165e-06 8294.08 11.8792
3.74864e-06 8294.08 11.8792
-1.61199e-06 8319.2 11.9209
-9.23638e-06 8358.49 11.9864
-2.41766e-06 8358.5 11.9864
3.61717e-07 8424.84 12.0978
9.58214e-06 8430.1 12.1067
6.71365e-07 8430.1 12.1067
9.39865e-06 8510.25 12.2424
1.89683e-06 8510.25 12.2424
7.76255e-07 8544.89 12.3015
1.74913e-06 8552.22 12.314
-1.29797e-06 8556.37 12.3211
1.94575e-06 8565.03 12.336
4.40232e-07 8565.03 12.336
-1.34359e-06 8575.8 12.3544
3.08553e-06 8577.06 12.3566
-1.50873e-06 8577.06 12.3566
6.5165e-06 8592.61 12.3833
-2.82217e-06 8592.61 12.3833
7.64856e-07 8603.42 12.4019
1.42258e-06 8605.55 12.4056
-7.25731e-06 8605.55 12.4056
-4.54577e-06 8630.05 12.4478
-6.80039e-06 8630.05 12.4478
4.67876e-07 8639.29 12.4637
-6.27881e-06 8664.71 12.5077
5.91392e-06 8664.71 12.5077
2.23603e-06 8683.18 12.5398
-4.32852e-06 8696.5 12.5629
6.1436e-06 8702.42 12.5732
4.64296e-06 8702.42 12.5732
1.07799e-06 8714.12 12.5936
1.34754e-05 8714.12 12.5936
4.27126e-06 8734.42 12.629
-2.9076e-06 8734.88 12.6298
-1.06436e-11 8740.36 12.6394
6.93694e-07 8762.37 12.6779
-1.11762e-05 8762.37 12.6779
6.20786e-06 8792.02 12.73
-4.60577e-06 8803.66 12.7505
-5.9405e-06 8803.66 12.7505
-9.6706e-06 8823.46 12.7853
1.35594e-05 8823.46 12.7853
6.8456e-06 8852.94 12.8375
7.64615e-06 8854.71 12.8406
-3.68042e-06 8872.4 12.872
6.06406e-07 8872.41 12.872
-6.98319e-06 8915.86 12.9493
-1.87997e-05 8915.86 12.9493
-8.24665e-06 8921.03 12.9585
-2.87109e-07 8941.83 12.9956
8.07539e-06 8941.83 12.9956
7.7921e-06 8989.48 13.0811
4.19318e-06 8998.04 13.0965
1.78741e-05 8998.04 13.0965
8.73701e-06 9017.13 13.1309
1.00819e-05 9031.77 13.1573
-1.32826e-05 9031.77 13.1573
6.24383e-06 9058.57 13.2058
8.79454e-06 9073.47 13.2328
1.51952e-05 9073.47 13.2328
1.02683e-06 9094.52 13.271
-8.12107e-06 9125.48 13.3274
1.81827e-05 9125.48 13.3274
3.74582e-06 9126.92 13.3301
-9.89812e-06 9149.55 13.3714
1.30806e-05 9149.55 13.3714
-9.53748e-06 9185.13 13.4367
5.99279e-07 9193.27 13.4516
-7.02584e-06 9210.1 13.4826
-1.88886e-05 9210.11 13.4826
-8.48203e-06 9224.78 13.5097
1.26403e-05 9224.78 13.5097
2.79135e-06 9256.51 13.5683
6.70788e-06 9282.09 13.6157
-1.54337e-05 9282.1 13.6157
4.8296e-06 9295.97 13.6415
1.54504e-05 9295.98 13.6415
5.9883e-06 9315.66 13.6782
5.28729e-06 9338.18 13.7202
-8.06418e-06 9338.18 13.7202
-8.96015e-06 9353.5 13.7488
-6.35028e-07 9357.06 13.7555
1.67887e-05 9357.06 13.7555
8.5905e-06 9369.9 13.7795
-2.59343e-06 9374.46 13.7881
4.09682e-06 9374.47 13.7881
7.04008e-07 9411.01 13.8567
1.8824e-05 9411.01 13.8567
1.02896e-05 9418.51 13.8708
1.09051e-05 9460.87 13.9508
3.51899e-06 9461.67 13.9523
-2.58597e-05 9461.67 13.9523
-1.72632e-06 9478.08 13.9834
1.03936e-05 9496.44 14.0182
6.96136e-06 9519.34 14.0618
2.8675e-06 9519.61 14.0623
5.2631e-06 9520.94 14.0648
2.98381e-05 9520.94 14.0648
-8.83532e-06 9524.73 14.0721
-1.18205e-06 9531.63 14.0852
6.40916e-06 9545.31 14.1113
1.99582e-06 9549.15 14.1186
3.3652e-06 9557.83 14.1352
-2.15947e-06 9577.47 14.1728
5.43906e-06 9580.9 14.1794
-3.05904e-05 9580.9 14.1794
3.00103e-06 9585.05 14.1873
1.55637e-06 9615.29 14.2454
-4.69134e-06 9637.2 14.2876
-2.91755e-05 9637.2 14.2876
2.56219e-07 9660.88 14.3333
1.96788e-06 9670.01 14.3509
-3.7538e-06 9680.22 14.3707
3.60655e-06 9687.31 14.3844
2.61798e-05 9687.31 14.3844
1.47191e-06 9711.88 14.4321
-3.48014e-11 9727.84 14.4631
2.54438e-06 9729.49 14.4663
-2.19971e-05 9729.49 14.4663
-1.69864e-05 9762.68 14.531
1.65125e-06 9762.68 14.531
3.20783e-06 9764.29 14.5341
-8.63161e-08 9770.05 14.5454
-2.66784e-07 9779.34 14.5636
1.9115e-08 9779.59 14.564
-1.1487e-05 9786.35 14.5773
9.46779e-07 9786.35 14.5773
-5.77049e-06 9800.44 14.6049
4.32988e-07 9800.44 14.6049
-3.26852e-06 9803.85 14.6116
-3.25091e-07 9810.98 14.6255
2.38974e-06 9819.92 14.6431
2.26081e-07 9834.15 14.6711
-2.73148e-06 9837.14 14.6769
7.2e-07 9852.82 14.7078
2.76412e-06 9881.12 14.7636
-1.66199e-06 9889.4 14.78
1.68803e-06 9917.42 14.8355
2.01996e-06 9936.68 14.8738
-4.39194e-06 9979.51 14.9591
3.49602e-06 9986.92 14.9739
5.50807e-06 9999.67 14.9994
-5.40759e-06 10044 15.0882
3.38001e-06 10068.3 15.137
-4.48484e-06 10073.7 15.148
-7.66637e-06 10103.7 15.2085
-8.11034e-06 10115 15.2314
-7.72393e-06 10122.7 15.2469
8.67225e-07 10125.5 15.2526
2.1268e-11 10134.1 15.27
1.64979e-12 10134.1 15.27
3.29004e-06 10136.8 15.2754
7.89573e-06 10160.8 15.3242
1.40947e-06 10197.2 15.3983
-8.59098e-06 10200.2 15.4044
6.37237e-05 10200.2 15.4044
-1.21595e-06 10203.1 15.4103
-6.81507e-06 10223 15.4509
1.08136e-05 10239.7 15.4851
-8.90863e-06 10247.7 15.5015
-2.86026e-06 10260.4 15.5276
-2.24214e-06 10267.4 15.5419
3.67485e-06 10280.8 15.5696
-2.57697e-05 10302.5 15.6142
2.90826e-05 10302.5 15.6142
4.35816e-06 10312 15.6338
1.46112e-06 10319.3 15.6488
-3.09303e-06 10326.9 15.6646
1.21006e-05 10352.7 15.7178
-4.41073e-06 10363.1 15.7393
8.7462e-06 10372.4 15.7586
-2.62729e-07 10375.9 15.766
-5.34449e-06 10412.6 15.8422
-3.48671e-07 10427.8 15.8739
7.36089e-06 10450.8 15.9219
1.18063e-05 10453.4 15.9274
-6.64656e-06 10476.7 15.9761
-5.11211e-06 10486.9 15.9975
-7.17362e-06 10494.9 16.0143
-8.88633e-06 10502.5 16.0303
8.39016e-06 10519.1 16.0651
-2.26162e-06 10525.8 16.0793
-5.67273e-06 10530.5 16.0891
7.23121e-06 10532.5 16.0934
1.00296e-05 10541.4 16.1121
1.79899e-06 10542.8 16.1151
1.94951e-06 10558.1 16.1475
4.3865e-06 10613.8 16.2652
-7.11759e-06 10616.2 16.2703
3.62275e-06 10677.5 16.4009
-1.9604e-06 10723.7 16.4998
-2.83114e-07 10724.8 16.5022
-7.96938e-07 10727.6 16.5081
-1.73589e-06 10757.1 16.5716
1.49287e-05 10792.9 16.6488
-8.39613e-08 10811.3 16.6885
3.05128e-06 10835.3 16.7403
-6.58722e-06 10935.9 16.9594
9.31745e-06 11028.7 17.1631
1.09072e-05 11112.9 17.3498
1.12268e-05 11188.2 17.5176
-1.0359e-05 11254.1 17.6654
-8.5708e-06 11310 17.7917
6.25997e-06 11355.8 17.8955
3.87867e-06 11391 17.9755
1.80923e-06 11414.8 18.0298
-9.43482e-08 11434.8 18.0755
-1.02764e-05 11492.5 18.2078
-9.42517e-07 12032.6 19.4784
-2.45675e-06 12032.6 19.4784
-1.96907e-06 12034.7 19.4835
-5.10143e-06 12034.7 19.4835
2.94518e-06 12039.6 19.4952
-7.64405e-06 12039.6 19.4952
3.59602e-06 12048.8 19.5174
9.58954e-06 12048.8 19.5175
-3.64184e-06 12064.2 19.5544
-1.06035e-05 12064.2 19.5544
-2.87803e-06 12087.1 19.6097
1.06328e-05 12087.1 19.6097
-1.23099e-06 12118.7 19.6864
9.87972e-06 12118.7 19.6864
-1.21255e-06 12159.8 19.786
8.68788e-06 12159.8 19.7861
4.21051e-06 12210.4 19.9094
-7.40528e-06 12210.4 19.9094
7.40503e-06 12270.3 20.056
-6.27764e-06 12270.3 20.056
-1.03873e-05 12338.7 20.2243
-5.40294e-06 12338.7 20.2243
1.27729e-05 12414.5 20.412
4.74634e-06 12414.5 20.412
-2.4624e-14 12463.3 20.5335
-1.42713e-05 12496.3 20.6157
-4.19452e-06 12496.3 20.6157
-1.47349e-05 12582.4 20.8317
-3.62194e-06 12582.4 20.8317
-1.4179e-05 12670.9 21.0553
2.94517e-06 12670.9 21.0553
1.27683e-05 12759.8 21.2812
-2.15108e-06 12759.8 21.2812
1.07749e-05 12846.7 21.5038
-1.29573e-06 12846.7 21.5038
8.51729e-06 12929.3 21.7166
4.79943e-07 12929.3 21.7166
-9.02504e-08 12969.9 21.8218
-6.29547e-06 13005 21.9131
1.86516e-07 13005 21.9131
-4.33598e-06 13071.5 22.0865
6.18952e-07 13071.5 22.0865
2.75955e-06 13126.4 22.2303
7.79878e-07 13126.4 22.2304
1.57603e-06 13167.5 22.3384
6.84911e-07 13167.5 22.3384
7.03431e-07 13193 22.4055
3.94759e-07 13193 22.4055
-8.36867e-06 13658.7 23.6561
-2.39712e-06 13658.7 23.6561
-3.9789e-13 13682.3 23.7206
-1.21607e-13 13682.3 23.7206
